[DEBUG] 2018-10-13 14:29:14,596 199198ms [Err:SEToPromoByTdrReserve(line:31)]- -------------------------------START------------------------------------
[DEBUG] 2018-10-13 14:29:14,980 199583ms [Err:SEToPromoByTdrReserve(line:42)]- -------------------------------End------------------------------------
[DEBUG] 2018-10-13 14:31:58,213 362816ms [Err:SEToPromoByTdrReserve(line:31)]- -------------------------------START------------------------------------
[ERROR] 2018-10-13 14:31:58,601 363203ms [Err:C_INSoTPSTSalBBYTdr(line:231)]- จองสิทธิ์ส่วนลด ไม่สำเร็จ อาจจะมีอยู่แล้ว
[DEBUG] 2018-10-13 14:31:58,603 363205ms [Err:SEToPromoByTdrReserve(line:42)]- -------------------------------End------------------------------------
[DEBUG] 2018-10-13 14:32:03,020 367623ms [Err:SEToPromoByTdrReserve(line:31)]- -------------------------------START------------------------------------
[DEBUG] 2018-10-13 14:32:03,061 367664ms [Err:SEToPromoByTdrReserve(line:42)]- -------------------------------End------------------------------------
[DEBUG] 2018-10-13 14:33:55,728 480330ms [Err:SEToPromoByTdrReserve(line:31)]- -------------------------------START------------------------------------
[DEBUG] 2018-10-13 14:33:56,167 480769ms [Err:SEToPromoByTdrReserve(line:42)]- -------------------------------End------------------------------------
[DEBUG] 2018-10-13 14:34:02,494 487096ms [Err:SEToPromoByTdrReserve(line:31)]- -------------------------------START------------------------------------
[DEBUG] 2018-10-13 14:34:02,535 487138ms [Err:SEToPromoByTdrReserve(line:42)]- -------------------------------End------------------------------------
[DEBUG] 2018-10-13 14:34:06,766 491369ms [Err:SEToPromoByTdrReserve(line:31)]- -------------------------------START------------------------------------
[DEBUG] 2018-10-13 14:34:06,806 491409ms [Err:SEToPromoByTdrReserve(line:42)]- -------------------------------End------------------------------------
[DEBUG] 2018-10-13 14:34:11,675 496278ms [Err:SEToPromoByTdrReserve(line:31)]- -------------------------------START------------------------------------
[ERROR] 2018-10-13 14:34:11,688 496291ms [Err:C_CHKoQuota(line:148)]- จำนวน Quota เกิน Limit
[DEBUG] 2018-10-13 14:34:11,689 496292ms [Err:SEToPromoByTdrReserve(line:42)]- -------------------------------End------------------------------------
[DEBUG] 2018-10-13 14:38:40,673 24086ms [Err:SEToPromoByTdrReserve(line:31)]- -------------------------------START------------------------------------
[DEBUG] 2018-10-13 14:38:40,929 24342ms [Err:SEToPromoByTdrReserve(line:42)]- -------------------------------End------------------------------------
[DEBUG] 2018-10-13 14:38:49,290 32703ms [Err:SEToPromoByTdrReserve(line:31)]- -------------------------------START------------------------------------
[DEBUG] 2018-10-13 14:38:49,314 32727ms [Err:SEToPromoByTdrReserve(line:42)]- -------------------------------End------------------------------------
[DEBUG] 2018-10-13 14:38:52,500 35913ms [Err:SEToPromoByTdrReserve(line:31)]- -------------------------------START------------------------------------
[DEBUG] 2018-10-13 14:38:52,524 35937ms [Err:SEToPromoByTdrReserve(line:42)]- -------------------------------End------------------------------------
[DEBUG] 2018-10-13 14:38:55,069 38481ms [Err:SEToPromoByTdrReserve(line:31)]- -------------------------------START------------------------------------
[ERROR] 2018-10-13 14:38:55,082 38494ms [Err:C_CHKoQuota(line:133)]- CrdQuota Limit  จำนวนการใช้งานบัตร ครบจำนวนแล้ว
[DEBUG] 2018-10-13 14:38:55,083 38495ms [Err:SEToPromoByTdrReserve(line:42)]- -------------------------------End------------------------------------
[DEBUG] 2018-10-13 14:38:59,951 43364ms [Err:SEToPromoByTdrReserve(line:31)]- -------------------------------START------------------------------------
[DEBUG] 2018-10-13 14:38:59,978 43391ms [Err:SEToPromoByTdrReserve(line:42)]- -------------------------------End------------------------------------
[DEBUG] 2018-10-13 14:39:03,964 47377ms [Err:SEToPromoByTdrReserve(line:31)]- -------------------------------START------------------------------------
[DEBUG] 2018-10-13 14:39:04,376 47789ms [Err:SEToPromoByTdrReserve(line:42)]- -------------------------------End------------------------------------
[DEBUG] 2018-10-13 14:39:07,954 51366ms [Err:SEToPromoByTdrReserve(line:31)]- -------------------------------START------------------------------------
[DEBUG] 2018-10-13 14:39:07,978 51390ms [Err:SEToPromoByTdrReserve(line:42)]- -------------------------------End------------------------------------
[DEBUG] 2018-10-13 14:39:13,352 56764ms [Err:SEToPromoByTdrReserve(line:31)]- -------------------------------START------------------------------------
[ERROR] 2018-10-13 14:39:13,365 56777ms [Err:C_CHKoQuota(line:143)]- จำนวน Quota เกิน Limit
[DEBUG] 2018-10-13 14:39:13,365 56777ms [Err:SEToPromoByTdrReserve(line:42)]- -------------------------------End------------------------------------
[DEBUG] 2018-10-13 14:55:37,265 311848ms [Err:SEToPromoByTdrReserve(line:31)]- -------------------------------START------------------------------------
[DEBUG] 2018-10-13 14:55:37,907 312490ms [Err:SEToPromoByTdrReserve(line:42)]- -------------------------------End------------------------------------
[DEBUG] 2018-10-13 14:55:44,434 319017ms [Err:SEToPromoByTdrReserve(line:31)]- -------------------------------START------------------------------------
[DEBUG] 2018-10-13 14:55:44,458 319041ms [Err:SEToPromoByTdrReserve(line:42)]- -------------------------------End------------------------------------
[DEBUG] 2018-10-13 14:55:47,704 322287ms [Err:SEToPromoByTdrReserve(line:31)]- -------------------------------START------------------------------------
[DEBUG] 2018-10-13 14:55:47,727 322310ms [Err:SEToPromoByTdrReserve(line:42)]- -------------------------------End------------------------------------
[DEBUG] 2018-10-13 14:55:52,572 327155ms [Err:SEToPromoByTdrReserve(line:31)]- -------------------------------START------------------------------------
[DEBUG] 2018-10-13 14:55:52,616 327199ms [Err:SEToPromoByTdrReserve(line:42)]- -------------------------------End------------------------------------
[DEBUG] 2018-10-13 14:56:15,812 350395ms [Err:SEToPromoByTdrReserve(line:31)]- -------------------------------START------------------------------------
[ERROR] 2018-10-13 14:56:15,827 350410ms [Err:C_CHKoQuota(line:128)]- CrdQuota Limit  จำนวนการใช้งานบัตร ครบจำนวนแล้ว
[DEBUG] 2018-10-13 14:56:15,828 350411ms [Err:SEToPromoByTdrReserve(line:42)]- -------------------------------End------------------------------------
[DEBUG] 2018-10-13 14:58:42,306 60823ms [Err:SEToPromoByTdrReserve(line:31)]- -------------------------------START------------------------------------
[DEBUG] 2018-10-13 14:58:42,568 61085ms [Err:SEToPromoByTdrReserve(line:42)]- -------------------------------End------------------------------------
[DEBUG] 2018-10-13 14:59:05,815 84332ms [Err:SEToPromoByTdrReserve(line:31)]- -------------------------------START------------------------------------
[DEBUG] 2018-10-13 14:59:47,783 126300ms [Err:SEToPromoByTdrReserve(line:42)]- -------------------------------End------------------------------------
[DEBUG] 2018-10-13 15:00:29,021 167538ms [Err:SEToPromoByTdrReserve(line:31)]- -------------------------------START------------------------------------
[DEBUG] 2018-10-13 15:00:57,894 196411ms [Err:SEToPromoByTdrReserve(line:42)]- -------------------------------End------------------------------------
[DEBUG] 2018-10-13 15:01:22,645 221162ms [Err:SEToPromoByTdrReserve(line:31)]- -------------------------------START------------------------------------
[DEBUG] 2018-10-13 15:04:58,643 86655ms [Err:SEToPromoByTdrReserve(line:31)]- -------------------------------START------------------------------------
[ERROR] 2018-10-13 15:04:58,819 86831ms [Err:C_CHKoQuota(line:128)]- CrdQuota Limit  จำนวนการใช้งานบัตร ครบจำนวนแล้ว
[DEBUG] 2018-10-13 15:04:58,820 86832ms [Err:SEToPromoByTdrReserve(line:42)]- -------------------------------End------------------------------------
[DEBUG] 2018-10-13 15:05:15,114 103125ms [Err:SEToPromoByTdrReserve(line:31)]- -------------------------------START------------------------------------
[DEBUG] 2018-10-13 15:05:15,581 103592ms [Err:SEToPromoByTdrReserve(line:42)]- -------------------------------End------------------------------------
[DEBUG] 2018-10-13 15:05:28,717 116729ms [Err:SEToPromoByTdrReserve(line:31)]- -------------------------------START------------------------------------
[DEBUG] 2018-10-13 15:05:28,741 116753ms [Err:SEToPromoByTdrReserve(line:42)]- -------------------------------End------------------------------------
[DEBUG] 2018-10-13 15:05:34,436 122448ms [Err:SEToPromoByTdrReserve(line:31)]- -------------------------------START------------------------------------
[DEBUG] 2018-10-13 15:05:34,461 122473ms [Err:SEToPromoByTdrReserve(line:42)]- -------------------------------End------------------------------------
[DEBUG] 2018-10-13 15:05:50,942 138953ms [Err:SEToPromoByTdrReserve(line:31)]- -------------------------------START------------------------------------
[ERROR] 2018-10-13 15:05:50,955 138966ms [Err:C_CHKoQuota(line:128)]- CrdQuota Limit  จำนวนการใช้งานบัตร ครบจำนวนแล้ว
[DEBUG] 2018-10-13 15:05:50,956 138967ms [Err:SEToPromoByTdrReserve(line:42)]- -------------------------------End------------------------------------
[DEBUG] 2018-10-13 15:05:58,637 146648ms [Err:SEToPromoByTdrReserve(line:31)]- -------------------------------START------------------------------------
[ERROR] 2018-10-13 15:05:58,663 146675ms [Err:C_CHKoQuota(line:137)]- จำนวน Quota เกิน Limit
[DEBUG] 2018-10-13 15:05:58,664 146676ms [Err:SEToPromoByTdrReserve(line:42)]- -------------------------------End------------------------------------
[DEBUG] 2018-10-13 15:10:31,212  5141ms [Err:SEToPromoByTdrReserve(line:31)]- -------------------------------START------------------------------------
[ERROR] 2018-10-13 15:10:31,394  5323ms [Err:C_CHKoQuota(line:128)]- CrdQuota Limit  จำนวนการใช้งานบัตร ครบจำนวนแล้ว
[DEBUG] 2018-10-13 15:10:31,396  5325ms [Err:SEToPromoByTdrReserve(line:42)]- -------------------------------End------------------------------------
[DEBUG] 2018-10-13 15:10:44,791 18721ms [Err:SEToPromoByTdrReserve(line:31)]- -------------------------------START------------------------------------
[ERROR] 2018-10-13 15:10:44,815 18745ms [Err:C_CHKoQuota(line:137)]- จำนวน Quota เกิน Limit
[DEBUG] 2018-10-13 15:10:44,816 18746ms [Err:SEToPromoByTdrReserve(line:42)]- -------------------------------End------------------------------------
[DEBUG] 2018-10-13 15:14:15,743 229673ms [Err:SEToPromoByTdrReserve(line:31)]- -------------------------------START------------------------------------
[DEBUG] 2018-10-13 15:14:15,781 229711ms [Err:SEToPromoByTdrReserve(line:42)]- -------------------------------End------------------------------------
[DEBUG] 2018-10-13 15:14:19,797 233726ms [Err:SEToPromoByTdrReserve(line:31)]- -------------------------------START------------------------------------
[DEBUG] 2018-10-13 15:14:19,821 233750ms [Err:SEToPromoByTdrReserve(line:42)]- -------------------------------End------------------------------------
[DEBUG] 2018-10-13 15:14:23,517 237447ms [Err:SEToPromoByTdrReserve(line:31)]- -------------------------------START------------------------------------
[DEBUG] 2018-10-13 15:14:23,567 237496ms [Err:SEToPromoByTdrReserve(line:42)]- -------------------------------End------------------------------------
[DEBUG] 2018-10-13 15:14:27,588 241517ms [Err:SEToPromoByTdrReserve(line:31)]- -------------------------------START------------------------------------
[ERROR] 2018-10-13 15:14:27,602 241531ms [Err:C_CHKoQuota(line:128)]- CrdQuota Limit  จำนวนการใช้งานบัตร ครบจำนวนแล้ว
[DEBUG] 2018-10-13 15:14:27,602 241531ms [Err:SEToPromoByTdrReserve(line:42)]- -------------------------------End------------------------------------
[DEBUG] 2018-10-13 15:14:33,846 247775ms [Err:SEToPromoByTdrReserve(line:31)]- -------------------------------START------------------------------------
[DEBUG] 2018-10-13 15:14:34,264 248193ms [Err:SEToPromoByTdrReserve(line:42)]- -------------------------------End------------------------------------
[DEBUG] 2018-10-13 15:14:40,685 254614ms [Err:SEToPromoByTdrReserve(line:31)]- -------------------------------START------------------------------------
[DEBUG] 2018-10-13 15:14:40,709 254638ms [Err:SEToPromoByTdrReserve(line:42)]- -------------------------------End------------------------------------
[DEBUG] 2018-10-13 15:14:46,316 260246ms [Err:SEToPromoByTdrReserve(line:31)]- -------------------------------START------------------------------------
[ERROR] 2018-10-13 15:14:46,330 260260ms [Err:C_CHKoQuota(line:137)]- จำนวน Quota เกิน Limit
[DEBUG] 2018-10-13 15:14:46,331 260261ms [Err:SEToPromoByTdrReserve(line:42)]- -------------------------------End------------------------------------
[DEBUG] 2018-10-13 15:15:04,286 278216ms [Err:SEToPromoByTdrReserve(line:31)]- -------------------------------START------------------------------------
[DEBUG] 2018-10-13 15:15:04,312 278242ms [Err:SEToPromoByTdrReserve(line:42)]- -------------------------------End------------------------------------
[DEBUG] 2018-10-13 15:15:10,879 284809ms [Err:SEToPromoByTdrReserve(line:31)]- -------------------------------START------------------------------------
[DEBUG] 2018-10-13 15:15:10,911 284841ms [Err:SEToPromoByTdrReserve(line:42)]- -------------------------------End------------------------------------
[DEBUG] 2018-10-13 15:15:15,223 289152ms [Err:SEToPromoByTdrReserve(line:31)]- -------------------------------START------------------------------------
[DEBUG] 2018-10-13 15:15:15,251 289180ms [Err:SEToPromoByTdrReserve(line:42)]- -------------------------------End------------------------------------
[DEBUG] 2018-10-13 15:15:19,350 293280ms [Err:SEToPromoByTdrReserve(line:31)]- -------------------------------START------------------------------------
[ERROR] 2018-10-13 15:15:19,367 293297ms [Err:C_CHKoQuota(line:128)]- CrdQuota Limit  จำนวนการใช้งานบัตร ครบจำนวนแล้ว
[DEBUG] 2018-10-13 15:15:19,367 293297ms [Err:SEToPromoByTdrReserve(line:42)]- -------------------------------End------------------------------------
[DEBUG] 2018-10-13 15:15:25,407 299336ms [Err:SEToPromoByTdrReserve(line:31)]- -------------------------------START------------------------------------
[DEBUG] 2018-10-13 15:15:25,439 299368ms [Err:SEToPromoByTdrReserve(line:42)]- -------------------------------End------------------------------------
[DEBUG] 2018-10-13 15:15:35,943 309872ms [Err:SEToPromoByTdrReserve(line:31)]- -------------------------------START------------------------------------
[DEBUG] 2018-10-13 15:15:35,967 309896ms [Err:SEToPromoByTdrReserve(line:42)]- -------------------------------End------------------------------------
[DEBUG] 2018-10-13 15:15:58,689 332618ms [Err:SEToPromoByTdrReserve(line:31)]- -------------------------------START------------------------------------
[ERROR] 2018-10-13 15:15:58,703 332632ms [Err:C_CHKoQuota(line:137)]- จำนวน Quota เกิน Limit
[DEBUG] 2018-10-13 15:15:58,703 332632ms [Err:SEToPromoByTdrReserve(line:42)]- -------------------------------End------------------------------------
[DEBUG] 2018-10-13 15:22:53,672 747602ms [Err:SEToPromoByTdrReserve(line:31)]- -------------------------------START------------------------------------
[DEBUG] 2018-10-13 15:22:54,120 748049ms [Err:SEToPromoByTdrReserve(line:42)]- -------------------------------End------------------------------------
[DEBUG] 2018-10-13 15:23:12,421 766351ms [Err:SEToPromoByTdrReserve(line:31)]- -------------------------------START------------------------------------
[DEBUG] 2018-10-13 15:23:20,622 774551ms [Err:SEToPromoByTdrReserve(line:42)]- -------------------------------End------------------------------------
[DEBUG] 2018-10-13 15:23:26,565 780495ms [Err:SEToPromoByTdrReserve(line:31)]- -------------------------------START------------------------------------
[ERROR] 2018-10-13 15:23:29,022 782952ms [Err:C_INSoTPSTSalBBYTdr(line:229)]- จองสิทธิ์ส่วนลด ไม่สำเร็จ อาจจะมีอยู่แล้ว
[DEBUG] 2018-10-13 15:23:29,023 782953ms [Err:SEToPromoByTdrReserve(line:42)]- -------------------------------End------------------------------------
[DEBUG] 2018-10-13 15:23:40,477 794406ms [Err:SEToPromoByTdrReserve(line:31)]- -------------------------------START------------------------------------
[DEBUG] 2018-10-13 15:24:03,465 817394ms [Err:SEToPromoByTdrReserve(line:42)]- -------------------------------End------------------------------------
[DEBUG] 2018-10-13 15:25:02,793 876723ms [Err:SEToPromoByTdrReserve(line:31)]- -------------------------------START------------------------------------
[DEBUG] 2018-10-13 15:26:23,731 957660ms [Err:SEToPromoByTdrReserve(line:42)]- -------------------------------End------------------------------------
[DEBUG] 2018-10-13 15:26:42,028 975958ms [Err:SEToPromoByTdrReserve(line:31)]- -------------------------------START------------------------------------
[ERROR] 2018-10-13 15:28:02,683 1056612ms [Err:C_CHKoQuota(line:128)]- CrdQuota Limit  จำนวนการใช้งานบัตร ครบจำนวนแล้ว
[DEBUG] 2018-10-13 15:28:02,684 1056613ms [Err:SEToPromoByTdrReserve(line:42)]- -------------------------------End------------------------------------
[DEBUG] 2018-10-13 15:29:18,088 1132018ms [Err:SEToPromoByTdrReserve(line:31)]- -------------------------------START------------------------------------
[DEBUG] 2018-10-13 15:30:03,485 1177414ms [Err:SEToPromoByTdrReserve(line:42)]- -------------------------------End------------------------------------
[DEBUG] 2018-10-13 15:30:32,354 1206284ms [Err:SEToPromoByTdrReserve(line:31)]- -------------------------------START------------------------------------
[DEBUG] 2018-10-13 15:30:39,308 1213237ms [Err:SEToPromoByTdrReserve(line:42)]- -------------------------------End------------------------------------
[DEBUG] 2018-10-13 15:32:00,374 1294304ms [Err:SEToPromoByTdrReserve(line:31)]- -------------------------------START------------------------------------
[DEBUG] 2018-10-13 15:32:05,479 1299408ms [Err:SEToPromoByTdrReserve(line:42)]- -------------------------------End------------------------------------
[DEBUG] 2018-10-13 15:32:11,788 1305718ms [Err:SEToPromoByTdrReserve(line:31)]- -------------------------------START------------------------------------
[DEBUG] 2018-10-13 15:32:56,922 1350851ms [Err:SEToPromoByTdrReserve(line:42)]- -------------------------------End------------------------------------
[DEBUG] 2018-10-13 15:33:05,039 1358969ms [Err:SEToPromoByTdrReserve(line:31)]- -------------------------------START------------------------------------
[DEBUG] 2018-10-13 15:33:08,854 1362783ms [Err:SEToPromoByTdrReserve(line:42)]- -------------------------------End------------------------------------
[DEBUG] 2018-10-13 15:33:13,871 1367800ms [Err:SEToPromoByTdrReserve(line:31)]- -------------------------------START------------------------------------
[ERROR] 2018-10-13 15:33:23,169 1377098ms [Err:C_CHKoQuota(line:128)]- CrdQuota Limit  จำนวนการใช้งานบัตร ครบจำนวนแล้ว
[DEBUG] 2018-10-13 15:33:23,170 1377099ms [Err:SEToPromoByTdrReserve(line:42)]- -------------------------------End------------------------------------
[DEBUG] 2018-10-13 15:33:31,535 1385465ms [Err:SEToPromoByTdrReserve(line:31)]- -------------------------------START------------------------------------
[DEBUG] 2018-10-13 15:33:34,237 1388167ms [Err:SEToPromoByTdrReserve(line:42)]- -------------------------------End------------------------------------
[DEBUG] 2018-10-13 15:33:39,401 1393331ms [Err:SEToPromoByTdrReserve(line:31)]- -------------------------------START------------------------------------
[DEBUG] 2018-10-13 15:33:41,749 1395679ms [Err:SEToPromoByTdrReserve(line:42)]- -------------------------------End------------------------------------
[DEBUG] 2018-10-13 15:33:50,024 1403953ms [Err:SEToPromoByTdrReserve(line:31)]- -------------------------------START------------------------------------
[ERROR] 2018-10-13 15:33:52,521 1406451ms [Err:C_CHKoQuota(line:137)]- จำนวน Quota เกิน Limit
[DEBUG] 2018-10-13 15:33:52,522 1406452ms [Err:SEToPromoByTdrReserve(line:42)]- -------------------------------End------------------------------------
[DEBUG] 2018-10-13 15:38:50,302 1704232ms [Err:SEToPromoByTdrReserve(line:31)]- -------------------------------START------------------------------------
[DEBUG] 2018-10-13 15:39:11,427 1725356ms [Err:SEToPromoByTdrReserve(line:42)]- -------------------------------End------------------------------------
[DEBUG] 2018-10-13 15:39:19,884 1733813ms [Err:SEToPromoByTdrReserve(line:31)]- -------------------------------START------------------------------------
[DEBUG] 2018-10-13 15:41:09,955 1843885ms [Err:SEToPromoByTdrReserve(line:42)]- -------------------------------End------------------------------------
[DEBUG] 2018-10-13 15:43:11,314 81646ms [Err:SEToPromoByTdrReserve(line:31)]- -------------------------------START------------------------------------
[DEBUG] 2018-10-13 15:43:19,046 89378ms [Err:SEToPromoByTdrReserve(line:42)]- -------------------------------End------------------------------------
[DEBUG] 2018-10-13 15:43:25,860 96193ms [Err:SEToPromoByTdrReserve(line:31)]- -------------------------------START------------------------------------
[DEBUG] 2018-10-13 15:43:28,503 98836ms [Err:SEToPromoByTdrReserve(line:42)]- -------------------------------End------------------------------------
[DEBUG] 2018-10-13 15:43:34,649 104981ms [Err:SEToPromoByTdrReserve(line:31)]- -------------------------------START------------------------------------
[DEBUG] 2018-10-13 15:43:37,850 108183ms [Err:SEToPromoByTdrReserve(line:42)]- -------------------------------End------------------------------------
[DEBUG] 2018-10-13 15:43:42,313 112645ms [Err:SEToPromoByTdrReserve(line:31)]- -------------------------------START------------------------------------
[ERROR] 2018-10-13 15:43:46,163 116495ms [Err:C_CHKoQuota(line:128)]- CrdQuota Limit  จำนวนการใช้งานบัตร ครบจำนวนแล้ว
[DEBUG] 2018-10-13 15:43:46,165 116497ms [Err:SEToPromoByTdrReserve(line:42)]- -------------------------------End------------------------------------
[DEBUG] 2018-10-13 15:43:54,804 125137ms [Err:SEToPromoByTdrReserve(line:31)]- -------------------------------START------------------------------------
[DEBUG] 2018-10-13 15:43:57,982 128314ms [Err:SEToPromoByTdrReserve(line:42)]- -------------------------------End------------------------------------
[DEBUG] 2018-10-13 15:44:08,027 138359ms [Err:SEToPromoByTdrReserve(line:31)]- -------------------------------START------------------------------------
[DEBUG] 2018-10-13 15:44:11,153 141485ms [Err:SEToPromoByTdrReserve(line:42)]- -------------------------------End------------------------------------
[DEBUG] 2018-10-13 15:44:16,451 146783ms [Err:SEToPromoByTdrReserve(line:31)]- -------------------------------START------------------------------------
[ERROR] 2018-10-13 15:44:22,093 152426ms [Err:C_CHKoQuota(line:137)]- จำนวน Quota เกิน Limit
[DEBUG] 2018-10-13 15:44:22,094 152427ms [Err:SEToPromoByTdrReserve(line:42)]- -------------------------------End------------------------------------
[DEBUG] 2018-10-13 15:45:47,279 237612ms [Err:SEToPromoByTdrReserve(line:31)]- -------------------------------START------------------------------------
[DEBUG] 2018-10-13 15:45:50,217 240549ms [Err:SEToPromoByTdrReserve(line:42)]- -------------------------------End------------------------------------
[DEBUG] 2018-10-13 15:45:58,925 249258ms [Err:SEToPromoByTdrReserve(line:31)]- -------------------------------START------------------------------------
[DEBUG] 2018-10-13 15:46:01,528 251860ms [Err:SEToPromoByTdrReserve(line:42)]- -------------------------------End------------------------------------
[DEBUG] 2018-10-13 15:46:11,446 261779ms [Err:SEToPromoByTdrReserve(line:31)]- -------------------------------START------------------------------------
[DEBUG] 2018-10-13 15:46:14,074 264406ms [Err:SEToPromoByTdrReserve(line:42)]- -------------------------------End------------------------------------
[DEBUG] 2018-10-13 15:46:21,365 271698ms [Err:SEToPromoByTdrReserve(line:31)]- -------------------------------START------------------------------------
[ERROR] 2018-10-13 15:46:24,407 274740ms [Err:C_CHKoQuota(line:128)]- CrdQuota Limit  จำนวนการใช้งานบัตร ครบจำนวนแล้ว
[DEBUG] 2018-10-13 15:46:24,407 274740ms [Err:SEToPromoByTdrReserve(line:42)]- -------------------------------End------------------------------------
[DEBUG] 2018-10-13 15:46:49,951 300283ms [Err:SEToPromoByTdrReserve(line:31)]- -------------------------------START------------------------------------
[DEBUG] 2018-10-13 15:46:52,468 302800ms [Err:SEToPromoByTdrReserve(line:42)]- -------------------------------End------------------------------------
[DEBUG] 2018-10-13 15:47:00,266 310598ms [Err:SEToPromoByTdrReserve(line:31)]- -------------------------------START------------------------------------
[DEBUG] 2018-10-13 15:47:03,223 313555ms [Err:SEToPromoByTdrReserve(line:42)]- -------------------------------End------------------------------------
[DEBUG] 2018-10-13 15:47:29,352 339684ms [Err:SEToPromoByTdrReserve(line:31)]- -------------------------------START------------------------------------
[ERROR] 2018-10-13 15:47:31,769 342101ms [Err:C_CHKoQuota(line:137)]- จำนวน Quota เกิน Limit
[DEBUG] 2018-10-13 15:47:31,770 342102ms [Err:SEToPromoByTdrReserve(line:42)]- -------------------------------End------------------------------------
[DEBUG] 2018-10-13 15:49:21,136 451468ms [Err:SEToPromoByTdrReserve(line:31)]- -------------------------------START------------------------------------
[ERROR] 2018-10-13 15:49:24,823 455155ms [Err:C_CHKoQuota(line:137)]- จำนวน Quota เกิน Limit
[DEBUG] 2018-10-13 15:49:24,825 455157ms [Err:SEToPromoByTdrReserve(line:42)]- -------------------------------End------------------------------------
[DEBUG] 2018-10-13 15:49:34,870 465202ms [Err:SEToPromoByTdrReserve(line:31)]- -------------------------------START------------------------------------
[DEBUG] 2018-10-13 15:49:43,673 474005ms [Err:SEToPromoByTdrReserve(line:42)]- -------------------------------End------------------------------------
[DEBUG] 2018-10-13 15:49:53,489 483821ms [Err:SEToPromoByTdrReserve(line:31)]- -------------------------------START------------------------------------
[DEBUG] 2018-10-13 15:49:55,598 485930ms [Err:SEToPromoByTdrReserve(line:42)]- -------------------------------End------------------------------------
[DEBUG] 2018-10-13 15:49:59,885 490217ms [Err:SEToPromoByTdrReserve(line:31)]- -------------------------------START------------------------------------
[DEBUG] 2018-10-13 15:50:01,651 491983ms [Err:SEToPromoByTdrReserve(line:42)]- -------------------------------End------------------------------------
[DEBUG] 2018-10-13 15:50:06,645 496978ms [Err:SEToPromoByTdrReserve(line:31)]- -------------------------------START------------------------------------
[ERROR] 2018-10-13 15:50:08,492 498825ms [Err:C_CHKoQuota(line:128)]- CrdQuota Limit  จำนวนการใช้งานบัตร ครบจำนวนแล้ว
[DEBUG] 2018-10-13 15:50:08,493 498826ms [Err:SEToPromoByTdrReserve(line:42)]- -------------------------------End------------------------------------
[DEBUG] 2018-10-13 15:50:29,550 519882ms [Err:SEToPromoByTdrReserve(line:31)]- -------------------------------START------------------------------------
[DEBUG] 2018-10-13 15:50:31,506 521838ms [Err:SEToPromoByTdrReserve(line:42)]- -------------------------------End------------------------------------
[DEBUG] 2018-10-13 15:50:42,415 532748ms [Err:SEToPromoByTdrReserve(line:31)]- -------------------------------START------------------------------------
[DEBUG] 2018-10-13 15:50:50,132 540464ms [Err:SEToPromoByTdrReserve(line:42)]- -------------------------------End------------------------------------
[DEBUG] 2018-10-13 15:51:05,408 555740ms [Err:SEToPromoByTdrReserve(line:31)]- -------------------------------START------------------------------------
[ERROR] 2018-10-13 15:51:07,544 557876ms [Err:C_CHKoQuota(line:137)]- จำนวน Quota เกิน Limit
[DEBUG] 2018-10-13 15:51:07,545 557877ms [Err:SEToPromoByTdrReserve(line:42)]- -------------------------------End------------------------------------
[DEBUG] 2018-10-13 15:51:25,087 575420ms [Err:SEToPromoByTdrReserve(line:31)]- -------------------------------START------------------------------------
[ERROR] 2018-10-13 15:51:26,441 576774ms [Err:C_CHKoQuota(line:137)]- จำนวน Quota เกิน Limit
[DEBUG] 2018-10-13 15:51:26,442 576775ms [Err:SEToPromoByTdrReserve(line:42)]- -------------------------------End------------------------------------
[DEBUG] 2018-10-13 15:51:38,672 589004ms [Err:SEToPromoByTdrReserve(line:31)]- -------------------------------START------------------------------------
[ERROR] 2018-10-13 15:53:16,424 686756ms [Err:C_CHKoQuota(line:137)]- จำนวน Quota เกิน Limit
[DEBUG] 2018-10-13 15:53:16,428 686760ms [Err:SEToPromoByTdrReserve(line:42)]- -------------------------------End------------------------------------
[DEBUG] 2018-10-13 15:53:23,396 693728ms [Err:SEToPromoByTdrReserve(line:31)]- -------------------------------START------------------------------------
[DEBUG] 2018-10-13 15:53:24,821 695153ms [Err:SEToPromoByTdrReserve(line:42)]- -------------------------------End------------------------------------
[DEBUG] 2018-10-13 15:53:31,708 702040ms [Err:SEToPromoByTdrReserve(line:31)]- -------------------------------START------------------------------------
[DEBUG] 2018-10-13 15:53:33,120 703452ms [Err:SEToPromoByTdrReserve(line:42)]- -------------------------------End------------------------------------
[DEBUG] 2018-10-13 15:53:38,227 708559ms [Err:SEToPromoByTdrReserve(line:31)]- -------------------------------START------------------------------------
[DEBUG] 2018-10-13 15:53:40,055 710387ms [Err:SEToPromoByTdrReserve(line:42)]- -------------------------------End------------------------------------
[DEBUG] 2018-10-13 15:53:45,284 715616ms [Err:SEToPromoByTdrReserve(line:31)]- -------------------------------START------------------------------------
[ERROR] 2018-10-13 15:53:46,632 716964ms [Err:C_CHKoQuota(line:128)]- CrdQuota Limit  จำนวนการใช้งานบัตร ครบจำนวนแล้ว
[DEBUG] 2018-10-13 15:53:46,633 716965ms [Err:SEToPromoByTdrReserve(line:42)]- -------------------------------End------------------------------------
[DEBUG] 2018-10-13 15:54:03,005 733337ms [Err:SEToPromoByTdrReserve(line:31)]- -------------------------------START------------------------------------
[DEBUG] 2018-10-13 15:54:04,464 734797ms [Err:SEToPromoByTdrReserve(line:42)]- -------------------------------End------------------------------------
[DEBUG] 2018-10-13 15:54:14,060 744393ms [Err:SEToPromoByTdrReserve(line:31)]- -------------------------------START------------------------------------
[DEBUG] 2018-10-13 15:54:15,762 746094ms [Err:SEToPromoByTdrReserve(line:42)]- -------------------------------End------------------------------------
[DEBUG] 2018-10-13 15:54:20,157 750489ms [Err:SEToPromoByTdrReserve(line:31)]- -------------------------------START------------------------------------
[ERROR] 2018-10-13 15:54:21,455 751787ms [Err:C_CHKoQuota(line:137)]- จำนวน Quota เกิน Limit
[DEBUG] 2018-10-13 15:54:21,455 751787ms [Err:SEToPromoByTdrReserve(line:42)]- -------------------------------End------------------------------------
[DEBUG] 2018-10-13 15:56:00,050 850382ms [Err:SEToPromoByTdrReserve(line:31)]- -------------------------------START------------------------------------
[ERROR] 2018-10-13 15:56:02,555 852887ms [Err:C_CHKoQuota(line:137)]- จำนวน Quota เกิน Limit
[DEBUG] 2018-10-13 15:56:02,557 852889ms [Err:SEToPromoByTdrReserve(line:42)]- -------------------------------End------------------------------------
[DEBUG] 2018-10-13 15:56:17,619 867951ms [Err:SEToPromoByTdrReserve(line:31)]- -------------------------------START------------------------------------
[DEBUG] 2018-10-13 15:56:22,804 873136ms [Err:SEToPromoByTdrReserve(line:42)]- -------------------------------End------------------------------------
[DEBUG] 2018-10-13 15:56:30,592 880924ms [Err:SEToPromoByTdrReserve(line:31)]- -------------------------------START------------------------------------
[DEBUG] 2018-10-13 15:56:32,421 882753ms [Err:SEToPromoByTdrReserve(line:42)]- -------------------------------End------------------------------------
[DEBUG] 2018-10-13 15:56:40,249 890582ms [Err:SEToPromoByTdrReserve(line:31)]- -------------------------------START------------------------------------
[DEBUG] 2018-10-13 15:56:41,967 892299ms [Err:SEToPromoByTdrReserve(line:42)]- -------------------------------End------------------------------------
[DEBUG] 2018-10-13 15:56:46,057 896389ms [Err:SEToPromoByTdrReserve(line:31)]- -------------------------------START------------------------------------
[ERROR] 2018-10-13 15:56:47,771 898103ms [Err:C_CHKoQuota(line:128)]- CrdQuota Limit  จำนวนการใช้งานบัตร ครบจำนวนแล้ว
[DEBUG] 2018-10-13 15:56:47,773 898105ms [Err:SEToPromoByTdrReserve(line:42)]- -------------------------------End------------------------------------
[DEBUG] 2018-10-13 15:56:53,419 903752ms [Err:SEToPromoByTdrReserve(line:31)]- -------------------------------START------------------------------------
[DEBUG] 2018-10-13 15:56:55,032 905364ms [Err:SEToPromoByTdrReserve(line:42)]- -------------------------------End------------------------------------
[DEBUG] 2018-10-13 15:57:03,065 913398ms [Err:SEToPromoByTdrReserve(line:31)]- -------------------------------START------------------------------------
[DEBUG] 2018-10-13 15:57:05,031 915363ms [Err:SEToPromoByTdrReserve(line:42)]- -------------------------------End------------------------------------
[DEBUG] 2018-10-13 15:57:17,827 928159ms [Err:SEToPromoByTdrReserve(line:31)]- -------------------------------START------------------------------------
[ERROR] 2018-10-13 15:57:19,139 929471ms [Err:C_CHKoQuota(line:137)]- จำนวน Quota เกิน Limit
[DEBUG] 2018-10-13 15:57:19,148 929480ms [Err:SEToPromoByTdrReserve(line:42)]- -------------------------------End------------------------------------
[DEBUG] 2018-10-13 16:08:55,531 1625863ms [Err:SEToPromoByTdrReserve(line:31)]- -------------------------------START------------------------------------
[DEBUG] 2018-10-13 16:08:57,585 1627917ms [Err:SEToPromoByTdrReserve(line:42)]- -------------------------------End------------------------------------
[DEBUG] 2018-10-13 16:09:09,304 1639636ms [Err:SEToPromoByTdrReserve(line:31)]- -------------------------------START------------------------------------
[DEBUG] 2018-10-13 16:09:10,758 1641090ms [Err:SEToPromoByTdrReserve(line:42)]- -------------------------------End------------------------------------
[DEBUG] 2018-10-13 16:09:18,783 1649115ms [Err:SEToPromoByTdrReserve(line:31)]- -------------------------------START------------------------------------
[DEBUG] 2018-10-13 16:09:20,148 1650481ms [Err:SEToPromoByTdrReserve(line:42)]- -------------------------------End------------------------------------
[DEBUG] 2018-10-13 16:09:26,744 1657077ms [Err:SEToPromoByTdrReserve(line:31)]- -------------------------------START------------------------------------
[ERROR] 2018-10-13 16:09:28,817 1659149ms [Err:C_CHKoQuota(line:128)]- CrdQuota Limit  จำนวนการใช้งานบัตร ครบจำนวนแล้ว
[DEBUG] 2018-10-13 16:09:28,818 1659150ms [Err:SEToPromoByTdrReserve(line:42)]- -------------------------------End------------------------------------
[DEBUG] 2018-10-13 16:09:36,064 1666396ms [Err:SEToPromoByTdrReserve(line:31)]- -------------------------------START------------------------------------
[DEBUG] 2018-10-13 16:09:42,870 1673203ms [Err:SEToPromoByTdrReserve(line:42)]- -------------------------------End------------------------------------
[DEBUG] 2018-10-13 16:09:49,802 1680135ms [Err:SEToPromoByTdrReserve(line:31)]- -------------------------------START------------------------------------
[DEBUG] 2018-10-13 16:09:51,363 1681696ms [Err:SEToPromoByTdrReserve(line:42)]- -------------------------------End------------------------------------
[DEBUG] 2018-10-13 16:09:57,512 1687845ms [Err:SEToPromoByTdrReserve(line:31)]- -------------------------------START------------------------------------
[ERROR] 2018-10-13 16:09:58,850 1689182ms [Err:C_CHKoQuota(line:137)]- จำนวน Quota เกิน Limit
[DEBUG] 2018-10-13 16:09:58,851 1689183ms [Err:SEToPromoByTdrReserve(line:42)]- -------------------------------End------------------------------------
[DEBUG] 2018-10-13 16:10:22,810 1713142ms [Err:SEToPromoByTdrReserve(line:31)]- -------------------------------START------------------------------------
[ERROR] 2018-10-13 16:10:24,138 1714471ms [Err:C_CHKoQuota(line:137)]- จำนวน Quota เกิน Limit
[DEBUG] 2018-10-13 16:10:24,140 1714473ms [Err:SEToPromoByTdrReserve(line:42)]- -------------------------------End------------------------------------
[DEBUG] 2018-10-13 16:10:37,642 1727974ms [Err:SEToPromoByTdrReserve(line:31)]- -------------------------------START------------------------------------
[DEBUG] 2018-10-13 16:10:38,713 1729046ms [Err:SEToPromoByTdrReserve(line:42)]- -------------------------------End------------------------------------
[DEBUG] 2018-10-13 16:20:55,173 33595ms [Err:SEToPromoByTdrReserve(line:31)]- -------------------------------START------------------------------------
[DEBUG] 2018-10-13 16:26:01,000 161841ms [Err:SEToPromoByTdrReserve(line:31)]- -------------------------------START------------------------------------
[DEBUG] 2018-10-13 16:26:21,963 182804ms [Err:SEToPromoByTdrReserve(line:42)]- -------------------------------End------------------------------------
[DEBUG] 2018-10-13 17:52:55,735 52719ms [Err:SEToPromoByTdrReserve(line:31)]- -------------------------------START------------------------------------
[DEBUG] 2018-10-13 17:53:00,090 57074ms [Err:SEToPromoByTdrReserve(line:42)]- -------------------------------End------------------------------------
[DEBUG] 2018-10-13 17:53:13,531 70515ms [Err:SEToPromoByTdrReserve(line:31)]- -------------------------------START------------------------------------
[DEBUG] 2018-10-13 19:17:44,300 35586ms [Err:SEToPromoByTdrReserve(line:31)]- -------------------------------START------------------------------------
[ERROR] 2018-10-13 19:17:44,599 35885ms [Err:C_SEToRESQtaByTdrcs(line:43)]- จองสิทธิ์ส่วนลด ไม่สำเร็จ อาจจะมีอยู่แล้ว หรือใช้ไปแล้ว
[DEBUG] 2018-10-13 19:17:44,602 35887ms [Err:SEToPromoByTdrReserve(line:42)]- -------------------------------End------------------------------------
[DEBUG] 2018-10-13 19:17:48,869 40154ms [Err:SEToPromoByTdrUsed(line:56)]- -------------------------------START------------------------------------
[ERROR] 2018-10-13 19:17:49,050 40335ms [Err:C_SEToRESQtaByTdrcs(line:24)]- Used Error=Invalid column name 'FCScdAmt'.
[DEBUG] 2018-10-13 19:17:49,051 40336ms [Err:SEToPromoByTdrUsed(line:67)]- -------------------------------End------------------------------------
[DEBUG] 2018-10-13 19:19:02,248 113533ms [Err:SEToPromoByTdrUsed(line:56)]- -------------------------------START------------------------------------
[ERROR] 2018-10-13 19:21:10,562 241847ms [Err:C_SEToRESQtaByTdrcs(line:24)]- ยืนยันการใช่สิทธิ์ สำเร็จ
[DEBUG] 2018-10-13 19:21:10,563 241848ms [Err:SEToPromoByTdrUsed(line:67)]- -------------------------------End------------------------------------
[DEBUG] 2018-10-13 19:21:33,845  6421ms [Err:SEToPromoByTdrReserve(line:31)]- -------------------------------START------------------------------------
[ERROR] 2018-10-13 19:21:34,191  6767ms [Err:C_SEToRESQtaByTdrcs(line:43)]- จองสิทธิ์ส่วนลด ไม่สำเร็จ อาจจะมีอยู่แล้ว หรือใช้ไปแล้ว
[DEBUG] 2018-10-13 19:21:34,194  6770ms [Err:SEToPromoByTdrReserve(line:42)]- -------------------------------End------------------------------------
[DEBUG] 2018-10-13 19:21:36,540  9117ms [Err:SEToPromoByTdrUsed(line:56)]- -------------------------------START------------------------------------
[ERROR] 2018-10-13 19:21:40,954 13531ms [Err:C_SEToRESQtaByTdrcs(line:24)]- ยืนยันการใช่สิทธิ์ ไม่สำเร็จ
[DEBUG] 2018-10-13 19:21:40,954 13531ms [Err:SEToPromoByTdrUsed(line:67)]- -------------------------------End------------------------------------
[DEBUG] 2018-10-13 19:21:49,885 22462ms [Err:SEToPromoByTdrUsed(line:56)]- -------------------------------START------------------------------------
[ERROR] 2018-10-13 19:21:49,897 22474ms [Err:C_SEToRESQtaByTdrcs(line:24)]- ยืนยันการใช่สิทธิ์ ไม่สำเร็จ
[DEBUG] 2018-10-13 19:21:49,898 22475ms [Err:SEToPromoByTdrUsed(line:67)]- -------------------------------End------------------------------------
[DEBUG] 2018-10-13 19:21:55,390 27967ms [Err:SEToPromoByTdrUsed(line:56)]- -------------------------------START------------------------------------
[ERROR] 2018-10-13 19:21:55,403 27980ms [Err:C_SEToRESQtaByTdrcs(line:24)]- ยืนยันการใช่สิทธิ์ ไม่สำเร็จ
[DEBUG] 2018-10-13 19:21:55,404 27981ms [Err:SEToPromoByTdrUsed(line:67)]- -------------------------------End------------------------------------
[DEBUG] 2018-10-13 19:21:57,781 30358ms [Err:SEToPromoByTdrReserve(line:31)]- -------------------------------START------------------------------------
[ERROR] 2018-10-13 19:21:58,206 30783ms [Err:C_SEToRESQtaByTdrcs(line:43)]- เพิ่มการจองสิทธิ์ส่วนลด สำเร็จ
[DEBUG] 2018-10-13 19:21:58,207 30784ms [Err:SEToPromoByTdrReserve(line:42)]- -------------------------------End------------------------------------
[DEBUG] 2018-10-13 19:22:03,053 35630ms [Err:SEToPromoByTdrUsed(line:56)]- -------------------------------START------------------------------------
[ERROR] 2018-10-13 19:22:03,065 35642ms [Err:C_SEToRESQtaByTdrcs(line:24)]- ยืนยันการใช่สิทธิ์ สำเร็จ
[DEBUG] 2018-10-13 19:22:03,066 35643ms [Err:SEToPromoByTdrUsed(line:67)]- -------------------------------End------------------------------------
[DEBUG] 2018-10-13 19:22:08,916 41493ms [Err:SEToPromoByTdrCancel(line:81)]- -------------------------------START------------------------------------
[ERROR] 2018-10-13 19:22:08,935 41512ms [Err:C_SEToRESQtaByTdrcs(line:24)]- ยกเลิกการจอง ไม่สำเร็จ
[DEBUG] 2018-10-13 19:22:08,936 41513ms [Err:SEToPromoByTdrCancel(line:92)]- -------------------------------End------------------------------------
[DEBUG] 2018-10-13 19:22:15,870 48447ms [Err:SEToPromoByTdrReserve(line:31)]- -------------------------------START------------------------------------
[ERROR] 2018-10-13 19:22:15,883 48460ms [Err:C_SEToRESQtaByTdrcs(line:24)]- CrdQuota Limit  บัตรใช้งาน ครบจำนวนแล้ว
[DEBUG] 2018-10-13 19:22:15,884 48461ms [Err:SEToPromoByTdrReserve(line:42)]- -------------------------------End------------------------------------
[DEBUG] 2018-10-13 19:22:21,997 54574ms [Err:SEToPromoByTdrCancel(line:81)]- -------------------------------START------------------------------------
[ERROR] 2018-10-13 19:22:22,010 54587ms [Err:C_SEToRESQtaByTdrcs(line:24)]- ยกเลิกการจอง ไม่สำเร็จ
[DEBUG] 2018-10-13 19:22:22,010 54587ms [Err:SEToPromoByTdrCancel(line:92)]- -------------------------------End------------------------------------
[DEBUG] 2018-10-13 19:22:26,966 59543ms [Err:SEToPromoByTdrCancel(line:81)]- -------------------------------START------------------------------------
[ERROR] 2018-10-13 19:22:26,984 59561ms [Err:C_SEToRESQtaByTdrcs(line:24)]- ยกเลิกการจอง ไม่สำเร็จ
[DEBUG] 2018-10-13 19:22:26,984 59561ms [Err:SEToPromoByTdrCancel(line:92)]- -------------------------------End------------------------------------
[DEBUG] 2018-10-13 19:22:29,541 62118ms [Err:SEToPromoByTdrReserve(line:31)]- -------------------------------START------------------------------------
[ERROR] 2018-10-13 19:22:29,555 62132ms [Err:C_SEToRESQtaByTdrcs(line:24)]- CrdQuota Limit  บัตรใช้งาน ครบจำนวนแล้ว
[DEBUG] 2018-10-13 19:22:29,555 62132ms [Err:SEToPromoByTdrReserve(line:42)]- -------------------------------End------------------------------------
[DEBUG] 2018-10-13 19:22:34,406 66983ms [Err:SEToPromoByTdrReserve(line:31)]- -------------------------------START------------------------------------
[ERROR] 2018-10-13 19:22:34,446 67023ms [Err:C_SEToRESQtaByTdrcs(line:43)]- เพิ่มการจองสิทธิ์ส่วนลด สำเร็จ
[DEBUG] 2018-10-13 19:22:34,446 67023ms [Err:SEToPromoByTdrReserve(line:42)]- -------------------------------End------------------------------------
[DEBUG] 2018-10-13 19:22:37,398 69975ms [Err:SEToPromoByTdrCancel(line:81)]- -------------------------------START------------------------------------
[ERROR] 2018-10-13 19:22:37,412 69989ms [Err:C_SEToRESQtaByTdrcs(line:24)]- ยกเลิกการจอง สำเร็จ
[DEBUG] 2018-10-13 19:22:37,412 69989ms [Err:SEToPromoByTdrCancel(line:92)]- -------------------------------End------------------------------------
[DEBUG] 2018-10-13 19:39:10,505 134669ms [Err:SEToPromoByTdrReserve(line:31)]- -------------------------------START------------------------------------
[ERROR] 2018-10-13 19:39:10,865 135029ms [Err:C_SEToRESQtaByTdrcs(line:43)]- จองสิทธิ์ส่วนลด ไม่สำเร็จ อาจจะมีอยู่แล้ว หรือใช้ไปแล้ว
[DEBUG] 2018-10-13 19:39:10,867 135031ms [Err:SEToPromoByTdrReserve(line:42)]- -------------------------------End------------------------------------
[DEBUG] 2018-10-13 19:39:27,901 152065ms [Err:SEToPromoByTdrReserve(line:31)]- -------------------------------START------------------------------------
[ERROR] 2018-10-13 19:39:27,928 152092ms [Err:C_SEToRESQtaByTdrcs(line:43)]- เพิ่มการจองสิทธิ์ส่วนลด สำเร็จ
[DEBUG] 2018-10-13 19:39:27,928 152092ms [Err:SEToPromoByTdrReserve(line:42)]- -------------------------------End------------------------------------
[DEBUG] 2018-10-13 19:39:34,150 158314ms [Err:SEToPromoByTdrReserve(line:31)]- -------------------------------START------------------------------------
[ERROR] 2018-10-13 19:39:34,174 158338ms [Err:C_SEToRESQtaByTdrcs(line:43)]- เพิ่มการจองสิทธิ์ส่วนลด สำเร็จ
[DEBUG] 2018-10-13 19:39:34,175 158339ms [Err:SEToPromoByTdrReserve(line:42)]- -------------------------------End------------------------------------
[DEBUG] 2018-10-13 19:39:41,021 165185ms [Err:SEToPromoByTdrReserve(line:31)]- -------------------------------START------------------------------------
[ERROR] 2018-10-13 19:39:41,035 165199ms [Err:C_SEToRESQtaByTdrcs(line:24)]- จำนวน Quota เกิน Limit
[DEBUG] 2018-10-13 19:39:41,036 165200ms [Err:SEToPromoByTdrReserve(line:42)]- -------------------------------End------------------------------------
[DEBUG] 2018-10-13 19:39:57,334 181498ms [Err:SEToPromoByTdrReserve(line:31)]- -------------------------------START------------------------------------
[ERROR] 2018-10-13 19:39:57,361 181525ms [Err:C_SEToRESQtaByTdrcs(line:43)]- เพิ่มการจองสิทธิ์ส่วนลด สำเร็จ
[DEBUG] 2018-10-13 19:39:57,362 181526ms [Err:SEToPromoByTdrReserve(line:42)]- -------------------------------End------------------------------------
[DEBUG] 2018-10-13 19:40:00,640 184804ms [Err:SEToPromoByTdrReserve(line:31)]- -------------------------------START------------------------------------
[ERROR] 2018-10-13 19:40:00,668 184832ms [Err:C_SEToRESQtaByTdrcs(line:43)]- เพิ่มการจองสิทธิ์ส่วนลด สำเร็จ
[DEBUG] 2018-10-13 19:40:00,668 184832ms [Err:SEToPromoByTdrReserve(line:42)]- -------------------------------End------------------------------------
[DEBUG] 2018-10-13 19:40:03,526 187690ms [Err:SEToPromoByTdrReserve(line:31)]- -------------------------------START------------------------------------
[ERROR] 2018-10-13 19:40:03,554 187718ms [Err:C_SEToRESQtaByTdrcs(line:43)]- เพิ่มการจองสิทธิ์ส่วนลด สำเร็จ
[DEBUG] 2018-10-13 19:40:03,555 187719ms [Err:SEToPromoByTdrReserve(line:42)]- -------------------------------End------------------------------------
[DEBUG] 2018-10-13 19:40:06,312 190476ms [Err:SEToPromoByTdrReserve(line:31)]- -------------------------------START------------------------------------
[ERROR] 2018-10-13 19:40:06,325 190489ms [Err:C_SEToRESQtaByTdrcs(line:24)]- CrdQuota Limit  บัตรใช้งาน ครบจำนวนแล้ว
[DEBUG] 2018-10-13 19:40:06,326 190490ms [Err:SEToPromoByTdrReserve(line:42)]- -------------------------------End------------------------------------
[DEBUG] 2018-10-13 19:41:20,548 264712ms [Err:SEToPromoByTdrReserve(line:31)]- -------------------------------START------------------------------------
[ERROR] 2018-10-13 19:41:20,580 264744ms [Err:C_SEToRESQtaByTdrcs(line:43)]- เพิ่มการจองสิทธิ์ส่วนลด สำเร็จ
[DEBUG] 2018-10-13 19:41:20,581 264745ms [Err:SEToPromoByTdrReserve(line:42)]- -------------------------------End------------------------------------
[DEBUG] 2018-10-13 19:41:23,449 267613ms [Err:SEToPromoByTdrReserve(line:31)]- -------------------------------START------------------------------------
[ERROR] 2018-10-13 19:41:23,473 267637ms [Err:C_SEToRESQtaByTdrcs(line:43)]- เพิ่มการจองสิทธิ์ส่วนลด สำเร็จ
[DEBUG] 2018-10-13 19:41:23,474 267638ms [Err:SEToPromoByTdrReserve(line:42)]- -------------------------------End------------------------------------
[DEBUG] 2018-10-13 19:41:26,642 270806ms [Err:SEToPromoByTdrReserve(line:31)]- -------------------------------START------------------------------------
[ERROR] 2018-10-13 19:41:26,668 270832ms [Err:C_SEToRESQtaByTdrcs(line:43)]- เพิ่มการจองสิทธิ์ส่วนลด สำเร็จ
[DEBUG] 2018-10-13 19:41:26,669 270833ms [Err:SEToPromoByTdrReserve(line:42)]- -------------------------------End------------------------------------
[DEBUG] 2018-10-13 19:41:32,016 276180ms [Err:SEToPromoByTdrReserve(line:31)]- -------------------------------START------------------------------------
[ERROR] 2018-10-13 19:41:32,030 276194ms [Err:C_SEToRESQtaByTdrcs(line:24)]- CrdQuota Limit  บัตรใช้งาน ครบจำนวนแล้ว
[DEBUG] 2018-10-13 19:41:32,031 276195ms [Err:SEToPromoByTdrReserve(line:42)]- -------------------------------End------------------------------------
[DEBUG] 2018-10-13 19:49:45,246 769410ms [Err:SEToPromoByTdrReserve(line:31)]- -------------------------------START------------------------------------
[ERROR] 2018-10-13 20:08:49,456 1913620ms [Err:C_SEToRESQtaByTdrcs(line:0)]- CrdQuota Limit  บัตรใช้งาน ครบจำนวนแล้ว
[DEBUG] 2018-10-13 20:08:49,502 1913666ms [Err:SEToPromoByTdrReserve(line:0)]- -------------------------------End------------------------------------
[DEBUG] 2018-10-13 20:09:44,693 26692ms [Err:SEToPromoByTdrReserve(line:31)]- -------------------------------START------------------------------------
[ERROR] 2018-10-13 20:09:44,909 26908ms [Err:C_SEToRESQtaByTdrcs(line:43)]- เพิ่มการจองสิทธิ์ส่วนลด สำเร็จ
[DEBUG] 2018-10-13 20:09:44,910 26909ms [Err:SEToPromoByTdrReserve(line:42)]- -------------------------------End------------------------------------
[DEBUG] 2018-10-13 20:10:00,019 42019ms [Err:SEToPromoByTdrReserve(line:31)]- -------------------------------START------------------------------------
[ERROR] 2018-10-13 20:10:00,111 42111ms [Err:C_SEToRESQtaByTdrcs(line:24)]- [ReServe] Error=Column 'FCIDCnt' does not belong to table .
[DEBUG] 2018-10-13 20:10:00,111 42111ms [Err:SEToPromoByTdrReserve(line:42)]- -------------------------------End------------------------------------
[DEBUG] 2018-10-13 20:10:52,751 94750ms [Err:SEToPromoByTdrReserve(line:31)]- -------------------------------START------------------------------------
[ERROR] 2018-10-13 20:10:52,822 94821ms [Err:C_SEToRESQtaByTdrcs(line:24)]- [ReServe] Error=Column 'FCIDCnt' does not belong to table .
[DEBUG] 2018-10-13 20:10:52,822 94821ms [Err:SEToPromoByTdrReserve(line:42)]- -------------------------------End------------------------------------
[DEBUG] 2018-10-13 20:11:06,015 108015ms [Err:SEToPromoByTdrReserve(line:31)]- -------------------------------START------------------------------------
[ERROR] 2018-10-13 20:11:06,070 108070ms [Err:C_SEToRESQtaByTdrcs(line:24)]- [ReServe] Error=Column 'FCIDCnt' does not belong to table .
[DEBUG] 2018-10-13 20:11:06,071 108071ms [Err:SEToPromoByTdrReserve(line:42)]- -------------------------------End------------------------------------
[DEBUG] 2018-10-13 20:12:51,893 213893ms [Err:SEToPromoByTdrReserve(line:31)]- -------------------------------START------------------------------------
[ERROR] 2018-10-13 20:12:51,961 213960ms [Err:C_SEToRESQtaByTdrcs(line:24)]- [ReServe] Error=Column 'FCIDCnt' does not belong to table .
[DEBUG] 2018-10-13 20:12:51,962 213961ms [Err:SEToPromoByTdrReserve(line:42)]- -------------------------------End------------------------------------
[DEBUG] 2018-10-13 20:13:36,887 19043ms [Err:SEToPromoByTdrReserve(line:31)]- -------------------------------START------------------------------------
[ERROR] 2018-10-13 20:13:37,230 19386ms [Err:C_SEToRESQtaByTdrcs(line:24)]- [ReServe] Error=Column 'FCIDCnt' does not belong to table .
[DEBUG] 2018-10-13 20:13:37,231 19387ms [Err:SEToPromoByTdrReserve(line:42)]- -------------------------------End------------------------------------
[DEBUG] 2018-10-13 20:14:25,619 25942ms [Err:SEToPromoByTdrReserve(line:31)]- -------------------------------START------------------------------------
[ERROR] 2018-10-13 20:14:25,884 26207ms [Err:C_SEToRESQtaByTdrcs(line:24)]- [ReServe] Error=Column 'FCIDCnt' does not belong to table .
[DEBUG] 2018-10-13 20:14:25,885 26208ms [Err:SEToPromoByTdrReserve(line:42)]- -------------------------------End------------------------------------
[DEBUG] 2018-10-13 20:15:57,209 15831ms [Err:SEToPromoByTdrReserve(line:31)]- -------------------------------START------------------------------------
[ERROR] 2018-10-13 20:15:57,503 16126ms [Err:C_SEToRESQtaByTdrcs(line:43)]- จองสิทธิ์ส่วนลด ไม่สำเร็จ อาจจะมีอยู่แล้ว หรือใช้ไปแล้ว
[DEBUG] 2018-10-13 20:15:57,505 16128ms [Err:SEToPromoByTdrReserve(line:42)]- -------------------------------End------------------------------------
[DEBUG] 2018-10-13 20:16:04,129 22751ms [Err:SEToPromoByTdrReserve(line:31)]- -------------------------------START------------------------------------
[ERROR] 2018-10-13 20:16:04,234 22856ms [Err:C_SEToRESQtaByTdrcs(line:43)]- จองสิทธิ์ส่วนลด ไม่สำเร็จ อาจจะมีอยู่แล้ว หรือใช้ไปแล้ว
[DEBUG] 2018-10-13 20:16:04,235 22857ms [Err:SEToPromoByTdrReserve(line:42)]- -------------------------------End------------------------------------
[DEBUG] 2018-10-13 20:16:25,689 44312ms [Err:SEToPromoByTdrReserve(line:31)]- -------------------------------START------------------------------------
[ERROR] 2018-10-13 20:16:25,721 44344ms [Err:C_SEToRESQtaByTdrcs(line:43)]- เพิ่มการจองสิทธิ์ส่วนลด สำเร็จ
[DEBUG] 2018-10-13 20:16:25,721 44344ms [Err:SEToPromoByTdrReserve(line:42)]- -------------------------------End------------------------------------
[DEBUG] 2018-10-13 20:16:40,130 58753ms [Err:SEToPromoByTdrReserve(line:31)]- -------------------------------START------------------------------------
[ERROR] 2018-10-13 20:16:40,569 59192ms [Err:C_SEToRESQtaByTdrcs(line:43)]- เพิ่มการจองสิทธิ์ส่วนลด สำเร็จ
[DEBUG] 2018-10-13 20:16:40,571 59194ms [Err:SEToPromoByTdrReserve(line:42)]- -------------------------------End------------------------------------
[DEBUG] 2018-10-13 20:16:44,560 63183ms [Err:SEToPromoByTdrReserve(line:31)]- -------------------------------START------------------------------------
[ERROR] 2018-10-13 20:16:44,584 63207ms [Err:C_SEToRESQtaByTdrcs(line:43)]- เพิ่มการจองสิทธิ์ส่วนลด สำเร็จ
[DEBUG] 2018-10-13 20:16:44,584 63207ms [Err:SEToPromoByTdrReserve(line:42)]- -------------------------------End------------------------------------
[DEBUG] 2018-10-13 20:16:48,138 66760ms [Err:SEToPromoByTdrReserve(line:31)]- -------------------------------START------------------------------------
[ERROR] 2018-10-13 20:16:48,152 66774ms [Err:C_SEToRESQtaByTdrcs(line:24)]- CrdQuota Limit  บัตรใช้งาน ครบจำนวนแล้ว
[DEBUG] 2018-10-13 20:16:48,153 66775ms [Err:SEToPromoByTdrReserve(line:42)]- -------------------------------End------------------------------------
[DEBUG] 2018-10-13 20:17:22,600 101223ms [Err:SEToPromoByTdrReserve(line:31)]- -------------------------------START------------------------------------
[ERROR] 2018-10-13 20:17:22,628 101251ms [Err:C_SEToRESQtaByTdrcs(line:43)]- เพิ่มการจองสิทธิ์ส่วนลด สำเร็จ
[DEBUG] 2018-10-13 20:17:22,628 101251ms [Err:SEToPromoByTdrReserve(line:42)]- -------------------------------End------------------------------------
[DEBUG] 2018-10-13 20:18:01,980 140603ms [Err:SEToPromoByTdrReserve(line:31)]- -------------------------------START------------------------------------
[ERROR] 2018-10-13 20:18:01,994 140617ms [Err:C_SEToRESQtaByTdrcs(line:24)]- CrdQuota Limit  บัตรใช้งาน ครบจำนวนแล้ว
[DEBUG] 2018-10-13 20:18:01,994 140617ms [Err:SEToPromoByTdrReserve(line:42)]- -------------------------------End------------------------------------
[DEBUG] 2018-10-13 20:19:36,280 234903ms [Err:SEToPromoByTdrReserve(line:31)]- -------------------------------START------------------------------------
[ERROR] 2018-10-13 20:19:36,294 234917ms [Err:C_SEToRESQtaByTdrcs(line:24)]- จำนวน Quota เกิน Limit
[DEBUG] 2018-10-13 20:19:36,294 234917ms [Err:SEToPromoByTdrReserve(line:42)]- -------------------------------End------------------------------------
[DEBUG] 2018-10-13 20:19:41,087 239709ms [Err:SEToPromoByTdrReserve(line:31)]- -------------------------------START------------------------------------
[ERROR] 2018-10-13 20:19:41,512 240134ms [Err:C_SEToRESQtaByTdrcs(line:43)]- เพิ่มการจองสิทธิ์ส่วนลด สำเร็จ
[DEBUG] 2018-10-13 20:19:41,514 240136ms [Err:SEToPromoByTdrReserve(line:42)]- -------------------------------End------------------------------------
[DEBUG] 2018-10-13 20:19:41,815 240438ms [Err:SEToPromoByTdrReserve(line:31)]- -------------------------------START------------------------------------
[ERROR] 2018-10-13 20:19:41,910 240533ms [Err:C_SEToRESQtaByTdrcs(line:43)]- จองสิทธิ์ส่วนลด ไม่สำเร็จ อาจจะมีอยู่แล้ว หรือใช้ไปแล้ว
[DEBUG] 2018-10-13 20:19:41,910 240533ms [Err:SEToPromoByTdrReserve(line:42)]- -------------------------------End------------------------------------
[DEBUG] 2018-10-13 20:19:45,976 244598ms [Err:SEToPromoByTdrReserve(line:31)]- -------------------------------START------------------------------------
[ERROR] 2018-10-13 20:19:46,006 244628ms [Err:C_SEToRESQtaByTdrcs(line:43)]- เพิ่มการจองสิทธิ์ส่วนลด สำเร็จ
[DEBUG] 2018-10-13 20:19:46,007 244629ms [Err:SEToPromoByTdrReserve(line:42)]- -------------------------------End------------------------------------
[DEBUG] 2018-10-13 20:19:49,232 247854ms [Err:SEToPromoByTdrReserve(line:31)]- -------------------------------START------------------------------------
[ERROR] 2018-10-13 20:19:49,246 247868ms [Err:C_SEToRESQtaByTdrcs(line:24)]- CrdQuota Limit  บัตรใช้งาน ครบจำนวนแล้ว
[DEBUG] 2018-10-13 20:19:49,247 247869ms [Err:SEToPromoByTdrReserve(line:42)]- -------------------------------End------------------------------------
[DEBUG] 2018-10-13 20:32:27,914 326666ms [Err:SEToPromoByTdrReserve(line:31)]- -------------------------------START------------------------------------
[ERROR] 2018-10-13 20:32:28,098 326850ms [Err:C_SEToRESQtaByTdrcs(line:24)]- จำนวน Quota เกิน Limit
[DEBUG] 2018-10-13 20:32:28,099 326851ms [Err:SEToPromoByTdrReserve(line:42)]- -------------------------------End------------------------------------
[DEBUG] 2018-10-13 20:32:32,030 330782ms [Err:SEToPromoByTdrReserve(line:31)]- -------------------------------START------------------------------------
[ERROR] 2018-10-13 20:32:32,045 330797ms [Err:C_SEToRESQtaByTdrcs(line:24)]- CrdQuota Limit  บัตรใช้งาน ครบจำนวนแล้ว
[DEBUG] 2018-10-13 20:32:32,045 330797ms [Err:SEToPromoByTdrReserve(line:42)]- -------------------------------End------------------------------------
[DEBUG] 2018-10-13 20:38:02,311 14541ms [Err:SEToPromoByTdrReserve(line:31)]- -------------------------------START------------------------------------
[ERROR] 2018-10-13 20:38:02,588 14817ms [Err:C_SEToRESQtaByTdrcs(line:24)]- [ReServe] Error=Incorrect syntax near ')'.
Incorrect syntax near the keyword 'with'. If this statement is a common table expression, an xmlnamespaces clause or a change tracking context clause, the previous statement must be terminated with a semicolon.
[DEBUG] 2018-10-13 20:38:02,589 14818ms [Err:SEToPromoByTdrReserve(line:42)]- -------------------------------End------------------------------------
[DEBUG] 2018-10-13 20:38:31,927 44157ms [Err:SEToPromoByTdrReserve(line:31)]- -------------------------------START------------------------------------
[ERROR] 2018-10-13 20:38:32,017 44247ms [Err:C_SEToRESQtaByTdrcs(line:24)]- [ReServe] Error=Incorrect syntax near ')'.
Incorrect syntax near the keyword 'with'. If this statement is a common table expression, an xmlnamespaces clause or a change tracking context clause, the previous statement must be terminated with a semicolon.
[DEBUG] 2018-10-13 20:38:32,018 44248ms [Err:SEToPromoByTdrReserve(line:42)]- -------------------------------End------------------------------------
[DEBUG] 2018-10-13 20:39:06,834 79063ms [Err:SEToPromoByTdrReserve(line:31)]- -------------------------------START------------------------------------
[ERROR] 2018-10-13 20:39:06,918 79147ms [Err:C_SEToRESQtaByTdrcs(line:24)]- [ReServe] Error=Incorrect syntax near ')'.
Incorrect syntax near the keyword 'with'. If this statement is a common table expression, an xmlnamespaces clause or a change tracking context clause, the previous statement must be terminated with a semicolon.
[DEBUG] 2018-10-13 20:39:06,919 79148ms [Err:SEToPromoByTdrReserve(line:42)]- -------------------------------End------------------------------------
[DEBUG] 2018-10-13 20:41:38,784 19863ms [Err:SEToPromoByTdrReserve(line:31)]- -------------------------------START------------------------------------
[ERROR] 2018-10-13 20:41:39,074 20153ms [Err:C_SEToRESQtaByTdrcs(line:24)]- [ReServe : C_CHKoQuota] Error=Incorrect syntax near ')'.
Incorrect syntax near the keyword 'with'. If this statement is a common table expression, an xmlnamespaces clause or a change tracking context clause, the previous statement must be terminated with a semicolon.
[DEBUG] 2018-10-13 20:41:39,077 20156ms [Err:SEToPromoByTdrReserve(line:42)]- -------------------------------End------------------------------------
[DEBUG] 2018-10-13 20:42:14,614 55694ms [Err:SEToPromoByTdrReserve(line:31)]- -------------------------------START------------------------------------
[DEBUG] 2018-10-13 20:48:45,543 35113ms [Err:SEToPromoByTdrReserve(line:31)]- -------------------------------START------------------------------------
[ERROR] 2018-10-13 20:48:53,889 43459ms [Err:C_SEToRESQtaByTdrcs(line:43)]- เพิ่มการจองสิทธิ์ส่วนลด สำเร็จ
[DEBUG] 2018-10-13 20:48:53,891 43461ms [Err:SEToPromoByTdrReserve(line:42)]- -------------------------------End------------------------------------
[DEBUG] 2018-10-13 20:48:59,467 49037ms [Err:SEToPromoByTdrReserve(line:31)]- -------------------------------START------------------------------------
[ERROR] 2018-10-13 20:48:59,494 49064ms [Err:C_SEToRESQtaByTdrcs(line:43)]- เพิ่มการจองสิทธิ์ส่วนลด สำเร็จ
[DEBUG] 2018-10-13 20:48:59,494 49064ms [Err:SEToPromoByTdrReserve(line:42)]- -------------------------------End------------------------------------
[DEBUG] 2018-10-13 20:49:05,317 54887ms [Err:SEToPromoByTdrReserve(line:31)]- -------------------------------START------------------------------------
[ERROR] 2018-10-13 20:49:05,346 54916ms [Err:C_SEToRESQtaByTdrcs(line:43)]- เพิ่มการจองสิทธิ์ส่วนลด สำเร็จ
[DEBUG] 2018-10-13 20:49:05,347 54917ms [Err:SEToPromoByTdrReserve(line:42)]- -------------------------------End------------------------------------
[DEBUG] 2018-10-13 20:49:08,750 58320ms [Err:SEToPromoByTdrReserve(line:31)]- -------------------------------START------------------------------------
[ERROR] 2018-10-13 20:49:08,765 58335ms [Err:C_SEToRESQtaByTdrcs(line:24)]- CrdQuota Limit  บัตรใช้งาน ครบจำนวนแล้ว
[DEBUG] 2018-10-13 20:49:08,765 58335ms [Err:SEToPromoByTdrReserve(line:42)]- -------------------------------End------------------------------------
[DEBUG] 2018-10-13 21:56:01,086 3267355ms [Err:SEToPromoByTdrReserve(line:31)]- -------------------------------START------------------------------------
[ERROR] 2018-10-13 21:56:01,705 3267973ms [Err:C_SEToRESQtaByTdrcs(line:43)]- เพิ่มการจองสิทธิ์ส่วนลด สำเร็จ
[DEBUG] 2018-10-13 21:56:01,706 3267974ms [Err:SEToPromoByTdrReserve(line:42)]- -------------------------------End------------------------------------
[DEBUG] 2018-10-13 21:56:08,760 3275029ms [Err:SEToPromoByTdrReserve(line:31)]- -------------------------------START------------------------------------
[ERROR] 2018-10-13 21:56:08,777 3275046ms [Err:C_SEToRESQtaByTdrcs(line:24)]- CrdQuota Limit  บัตรใช้งาน ครบจำนวนแล้ว
[DEBUG] 2018-10-13 21:56:08,777 3275046ms [Err:SEToPromoByTdrReserve(line:42)]- -------------------------------End------------------------------------
[DEBUG] 2018-10-13 21:56:42,636 3308905ms [Err:SEToPromoByTdrReserve(line:31)]- -------------------------------START------------------------------------
[ERROR] 2018-10-13 21:57:55,068 3381337ms [Err:C_SEToRESQtaByTdrcs(line:24)]- CrdQuota Limit  บัตรใช้งาน ครบจำนวนแล้ว
[DEBUG] 2018-10-13 21:57:55,069 3381338ms [Err:SEToPromoByTdrReserve(line:42)]- -------------------------------End------------------------------------
[DEBUG] 2018-10-13 21:57:57,718 3383987ms [Err:SEToPromoByTdrReserve(line:31)]- -------------------------------START------------------------------------
[DEBUG] 2018-10-13 21:59:13,316  6518ms [Err:SEToPromoByTdrReserve(line:31)]- -------------------------------START------------------------------------
[ERROR] 2018-10-13 21:59:54,206 47408ms [Err:C_SEToRESQtaByTdrcs(line:24)]- CrdQuota Limit  บัตรใช้งาน ครบจำนวนแล้ว
[DEBUG] 2018-10-13 22:00:25,598 78799ms [Err:SEToPromoByTdrReserve(line:42)]- -------------------------------End------------------------------------
[DEBUG] 2018-10-13 22:00:29,313 82514ms [Err:SEToPromoByTdrReserve(line:31)]- -------------------------------START------------------------------------
[DEBUG] 2018-10-13 22:03:13,426 17141ms [Err:SEToPromoByTdrReserve(line:31)]- -------------------------------START------------------------------------
[ERROR] 2018-10-13 22:03:17,592 21307ms [Err:C_SEToRESQtaByTdrcs(line:43)]- เพิ่มการจองสิทธิ์ส่วนลด สำเร็จ
[DEBUG] 2018-10-13 22:03:17,593 21308ms [Err:SEToPromoByTdrReserve(line:42)]- -------------------------------End------------------------------------
[DEBUG] 2018-10-13 22:03:25,094 28809ms [Err:SEToPromoByTdrReserve(line:31)]- -------------------------------START------------------------------------
[ERROR] 2018-10-13 22:03:25,109 28824ms [Err:C_SEToRESQtaByTdrcs(line:24)]- จำนวน Quota เกิน Limit
[DEBUG] 2018-10-13 22:03:25,110 28825ms [Err:SEToPromoByTdrReserve(line:42)]- -------------------------------End------------------------------------
[DEBUG] 2018-10-13 22:03:31,399 35114ms [Err:SEToPromoByTdrReserve(line:31)]- -------------------------------START------------------------------------
[ERROR] 2018-10-13 22:03:31,412 35127ms [Err:C_SEToRESQtaByTdrcs(line:24)]- จำนวน Quota เกิน Limit
[DEBUG] 2018-10-13 22:03:31,413 35128ms [Err:SEToPromoByTdrReserve(line:42)]- -------------------------------End------------------------------------
[DEBUG] 2018-10-13 22:03:43,976 47691ms [Err:SEToPromoByTdrReserve(line:31)]- -------------------------------START------------------------------------
[ERROR] 2018-10-13 22:04:35,113 98828ms [Err:C_SEToRESQtaByTdrcs(line:24)]- จำนวน Quota เกิน Limit
[DEBUG] 2018-10-13 22:04:35,134 98849ms [Err:SEToPromoByTdrReserve(line:42)]- -------------------------------End------------------------------------
[DEBUG] 2018-10-13 22:05:43,925 167640ms [Err:SEToPromoByTdrReserve(line:31)]- -------------------------------START------------------------------------
[ERROR] 2018-10-13 22:05:44,346 168061ms [Err:C_SEToRESQtaByTdrcs(line:43)]- เพิ่มการจองสิทธิ์ส่วนลด สำเร็จ
[DEBUG] 2018-10-13 22:05:44,347 168062ms [Err:SEToPromoByTdrReserve(line:42)]- -------------------------------End------------------------------------
[DEBUG] 2018-10-13 22:05:47,954 171668ms [Err:SEToPromoByTdrReserve(line:31)]- -------------------------------START------------------------------------
[ERROR] 2018-10-13 22:05:47,981 171695ms [Err:C_SEToRESQtaByTdrcs(line:43)]- เพิ่มการจองสิทธิ์ส่วนลด สำเร็จ
[DEBUG] 2018-10-13 22:05:47,982 171696ms [Err:SEToPromoByTdrReserve(line:42)]- -------------------------------End------------------------------------
[DEBUG] 2018-10-13 22:05:51,020 174735ms [Err:SEToPromoByTdrReserve(line:31)]- -------------------------------START------------------------------------
[ERROR] 2018-10-13 22:05:51,056 174771ms [Err:C_SEToRESQtaByTdrcs(line:43)]- เพิ่มการจองสิทธิ์ส่วนลด สำเร็จ
[DEBUG] 2018-10-13 22:05:51,057 174772ms [Err:SEToPromoByTdrReserve(line:42)]- -------------------------------End------------------------------------
[DEBUG] 2018-10-13 22:05:54,236 177951ms [Err:SEToPromoByTdrReserve(line:31)]- -------------------------------START------------------------------------
[ERROR] 2018-10-13 22:05:54,261 177976ms [Err:C_SEToRESQtaByTdrcs(line:43)]- เพิ่มการจองสิทธิ์ส่วนลด สำเร็จ
[DEBUG] 2018-10-13 22:05:54,262 177977ms [Err:SEToPromoByTdrReserve(line:42)]- -------------------------------End------------------------------------
[DEBUG] 2018-10-13 22:05:59,045 182760ms [Err:SEToPromoByTdrReserve(line:31)]- -------------------------------START------------------------------------
[ERROR] 2018-10-13 22:05:59,071 182786ms [Err:C_SEToRESQtaByTdrcs(line:43)]- เพิ่มการจองสิทธิ์ส่วนลด สำเร็จ
[DEBUG] 2018-10-13 22:05:59,072 182787ms [Err:SEToPromoByTdrReserve(line:42)]- -------------------------------End------------------------------------
[DEBUG] 2018-10-13 22:06:02,493 186208ms [Err:SEToPromoByTdrReserve(line:31)]- -------------------------------START------------------------------------
[ERROR] 2018-10-13 22:06:02,523 186238ms [Err:C_SEToRESQtaByTdrcs(line:43)]- เพิ่มการจองสิทธิ์ส่วนลด สำเร็จ
[DEBUG] 2018-10-13 22:06:02,524 186239ms [Err:SEToPromoByTdrReserve(line:42)]- -------------------------------End------------------------------------
[DEBUG] 2018-10-13 22:06:12,873 196588ms [Err:SEToPromoByTdrReserve(line:31)]- -------------------------------START------------------------------------
[ERROR] 2018-10-13 22:06:12,901 196616ms [Err:C_SEToRESQtaByTdrcs(line:43)]- เพิ่มการจองสิทธิ์ส่วนลด สำเร็จ
[DEBUG] 2018-10-13 22:06:12,902 196617ms [Err:SEToPromoByTdrReserve(line:42)]- -------------------------------End------------------------------------
[DEBUG] 2018-10-13 22:06:15,388 199103ms [Err:SEToPromoByTdrReserve(line:31)]- -------------------------------START------------------------------------
[ERROR] 2018-10-13 22:06:15,412 199127ms [Err:C_SEToRESQtaByTdrcs(line:43)]- เพิ่มการจองสิทธิ์ส่วนลด สำเร็จ
[DEBUG] 2018-10-13 22:06:15,413 199128ms [Err:SEToPromoByTdrReserve(line:42)]- -------------------------------End------------------------------------
[DEBUG] 2018-10-13 22:06:18,189 201904ms [Err:SEToPromoByTdrReserve(line:31)]- -------------------------------START------------------------------------
[ERROR] 2018-10-13 22:06:18,213 201928ms [Err:C_SEToRESQtaByTdrcs(line:43)]- เพิ่มการจองสิทธิ์ส่วนลด สำเร็จ
[DEBUG] 2018-10-13 22:06:18,214 201929ms [Err:SEToPromoByTdrReserve(line:42)]- -------------------------------End------------------------------------
[DEBUG] 2018-10-13 22:06:24,061 207776ms [Err:SEToPromoByTdrReserve(line:31)]- -------------------------------START------------------------------------
[ERROR] 2018-10-13 22:06:24,085 207800ms [Err:C_SEToRESQtaByTdrcs(line:43)]- เพิ่มการจองสิทธิ์ส่วนลด สำเร็จ
[DEBUG] 2018-10-13 22:06:24,086 207801ms [Err:SEToPromoByTdrReserve(line:42)]- -------------------------------End------------------------------------
[DEBUG] 2018-10-13 22:06:31,479 215193ms [Err:SEToPromoByTdrReserve(line:31)]- -------------------------------START------------------------------------
[ERROR] 2018-10-13 22:06:31,493 215207ms [Err:C_SEToRESQtaByTdrcs(line:24)]- จำนวน Quota เกิน Limit
[DEBUG] 2018-10-13 22:06:31,493 215207ms [Err:SEToPromoByTdrReserve(line:42)]- -------------------------------End------------------------------------
[DEBUG] 2018-10-13 22:06:41,343 225058ms [Err:SEToPromoByTdrReserve(line:31)]- -------------------------------START------------------------------------
[ERROR] 2018-10-13 22:06:41,371 225086ms [Err:C_SEToRESQtaByTdrcs(line:43)]- เพิ่มการจองสิทธิ์ส่วนลด สำเร็จ
[DEBUG] 2018-10-13 22:06:41,372 225087ms [Err:SEToPromoByTdrReserve(line:42)]- -------------------------------End------------------------------------
[DEBUG] 2018-10-13 22:06:46,627 230342ms [Err:SEToPromoByTdrReserve(line:31)]- -------------------------------START------------------------------------
[ERROR] 2018-10-13 22:06:46,651 230366ms [Err:C_SEToRESQtaByTdrcs(line:43)]- เพิ่มการจองสิทธิ์ส่วนลด สำเร็จ
[DEBUG] 2018-10-13 22:06:46,652 230367ms [Err:SEToPromoByTdrReserve(line:42)]- -------------------------------End------------------------------------
[DEBUG] 2018-10-13 22:06:49,566 233280ms [Err:SEToPromoByTdrReserve(line:31)]- -------------------------------START------------------------------------
[ERROR] 2018-10-13 22:06:49,590 233304ms [Err:C_SEToRESQtaByTdrcs(line:43)]- เพิ่มการจองสิทธิ์ส่วนลด สำเร็จ
[DEBUG] 2018-10-13 22:06:49,591 233305ms [Err:SEToPromoByTdrReserve(line:42)]- -------------------------------End------------------------------------
[DEBUG] 2018-10-13 22:06:56,223 239938ms [Err:SEToPromoByTdrReserve(line:31)]- -------------------------------START------------------------------------
[ERROR] 2018-10-13 22:06:56,240 239955ms [Err:C_SEToRESQtaByTdrcs(line:24)]- CrdQuota Limit  บัตรใช้งาน ครบจำนวนแล้ว
[DEBUG] 2018-10-13 22:06:56,241 239956ms [Err:SEToPromoByTdrReserve(line:42)]- -------------------------------End------------------------------------
[DEBUG] 2018-10-13 22:12:02,987 60687ms [Err:SEToPromoByTdrReserve(line:31)]- -------------------------------START------------------------------------
[ERROR] 2018-10-13 22:12:03,166 60866ms [Err:C_SEToRESQtaByTdrcs(line:24)]- จำนวน Quota เกิน Limit
[DEBUG] 2018-10-13 22:12:03,167 60867ms [Err:SEToPromoByTdrReserve(line:42)]- -------------------------------End------------------------------------
[DEBUG] 2018-10-13 22:12:16,038 73738ms [Err:SEToPromoByTdrReserve(line:31)]- -------------------------------START------------------------------------
[ERROR] 2018-10-13 22:12:16,071 73771ms [Err:C_SEToRESQtaByTdrcs(line:43)]- เพิ่มการจองสิทธิ์ส่วนลด สำเร็จ
[DEBUG] 2018-10-13 22:12:16,073 73773ms [Err:SEToPromoByTdrReserve(line:42)]- -------------------------------End------------------------------------
[DEBUG] 2018-10-13 22:12:20,319 78020ms [Err:SEToPromoByTdrReserve(line:31)]- -------------------------------START------------------------------------
[ERROR] 2018-10-13 22:12:20,342 78043ms [Err:C_SEToRESQtaByTdrcs(line:43)]- เพิ่มการจองสิทธิ์ส่วนลด สำเร็จ
[DEBUG] 2018-10-13 22:12:20,343 78044ms [Err:SEToPromoByTdrReserve(line:42)]- -------------------------------End------------------------------------
[DEBUG] 2018-10-13 22:12:22,642 80342ms [Err:SEToPromoByTdrReserve(line:31)]- -------------------------------START------------------------------------
[ERROR] 2018-10-13 22:12:22,668 80368ms [Err:C_SEToRESQtaByTdrcs(line:43)]- เพิ่มการจองสิทธิ์ส่วนลด สำเร็จ
[DEBUG] 2018-10-13 22:12:22,669 80369ms [Err:SEToPromoByTdrReserve(line:42)]- -------------------------------End------------------------------------
[DEBUG] 2018-10-13 22:12:25,649 83349ms [Err:SEToPromoByTdrReserve(line:31)]- -------------------------------START------------------------------------
[ERROR] 2018-10-13 22:12:25,664 83364ms [Err:C_SEToRESQtaByTdrcs(line:24)]- CrdQuota Limit  บัตรใช้งาน ครบจำนวนแล้ว
[DEBUG] 2018-10-13 22:12:25,664 83364ms [Err:SEToPromoByTdrReserve(line:42)]- -------------------------------End------------------------------------
[DEBUG] 2018-10-13 22:12:30,514 88215ms [Err:SEToPromoByTdrReserve(line:31)]- -------------------------------START------------------------------------
[ERROR] 2018-10-13 22:12:30,554 88255ms [Err:C_SEToRESQtaByTdrcs(line:43)]- เพิ่มการจองสิทธิ์ส่วนลด สำเร็จ
[DEBUG] 2018-10-13 22:12:30,554 88255ms [Err:SEToPromoByTdrReserve(line:42)]- -------------------------------End------------------------------------
[DEBUG] 2018-10-13 22:12:36,782 94482ms [Err:SEToPromoByTdrReserve(line:31)]- -------------------------------START------------------------------------
[ERROR] 2018-10-13 22:12:36,806 94506ms [Err:C_SEToRESQtaByTdrcs(line:43)]- เพิ่มการจองสิทธิ์ส่วนลด สำเร็จ
[DEBUG] 2018-10-13 22:12:36,806 94506ms [Err:SEToPromoByTdrReserve(line:42)]- -------------------------------End------------------------------------
[DEBUG] 2018-10-13 22:12:40,041 97741ms [Err:SEToPromoByTdrReserve(line:31)]- -------------------------------START------------------------------------
[ERROR] 2018-10-13 22:12:40,054 97754ms [Err:C_SEToRESQtaByTdrcs(line:24)]- จำนวน Quota เกิน Limit
[DEBUG] 2018-10-13 22:12:40,054 97754ms [Err:SEToPromoByTdrReserve(line:42)]- -------------------------------End------------------------------------
[DEBUG] 2018-10-13 22:12:49,049 106749ms [Err:SEToPromoByTdrReserve(line:31)]- -------------------------------START------------------------------------
[ERROR] 2018-10-13 22:12:49,075 106775ms [Err:C_SEToRESQtaByTdrcs(line:43)]- เพิ่มการจองสิทธิ์ส่วนลด สำเร็จ
[DEBUG] 2018-10-13 22:12:49,076 106776ms [Err:SEToPromoByTdrReserve(line:42)]- -------------------------------End------------------------------------
[DEBUG] 2018-10-13 22:12:53,080 110781ms [Err:SEToPromoByTdrReserve(line:31)]- -------------------------------START------------------------------------
[ERROR] 2018-10-13 22:12:53,106 110807ms [Err:C_SEToRESQtaByTdrcs(line:43)]- เพิ่มการจองสิทธิ์ส่วนลด สำเร็จ
[DEBUG] 2018-10-13 22:12:53,107 110808ms [Err:SEToPromoByTdrReserve(line:42)]- -------------------------------End------------------------------------
[DEBUG] 2018-10-13 22:12:56,344 114044ms [Err:SEToPromoByTdrReserve(line:31)]- -------------------------------START------------------------------------
[ERROR] 2018-10-13 22:12:56,368 114068ms [Err:C_SEToRESQtaByTdrcs(line:43)]- เพิ่มการจองสิทธิ์ส่วนลด สำเร็จ
[DEBUG] 2018-10-13 22:12:56,368 114068ms [Err:SEToPromoByTdrReserve(line:42)]- -------------------------------End------------------------------------
[DEBUG] 2018-10-13 22:12:59,073 116773ms [Err:SEToPromoByTdrReserve(line:31)]- -------------------------------START------------------------------------
[ERROR] 2018-10-13 22:12:59,096 116796ms [Err:C_SEToRESQtaByTdrcs(line:43)]- เพิ่มการจองสิทธิ์ส่วนลด สำเร็จ
[DEBUG] 2018-10-13 22:12:59,097 116797ms [Err:SEToPromoByTdrReserve(line:42)]- -------------------------------End------------------------------------
[DEBUG] 2018-10-13 22:13:06,609 124309ms [Err:SEToPromoByTdrReserve(line:31)]- -------------------------------START------------------------------------
[ERROR] 2018-10-13 22:13:06,633 124333ms [Err:C_SEToRESQtaByTdrcs(line:43)]- เพิ่มการจองสิทธิ์ส่วนลด สำเร็จ
[DEBUG] 2018-10-13 22:13:06,634 124334ms [Err:SEToPromoByTdrReserve(line:42)]- -------------------------------End------------------------------------
[DEBUG] 2018-10-13 22:13:49,284 166985ms [Err:SEToPromoByTdrReserve(line:31)]- -------------------------------START------------------------------------
[ERROR] 2018-10-13 22:13:49,299 167000ms [Err:C_SEToRESQtaByTdrcs(line:24)]- จำนวน Quota เกิน Limit
[DEBUG] 2018-10-13 22:13:49,300 167001ms [Err:SEToPromoByTdrReserve(line:42)]- -------------------------------End------------------------------------
[DEBUG] 2018-10-13 22:13:56,435 174135ms [Err:SEToPromoByTdrReserve(line:31)]- -------------------------------START------------------------------------
[ERROR] 2018-10-13 22:13:56,475 174175ms [Err:C_SEToRESQtaByTdrcs(line:43)]- เพิ่มการจองสิทธิ์ส่วนลด สำเร็จ
[DEBUG] 2018-10-13 22:13:56,476 174176ms [Err:SEToPromoByTdrReserve(line:42)]- -------------------------------End------------------------------------
[DEBUG] 2018-10-13 22:13:59,908 177608ms [Err:SEToPromoByTdrReserve(line:31)]- -------------------------------START------------------------------------
[ERROR] 2018-10-13 22:13:59,937 177637ms [Err:C_SEToRESQtaByTdrcs(line:43)]- เพิ่มการจองสิทธิ์ส่วนลด สำเร็จ
[DEBUG] 2018-10-13 22:13:59,938 177638ms [Err:SEToPromoByTdrReserve(line:42)]- -------------------------------End------------------------------------
[DEBUG] 2018-10-13 22:14:06,149 183849ms [Err:SEToPromoByTdrReserve(line:31)]- -------------------------------START------------------------------------
[ERROR] 2018-10-13 22:14:06,174 183874ms [Err:C_SEToRESQtaByTdrcs(line:43)]- เพิ่มการจองสิทธิ์ส่วนลด สำเร็จ
[DEBUG] 2018-10-13 22:14:06,174 183874ms [Err:SEToPromoByTdrReserve(line:42)]- -------------------------------End------------------------------------
[DEBUG] 2018-10-13 22:14:09,660 187360ms [Err:SEToPromoByTdrReserve(line:31)]- -------------------------------START------------------------------------
[ERROR] 2018-10-13 22:14:09,684 187384ms [Err:C_SEToRESQtaByTdrcs(line:43)]- เพิ่มการจองสิทธิ์ส่วนลด สำเร็จ
[DEBUG] 2018-10-13 22:14:09,685 187385ms [Err:SEToPromoByTdrReserve(line:42)]- -------------------------------End------------------------------------
[DEBUG] 2018-10-13 22:14:12,709 190409ms [Err:SEToPromoByTdrReserve(line:31)]- -------------------------------START------------------------------------
[ERROR] 2018-10-13 22:14:12,734 190434ms [Err:C_SEToRESQtaByTdrcs(line:43)]- เพิ่มการจองสิทธิ์ส่วนลด สำเร็จ
[DEBUG] 2018-10-13 22:14:12,734 190434ms [Err:SEToPromoByTdrReserve(line:42)]- -------------------------------End------------------------------------
[DEBUG] 2018-10-13 22:14:16,076 193776ms [Err:SEToPromoByTdrReserve(line:31)]- -------------------------------START------------------------------------
[ERROR] 2018-10-13 22:14:16,089 193789ms [Err:C_SEToRESQtaByTdrcs(line:24)]- จำนวน Quota เกิน Limit
[DEBUG] 2018-10-13 22:14:16,090 193790ms [Err:SEToPromoByTdrReserve(line:42)]- -------------------------------End------------------------------------
[DEBUG] 2018-10-13 22:44:50,885 25311ms [Err:SEToPromoByTdrReserve(line:31)]- -------------------------------START------------------------------------
[ERROR] 2018-10-13 22:44:51,062 25488ms [Err:C_SEToRESQtaByTdrcs(line:24)]- CrdQuota Limit  บัตรใช้งาน ครบจำนวนแล้ว
[DEBUG] 2018-10-13 22:44:51,063 25489ms [Err:SEToPromoByTdrReserve(line:42)]- -------------------------------End------------------------------------
[DEBUG] 2018-10-13 22:44:56,508 30935ms [Err:SEToPromoByTdrCancel(line:81)]- -------------------------------START------------------------------------
[ERROR] 2018-10-13 22:45:27,062 61488ms [Err:C_SEToRESQtaByTdrcs(line:24)]- [Cancel] Error=Unable to cast object of type 'MlCheckStockAPI.Models.ByTender.mlREQQtaByTdrCancel' to type 'System.Collections.IEnumerable'.
[DEBUG] 2018-10-13 22:45:27,063 61489ms [Err:SEToPromoByTdrCancel(line:92)]- -------------------------------End------------------------------------
[DEBUG] 2018-10-13 22:46:40,819 36503ms [Err:SEToPromoByTdrCancel(line:81)]- -------------------------------START------------------------------------
[ERROR] 2018-10-13 22:49:55,951 231636ms [Err:C_SEToRESQtaByTdrcs(line:24)]- [Cancel] Error=Unable to cast object of type 'MlCheckStockAPI.Models.ByTender.mlREQQtaByTdrCancel' to type 'System.Collections.IEnumerable'.
[DEBUG] 2018-10-13 22:49:55,959 231644ms [Err:SEToPromoByTdrCancel(line:92)]- -------------------------------End------------------------------------
[DEBUG] 2018-10-13 22:52:54,490 15687ms [Err:SEToPromoByTdrCancel(line:81)]- -------------------------------START------------------------------------
[ERROR] 2018-10-13 22:52:54,611 15808ms [Err:C_SEToRESQtaByTdrcs(line:24)]- [Cancel] Error=Unable to cast object of type 'MlCheckStockAPI.Models.ByTender.mlREQQtaByTdrCancel' to type 'System.Collections.IEnumerable'.
[DEBUG] 2018-10-13 22:52:54,612 15809ms [Err:SEToPromoByTdrCancel(line:92)]- -------------------------------End------------------------------------
[DEBUG] 2018-10-13 22:54:20,260 25125ms [Err:SEToPromoByTdrCancel(line:81)]- -------------------------------START------------------------------------
[DEBUG] 2018-10-13 23:03:03,026 21678ms [Err:SEToPromoByTdrReserve(line:31)]- -------------------------------START------------------------------------
[ERROR] 2018-10-13 23:03:03,195 21847ms [Err:C_SEToRESQtaByTdrcs(line:24)]- CrdQuota Limit  บัตรใช้งาน ครบจำนวนแล้ว
[DEBUG] 2018-10-13 23:03:03,196 21848ms [Err:SEToPromoByTdrReserve(line:42)]- -------------------------------End------------------------------------
[DEBUG] 2018-10-13 23:03:10,595 29247ms [Err:SEToPromoByTdrCancel(line:81)]- -------------------------------START------------------------------------
[ERROR] 2018-10-13 23:03:10,624 29276ms [Err:C_SEToRESQtaByTdrcs(line:24)]- [Cancel] Error=Object reference not set to an instance of an object.
[DEBUG] 2018-10-13 23:03:10,625 29277ms [Err:SEToPromoByTdrCancel(line:92)]- -------------------------------End------------------------------------
[DEBUG] 2018-10-13 23:03:28,261 46914ms [Err:SEToPromoByTdrCancel(line:81)]- -------------------------------START------------------------------------
[DEBUG] 2018-10-13 23:11:03,355 20714ms [Err:SEToPromoByTdrCancel(line:81)]- -------------------------------START------------------------------------
[ERROR] 2018-10-13 23:11:03,487 20846ms [Err:C_SEToRESQtaByTdrcs(line:24)]- [Cancel] Error=Object reference not set to an instance of an object.
[DEBUG] 2018-10-13 23:11:03,488 20847ms [Err:SEToPromoByTdrCancel(line:92)]- -------------------------------End------------------------------------
[DEBUG] 2018-10-13 23:11:37,587 54946ms [Err:SEToPromoByTdrCancel(line:81)]- -------------------------------START------------------------------------
[DEBUG] 2018-10-13 23:28:48,085 22534ms [Err:SEToPromoByTdrCancel(line:81)]- -------------------------------START------------------------------------
[ERROR] 2018-10-13 23:29:55,837 90287ms [Err:C_SEToRESQtaByTdrcs(line:24)]- [Cancel] Error=Cannot deserialize the current JSON object (e.g. {"name":"value"}) into type 'MlCheckStockAPI.Models.ByTender.mlREQQtaByTdrCancel[]' because the type requires a JSON array (e.g. [1,2,3]) to deserialize correctly.
To fix this error either change the JSON to a JSON array (e.g. [1,2,3]) or change the deserialized type so that it is a normal .NET type (e.g. not a primitive type like integer, not a collection type like an array or List<T>) that can be deserialized from a JSON object. JsonObjectAttribute can also be added to the type to force it to deserialize from a JSON object.
Path 'POSNo', line 1, position 9.
[DEBUG] 2018-10-13 23:29:55,839 90289ms [Err:SEToPromoByTdrCancel(line:92)]- -------------------------------End------------------------------------
[DEBUG] 2018-10-13 23:30:04,735 99185ms [Err:SEToPromoByTdrCancel(line:81)]- -------------------------------START------------------------------------
[DEBUG] 2018-10-13 23:36:05,040 19762ms [Err:SEToPromoByTdrCancel(line:81)]- -------------------------------START------------------------------------
