[DEBUG] 2018-10-12 11:38:49,176 242096ms [Err:SEToPromoByTdrReserve(line:31)]- -------------------------------START------------------------------------
[DEBUG] 2018-10-12 11:38:49,657 242578ms [Err:SEToPromoByTdrReserve(line:42)]- -------------------------------End------------------------------------
[DEBUG] 2018-10-12 11:39:01,804 254725ms [Err:SEToPromoByTdrUsed(line:56)]- -------------------------------START------------------------------------
[DEBUG] 2018-10-12 11:39:01,833 254754ms [Err:SEToPromoByTdrUsed(line:67)]- -------------------------------End------------------------------------
[DEBUG] 2018-10-12 11:39:05,447 258368ms [Err:SEToPromoByTdrCancel(line:81)]- -------------------------------START------------------------------------
[DEBUG] 2018-10-12 11:39:05,516 258437ms [Err:SEToPromoByTdrCancel(line:92)]- -------------------------------End------------------------------------
[DEBUG] 2018-10-12 11:39:09,574 262495ms [Err:SEToPromoByTdrReserve(line:31)]- -------------------------------START------------------------------------
[ERROR] 2018-10-12 11:39:09,761 262682ms [Err:C_INSoTPSTSalBBYTdr(line:281)]- จองสิทธิ์ส่วนลด ไม่สำเร็จ อาจจะมีอยู่แล้ว
[DEBUG] 2018-10-12 11:39:09,763 262684ms [Err:SEToPromoByTdrReserve(line:42)]- -------------------------------End------------------------------------
[DEBUG] 2018-10-12 11:39:22,574 275495ms [Err:SEToPromoByTdrUsed(line:56)]- -------------------------------START------------------------------------
[DEBUG] 2018-10-12 11:39:22,597 275518ms [Err:SEToPromoByTdrUsed(line:67)]- -------------------------------End------------------------------------
[DEBUG] 2018-10-12 11:39:28,535 281456ms [Err:SEToPromoByTdrReserve(line:31)]- -------------------------------START------------------------------------
[DEBUG] 2018-10-12 11:39:28,672 281593ms [Err:SEToPromoByTdrReserve(line:42)]- -------------------------------End------------------------------------
[DEBUG] 2018-10-12 12:26:47,326 212402ms [Err:SEToPromoByTdrReserve(line:31)]- -------------------------------START------------------------------------
[ERROR] 2018-10-12 12:26:47,521 212596ms [Err:C_CHKoQuota(line:180)]- CrdQuota Limit  จำนวนการใช้งานบัตร ครบจำนวนแล้ว
[DEBUG] 2018-10-12 12:26:47,523 212598ms [Err:SEToPromoByTdrReserve(line:42)]- -------------------------------End------------------------------------
[DEBUG] 2018-10-12 12:26:52,820 217896ms [Err:SEToPromoByTdrReserve(line:31)]- -------------------------------START------------------------------------
[ERROR] 2018-10-12 12:26:52,943 218019ms [Err:C_INSoTPSTSalBBYTdr(line:280)]- จองสิทธิ์ส่วนลด ไม่สำเร็จ อาจจะมีอยู่แล้ว
[DEBUG] 2018-10-12 12:26:52,944 218020ms [Err:SEToPromoByTdrReserve(line:42)]- -------------------------------End------------------------------------
[DEBUG] 2018-10-12 12:26:59,612 224687ms [Err:SEToPromoByTdrReserve(line:31)]- -------------------------------START------------------------------------
[DEBUG] 2018-10-12 12:26:59,659 224734ms [Err:SEToPromoByTdrReserve(line:42)]- -------------------------------End------------------------------------
[DEBUG] 2018-10-12 12:27:05,228 230304ms [Err:SEToPromoByTdrReserve(line:31)]- -------------------------------START------------------------------------
[DEBUG] 2018-10-12 12:27:05,271 230347ms [Err:SEToPromoByTdrReserve(line:42)]- -------------------------------End------------------------------------
[DEBUG] 2018-10-12 12:27:08,876 233951ms [Err:SEToPromoByTdrReserve(line:31)]- -------------------------------START------------------------------------
[DEBUG] 2018-10-12 12:27:08,917 233992ms [Err:SEToPromoByTdrReserve(line:42)]- -------------------------------End------------------------------------
[DEBUG] 2018-10-12 12:27:10,796 235871ms [Err:SEToPromoByTdrUsed(line:56)]- -------------------------------START------------------------------------
[DEBUG] 2018-10-12 12:27:17,582 242657ms [Err:SEToPromoByTdrUsed(line:67)]- -------------------------------End------------------------------------
[DEBUG] 2018-10-12 13:50:19,157 175025ms [Err:SEToPromoByTdrReserve(line:31)]- -------------------------------START------------------------------------
[ERROR] 2018-10-12 13:50:19,619 175486ms [Err:C_CHKoQuota(line:180)]- CrdQuota Limit  จำนวนการใช้งานบัตร ครบจำนวนแล้ว
[DEBUG] 2018-10-12 13:50:19,620 175487ms [Err:SEToPromoByTdrReserve(line:42)]- -------------------------------End------------------------------------
[DEBUG] 2018-10-12 13:50:26,164 182032ms [Err:SEToPromoByTdrReserve(line:31)]- -------------------------------START------------------------------------
[ERROR] 2018-10-12 13:50:26,428 182295ms [Err:C_INSoTPSTSalBBYTdr(line:280)]- จองสิทธิ์ส่วนลด ไม่สำเร็จ อาจจะมีอยู่แล้ว
[DEBUG] 2018-10-12 13:50:26,429 182296ms [Err:SEToPromoByTdrReserve(line:42)]- -------------------------------End------------------------------------
[DEBUG] 2018-10-12 13:50:30,839 186706ms [Err:SEToPromoByTdrReserve(line:31)]- -------------------------------START------------------------------------
[ERROR] 2018-10-12 13:50:31,001 186868ms [Err:C_INSoTPSTSalBBYTdr(line:280)]- จองสิทธิ์ส่วนลด ไม่สำเร็จ อาจจะมีอยู่แล้ว
[DEBUG] 2018-10-12 13:50:31,001 186868ms [Err:SEToPromoByTdrReserve(line:42)]- -------------------------------End------------------------------------
[DEBUG] 2018-10-12 13:50:35,910 191777ms [Err:SEToPromoByTdrReserve(line:31)]- -------------------------------START------------------------------------
[ERROR] 2018-10-12 13:50:36,030 191898ms [Err:C_INSoTPSTSalBBYTdr(line:280)]- จองสิทธิ์ส่วนลด ไม่สำเร็จ อาจจะมีอยู่แล้ว
[DEBUG] 2018-10-12 13:50:36,030 191898ms [Err:SEToPromoByTdrReserve(line:42)]- -------------------------------End------------------------------------
[DEBUG] 2018-10-12 13:50:41,284 197152ms [Err:SEToPromoByTdrReserve(line:31)]- -------------------------------START------------------------------------
[DEBUG] 2018-10-12 13:50:42,135 198003ms [Err:SEToPromoByTdrReserve(line:42)]- -------------------------------End------------------------------------
[DEBUG] 2018-10-12 13:50:52,302 208170ms [Err:SEToPromoByTdrReserve(line:31)]- -------------------------------START------------------------------------
[DEBUG] 2018-10-12 13:50:52,342 208209ms [Err:SEToPromoByTdrReserve(line:42)]- -------------------------------End------------------------------------
[DEBUG] 2018-10-12 13:50:55,867 211735ms [Err:SEToPromoByTdrUsed(line:56)]- -------------------------------START------------------------------------
[DEBUG] 2018-10-12 13:50:55,888 211756ms [Err:SEToPromoByTdrUsed(line:67)]- -------------------------------End------------------------------------
[DEBUG] 2018-10-12 13:51:26,260 242128ms [Err:SEToPromoByTdrReserve(line:31)]- -------------------------------START------------------------------------
[ERROR] 2018-10-12 13:51:26,434 242302ms [Err:C_INSoTPSTSalBBYTdr(line:280)]- จองสิทธิ์ส่วนลด ไม่สำเร็จ อาจจะมีอยู่แล้ว
[DEBUG] 2018-10-12 13:51:26,435 242303ms [Err:SEToPromoByTdrReserve(line:42)]- -------------------------------End------------------------------------
[DEBUG] 2018-10-12 13:51:31,633 247501ms [Err:SEToPromoByTdrReserve(line:31)]- -------------------------------START------------------------------------
[DEBUG] 2018-10-12 13:51:31,680 247547ms [Err:SEToPromoByTdrReserve(line:42)]- -------------------------------End------------------------------------
[DEBUG] 2018-10-12 13:51:36,794 252662ms [Err:SEToPromoByTdrReserve(line:31)]- -------------------------------START------------------------------------
[DEBUG] 2018-10-12 13:51:36,835 252703ms [Err:SEToPromoByTdrReserve(line:42)]- -------------------------------End------------------------------------
[DEBUG] 2018-10-12 13:51:39,245 255113ms [Err:SEToPromoByTdrReserve(line:31)]- -------------------------------START------------------------------------
[DEBUG] 2018-10-12 13:51:39,293 255161ms [Err:SEToPromoByTdrReserve(line:42)]- -------------------------------End------------------------------------
[DEBUG] 2018-10-12 13:51:41,533 257401ms [Err:SEToPromoByTdrUsed(line:56)]- -------------------------------START------------------------------------
[DEBUG] 2018-10-12 13:51:41,550 257418ms [Err:SEToPromoByTdrUsed(line:67)]- -------------------------------End------------------------------------
[DEBUG] 2018-10-12 13:51:45,021 260888ms [Err:SEToPromoByTdrUsed(line:56)]- -------------------------------START------------------------------------
[DEBUG] 2018-10-12 13:51:45,040 260907ms [Err:SEToPromoByTdrUsed(line:67)]- -------------------------------End------------------------------------
[DEBUG] 2018-10-12 13:51:47,326 263194ms [Err:SEToPromoByTdrReserve(line:31)]- -------------------------------START------------------------------------
[DEBUG] 2018-10-12 13:51:47,370 263238ms [Err:SEToPromoByTdrReserve(line:42)]- -------------------------------End------------------------------------
[DEBUG] 2018-10-12 13:51:51,388 267255ms [Err:SEToPromoByTdrCancel(line:81)]- -------------------------------START------------------------------------
[DEBUG] 2018-10-12 13:51:51,410 267278ms [Err:SEToPromoByTdrCancel(line:92)]- -------------------------------End------------------------------------
[DEBUG] 2018-10-12 13:51:53,996 269864ms [Err:SEToPromoByTdrReserve(line:31)]- -------------------------------START------------------------------------
[ERROR] 2018-10-12 13:51:54,112 269980ms [Err:C_INSoTPSTSalBBYTdr(line:280)]- จองสิทธิ์ส่วนลด ไม่สำเร็จ อาจจะมีอยู่แล้ว
[DEBUG] 2018-10-12 13:51:54,112 269980ms [Err:SEToPromoByTdrReserve(line:42)]- -------------------------------End------------------------------------
[DEBUG] 2018-10-12 13:51:58,549 274417ms [Err:SEToPromoByTdrReserve(line:31)]- -------------------------------START------------------------------------
[DEBUG] 2018-10-12 13:51:58,602 274470ms [Err:SEToPromoByTdrReserve(line:42)]- -------------------------------End------------------------------------
[DEBUG] 2018-10-12 13:52:34,185 310053ms [Err:SEToPromoByTdrReserve(line:31)]- -------------------------------START------------------------------------
[DEBUG] 2018-10-12 13:52:34,230 310097ms [Err:SEToPromoByTdrReserve(line:42)]- -------------------------------End------------------------------------
[DEBUG] 2018-10-12 13:52:38,561 314429ms [Err:SEToPromoByTdrReserve(line:31)]- -------------------------------START------------------------------------
[ERROR] 2018-10-12 13:52:38,708 314576ms [Err:C_INSoTPSTSalBBYTdr(line:280)]- จองสิทธิ์ส่วนลด ไม่สำเร็จ อาจจะมีอยู่แล้ว
[DEBUG] 2018-10-12 13:52:38,708 314576ms [Err:SEToPromoByTdrReserve(line:42)]- -------------------------------End------------------------------------
[DEBUG] 2018-10-12 13:52:44,204 320072ms [Err:SEToPromoByTdrReserve(line:31)]- -------------------------------START------------------------------------
[DEBUG] 2018-10-12 13:52:44,251 320119ms [Err:SEToPromoByTdrReserve(line:42)]- -------------------------------End------------------------------------
[DEBUG] 2018-10-12 13:53:00,386 336253ms [Err:SEToPromoByTdrReserve(line:31)]- -------------------------------START------------------------------------
[ERROR] 2018-10-12 13:53:00,519 336387ms [Err:C_INSoTPSTSalBBYTdr(line:280)]- จองสิทธิ์ส่วนลด ไม่สำเร็จ อาจจะมีอยู่แล้ว
[DEBUG] 2018-10-12 13:53:00,520 336388ms [Err:SEToPromoByTdrReserve(line:42)]- -------------------------------End------------------------------------
[DEBUG] 2018-10-12 13:53:07,425 343292ms [Err:SEToPromoByTdrReserve(line:31)]- -------------------------------START------------------------------------
[DEBUG] 2018-10-12 13:53:07,473 343340ms [Err:SEToPromoByTdrReserve(line:42)]- -------------------------------End------------------------------------
[DEBUG] 2018-10-12 13:53:16,625 352493ms [Err:SEToPromoByTdrReserve(line:31)]- -------------------------------START------------------------------------
[ERROR] 2018-10-12 13:53:16,747 352615ms [Err:C_INSoTPSTSalBBYTdr(line:280)]- จองสิทธิ์ส่วนลด ไม่สำเร็จ อาจจะมีอยู่แล้ว
[DEBUG] 2018-10-12 13:53:16,748 352616ms [Err:SEToPromoByTdrReserve(line:42)]- -------------------------------End------------------------------------
[DEBUG] 2018-10-12 13:53:58,760 394627ms [Err:SEToPromoByTdrReserve(line:31)]- -------------------------------START------------------------------------
[DEBUG] 2018-10-12 13:53:58,812 394679ms [Err:SEToPromoByTdrReserve(line:42)]- -------------------------------End------------------------------------
[DEBUG] 2018-10-12 14:00:34,101 789969ms [Err:SEToPromoByTdrReserve(line:31)]- -------------------------------START------------------------------------
[DEBUG] 2018-10-12 14:00:34,198 790066ms [Err:SEToPromoByTdrReserve(line:42)]- -------------------------------End------------------------------------
[DEBUG] 2018-10-12 14:00:57,377 813245ms [Err:SEToPromoByTdrReserve(line:31)]- -------------------------------START------------------------------------
[DEBUG] 2018-10-12 14:00:57,409 813276ms [Err:SEToPromoByTdrReserve(line:42)]- -------------------------------End------------------------------------
[DEBUG] 2018-10-12 14:01:02,681 818549ms [Err:SEToPromoByTdrReserve(line:31)]- -------------------------------START------------------------------------
[DEBUG] 2018-10-12 14:01:02,715 818583ms [Err:SEToPromoByTdrReserve(line:42)]- -------------------------------End------------------------------------
[DEBUG] 2018-10-12 14:02:13,134 889002ms [Err:SEToPromoByTdrReserve(line:31)]- -------------------------------START------------------------------------
[DEBUG] 2018-10-12 14:03:40,800 976668ms [Err:SEToPromoByTdrReserve(line:42)]- -------------------------------End------------------------------------
[DEBUG] 2018-10-12 14:03:49,227 985095ms [Err:SEToPromoByTdrReserve(line:31)]- -------------------------------START------------------------------------
[DEBUG] 2018-10-12 14:07:28,498 20308ms [Err:SEToPromoByTdrReserve(line:31)]- -------------------------------START------------------------------------
[ERROR] 2018-10-12 14:07:28,659 20469ms [Err:C_CHKoQuota(line:183)]- CrdQuota Limit  จำนวนการใช้งานบัตร ครบจำนวนแล้ว
[DEBUG] 2018-10-12 14:07:28,661 20471ms [Err:SEToPromoByTdrReserve(line:42)]- -------------------------------End------------------------------------
[DEBUG] 2018-10-12 14:07:35,234 27045ms [Err:SEToPromoByTdrReserve(line:31)]- -------------------------------START------------------------------------
[ERROR] 2018-10-12 14:07:35,369 27180ms [Err:C_INSoTPSTSalBBYTdr(line:283)]- จองสิทธิ์ส่วนลด ไม่สำเร็จ อาจจะมีอยู่แล้ว
[DEBUG] 2018-10-12 14:07:35,370 27181ms [Err:SEToPromoByTdrReserve(line:42)]- -------------------------------End------------------------------------
[DEBUG] 2018-10-12 14:07:45,657 37468ms [Err:SEToPromoByTdrReserve(line:31)]- -------------------------------START------------------------------------
[ERROR] 2018-10-12 14:07:45,785 37596ms [Err:C_INSoTPSTSalBBYTdr(line:283)]- จองสิทธิ์ส่วนลด ไม่สำเร็จ อาจจะมีอยู่แล้ว
[DEBUG] 2018-10-12 14:07:45,786 37597ms [Err:SEToPromoByTdrReserve(line:42)]- -------------------------------End------------------------------------
[DEBUG] 2018-10-12 14:07:51,545 43356ms [Err:SEToPromoByTdrReserve(line:31)]- -------------------------------START------------------------------------
[ERROR] 2018-10-12 14:07:51,684 43495ms [Err:C_INSoTPSTSalBBYTdr(line:283)]- จองสิทธิ์ส่วนลด ไม่สำเร็จ อาจจะมีอยู่แล้ว
[DEBUG] 2018-10-12 14:07:51,685 43496ms [Err:SEToPromoByTdrReserve(line:42)]- -------------------------------End------------------------------------
[DEBUG] 2018-10-12 14:07:56,455 48266ms [Err:SEToPromoByTdrReserve(line:31)]- -------------------------------START------------------------------------
[ERROR] 2018-10-12 14:07:56,578 48389ms [Err:C_INSoTPSTSalBBYTdr(line:283)]- จองสิทธิ์ส่วนลด ไม่สำเร็จ อาจจะมีอยู่แล้ว
[DEBUG] 2018-10-12 14:07:56,596 48407ms [Err:SEToPromoByTdrReserve(line:42)]- -------------------------------End------------------------------------
[DEBUG] 2018-10-12 14:08:12,580 64390ms [Err:SEToPromoByTdrReserve(line:31)]- -------------------------------START------------------------------------
[ERROR] 2018-10-12 14:08:12,699 64509ms [Err:C_INSoTPSTSalBBYTdr(line:283)]- จองสิทธิ์ส่วนลด ไม่สำเร็จ อาจจะมีอยู่แล้ว
[DEBUG] 2018-10-12 14:08:12,723 64533ms [Err:SEToPromoByTdrReserve(line:42)]- -------------------------------End------------------------------------
[DEBUG] 2018-10-12 14:08:46,329 98140ms [Err:SEToPromoByTdrReserve(line:31)]- -------------------------------START------------------------------------
[ERROR] 2018-10-12 14:11:52,623 284433ms [Err:C_INSoTPSTSalBBYTdr(line:283)]- จองสิทธิ์ส่วนลด ไม่สำเร็จ อาจจะมีอยู่แล้ว
[DEBUG] 2018-10-12 14:11:52,669 284479ms [Err:SEToPromoByTdrReserve(line:42)]- -------------------------------End------------------------------------
[DEBUG] 2018-10-12 14:12:17,257 11125ms [Err:SEToPromoByTdrReserve(line:31)]- -------------------------------START------------------------------------
[ERROR] 2018-10-12 14:14:02,329 116197ms [Err:C_INSoTPSTSalBBYTdr(line:283)]- จองสิทธิ์ส่วนลด ไม่สำเร็จ อาจจะมีอยู่แล้ว
[DEBUG] 2018-10-12 14:14:02,332 116200ms [Err:SEToPromoByTdrReserve(line:42)]- -------------------------------End------------------------------------
[DEBUG] 2018-10-12 14:14:32,599 12707ms [Err:SEToPromoByTdrReserve(line:31)]- -------------------------------START------------------------------------
[DEBUG] 2018-10-12 14:14:37,142 17250ms [Err:SEToPromoByTdrReserve(line:42)]- -------------------------------End------------------------------------
[DEBUG] 2018-10-12 14:14:53,640 33748ms [Err:SEToPromoByTdrReserve(line:31)]- -------------------------------START------------------------------------
[DEBUG] 2018-10-12 14:14:53,686 33794ms [Err:SEToPromoByTdrReserve(line:42)]- -------------------------------End------------------------------------
[DEBUG] 2018-10-12 14:14:57,274 37382ms [Err:SEToPromoByTdrReserve(line:31)]- -------------------------------START------------------------------------
[ERROR] 2018-10-12 14:14:57,406 37514ms [Err:C_INSoTPSTSalBBYTdr(line:283)]- จองสิทธิ์ส่วนลด ไม่สำเร็จ อาจจะมีอยู่แล้ว
[DEBUG] 2018-10-12 14:14:57,407 37515ms [Err:SEToPromoByTdrReserve(line:42)]- -------------------------------End------------------------------------
[DEBUG] 2018-10-12 14:15:11,969 52077ms [Err:SEToPromoByTdrReserve(line:31)]- -------------------------------START------------------------------------
[ERROR] 2018-10-12 14:15:15,655 55763ms [Err:C_INSoTPSTSalBBYTdr(line:283)]- จองสิทธิ์ส่วนลด ไม่สำเร็จ อาจจะมีอยู่แล้ว
[DEBUG] 2018-10-12 14:15:15,672 55780ms [Err:SEToPromoByTdrReserve(line:42)]- -------------------------------End------------------------------------
[DEBUG] 2018-10-12 14:15:36,248 76356ms [Err:SEToPromoByTdrReserve(line:31)]- -------------------------------START------------------------------------
[DEBUG] 2018-10-12 14:15:36,304 76412ms [Err:SEToPromoByTdrReserve(line:42)]- -------------------------------End------------------------------------
[DEBUG] 2018-10-12 14:16:03,388 103496ms [Err:SEToPromoByTdrReserve(line:31)]- -------------------------------START------------------------------------
[DEBUG] 2018-10-12 14:16:32,092 132200ms [Err:SEToPromoByTdrReserve(line:42)]- -------------------------------End------------------------------------
[DEBUG] 2018-10-12 14:20:26,031 366138ms [Err:SEToPromoByTdrReserve(line:31)]- -------------------------------START------------------------------------
[ERROR] 2018-10-12 14:21:42,598 442706ms [Err:C_INSoTPSTSalBBYTdr(line:283)]- จองสิทธิ์ส่วนลด ไม่สำเร็จ อาจจะมีอยู่แล้ว
[DEBUG] 2018-10-12 14:21:42,620 442728ms [Err:SEToPromoByTdrReserve(line:42)]- -------------------------------End------------------------------------
[DEBUG] 2018-10-12 14:21:50,402 450510ms [Err:SEToPromoByTdrReserve(line:31)]- -------------------------------START------------------------------------
[DEBUG] 2018-10-12 14:24:33,142 613249ms [Err:SEToPromoByTdrReserve(line:0)]- -------------------------------End------------------------------------
[DEBUG] 2018-10-12 14:25:51,914 25576ms [Err:SEToPromoByTdrReserve(line:31)]- -------------------------------START------------------------------------
[ERROR] 2018-10-12 14:25:52,077 25739ms [Err:C_CHKoQuota(line:183)]- CrdQuota Limit  จำนวนการใช้งานบัตร ครบจำนวนแล้ว
[DEBUG] 2018-10-12 14:25:52,078 25740ms [Err:SEToPromoByTdrReserve(line:42)]- -------------------------------End------------------------------------
[DEBUG] 2018-10-12 14:25:56,967 30629ms [Err:SEToPromoByTdrReserve(line:31)]- -------------------------------START------------------------------------
[ERROR] 2018-10-12 14:25:59,618 33280ms [Err:C_INSoTPSTSalBBYTdr(line:283)]- จองสิทธิ์ส่วนลด ไม่สำเร็จ อาจจะมีอยู่แล้ว
[DEBUG] 2018-10-12 14:25:59,618 33280ms [Err:SEToPromoByTdrReserve(line:42)]- -------------------------------End------------------------------------
[DEBUG] 2018-10-12 14:26:14,000 47662ms [Err:SEToPromoByTdrReserve(line:31)]- -------------------------------START------------------------------------
[ERROR] 2018-10-12 14:26:17,605 51268ms [Err:C_INSoTPSTSalBBYTdr(line:283)]- จองสิทธิ์ส่วนลด ไม่สำเร็จ อาจจะมีอยู่แล้ว
[DEBUG] 2018-10-12 14:26:17,606 51269ms [Err:SEToPromoByTdrReserve(line:42)]- -------------------------------End------------------------------------
[DEBUG] 2018-10-12 14:26:36,351 70014ms [Err:SEToPromoByTdrReserve(line:31)]- -------------------------------START------------------------------------
[DEBUG] 2018-10-12 14:26:36,399 70062ms [Err:SEToPromoByTdrReserve(line:42)]- -------------------------------End------------------------------------
[DEBUG] 2018-10-12 14:29:16,950 67601ms [Err:SEToPromoByTdrReserve(line:31)]- -------------------------------START------------------------------------
[ERROR] 2018-10-12 14:29:17,302 67953ms [Err:C_INSoTPSTSalBBYTdr(line:283)]- จองสิทธิ์ส่วนลด ไม่สำเร็จ อาจจะมีอยู่แล้ว
[DEBUG] 2018-10-12 14:29:17,303 67954ms [Err:SEToPromoByTdrReserve(line:42)]- -------------------------------End------------------------------------
[DEBUG] 2018-10-12 14:29:27,048 77699ms [Err:SEToPromoByTdrReserve(line:31)]- -------------------------------START------------------------------------
[DEBUG] 2018-10-12 14:29:29,423 80074ms [Err:SEToPromoByTdrReserve(line:42)]- -------------------------------End------------------------------------
[DEBUG] 2018-10-12 14:29:47,567 98218ms [Err:SEToPromoByTdrReserve(line:31)]- -------------------------------START------------------------------------
[ERROR] 2018-10-12 14:29:47,692 98343ms [Err:C_INSoTPSTSalBBYTdr(line:283)]- จองสิทธิ์ส่วนลด ไม่สำเร็จ อาจจะมีอยู่แล้ว
[DEBUG] 2018-10-12 14:29:47,692 98343ms [Err:SEToPromoByTdrReserve(line:42)]- -------------------------------End------------------------------------
[DEBUG] 2018-10-12 14:30:16,198 126849ms [Err:SEToPromoByTdrReserve(line:31)]- -------------------------------START------------------------------------
[ERROR] 2018-10-12 14:30:16,240 126891ms [Err:C_CHKoQuota(line:183)]- CrdQuota Limit  จำนวนการใช้งานบัตร ครบจำนวนแล้ว
[DEBUG] 2018-10-12 14:30:16,241 126892ms [Err:SEToPromoByTdrReserve(line:42)]- -------------------------------End------------------------------------
[DEBUG] 2018-10-12 14:30:20,044 130695ms [Err:SEToPromoByTdrReserve(line:31)]- -------------------------------START------------------------------------
[ERROR] 2018-10-12 14:30:20,194 130845ms [Err:C_INSoTPSTSalBBYTdr(line:283)]- จองสิทธิ์ส่วนลด ไม่สำเร็จ อาจจะมีอยู่แล้ว
[DEBUG] 2018-10-12 14:30:20,195 130846ms [Err:SEToPromoByTdrReserve(line:42)]- -------------------------------End------------------------------------
[DEBUG] 2018-10-12 14:31:15,624 186275ms [Err:SEToPromoByTdrReserve(line:31)]- -------------------------------START------------------------------------
[ERROR] 2018-10-12 14:31:15,747 186398ms [Err:C_INSoTPSTSalBBYTdr(line:283)]- จองสิทธิ์ส่วนลด ไม่สำเร็จ อาจจะมีอยู่แล้ว
[DEBUG] 2018-10-12 14:31:15,747 186398ms [Err:SEToPromoByTdrReserve(line:42)]- -------------------------------End------------------------------------
[DEBUG] 2018-10-12 14:31:19,932 190583ms [Err:SEToPromoByTdrReserve(line:31)]- -------------------------------START------------------------------------
[ERROR] 2018-10-12 14:31:20,082 190733ms [Err:C_INSoTPSTSalBBYTdr(line:283)]- จองสิทธิ์ส่วนลด ไม่สำเร็จ อาจจะมีอยู่แล้ว
[DEBUG] 2018-10-12 14:31:20,083 190734ms [Err:SEToPromoByTdrReserve(line:42)]- -------------------------------End------------------------------------
[DEBUG] 2018-10-12 14:31:25,884 196535ms [Err:SEToPromoByTdrReserve(line:31)]- -------------------------------START------------------------------------
[DEBUG] 2018-10-12 14:31:25,979 196630ms [Err:SEToPromoByTdrReserve(line:42)]- -------------------------------End------------------------------------
[DEBUG] 2018-10-12 14:31:50,538 221189ms [Err:SEToPromoByTdrReserve(line:31)]- -------------------------------START------------------------------------
[ERROR] 2018-10-12 14:31:50,674 221325ms [Err:C_INSoTPSTSalBBYTdr(line:283)]- จองสิทธิ์ส่วนลด ไม่สำเร็จ อาจจะมีอยู่แล้ว
[DEBUG] 2018-10-12 14:31:50,675 221326ms [Err:SEToPromoByTdrReserve(line:42)]- -------------------------------End------------------------------------
[DEBUG] 2018-10-12 14:31:57,637 228288ms [Err:SEToPromoByTdrReserve(line:31)]- -------------------------------START------------------------------------
[DEBUG] 2018-10-12 14:31:57,690 228340ms [Err:SEToPromoByTdrReserve(line:42)]- -------------------------------End------------------------------------
[DEBUG] 2018-10-12 14:32:02,497 233148ms [Err:SEToPromoByTdrReserve(line:31)]- -------------------------------START------------------------------------
[DEBUG] 2018-10-12 14:32:02,541 233192ms [Err:SEToPromoByTdrReserve(line:42)]- -------------------------------End------------------------------------
[DEBUG] 2018-10-12 14:32:05,989 236640ms [Err:SEToPromoByTdrReserve(line:31)]- -------------------------------START------------------------------------
[DEBUG] 2018-10-12 14:32:06,040 236691ms [Err:SEToPromoByTdrReserve(line:42)]- -------------------------------End------------------------------------
[DEBUG] 2018-10-12 14:32:19,921 250572ms [Err:SEToPromoByTdrReserve(line:31)]- -------------------------------START------------------------------------
[DEBUG] 2018-10-12 14:32:19,964 250615ms [Err:SEToPromoByTdrReserve(line:42)]- -------------------------------End------------------------------------
[DEBUG] 2018-10-12 14:32:30,182 260833ms [Err:SEToPromoByTdrReserve(line:31)]- -------------------------------START------------------------------------
[DEBUG] 2018-10-12 14:32:30,232 260883ms [Err:SEToPromoByTdrReserve(line:42)]- -------------------------------End------------------------------------
[DEBUG] 2018-10-12 14:32:34,171 264822ms [Err:SEToPromoByTdrReserve(line:31)]- -------------------------------START------------------------------------
[DEBUG] 2018-10-12 14:32:34,219 264870ms [Err:SEToPromoByTdrReserve(line:42)]- -------------------------------End------------------------------------
[DEBUG] 2018-10-12 14:32:38,060 268710ms [Err:SEToPromoByTdrReserve(line:31)]- -------------------------------START------------------------------------
[DEBUG] 2018-10-12 14:32:38,106 268757ms [Err:SEToPromoByTdrReserve(line:42)]- -------------------------------End------------------------------------
[DEBUG] 2018-10-12 14:32:48,675 279326ms [Err:SEToPromoByTdrReserve(line:31)]- -------------------------------START------------------------------------
[DEBUG] 2018-10-12 14:32:48,732 279383ms [Err:SEToPromoByTdrReserve(line:42)]- -------------------------------End------------------------------------
[DEBUG] 2018-10-12 14:32:58,273 288924ms [Err:SEToPromoByTdrReserve(line:31)]- -------------------------------START------------------------------------
[DEBUG] 2018-10-12 14:32:58,319 288970ms [Err:SEToPromoByTdrReserve(line:42)]- -------------------------------End------------------------------------
[DEBUG] 2018-10-12 14:33:16,875 307526ms [Err:SEToPromoByTdrReserve(line:31)]- -------------------------------START------------------------------------
[DEBUG] 2018-10-12 14:33:16,981 307632ms [Err:SEToPromoByTdrReserve(line:42)]- -------------------------------End------------------------------------
[DEBUG] 2018-10-12 14:33:45,444 336095ms [Err:SEToPromoByTdrReserve(line:31)]- -------------------------------START------------------------------------
[DEBUG] 2018-10-12 14:53:30,292 1520943ms [Err:SEToPromoByTdrReserve(line:42)]- -------------------------------End------------------------------------
[DEBUG] 2018-10-12 14:54:33,183 45727ms [Err:SEToPromoByTdrReserve(line:31)]- -------------------------------START------------------------------------
[DEBUG] 2018-10-12 14:54:39,177 51721ms [Err:SEToPromoByTdrReserve(line:42)]- -------------------------------End------------------------------------
[DEBUG] 2018-10-12 14:55:30,330 102874ms [Err:SEToPromoByTdrReserve(line:31)]- -------------------------------START------------------------------------
[DEBUG] 2018-10-12 14:55:31,123 103667ms [Err:SEToPromoByTdrReserve(line:42)]- -------------------------------End------------------------------------
[DEBUG] 2018-10-12 14:55:53,303 125847ms [Err:SEToPromoByTdrReserve(line:31)]- -------------------------------START------------------------------------
[ERROR] 2018-10-12 14:55:53,439 125983ms [Err:C_INSoTPSTSalBBYTdr(line:283)]- จองสิทธิ์ส่วนลด ไม่สำเร็จ อาจจะมีอยู่แล้ว
[DEBUG] 2018-10-12 14:55:53,440 125984ms [Err:SEToPromoByTdrReserve(line:42)]- -------------------------------End------------------------------------
[DEBUG] 2018-10-12 14:56:51,390 183934ms [Err:SEToPromoByTdrReserve(line:31)]- -------------------------------START------------------------------------
[ERROR] 2018-10-12 14:56:58,970 191513ms [Err:C_INSoTPSTSalBBYTdr(line:283)]- จองสิทธิ์ส่วนลด ไม่สำเร็จ อาจจะมีอยู่แล้ว
[DEBUG] 2018-10-12 14:57:02,615 195159ms [Err:SEToPromoByTdrReserve(line:42)]- -------------------------------End------------------------------------
[DEBUG] 2018-10-12 14:57:58,589 251132ms [Err:SEToPromoByTdrReserve(line:31)]- -------------------------------START------------------------------------
[DEBUG] 2018-10-12 14:58:01,875 254419ms [Err:SEToPromoByTdrReserve(line:42)]- -------------------------------End------------------------------------
[DEBUG] 2018-10-12 14:58:08,575 261119ms [Err:SEToPromoByTdrReserve(line:31)]- -------------------------------START------------------------------------
[DEBUG] 2018-10-12 14:58:08,616 261160ms [Err:SEToPromoByTdrReserve(line:42)]- -------------------------------End------------------------------------
[DEBUG] 2018-10-12 14:58:13,082 265626ms [Err:SEToPromoByTdrReserve(line:31)]- -------------------------------START------------------------------------
[DEBUG] 2018-10-12 14:58:13,131 265675ms [Err:SEToPromoByTdrReserve(line:42)]- -------------------------------End------------------------------------
[DEBUG] 2018-10-12 14:58:51,439 303983ms [Err:SEToPromoByTdrReserve(line:31)]- -------------------------------START------------------------------------
[DEBUG] 2018-10-12 15:32:01,591 58960ms [Err:SEToPromoByTdrReserve(line:31)]- -------------------------------START------------------------------------
[ERROR] 2018-10-12 15:32:01,804 59174ms [Err:C_CHKoQuota(line:183)]- CrdQuota Limit  จำนวนการใช้งานบัตร ครบจำนวนแล้ว
[DEBUG] 2018-10-12 15:32:01,805 59175ms [Err:SEToPromoByTdrReserve(line:42)]- -------------------------------End------------------------------------
[DEBUG] 2018-10-12 15:32:08,058 65428ms [Err:SEToPromoByTdrReserve(line:31)]- -------------------------------START------------------------------------
[ERROR] 2018-10-12 15:32:08,095 65465ms [Err:C_CHKoQuota(line:183)]- CrdQuota Limit  จำนวนการใช้งานบัตร ครบจำนวนแล้ว
[DEBUG] 2018-10-12 15:32:08,096 65466ms [Err:SEToPromoByTdrReserve(line:42)]- -------------------------------End------------------------------------
[DEBUG] 2018-10-12 15:32:14,867 72237ms [Err:SEToPromoByTdrReserve(line:31)]- -------------------------------START------------------------------------
[ERROR] 2018-10-12 15:32:14,896 72266ms [Err:C_CHKoQuota(line:183)]- CrdQuota Limit  จำนวนการใช้งานบัตร ครบจำนวนแล้ว
[DEBUG] 2018-10-12 15:32:14,896 72266ms [Err:SEToPromoByTdrReserve(line:42)]- -------------------------------End------------------------------------
[DEBUG] 2018-10-12 15:33:18,510 135880ms [Err:SEToPromoByTdrReserve(line:31)]- -------------------------------START------------------------------------
[DEBUG] 2018-10-12 15:33:18,796 136166ms [Err:SEToPromoByTdrReserve(line:42)]- -------------------------------End------------------------------------
[DEBUG] 2018-10-12 15:33:24,333 141702ms [Err:SEToPromoByTdrReserve(line:31)]- -------------------------------START------------------------------------
[DEBUG] 2018-10-12 15:33:26,635 144004ms [Err:SEToPromoByTdrReserve(line:42)]- -------------------------------End------------------------------------
[DEBUG] 2018-10-12 15:33:30,268 147638ms [Err:SEToPromoByTdrReserve(line:31)]- -------------------------------START------------------------------------
[DEBUG] 2018-10-12 15:33:30,531 147900ms [Err:SEToPromoByTdrReserve(line:42)]- -------------------------------End------------------------------------
[DEBUG] 2018-10-12 15:33:35,042 152412ms [Err:SEToPromoByTdrReserve(line:31)]- -------------------------------START------------------------------------
[ERROR] 2018-10-12 15:33:35,073 152443ms [Err:C_CHKoQuota(line:183)]- CrdQuota Limit  จำนวนการใช้งานบัตร ครบจำนวนแล้ว
[DEBUG] 2018-10-12 15:33:35,074 152444ms [Err:SEToPromoByTdrReserve(line:42)]- -------------------------------End------------------------------------
[DEBUG] 2018-10-12 15:34:06,384 183754ms [Err:SEToPromoByTdrReserve(line:31)]- -------------------------------START------------------------------------
[DEBUG] 2018-10-12 15:34:06,427 183797ms [Err:SEToPromoByTdrReserve(line:42)]- -------------------------------End------------------------------------
[DEBUG] 2018-10-12 15:34:13,314 190684ms [Err:SEToPromoByTdrReserve(line:31)]- -------------------------------START------------------------------------
[DEBUG] 2018-10-12 15:34:13,356 190726ms [Err:SEToPromoByTdrReserve(line:42)]- -------------------------------End------------------------------------
[DEBUG] 2018-10-12 15:34:16,667 194036ms [Err:SEToPromoByTdrReserve(line:31)]- -------------------------------START------------------------------------
[ERROR] 2018-10-12 15:34:16,696 194065ms [Err:C_CHKoQuota(line:198)]- จำนวน Quota เกิน Limit
[DEBUG] 2018-10-12 15:34:16,697 194066ms [Err:SEToPromoByTdrReserve(line:42)]- -------------------------------End------------------------------------
[DEBUG] 2018-10-12 15:35:38,033 275403ms [Err:SEToPromoByTdrReserve(line:31)]- -------------------------------START------------------------------------
[ERROR] 2018-10-12 15:35:38,065 275435ms [Err:C_CHKoQuota(line:198)]- จำนวน Quota เกิน Limit
[DEBUG] 2018-10-12 15:35:38,065 275435ms [Err:SEToPromoByTdrReserve(line:42)]- -------------------------------End------------------------------------
[DEBUG] 2018-10-12 15:35:54,719 292089ms [Err:SEToPromoByTdrReserve(line:31)]- -------------------------------START------------------------------------
[ERROR] 2018-10-12 15:35:54,751 292121ms [Err:C_CHKoQuota(line:198)]- จำนวน Quota เกิน Limit
[DEBUG] 2018-10-12 15:35:54,751 292121ms [Err:SEToPromoByTdrReserve(line:42)]- -------------------------------End------------------------------------
[DEBUG] 2018-10-12 15:36:11,831 309200ms [Err:SEToPromoByTdrReserve(line:31)]- -------------------------------START------------------------------------
[ERROR] 2018-10-12 15:36:11,862 309232ms [Err:C_CHKoQuota(line:198)]- จำนวน Quota เกิน Limit
[DEBUG] 2018-10-12 15:36:11,863 309233ms [Err:SEToPromoByTdrReserve(line:42)]- -------------------------------End------------------------------------
[DEBUG] 2018-10-12 15:36:35,213 332583ms [Err:SEToPromoByTdrReserve(line:31)]- -------------------------------START------------------------------------
[DEBUG] 2018-10-12 15:36:35,242 332612ms [Err:SEToPromoByTdrReserve(line:42)]- -------------------------------End------------------------------------
[DEBUG] 2018-10-12 15:36:46,542 343912ms [Err:SEToPromoByTdrReserve(line:31)]- -------------------------------START------------------------------------
[DEBUG] 2018-10-12 15:36:46,588 343958ms [Err:SEToPromoByTdrReserve(line:42)]- -------------------------------End------------------------------------
[DEBUG] 2018-10-12 15:36:51,798 349168ms [Err:SEToPromoByTdrReserve(line:31)]- -------------------------------START------------------------------------
[DEBUG] 2018-10-12 15:36:51,842 349212ms [Err:SEToPromoByTdrReserve(line:42)]- -------------------------------End------------------------------------
[DEBUG] 2018-10-12 15:36:56,645 354015ms [Err:SEToPromoByTdrReserve(line:31)]- -------------------------------START------------------------------------
[DEBUG] 2018-10-12 15:36:56,690 354060ms [Err:SEToPromoByTdrReserve(line:42)]- -------------------------------End------------------------------------
[DEBUG] 2018-10-12 15:36:59,575 356944ms [Err:SEToPromoByTdrReserve(line:31)]- -------------------------------START------------------------------------
[DEBUG] 2018-10-12 15:36:59,627 356997ms [Err:SEToPromoByTdrReserve(line:42)]- -------------------------------End------------------------------------
[DEBUG] 2018-10-12 15:37:02,483 359853ms [Err:SEToPromoByTdrReserve(line:31)]- -------------------------------START------------------------------------
[ERROR] 2018-10-12 15:37:02,513 359883ms [Err:C_CHKoQuota(line:198)]- จำนวน Quota เกิน Limit
[DEBUG] 2018-10-12 15:37:02,514 359884ms [Err:SEToPromoByTdrReserve(line:42)]- -------------------------------End------------------------------------
[DEBUG] 2018-10-12 15:37:22,409 379779ms [Err:SEToPromoByTdrReserve(line:31)]- -------------------------------START------------------------------------
[ERROR] 2018-10-12 15:37:22,460 379830ms [Err:C_CHKoQuota(line:198)]- จำนวน Quota เกิน Limit
[DEBUG] 2018-10-12 15:37:22,460 379830ms [Err:SEToPromoByTdrReserve(line:42)]- -------------------------------End------------------------------------
[DEBUG] 2018-10-12 15:37:27,533 384903ms [Err:SEToPromoByTdrReserve(line:31)]- -------------------------------START------------------------------------
[ERROR] 2018-10-12 15:37:27,576 384946ms [Err:C_CHKoQuota(line:198)]- จำนวน Quota เกิน Limit
[DEBUG] 2018-10-12 15:37:27,576 384946ms [Err:SEToPromoByTdrReserve(line:42)]- -------------------------------End------------------------------------
[DEBUG] 2018-10-12 15:37:40,244 397614ms [Err:SEToPromoByTdrReserve(line:31)]- -------------------------------START------------------------------------
[ERROR] 2018-10-12 15:37:40,288 397658ms [Err:C_CHKoQuota(line:198)]- จำนวน Quota เกิน Limit
[DEBUG] 2018-10-12 15:37:40,289 397659ms [Err:SEToPromoByTdrReserve(line:42)]- -------------------------------End------------------------------------
[DEBUG] 2018-10-12 15:38:10,626 427995ms [Err:SEToPromoByTdrReserve(line:31)]- -------------------------------START------------------------------------
[ERROR] 2018-10-12 15:38:10,672 428041ms [Err:C_CHKoQuota(line:198)]- จำนวน Quota เกิน Limit
[DEBUG] 2018-10-12 15:38:10,673 428042ms [Err:SEToPromoByTdrReserve(line:42)]- -------------------------------End------------------------------------
[DEBUG] 2018-10-12 15:38:19,793 437163ms [Err:SEToPromoByTdrReserve(line:31)]- -------------------------------START------------------------------------
[ERROR] 2018-10-12 15:39:05,583 482952ms [Err:C_CHKoQuota(line:198)]- จำนวน Quota เกิน Limit
[DEBUG] 2018-10-12 15:39:05,584 482953ms [Err:SEToPromoByTdrReserve(line:42)]- -------------------------------End------------------------------------
[DEBUG] 2018-10-12 15:39:14,432 491802ms [Err:SEToPromoByTdrReserve(line:31)]- -------------------------------START------------------------------------
[DEBUG] 2018-10-12 15:39:14,477 491847ms [Err:SEToPromoByTdrReserve(line:42)]- -------------------------------End------------------------------------
[DEBUG] 2018-10-12 15:39:17,432 494802ms [Err:SEToPromoByTdrReserve(line:31)]- -------------------------------START------------------------------------
[ERROR] 2018-10-12 15:39:17,573 494943ms [Err:C_INSoTPSTSalBBYTdr(line:283)]- จองสิทธิ์ส่วนลด ไม่สำเร็จ อาจจะมีอยู่แล้ว
[DEBUG] 2018-10-12 15:39:17,574 494944ms [Err:SEToPromoByTdrReserve(line:42)]- -------------------------------End------------------------------------
[DEBUG] 2018-10-12 15:39:22,325 499695ms [Err:SEToPromoByTdrReserve(line:31)]- -------------------------------START------------------------------------
[ERROR] 2018-10-12 15:39:22,453 499822ms [Err:C_INSoTPSTSalBBYTdr(line:283)]- จองสิทธิ์ส่วนลด ไม่สำเร็จ อาจจะมีอยู่แล้ว
[DEBUG] 2018-10-12 15:39:22,453 499822ms [Err:SEToPromoByTdrReserve(line:42)]- -------------------------------End------------------------------------
[DEBUG] 2018-10-12 15:39:31,417 508787ms [Err:SEToPromoByTdrReserve(line:31)]- -------------------------------START------------------------------------
[ERROR] 2018-10-12 15:39:31,559 508929ms [Err:C_INSoTPSTSalBBYTdr(line:283)]- จองสิทธิ์ส่วนลด ไม่สำเร็จ อาจจะมีอยู่แล้ว
[DEBUG] 2018-10-12 15:39:31,559 508929ms [Err:SEToPromoByTdrReserve(line:42)]- -------------------------------End------------------------------------
[DEBUG] 2018-10-12 15:39:44,392 521761ms [Err:SEToPromoByTdrReserve(line:31)]- -------------------------------START------------------------------------
[ERROR] 2018-10-12 15:40:13,699 551068ms [Err:C_INSoTPSTSalBBYTdr(line:283)]- จองสิทธิ์ส่วนลด ไม่สำเร็จ อาจจะมีอยู่แล้ว
[DEBUG] 2018-10-12 15:40:13,700 551069ms [Err:SEToPromoByTdrReserve(line:42)]- -------------------------------End------------------------------------
[DEBUG] 2018-10-12 15:40:19,053 556423ms [Err:SEToPromoByTdrReserve(line:31)]- -------------------------------START------------------------------------
[DEBUG] 2018-10-12 16:06:03,943 386209ms [Err:SEToPromoByTdrReserve(line:31)]- -------------------------------START------------------------------------
[DEBUG] 2018-10-12 16:06:04,225 386491ms [Err:SEToPromoByTdrReserve(line:42)]- -------------------------------End------------------------------------
[DEBUG] 2018-10-12 16:06:42,068 424334ms [Err:SEToPromoByTdrReserve(line:31)]- -------------------------------START------------------------------------
[DEBUG] 2018-10-12 16:06:42,114 424380ms [Err:SEToPromoByTdrReserve(line:42)]- -------------------------------End------------------------------------
[DEBUG] 2018-10-12 16:07:08,033 450300ms [Err:SEToPromoByTdrReserve(line:31)]- -------------------------------START------------------------------------
[DEBUG] 2018-10-12 16:07:08,064 450331ms [Err:SEToPromoByTdrReserve(line:42)]- -------------------------------End------------------------------------
[DEBUG] 2018-10-12 16:09:10,588 11003ms [Err:SEToPromoByTdrReserve(line:31)]- -------------------------------START------------------------------------
[DEBUG] 2018-10-12 16:09:10,749 11164ms [Err:SEToPromoByTdrReserve(line:42)]- -------------------------------End------------------------------------
[DEBUG] 2018-10-12 16:34:40,038 16078ms [Err:SEToPromoByTdrReserve(line:31)]- -------------------------------START------------------------------------
[DEBUG] 2018-10-12 16:34:40,539 16580ms [Err:SEToPromoByTdrReserve(line:42)]- -------------------------------End------------------------------------
[DEBUG] 2018-10-12 16:35:59,233 95274ms [Err:SEToPromoByTdrReserve(line:31)]- -------------------------------START------------------------------------
[DEBUG] 2018-10-12 16:35:59,263 95304ms [Err:SEToPromoByTdrReserve(line:42)]- -------------------------------End------------------------------------
[DEBUG] 2018-10-12 16:36:01,883 97923ms [Err:SEToPromoByTdrReserve(line:31)]- -------------------------------START------------------------------------
[DEBUG] 2018-10-12 16:36:01,913 97953ms [Err:SEToPromoByTdrReserve(line:42)]- -------------------------------End------------------------------------
[DEBUG] 2018-10-12 16:36:05,313 101353ms [Err:SEToPromoByTdrReserve(line:31)]- -------------------------------START------------------------------------
[ERROR] 2018-10-12 16:36:05,371 101412ms [Err:C_CHKoQuota(line:196)]- CrdQuota Limit  จำนวนการใช้งานบัตร ครบจำนวนแล้ว
[DEBUG] 2018-10-12 16:36:05,373 101414ms [Err:SEToPromoByTdrReserve(line:42)]- -------------------------------End------------------------------------
[DEBUG] 2018-10-12 16:36:10,944 106984ms [Err:SEToPromoByTdrReserve(line:31)]- -------------------------------START------------------------------------
[DEBUG] 2018-10-12 16:36:10,987 107027ms [Err:SEToPromoByTdrReserve(line:42)]- -------------------------------End------------------------------------
[DEBUG] 2018-10-12 16:36:15,522 111562ms [Err:SEToPromoByTdrReserve(line:31)]- -------------------------------START------------------------------------
[DEBUG] 2018-10-12 16:36:15,558 111598ms [Err:SEToPromoByTdrReserve(line:42)]- -------------------------------End------------------------------------
[DEBUG] 2018-10-12 16:36:18,532 114572ms [Err:SEToPromoByTdrReserve(line:31)]- -------------------------------START------------------------------------
[ERROR] 2018-10-12 16:36:18,550 114590ms [Err:C_CHKoQuota(line:211)]- จำนวน Quota เกิน Limit
[DEBUG] 2018-10-12 16:36:18,550 114590ms [Err:SEToPromoByTdrReserve(line:42)]- -------------------------------End------------------------------------
[DEBUG] 2018-10-12 16:36:43,539 139579ms [Err:SEToPromoByTdrReserve(line:31)]- -------------------------------START------------------------------------
[ERROR] 2018-10-12 16:36:43,631 139671ms [Err:C_SEToReServe(line:158)]- [ReServe]=Input string was not in a correct format.
[DEBUG] 2018-10-12 16:36:43,631 139671ms [Err:SEToPromoByTdrReserve(line:42)]- -------------------------------End------------------------------------
[DEBUG] 2018-10-12 16:37:56,320  5227ms [Err:SEToPromoByTdrReserve(line:31)]- -------------------------------START------------------------------------
[ERROR] 2018-10-12 16:37:56,640  5547ms [Err:C_INSoTPSTSalBBYTdr(line:265)]- จองสิทธิ์ส่วนลด ไม่สำเร็จ อาจจะมีอยู่แล้ว
[ERROR] 2018-10-12 16:37:56,677  5583ms [Err:C_CHKoQuota(line:165)]- CrdQuota Limit  จำนวนการใช้งานบัตร ครบจำนวนแล้ว
[DEBUG] 2018-10-12 16:37:56,678  5584ms [Err:SEToPromoByTdrReserve(line:42)]- -------------------------------End------------------------------------
[DEBUG] 2018-10-12 16:38:03,198 12104ms [Err:SEToPromoByTdrReserve(line:31)]- -------------------------------START------------------------------------
[ERROR] 2018-10-12 16:38:03,289 12196ms [Err:C_INSoTPSTSalBBYTdr(line:265)]- จองสิทธิ์ส่วนลด ไม่สำเร็จ อาจจะมีอยู่แล้ว
[ERROR] 2018-10-12 16:38:03,351 12257ms [Err:C_SEToReServe(line:127)]- [ReServe]=Input string was not in a correct format.
[DEBUG] 2018-10-12 16:38:03,352 12258ms [Err:SEToPromoByTdrReserve(line:42)]- -------------------------------End------------------------------------
[DEBUG] 2018-10-12 16:38:12,240 21146ms [Err:SEToPromoByTdrReserve(line:31)]- -------------------------------START------------------------------------
[ERROR] 2018-10-12 16:38:12,327 21233ms [Err:C_INSoTPSTSalBBYTdr(line:265)]- จองสิทธิ์ส่วนลด ไม่สำเร็จ อาจจะมีอยู่แล้ว
[ERROR] 2018-10-12 16:38:12,398 21304ms [Err:C_SEToReServe(line:127)]- [ReServe]=Input string was not in a correct format.
[DEBUG] 2018-10-12 16:38:12,398 21304ms [Err:SEToPromoByTdrReserve(line:42)]- -------------------------------End------------------------------------
[DEBUG] 2018-10-12 16:38:49,838 58744ms [Err:SEToPromoByTdrReserve(line:31)]- -------------------------------START------------------------------------
[ERROR] 2018-10-12 16:38:49,922 58828ms [Err:C_INSoTPSTSalBBYTdr(line:265)]- จองสิทธิ์ส่วนลด ไม่สำเร็จ อาจจะมีอยู่แล้ว
[ERROR] 2018-10-12 16:39:59,090 127996ms [Err:C_SEToReServe(line:127)]- [ReServe]=Input string was not in a correct format.
[DEBUG] 2018-10-12 16:39:59,093 127999ms [Err:SEToPromoByTdrReserve(line:42)]- -------------------------------End------------------------------------
[DEBUG] 2018-10-12 16:40:01,802 130708ms [Err:SEToPromoByTdrReserve(line:31)]- -------------------------------START------------------------------------
[DEBUG] 2018-10-12 16:46:48,396 282933ms [Err:SEToPromoByTdrReserve(line:31)]- -------------------------------START------------------------------------
[ERROR] 2018-10-12 16:46:48,588 283125ms [Err:C_CHKoQuota(line:161)]- CrdQuota Limit  จำนวนการใช้งานบัตร ครบจำนวนแล้ว
[DEBUG] 2018-10-12 16:46:48,589 283126ms [Err:SEToPromoByTdrReserve(line:42)]- -------------------------------End------------------------------------
[DEBUG] 2018-10-12 16:54:56,165 18581ms [Err:SEToPromoByTdrReserve(line:31)]- -------------------------------START------------------------------------
[ERROR] 2018-10-12 16:54:56,355 18771ms [Err:C_CHKoQuota(line:161)]- CrdQuota Limit  จำนวนการใช้งานบัตร ครบจำนวนแล้ว
[DEBUG] 2018-10-12 16:54:56,356 18772ms [Err:SEToPromoByTdrReserve(line:42)]- -------------------------------End------------------------------------
[DEBUG] 2018-10-12 16:55:02,559 24976ms [Err:SEToPromoByTdrReserve(line:31)]- -------------------------------START------------------------------------
[ERROR] 2018-10-12 16:55:02,724 25141ms [Err:C_INSoTPSTSalBBYTdr(line:261)]- จองสิทธิ์ส่วนลด ไม่สำเร็จ อาจจะมีอยู่แล้ว
[DEBUG] 2018-10-12 16:55:02,725 25142ms [Err:SEToPromoByTdrReserve(line:42)]- -------------------------------End------------------------------------
[DEBUG] 2018-10-12 16:55:25,105 47521ms [Err:SEToPromoByTdrReserve(line:31)]- -------------------------------START------------------------------------
[DEBUG] 2018-10-12 16:55:25,141 47557ms [Err:SEToPromoByTdrReserve(line:42)]- -------------------------------End------------------------------------
[DEBUG] 2018-10-12 16:55:27,906 50323ms [Err:SEToPromoByTdrReserve(line:31)]- -------------------------------START------------------------------------
[DEBUG] 2018-10-12 16:55:27,936 50353ms [Err:SEToPromoByTdrReserve(line:42)]- -------------------------------End------------------------------------
[DEBUG] 2018-10-12 16:55:30,686 53102ms [Err:SEToPromoByTdrReserve(line:31)]- -------------------------------START------------------------------------
[DEBUG] 2018-10-12 16:55:30,718 53134ms [Err:SEToPromoByTdrReserve(line:42)]- -------------------------------End------------------------------------
[DEBUG] 2018-10-12 16:55:35,096 57512ms [Err:SEToPromoByTdrReserve(line:31)]- -------------------------------START------------------------------------
[DEBUG] 2018-10-12 16:55:35,130 57546ms [Err:SEToPromoByTdrReserve(line:42)]- -------------------------------End------------------------------------
[DEBUG] 2018-10-12 16:55:38,633 61050ms [Err:SEToPromoByTdrReserve(line:31)]- -------------------------------START------------------------------------
[DEBUG] 2018-10-12 16:55:38,670 61086ms [Err:SEToPromoByTdrReserve(line:42)]- -------------------------------End------------------------------------
[DEBUG] 2018-10-12 16:55:41,849 64265ms [Err:SEToPromoByTdrReserve(line:31)]- -------------------------------START------------------------------------
[DEBUG] 2018-10-12 16:55:41,882 64298ms [Err:SEToPromoByTdrReserve(line:42)]- -------------------------------End------------------------------------
[DEBUG] 2018-10-12 16:55:45,216 67632ms [Err:SEToPromoByTdrReserve(line:31)]- -------------------------------START------------------------------------
[DEBUG] 2018-10-12 16:55:45,245 67661ms [Err:SEToPromoByTdrReserve(line:42)]- -------------------------------End------------------------------------
[DEBUG] 2018-10-12 16:55:48,512 70929ms [Err:SEToPromoByTdrReserve(line:31)]- -------------------------------START------------------------------------
[ERROR] 2018-10-12 16:55:48,528 70945ms [Err:C_CHKoQuota(line:161)]- CrdQuota Limit  จำนวนการใช้งานบัตร ครบจำนวนแล้ว
[DEBUG] 2018-10-12 16:55:48,528 70945ms [Err:SEToPromoByTdrReserve(line:42)]- -------------------------------End------------------------------------
[DEBUG] 2018-10-12 16:56:19,950 102366ms [Err:SEToPromoByTdrReserve(line:31)]- -------------------------------START------------------------------------
[ERROR] 2018-10-12 16:56:19,969 102385ms [Err:C_CHKoQuota(line:161)]- CrdQuota Limit  จำนวนการใช้งานบัตร ครบจำนวนแล้ว
[DEBUG] 2018-10-12 16:56:19,969 102385ms [Err:SEToPromoByTdrReserve(line:42)]- -------------------------------End------------------------------------
[DEBUG] 2018-10-12 16:56:40,630 123047ms [Err:SEToPromoByTdrReserve(line:31)]- -------------------------------START------------------------------------
[DEBUG] 2018-10-12 16:56:40,670 123087ms [Err:SEToPromoByTdrReserve(line:42)]- -------------------------------End------------------------------------
[DEBUG] 2018-10-12 16:56:44,621 127037ms [Err:SEToPromoByTdrReserve(line:31)]- -------------------------------START------------------------------------
[DEBUG] 2018-10-12 16:56:44,653 127069ms [Err:SEToPromoByTdrReserve(line:42)]- -------------------------------End------------------------------------
[DEBUG] 2018-10-12 16:56:51,839 134256ms [Err:SEToPromoByTdrReserve(line:31)]- -------------------------------START------------------------------------
[DEBUG] 2018-10-12 16:56:51,870 134287ms [Err:SEToPromoByTdrReserve(line:42)]- -------------------------------End------------------------------------
[DEBUG] 2018-10-12 16:56:54,719 137135ms [Err:SEToPromoByTdrReserve(line:31)]- -------------------------------START------------------------------------
[ERROR] 2018-10-12 16:56:54,736 137152ms [Err:C_CHKoQuota(line:176)]- จำนวน Quota เกิน Limit
[DEBUG] 2018-10-12 16:56:54,736 137152ms [Err:SEToPromoByTdrReserve(line:42)]- -------------------------------End------------------------------------
[DEBUG] 2018-10-12 16:58:33,472 235889ms [Err:SEToPromoByTdrUsed(line:56)]- -------------------------------START------------------------------------
[DEBUG] 2018-10-12 16:58:33,505 235922ms [Err:SEToPromoByTdrUsed(line:67)]- -------------------------------End------------------------------------
[DEBUG] 2018-10-12 16:58:43,080 245496ms [Err:SEToPromoByTdrUsed(line:56)]- -------------------------------START------------------------------------
[DEBUG] 2018-10-12 16:58:43,096 245512ms [Err:SEToPromoByTdrUsed(line:67)]- -------------------------------End------------------------------------
[DEBUG] 2018-10-12 16:58:47,534 249951ms [Err:SEToPromoByTdrUsed(line:56)]- -------------------------------START------------------------------------
[DEBUG] 2018-10-12 16:58:47,564 249980ms [Err:SEToPromoByTdrUsed(line:67)]- -------------------------------End------------------------------------
[DEBUG] 2018-10-12 16:58:50,769 253185ms [Err:SEToPromoByTdrUsed(line:56)]- -------------------------------START------------------------------------
[DEBUG] 2018-10-12 16:58:50,786 253202ms [Err:SEToPromoByTdrUsed(line:67)]- -------------------------------End------------------------------------
[DEBUG] 2018-10-12 16:58:53,639 256055ms [Err:SEToPromoByTdrUsed(line:56)]- -------------------------------START------------------------------------
[DEBUG] 2018-10-12 16:58:53,655 256072ms [Err:SEToPromoByTdrUsed(line:67)]- -------------------------------End------------------------------------
[DEBUG] 2018-10-12 16:58:56,823 259239ms [Err:SEToPromoByTdrUsed(line:56)]- -------------------------------START------------------------------------
[DEBUG] 2018-10-12 16:58:56,841 259257ms [Err:SEToPromoByTdrUsed(line:67)]- -------------------------------End------------------------------------
[DEBUG] 2018-10-12 16:58:59,881 262298ms [Err:SEToPromoByTdrUsed(line:56)]- -------------------------------START------------------------------------
[DEBUG] 2018-10-12 16:58:59,899 262316ms [Err:SEToPromoByTdrUsed(line:67)]- -------------------------------End------------------------------------
[DEBUG] 2018-10-12 16:59:03,152 265569ms [Err:SEToPromoByTdrUsed(line:56)]- -------------------------------START------------------------------------
[DEBUG] 2018-10-12 16:59:03,171 265588ms [Err:SEToPromoByTdrUsed(line:67)]- -------------------------------End------------------------------------
[DEBUG] 2018-10-12 16:59:11,665 274082ms [Err:SEToPromoByTdrCancel(line:81)]- -------------------------------START------------------------------------
[DEBUG] 2018-10-12 16:59:11,695 274112ms [Err:SEToPromoByTdrCancel(line:92)]- -------------------------------End------------------------------------
[DEBUG] 2018-10-12 16:59:15,215 277632ms [Err:SEToPromoByTdrCancel(line:81)]- -------------------------------START------------------------------------
[DEBUG] 2018-10-12 16:59:15,231 277648ms [Err:SEToPromoByTdrCancel(line:92)]- -------------------------------End------------------------------------
[DEBUG] 2018-10-12 16:59:19,583 282000ms [Err:SEToPromoByTdrCancel(line:81)]- -------------------------------START------------------------------------
[DEBUG] 2018-10-12 16:59:19,600 282017ms [Err:SEToPromoByTdrCancel(line:92)]- -------------------------------End------------------------------------
[DEBUG] 2018-10-12 17:46:57,806 39745ms [Err:SEToPromoByTdrReserve(line:31)]- -------------------------------START------------------------------------
[ERROR] 2018-10-12 17:46:58,300 40239ms [Err:C_SEToReServe(line:96)]- [ReServe]=Object reference not set to an instance of an object.
[DEBUG] 2018-10-12 17:46:58,301 40240ms [Err:SEToPromoByTdrReserve(line:42)]- -------------------------------End------------------------------------
[DEBUG] 2018-10-12 17:48:15,981 25004ms [Err:SEToPromoByTdrReserve(line:31)]- -------------------------------START------------------------------------
[ERROR] 2018-10-12 17:48:16,307 25330ms [Err:C_SEToReServe(line:96)]- [ReServe]=Object reference not set to an instance of an object.
[DEBUG] 2018-10-12 17:48:16,307 25330ms [Err:SEToPromoByTdrReserve(line:42)]- -------------------------------End------------------------------------
[DEBUG] 2018-10-12 17:48:27,714 36737ms [Err:SEToPromoByTdrReserve(line:31)]- -------------------------------START------------------------------------
[ERROR] 2018-10-12 17:48:27,840 36863ms [Err:C_SEToReServe(line:96)]- [ReServe]=Object reference not set to an instance of an object.
[DEBUG] 2018-10-12 17:48:27,841 36864ms [Err:SEToPromoByTdrReserve(line:42)]- -------------------------------End------------------------------------
[DEBUG] 2018-10-12 17:49:01,784 70807ms [Err:SEToPromoByTdrReserve(line:31)]- -------------------------------START------------------------------------
[ERROR] 2018-10-12 17:49:01,908 70931ms [Err:C_SEToReServe(line:96)]- [ReServe]=Object reference not set to an instance of an object.
[DEBUG] 2018-10-12 17:49:01,908 70931ms [Err:SEToPromoByTdrReserve(line:42)]- -------------------------------End------------------------------------
[DEBUG] 2018-10-12 17:49:36,362 105385ms [Err:SEToPromoByTdrReserve(line:31)]- -------------------------------START------------------------------------
[ERROR] 2018-10-12 17:49:36,493 105516ms [Err:C_SEToReServe(line:96)]- [ReServe]=Object reference not set to an instance of an object.
[DEBUG] 2018-10-12 17:49:36,493 105516ms [Err:SEToPromoByTdrReserve(line:42)]- -------------------------------End------------------------------------
[DEBUG] 2018-10-12 17:49:53,919 122942ms [Err:SEToPromoByTdrReserve(line:31)]- -------------------------------START------------------------------------
[ERROR] 2018-10-12 17:54:13,053 382076ms [Err:C_SEToReServe(line:96)]- [ReServe]=The ConnectionString property has not been initialized.
[DEBUG] 2018-10-12 17:54:13,054 382077ms [Err:SEToPromoByTdrReserve(line:42)]- -------------------------------End------------------------------------
[DEBUG] 2018-10-12 17:54:31,158  5046ms [Err:SEToPromoByTdrReserve(line:31)]- -------------------------------START------------------------------------
[DEBUG] 2018-10-12 17:57:23,645 11654ms [Err:SEToPromoByTdrReserve(line:31)]- -------------------------------START------------------------------------
[DEBUG] 2018-10-12 17:57:31,566 19575ms [Err:SEToPromoByTdrReserve(line:42)]- -------------------------------End------------------------------------
[DEBUG] 2018-10-12 17:57:44,448 32457ms [Err:SEToPromoByTdrReserve(line:31)]- -------------------------------START------------------------------------
[ERROR] 2018-10-12 17:57:44,584 32593ms [Err:C_INSoTPSTSalBBYTdr(line:231)]- จองสิทธิ์ส่วนลด ไม่สำเร็จ อาจจะมีอยู่แล้ว
[DEBUG] 2018-10-12 17:57:44,586 32595ms [Err:SEToPromoByTdrReserve(line:42)]- -------------------------------End------------------------------------
[DEBUG] 2018-10-12 17:57:50,784 38793ms [Err:SEToPromoByTdrReserve(line:31)]- -------------------------------START------------------------------------
[ERROR] 2018-10-12 17:57:50,898 38907ms [Err:C_INSoTPSTSalBBYTdr(line:231)]- จองสิทธิ์ส่วนลด ไม่สำเร็จ อาจจะมีอยู่แล้ว
[DEBUG] 2018-10-12 17:57:50,899 38908ms [Err:SEToPromoByTdrReserve(line:42)]- -------------------------------End------------------------------------
[DEBUG] 2018-10-12 17:57:56,638 44646ms [Err:SEToPromoByTdrReserve(line:31)]- -------------------------------START------------------------------------
[ERROR] 2018-10-12 17:57:58,603 46611ms [Err:C_INSoTPSTSalBBYTdr(line:231)]- จองสิทธิ์ส่วนลด ไม่สำเร็จ อาจจะมีอยู่แล้ว
[DEBUG] 2018-10-12 17:57:58,604 46612ms [Err:SEToPromoByTdrReserve(line:42)]- -------------------------------End------------------------------------
[DEBUG] 2018-10-12 17:58:06,268 54277ms [Err:SEToPromoByTdrReserve(line:31)]- -------------------------------START------------------------------------
[DEBUG] 2018-10-12 17:58:06,577 54585ms [Err:SEToPromoByTdrReserve(line:42)]- -------------------------------End------------------------------------
[DEBUG] 2018-10-12 17:58:30,231 78239ms [Err:SEToPromoByTdrReserve(line:31)]- -------------------------------START------------------------------------
[DEBUG] 2018-10-12 17:58:30,265 78273ms [Err:SEToPromoByTdrReserve(line:42)]- -------------------------------End------------------------------------
[DEBUG] 2018-10-12 17:58:33,551 81560ms [Err:SEToPromoByTdrReserve(line:31)]- -------------------------------START------------------------------------
[ERROR] 2018-10-12 17:58:33,656 81665ms [Err:C_INSoTPSTSalBBYTdr(line:231)]- จองสิทธิ์ส่วนลด ไม่สำเร็จ อาจจะมีอยู่แล้ว
[DEBUG] 2018-10-12 17:58:33,657 81666ms [Err:SEToPromoByTdrReserve(line:42)]- -------------------------------End------------------------------------
[DEBUG] 2018-10-12 17:58:36,905 84914ms [Err:SEToPromoByTdrReserve(line:31)]- -------------------------------START------------------------------------
[DEBUG] 2018-10-12 17:58:36,940 84948ms [Err:SEToPromoByTdrReserve(line:42)]- -------------------------------End------------------------------------
[DEBUG] 2018-10-12 17:58:43,809 91818ms [Err:SEToPromoByTdrUsed(line:56)]- -------------------------------START------------------------------------
[DEBUG] 2018-10-12 17:58:43,829 91837ms [Err:SEToPromoByTdrUsed(line:67)]- -------------------------------End------------------------------------
[DEBUG] 2018-10-12 17:58:47,126 95135ms [Err:SEToPromoByTdrCancel(line:81)]- -------------------------------START------------------------------------
[DEBUG] 2018-10-12 17:58:47,147 95156ms [Err:SEToPromoByTdrCancel(line:92)]- -------------------------------End------------------------------------
[DEBUG] 2018-10-12 17:58:52,335 100343ms [Err:SEToPromoByTdrCancel(line:81)]- -------------------------------START------------------------------------
[DEBUG] 2018-10-12 17:58:52,354 100362ms [Err:SEToPromoByTdrCancel(line:92)]- -------------------------------End------------------------------------
