[DEBUG] 2018-10-14 00:06:11,918 20650ms [Err:SEToPromoByTdrReserve(line:31)]- -------------------------------START------------------------------------
[ERROR] 2018-10-14 00:06:12,143 20875ms [Err:C_SEToRESQtaByTdrcs(line:24)]- CrdQuota Limit  บัตรใช้งาน ครบจำนวนแล้ว
[DEBUG] 2018-10-14 00:06:12,144 20876ms [Err:SEToPromoByTdrReserve(line:42)]- -------------------------------End------------------------------------
[DEBUG] 2018-10-14 00:06:17,821 26553ms [Err:SEToPromoByTdrReserve(line:31)]- -------------------------------START------------------------------------
[ERROR] 2018-10-14 00:06:17,837 26569ms [Err:C_SEToRESQtaByTdrcs(line:24)]- จำนวน Quota เกิน Limit
[DEBUG] 2018-10-14 00:06:17,838 26570ms [Err:SEToPromoByTdrReserve(line:42)]- -------------------------------End------------------------------------
[DEBUG] 2018-10-14 00:06:25,303 34036ms [Err:SEToPromoByTdrReserve(line:31)]- -------------------------------START------------------------------------
[ERROR] 2018-10-14 00:06:25,340 34073ms [Err:C_SEToRESQtaByTdrcs(line:43)]- เพิ่มการจองสิทธิ์ส่วนลด สำเร็จ
[DEBUG] 2018-10-14 00:06:25,341 34074ms [Err:SEToPromoByTdrReserve(line:42)]- -------------------------------End------------------------------------
[DEBUG] 2018-10-14 00:06:29,942 38674ms [Err:SEToPromoByTdrReserve(line:31)]- -------------------------------START------------------------------------
[ERROR] 2018-10-14 00:06:30,356 39089ms [Err:C_SEToRESQtaByTdrcs(line:43)]- เพิ่มการจองสิทธิ์ส่วนลด สำเร็จ
[DEBUG] 2018-10-14 00:06:30,357 39090ms [Err:SEToPromoByTdrReserve(line:42)]- -------------------------------End------------------------------------
[DEBUG] 2018-10-14 00:06:32,439 41171ms [Err:SEToPromoByTdrReserve(line:31)]- -------------------------------START------------------------------------
[ERROR] 2018-10-14 00:06:32,463 41195ms [Err:C_SEToRESQtaByTdrcs(line:43)]- เพิ่มการจองสิทธิ์ส่วนลด สำเร็จ
[DEBUG] 2018-10-14 00:06:32,463 41195ms [Err:SEToPromoByTdrReserve(line:42)]- -------------------------------End------------------------------------
[DEBUG] 2018-10-14 00:06:34,990 43723ms [Err:SEToPromoByTdrReserve(line:31)]- -------------------------------START------------------------------------
[ERROR] 2018-10-14 00:06:35,018 43751ms [Err:C_SEToRESQtaByTdrcs(line:43)]- เพิ่มการจองสิทธิ์ส่วนลด สำเร็จ
[DEBUG] 2018-10-14 00:06:35,018 43751ms [Err:SEToPromoByTdrReserve(line:42)]- -------------------------------End------------------------------------
[DEBUG] 2018-10-14 00:06:37,628 46360ms [Err:SEToPromoByTdrReserve(line:31)]- -------------------------------START------------------------------------
[ERROR] 2018-10-14 00:06:37,658 46390ms [Err:C_SEToRESQtaByTdrcs(line:43)]- เพิ่มการจองสิทธิ์ส่วนลด สำเร็จ
[DEBUG] 2018-10-14 00:06:37,659 46391ms [Err:SEToPromoByTdrReserve(line:42)]- -------------------------------End------------------------------------
[DEBUG] 2018-10-14 00:06:41,007 49740ms [Err:SEToPromoByTdrReserve(line:31)]- -------------------------------START------------------------------------
[ERROR] 2018-10-14 00:06:41,021 49754ms [Err:C_SEToRESQtaByTdrcs(line:24)]- จำนวน Quota เกิน Limit
[DEBUG] 2018-10-14 00:06:41,022 49755ms [Err:SEToPromoByTdrReserve(line:42)]- -------------------------------End------------------------------------
[DEBUG] 2018-10-14 00:07:05,792 74525ms [Err:SEToPromoByTdrReserve(line:31)]- -------------------------------START------------------------------------
[ERROR] 2018-10-14 00:07:05,805 74538ms [Err:C_SEToRESQtaByTdrcs(line:24)]- จำนวน Quota เกิน Limit
[DEBUG] 2018-10-14 00:07:05,806 74539ms [Err:SEToPromoByTdrReserve(line:42)]- -------------------------------End------------------------------------
[DEBUG] 2018-10-14 00:07:17,482 86215ms [Err:SEToPromoByTdrReserve(line:31)]- -------------------------------START------------------------------------
[ERROR] 2018-10-14 00:07:17,500 86233ms [Err:C_SEToRESQtaByTdrcs(line:24)]- จำนวน Quota เกิน Limit
[DEBUG] 2018-10-14 00:07:17,500 86233ms [Err:SEToPromoByTdrReserve(line:42)]- -------------------------------End------------------------------------
[DEBUG] 2018-10-14 00:07:25,132 93865ms [Err:SEToPromoByTdrReserve(line:31)]- -------------------------------START------------------------------------
[ERROR] 2018-10-14 00:07:25,151 93884ms [Err:C_SEToRESQtaByTdrcs(line:24)]- จำนวน Quota เกิน Limit
[DEBUG] 2018-10-14 00:07:25,151 93884ms [Err:SEToPromoByTdrReserve(line:42)]- -------------------------------End------------------------------------
[DEBUG] 2018-10-14 00:07:33,921 102654ms [Err:SEToPromoByTdrReserve(line:31)]- -------------------------------START------------------------------------
[ERROR] 2018-10-14 00:07:33,935 102668ms [Err:C_SEToRESQtaByTdrcs(line:24)]- จำนวน Quota เกิน Limit
[DEBUG] 2018-10-14 00:07:33,936 102669ms [Err:SEToPromoByTdrReserve(line:42)]- -------------------------------End------------------------------------
[DEBUG] 2018-10-14 00:07:51,793 120525ms [Err:SEToPromoByTdrReserve(line:31)]- -------------------------------START------------------------------------
[ERROR] 2018-10-14 00:07:51,900 120632ms [Err:C_SEToRESQtaByTdrcs(line:43)]- จองสิทธิ์ส่วนลด ไม่สำเร็จ อาจจะมีอยู่แล้ว หรือใช้ไปแล้ว
[DEBUG] 2018-10-14 00:07:51,900 120632ms [Err:SEToPromoByTdrReserve(line:42)]- -------------------------------End------------------------------------
[DEBUG] 2018-10-14 00:08:19,658 148390ms [Err:SEToPromoByTdrReserve(line:31)]- -------------------------------START------------------------------------
[ERROR] 2018-10-14 00:08:19,675 148407ms [Err:C_SEToRESQtaByTdrcs(line:24)]- จำนวน Quota เกิน Limit
[DEBUG] 2018-10-14 00:08:19,676 148408ms [Err:SEToPromoByTdrReserve(line:42)]- -------------------------------End------------------------------------
[DEBUG] 2018-10-14 00:08:25,185 153918ms [Err:SEToPromoByTdrCancel(line:81)]- -------------------------------START------------------------------------
[ERROR] 2018-10-14 00:08:25,271 154004ms [Err:C_SEToRESQtaByTdrcs(line:24)]- [Cancel] Error=Incorrect syntax near '2018'.
[DEBUG] 2018-10-14 00:08:25,272 154005ms [Err:SEToPromoByTdrCancel(line:92)]- -------------------------------End------------------------------------
[DEBUG] 2018-10-14 00:08:29,468 158200ms [Err:SEToPromoByTdrUsed(line:56)]- -------------------------------START------------------------------------
[ERROR] 2018-10-14 00:08:29,556 158288ms [Err:C_SEToRESQtaByTdrcs(line:24)]- Used Error=Incorrect syntax near '2018'.
[DEBUG] 2018-10-14 00:08:29,558 158290ms [Err:SEToPromoByTdrUsed(line:67)]- -------------------------------End------------------------------------
[DEBUG] 2018-10-14 00:08:35,442 164175ms [Err:SEToPromoByTdrReserve(line:31)]- -------------------------------START------------------------------------
[ERROR] 2018-10-14 00:08:35,459 164192ms [Err:C_SEToRESQtaByTdrcs(line:24)]- จำนวน Quota เกิน Limit
[DEBUG] 2018-10-14 00:08:35,460 164193ms [Err:SEToPromoByTdrReserve(line:42)]- -------------------------------End------------------------------------
[DEBUG] 2018-10-14 00:08:42,451 171184ms [Err:SEToPromoByTdrReserve(line:31)]- -------------------------------START------------------------------------
[ERROR] 2018-10-14 00:08:42,550 171283ms [Err:C_SEToRESQtaByTdrcs(line:43)]- จองสิทธิ์ส่วนลด ไม่สำเร็จ อาจจะมีอยู่แล้ว หรือใช้ไปแล้ว
[DEBUG] 2018-10-14 00:08:42,551 171284ms [Err:SEToPromoByTdrReserve(line:42)]- -------------------------------End------------------------------------
[DEBUG] 2018-10-14 00:08:46,878 175611ms [Err:SEToPromoByTdrReserve(line:31)]- -------------------------------START------------------------------------
[ERROR] 2018-10-14 00:08:46,915 175647ms [Err:C_SEToRESQtaByTdrcs(line:43)]- เพิ่มการจองสิทธิ์ส่วนลด สำเร็จ
[DEBUG] 2018-10-14 00:08:46,915 175647ms [Err:SEToPromoByTdrReserve(line:42)]- -------------------------------End------------------------------------
[DEBUG] 2018-10-14 00:08:52,442 181175ms [Err:SEToPromoByTdrReserve(line:31)]- -------------------------------START------------------------------------
[ERROR] 2018-10-14 00:08:52,553 181286ms [Err:C_SEToRESQtaByTdrcs(line:43)]- จองสิทธิ์ส่วนลด ไม่สำเร็จ อาจจะมีอยู่แล้ว หรือใช้ไปแล้ว
[DEBUG] 2018-10-14 00:08:52,554 181287ms [Err:SEToPromoByTdrReserve(line:42)]- -------------------------------End------------------------------------
[DEBUG] 2018-10-14 00:08:58,384 187117ms [Err:SEToPromoByTdrReserve(line:31)]- -------------------------------START------------------------------------
[ERROR] 2018-10-14 00:08:58,422 187155ms [Err:C_SEToRESQtaByTdrcs(line:43)]- เพิ่มการจองสิทธิ์ส่วนลด สำเร็จ
[DEBUG] 2018-10-14 00:08:58,422 187155ms [Err:SEToPromoByTdrReserve(line:42)]- -------------------------------End------------------------------------
[DEBUG] 2018-10-14 00:09:01,836 190569ms [Err:SEToPromoByTdrUsed(line:56)]- -------------------------------START------------------------------------
[ERROR] 2018-10-14 00:09:01,924 190656ms [Err:C_SEToRESQtaByTdrcs(line:24)]- Used Error=Incorrect syntax near '2018'.
[DEBUG] 2018-10-14 00:09:01,924 190656ms [Err:SEToPromoByTdrUsed(line:67)]- -------------------------------End------------------------------------
[DEBUG] 2018-10-14 00:09:58,781 247514ms [Err:SEToPromoByTdrUsed(line:56)]- -------------------------------START------------------------------------
[ERROR] 2018-10-14 00:09:58,891 247624ms [Err:C_SEToRESQtaByTdrcs(line:24)]- Used Error=Incorrect syntax near '2018'.
[DEBUG] 2018-10-14 00:09:58,891 247624ms [Err:SEToPromoByTdrUsed(line:67)]- -------------------------------End------------------------------------
[DEBUG] 2018-10-14 00:10:20,695 269427ms [Err:SEToPromoByTdrUsed(line:56)]- -------------------------------START------------------------------------
[ERROR] 2018-10-14 00:10:20,782 269514ms [Err:C_SEToRESQtaByTdrcs(line:24)]- Used Error=Incorrect syntax near '2018'.
[DEBUG] 2018-10-14 00:10:20,783 269515ms [Err:SEToPromoByTdrUsed(line:67)]- -------------------------------End------------------------------------
[DEBUG] 2018-10-14 00:10:22,655 271388ms [Err:SEToPromoByTdrUsed(line:56)]- -------------------------------START------------------------------------
[ERROR] 2018-10-14 00:10:22,741 271474ms [Err:C_SEToRESQtaByTdrcs(line:24)]- Used Error=Incorrect syntax near '2018'.
[DEBUG] 2018-10-14 00:10:22,742 271475ms [Err:SEToPromoByTdrUsed(line:67)]- -------------------------------End------------------------------------
[DEBUG] 2018-10-14 00:10:24,125 272857ms [Err:SEToPromoByTdrUsed(line:56)]- -------------------------------START------------------------------------
[ERROR] 2018-10-14 00:10:24,219 272951ms [Err:C_SEToRESQtaByTdrcs(line:24)]- Used Error=Incorrect syntax near '2018'.
[DEBUG] 2018-10-14 00:10:24,219 272951ms [Err:SEToPromoByTdrUsed(line:67)]- -------------------------------End------------------------------------
[DEBUG] 2018-10-14 00:10:31,206 279938ms [Err:SEToPromoByTdrUsed(line:56)]- -------------------------------START------------------------------------
[ERROR] 2018-10-14 00:10:31,291 280023ms [Err:C_SEToRESQtaByTdrcs(line:24)]- Used Error=Incorrect syntax near '2018'.
[DEBUG] 2018-10-14 00:10:31,291 280023ms [Err:SEToPromoByTdrUsed(line:67)]- -------------------------------End------------------------------------
[DEBUG] 2018-10-14 00:10:43,198 291931ms [Err:SEToPromoByTdrUsed(line:56)]- -------------------------------START------------------------------------
[ERROR] 2018-10-14 00:10:43,286 292019ms [Err:C_SEToRESQtaByTdrcs(line:24)]- Used Error=Incorrect syntax near '2018'.
[DEBUG] 2018-10-14 00:10:43,287 292020ms [Err:SEToPromoByTdrUsed(line:67)]- -------------------------------End------------------------------------
[DEBUG] 2018-10-14 00:15:35,948 26557ms [Err:SEToPromoByTdrReserve(line:31)]- -------------------------------START------------------------------------
[ERROR] 2018-10-14 00:15:36,147 26756ms [Err:C_SEToRESQtaByTdrcs(line:43)]- เพิ่มการจองสิทธิ์ส่วนลด สำเร็จ
[DEBUG] 2018-10-14 00:15:36,150 26759ms [Err:SEToPromoByTdrReserve(line:42)]- -------------------------------End------------------------------------
[DEBUG] 2018-10-14 00:15:38,613 29223ms [Err:SEToPromoByTdrUsed(line:56)]- -------------------------------START------------------------------------
[ERROR] 2018-10-14 00:17:44,508 155117ms [Err:C_SEToRESQtaByTdrcs(line:0)]- Used Error=Incorrect syntax near '2018'.
[DEBUG] 2018-10-14 00:17:46,519 157128ms [Err:SEToPromoByTdrUsed(line:0)]- -------------------------------End------------------------------------
[DEBUG] 2018-10-14 00:18:13,867 11755ms [Err:SEToPromoByTdrReserve(line:31)]- -------------------------------START------------------------------------
[ERROR] 2018-10-14 00:18:14,156 12044ms [Err:C_SEToRESQtaByTdrcs(line:43)]- จองสิทธิ์ส่วนลด ไม่สำเร็จ อาจจะมีอยู่แล้ว หรือใช้ไปแล้ว
[DEBUG] 2018-10-14 00:18:14,157 12045ms [Err:SEToPromoByTdrReserve(line:42)]- -------------------------------End------------------------------------
[DEBUG] 2018-10-14 00:18:16,908 14796ms [Err:SEToPromoByTdrUsed(line:56)]- -------------------------------START------------------------------------
[ERROR] 2018-10-14 00:18:19,309 17197ms [Err:C_SEToRESQtaByTdrcs(line:24)]- ยืนยันการใช่สิทธิ์ สำเร็จ
[DEBUG] 2018-10-14 00:18:19,310 17198ms [Err:SEToPromoByTdrUsed(line:67)]- -------------------------------End------------------------------------
[DEBUG] 2018-10-14 15:54:44,942 1043287ms [Err:SEToPromoByTdrReserve(line:30)]- -------------------------------START------------------------------------
[ERROR] 2018-10-14 15:54:45,810 1044155ms [Err:C_SEToRESQtaByTdrcs(line:43)]- จองสิทธิ์ส่วนลด ไม่สำเร็จ อาจจะมีอยู่แล้ว หรือใช้ไปแล้ว
[DEBUG] 2018-10-14 15:54:45,812 1044157ms [Err:SEToPromoByTdrReserve(line:41)]- -------------------------------End------------------------------------
[DEBUG] 2018-10-14 15:55:06,478 1064823ms [Err:SEToPromoByTdrReserve(line:30)]- -------------------------------START------------------------------------
[ERROR] 2018-10-14 15:55:06,914 1065259ms [Err:C_SEToRESQtaByTdrcs(line:43)]- เพิ่มการจองสิทธิ์ส่วนลด สำเร็จ
[DEBUG] 2018-10-14 15:55:06,915 1065260ms [Err:SEToPromoByTdrReserve(line:41)]- -------------------------------End------------------------------------
[DEBUG] 2018-10-14 15:55:21,288 1079633ms [Err:SEToPromoByTdrReserve(line:30)]- -------------------------------START------------------------------------
[ERROR] 2018-10-14 15:55:21,378 1079723ms [Err:C_SEToRESQtaByTdrcs(line:43)]- จองสิทธิ์ส่วนลด ไม่สำเร็จ อาจจะมีอยู่แล้ว หรือใช้ไปแล้ว
[DEBUG] 2018-10-14 15:55:21,378 1079723ms [Err:SEToPromoByTdrReserve(line:41)]- -------------------------------End------------------------------------
[DEBUG] 2018-10-14 15:55:30,291 1088636ms [Err:SEToPromoByTdrReserve(line:30)]- -------------------------------START------------------------------------
[ERROR] 2018-10-14 15:55:30,736 1089081ms [Err:C_SEToRESQtaByTdrcs(line:43)]- เพิ่มการจองสิทธิ์ส่วนลด สำเร็จ
[DEBUG] 2018-10-14 15:55:30,737 1089082ms [Err:SEToPromoByTdrReserve(line:41)]- -------------------------------End------------------------------------
[DEBUG] 2018-10-14 15:55:40,640 1098985ms [Err:SEToPromoByTdrReserve(line:30)]- -------------------------------START------------------------------------
[ERROR] 2018-10-14 15:55:40,734 1099079ms [Err:C_SEToRESQtaByTdrcs(line:43)]- จองสิทธิ์ส่วนลด ไม่สำเร็จ อาจจะมีอยู่แล้ว หรือใช้ไปแล้ว
[DEBUG] 2018-10-14 15:55:40,734 1099079ms [Err:SEToPromoByTdrReserve(line:41)]- -------------------------------End------------------------------------
[DEBUG] 2018-10-14 15:55:45,496 1103841ms [Err:SEToPromoByTdrReserve(line:30)]- -------------------------------START------------------------------------
[ERROR] 2018-10-14 15:55:45,521 1103866ms [Err:C_SEToRESQtaByTdrcs(line:43)]- เพิ่มการจองสิทธิ์ส่วนลด สำเร็จ
[DEBUG] 2018-10-14 15:55:45,522 1103867ms [Err:SEToPromoByTdrReserve(line:41)]- -------------------------------End------------------------------------
[DEBUG] 2018-10-14 15:56:06,622 1124967ms [Err:SEToPromoByTdrReserve(line:30)]- -------------------------------START------------------------------------
[ERROR] 2018-10-14 15:57:27,289 1205634ms [Err:C_SEToRESQtaByTdrcs(line:24)]- CrdQuota Limit  บัตรใช้งาน ครบจำนวนแล้ว
[DEBUG] 2018-10-14 15:57:27,290 1205635ms [Err:SEToPromoByTdrReserve(line:41)]- -------------------------------End------------------------------------
[DEBUG] 2018-10-14 15:58:36,510 1274855ms [Err:SEToPromoByTdrReserve(line:30)]- -------------------------------START------------------------------------
[ERROR] 2018-10-14 16:00:08,203 1366549ms [Err:C_SEToRESQtaByTdrcs(line:24)]- CrdQuota Limit  บัตรใช้งาน ครบจำนวนแล้ว
[DEBUG] 2018-10-14 16:00:08,204 1366550ms [Err:SEToPromoByTdrReserve(line:41)]- -------------------------------End------------------------------------
[DEBUG] 2018-10-14 16:01:41,094   839ms [Err:SEToPromoByTdrReserve(line:30)]- -------------------------------START------------------------------------
[ERROR] 2018-10-14 16:01:54,375 14119ms [Err:C_SEToRESQtaByTdrcs(line:24)]- CrdQuota Limit  บัตรใช้งาน ครบจำนวนแล้ว
[DEBUG] 2018-10-14 16:01:54,376 14120ms [Err:SEToPromoByTdrReserve(line:41)]- -------------------------------End------------------------------------
[DEBUG] 2018-10-14 16:10:02,768 30694ms [Err:SEToPromoByTdrReserve(line:31)]- -------------------------------START------------------------------------
[ERROR] 2018-10-14 16:10:02,944 30870ms [Err:C_SEToRESQtaByTdrcs(line:24)]- CrdQuota Limit  บัตรใช้งาน ครบจำนวนแล้ว
[DEBUG] 2018-10-14 16:10:02,946 30872ms [Err:SEToPromoByTdrReserve(line:36)]- -------------------------------End------------------------------------
[DEBUG] 2018-10-14 16:10:09,081 37007ms [Err:SEToPromoByTdrReserve(line:31)]- -------------------------------START------------------------------------
[ERROR] 2018-10-14 16:10:09,527 37453ms [Err:C_SEToRESQtaByTdrcs(line:43)]- เพิ่มการจองสิทธิ์ส่วนลด สำเร็จ
[DEBUG] 2018-10-14 16:10:09,529 37455ms [Err:SEToPromoByTdrReserve(line:36)]- -------------------------------End------------------------------------
[DEBUG] 2018-10-14 16:10:11,521 39447ms [Err:SEToPromoByTdrReserve(line:31)]- -------------------------------START------------------------------------
[ERROR] 2018-10-14 16:10:11,534 39460ms [Err:C_SEToRESQtaByTdrcs(line:24)]- จำนวน Quota เกิน Limit
[DEBUG] 2018-10-14 16:10:11,535 39461ms [Err:SEToPromoByTdrReserve(line:36)]- -------------------------------End------------------------------------
[DEBUG] 2018-10-14 16:11:55,120 143046ms [Err:SEToPromoByTdrReserve(line:31)]- -------------------------------START------------------------------------
[ERROR] 2018-10-14 16:11:55,147 143073ms [Err:C_SEToRESQtaByTdrcs(line:43)]- เพิ่มการจองสิทธิ์ส่วนลด สำเร็จ
[DEBUG] 2018-10-14 16:11:55,148 143074ms [Err:SEToPromoByTdrReserve(line:36)]- -------------------------------End------------------------------------
[DEBUG] 2018-10-14 16:11:59,454 147380ms [Err:SEToPromoByTdrReserve(line:31)]- -------------------------------START------------------------------------
[ERROR] 2018-10-14 16:11:59,487 147414ms [Err:C_SEToRESQtaByTdrcs(line:43)]- เพิ่มการจองสิทธิ์ส่วนลด สำเร็จ
[DEBUG] 2018-10-14 16:11:59,487 147414ms [Err:SEToPromoByTdrReserve(line:36)]- -------------------------------End------------------------------------
[DEBUG] 2018-10-14 16:12:02,246 150172ms [Err:SEToPromoByTdrReserve(line:31)]- -------------------------------START------------------------------------
[ERROR] 2018-10-14 16:12:02,270 150196ms [Err:C_SEToRESQtaByTdrcs(line:43)]- เพิ่มการจองสิทธิ์ส่วนลด สำเร็จ
[DEBUG] 2018-10-14 16:12:02,271 150197ms [Err:SEToPromoByTdrReserve(line:36)]- -------------------------------End------------------------------------
[DEBUG] 2018-10-14 16:12:05,571 153497ms [Err:SEToPromoByTdrReserve(line:31)]- -------------------------------START------------------------------------
[ERROR] 2018-10-14 16:12:05,587 153513ms [Err:C_SEToRESQtaByTdrcs(line:24)]- CrdQuota Limit  บัตรใช้งาน ครบจำนวนแล้ว
[DEBUG] 2018-10-14 16:12:05,587 153513ms [Err:SEToPromoByTdrReserve(line:36)]- -------------------------------End------------------------------------
[DEBUG] 2018-10-14 16:12:11,214 159140ms [Err:SEToPromoByTdrReserve(line:31)]- -------------------------------START------------------------------------
[ERROR] 2018-10-14 16:12:11,240 159166ms [Err:C_SEToRESQtaByTdrcs(line:43)]- เพิ่มการจองสิทธิ์ส่วนลด สำเร็จ
[DEBUG] 2018-10-14 16:12:11,241 159167ms [Err:SEToPromoByTdrReserve(line:36)]- -------------------------------End------------------------------------
[DEBUG] 2018-10-14 16:12:16,168 164094ms [Err:SEToPromoByTdrReserve(line:31)]- -------------------------------START------------------------------------
[ERROR] 2018-10-14 16:12:16,273 164199ms [Err:C_SEToRESQtaByTdrcs(line:43)]- จองสิทธิ์ส่วนลด ไม่สำเร็จ อาจจะมีอยู่แล้ว หรือใช้ไปแล้ว
[DEBUG] 2018-10-14 16:12:16,274 164200ms [Err:SEToPromoByTdrReserve(line:36)]- -------------------------------End------------------------------------
[DEBUG] 2018-10-14 16:12:19,133 167059ms [Err:SEToPromoByTdrReserve(line:31)]- -------------------------------START------------------------------------
[ERROR] 2018-10-14 16:12:19,159 167085ms [Err:C_SEToRESQtaByTdrcs(line:43)]- เพิ่มการจองสิทธิ์ส่วนลด สำเร็จ
[DEBUG] 2018-10-14 16:12:19,160 167086ms [Err:SEToPromoByTdrReserve(line:36)]- -------------------------------End------------------------------------
[DEBUG] 2018-10-14 16:12:26,560 174486ms [Err:SEToPromoByTdrReserve(line:31)]- -------------------------------START------------------------------------
[ERROR] 2018-10-14 16:12:26,577 174503ms [Err:C_SEToRESQtaByTdrcs(line:24)]- จำนวน Quota เกิน Limit
[DEBUG] 2018-10-14 16:12:26,578 174504ms [Err:SEToPromoByTdrReserve(line:36)]- -------------------------------End------------------------------------
[DEBUG] 2018-10-14 16:12:34,807 182733ms [Err:SEToPromoByTdrReserve(line:31)]- -------------------------------START------------------------------------
[ERROR] 2018-10-14 16:12:34,835 182761ms [Err:C_SEToRESQtaByTdrcs(line:43)]- เพิ่มการจองสิทธิ์ส่วนลด สำเร็จ
[DEBUG] 2018-10-14 16:12:34,836 182762ms [Err:SEToPromoByTdrReserve(line:36)]- -------------------------------End------------------------------------
[DEBUG] 2018-10-14 16:12:38,504 186431ms [Err:SEToPromoByTdrReserve(line:31)]- -------------------------------START------------------------------------
[ERROR] 2018-10-14 16:12:38,528 186455ms [Err:C_SEToRESQtaByTdrcs(line:43)]- เพิ่มการจองสิทธิ์ส่วนลด สำเร็จ
[DEBUG] 2018-10-14 16:12:38,529 186456ms [Err:SEToPromoByTdrReserve(line:36)]- -------------------------------End------------------------------------
[DEBUG] 2018-10-14 16:12:41,319 189245ms [Err:SEToPromoByTdrReserve(line:31)]- -------------------------------START------------------------------------
[ERROR] 2018-10-14 16:12:41,343 189269ms [Err:C_SEToRESQtaByTdrcs(line:43)]- เพิ่มการจองสิทธิ์ส่วนลด สำเร็จ
[DEBUG] 2018-10-14 16:12:41,344 189270ms [Err:SEToPromoByTdrReserve(line:36)]- -------------------------------End------------------------------------
[DEBUG] 2018-10-14 16:12:44,920 192846ms [Err:SEToPromoByTdrReserve(line:31)]- -------------------------------START------------------------------------
[ERROR] 2018-10-14 16:12:44,945 192871ms [Err:C_SEToRESQtaByTdrcs(line:43)]- เพิ่มการจองสิทธิ์ส่วนลด สำเร็จ
[DEBUG] 2018-10-14 16:12:44,946 192872ms [Err:SEToPromoByTdrReserve(line:36)]- -------------------------------End------------------------------------
[DEBUG] 2018-10-14 16:14:56,184 324110ms [Err:SEToPromoByTdrReserve(line:31)]- -------------------------------START------------------------------------
[ERROR] 2018-10-14 16:14:56,297 324223ms [Err:C_SEToRESQtaByTdrcs(line:43)]- จองสิทธิ์ส่วนลด ไม่สำเร็จ อาจจะมีอยู่แล้ว หรือใช้ไปแล้ว
[DEBUG] 2018-10-14 16:14:56,298 324224ms [Err:SEToPromoByTdrReserve(line:36)]- -------------------------------End------------------------------------
[DEBUG] 2018-10-14 16:14:56,604 324530ms [Err:SEToPromoByTdrReserve(line:31)]- -------------------------------START------------------------------------
[ERROR] 2018-10-14 16:14:56,706 324632ms [Err:C_SEToRESQtaByTdrcs(line:43)]- จองสิทธิ์ส่วนลด ไม่สำเร็จ อาจจะมีอยู่แล้ว หรือใช้ไปแล้ว
[DEBUG] 2018-10-14 16:14:56,707 324633ms [Err:SEToPromoByTdrReserve(line:36)]- -------------------------------End------------------------------------
[DEBUG] 2018-10-14 16:15:07,211 335137ms [Err:SEToPromoByTdrReserve(line:31)]- -------------------------------START------------------------------------
[ERROR] 2018-10-14 16:15:07,237 335163ms [Err:C_SEToRESQtaByTdrcs(line:43)]- เพิ่มการจองสิทธิ์ส่วนลด สำเร็จ
[DEBUG] 2018-10-14 16:15:07,237 335163ms [Err:SEToPromoByTdrReserve(line:36)]- -------------------------------End------------------------------------
[DEBUG] 2018-10-14 16:15:17,779 345706ms [Err:SEToPromoByTdrReserve(line:31)]- -------------------------------START------------------------------------
[ERROR] 2018-10-14 16:15:17,792 345719ms [Err:C_SEToRESQtaByTdrcs(line:24)]- จำนวน Quota เกิน Limit
[DEBUG] 2018-10-14 16:15:17,793 345720ms [Err:SEToPromoByTdrReserve(line:36)]- -------------------------------End------------------------------------
[DEBUG] 2018-10-14 16:16:28,894 416820ms [Err:SEToPromoByTdrReserve(line:31)]- -------------------------------START------------------------------------
[ERROR] 2018-10-14 16:16:28,919 416845ms [Err:C_SEToRESQtaByTdrcs(line:43)]- เพิ่มการจองสิทธิ์ส่วนลด สำเร็จ
[DEBUG] 2018-10-14 16:16:28,919 416845ms [Err:SEToPromoByTdrReserve(line:36)]- -------------------------------End------------------------------------
[DEBUG] 2018-10-14 16:16:34,521 422447ms [Err:SEToPromoByTdrReserve(line:31)]- -------------------------------START------------------------------------
[ERROR] 2018-10-14 16:16:34,547 422473ms [Err:C_SEToRESQtaByTdrcs(line:43)]- เพิ่มการจองสิทธิ์ส่วนลด สำเร็จ
[DEBUG] 2018-10-14 16:16:34,547 422473ms [Err:SEToPromoByTdrReserve(line:36)]- -------------------------------End------------------------------------
[DEBUG] 2018-10-14 16:16:40,398 428325ms [Err:SEToPromoByTdrReserve(line:31)]- -------------------------------START------------------------------------
[ERROR] 2018-10-14 16:16:40,428 428355ms [Err:C_SEToRESQtaByTdrcs(line:43)]- เพิ่มการจองสิทธิ์ส่วนลด สำเร็จ
[DEBUG] 2018-10-14 16:16:40,429 428356ms [Err:SEToPromoByTdrReserve(line:36)]- -------------------------------End------------------------------------
[DEBUG] 2018-10-14 16:16:43,279 431205ms [Err:SEToPromoByTdrReserve(line:31)]- -------------------------------START------------------------------------
[ERROR] 2018-10-14 16:16:43,306 431232ms [Err:C_SEToRESQtaByTdrcs(line:43)]- เพิ่มการจองสิทธิ์ส่วนลด สำเร็จ
[DEBUG] 2018-10-14 16:16:43,306 431232ms [Err:SEToPromoByTdrReserve(line:36)]- -------------------------------End------------------------------------
[DEBUG] 2018-10-14 16:16:46,254 434181ms [Err:SEToPromoByTdrReserve(line:31)]- -------------------------------START------------------------------------
[ERROR] 2018-10-14 16:16:46,295 434222ms [Err:C_SEToRESQtaByTdrcs(line:43)]- เพิ่มการจองสิทธิ์ส่วนลด สำเร็จ
[DEBUG] 2018-10-14 16:16:46,295 434222ms [Err:SEToPromoByTdrReserve(line:36)]- -------------------------------End------------------------------------
[DEBUG] 2018-10-14 16:16:50,079 438005ms [Err:SEToPromoByTdrReserve(line:31)]- -------------------------------START------------------------------------
[ERROR] 2018-10-14 16:16:50,092 438018ms [Err:C_SEToRESQtaByTdrcs(line:24)]- จำนวน Quota เกิน Limit
[DEBUG] 2018-10-14 16:16:50,093 438019ms [Err:SEToPromoByTdrReserve(line:36)]- -------------------------------End------------------------------------
[DEBUG] 2018-10-14 16:17:33,616 481542ms [Err:SEToPromoByTdrReserve(line:31)]- -------------------------------START------------------------------------
[ERROR] 2018-10-14 16:17:33,642 481568ms [Err:C_SEToRESQtaByTdrcs(line:43)]- เพิ่มการจองสิทธิ์ส่วนลด สำเร็จ
[DEBUG] 2018-10-14 16:17:33,643 481569ms [Err:SEToPromoByTdrReserve(line:36)]- -------------------------------End------------------------------------
[DEBUG] 2018-10-14 16:17:39,441 487367ms [Err:SEToPromoByTdrReserve(line:31)]- -------------------------------START------------------------------------
[ERROR] 2018-10-14 16:17:39,465 487391ms [Err:C_SEToRESQtaByTdrcs(line:43)]- เพิ่มการจองสิทธิ์ส่วนลด สำเร็จ
[DEBUG] 2018-10-14 16:17:39,465 487391ms [Err:SEToPromoByTdrReserve(line:36)]- -------------------------------End------------------------------------
[DEBUG] 2018-10-14 16:17:44,321 492247ms [Err:SEToPromoByTdrReserve(line:31)]- -------------------------------START------------------------------------
[ERROR] 2018-10-14 16:17:44,347 492273ms [Err:C_SEToRESQtaByTdrcs(line:43)]- เพิ่มการจองสิทธิ์ส่วนลด สำเร็จ
[DEBUG] 2018-10-14 16:17:44,348 492274ms [Err:SEToPromoByTdrReserve(line:36)]- -------------------------------End------------------------------------
[DEBUG] 2018-10-14 16:17:49,400 497326ms [Err:SEToPromoByTdrReserve(line:31)]- -------------------------------START------------------------------------
[ERROR] 2018-10-14 16:17:49,425 497351ms [Err:C_SEToRESQtaByTdrcs(line:43)]- เพิ่มการจองสิทธิ์ส่วนลด สำเร็จ
[DEBUG] 2018-10-14 16:17:49,426 497352ms [Err:SEToPromoByTdrReserve(line:36)]- -------------------------------End------------------------------------
[DEBUG] 2018-10-14 16:17:55,426 503352ms [Err:SEToPromoByTdrReserve(line:31)]- -------------------------------START------------------------------------
[ERROR] 2018-10-14 16:17:55,451 503377ms [Err:C_SEToRESQtaByTdrcs(line:43)]- เพิ่มการจองสิทธิ์ส่วนลด สำเร็จ
[DEBUG] 2018-10-14 16:17:55,451 503377ms [Err:SEToPromoByTdrReserve(line:36)]- -------------------------------End------------------------------------
[DEBUG] 2018-10-14 16:17:58,944 506871ms [Err:SEToPromoByTdrReserve(line:31)]- -------------------------------START------------------------------------
[ERROR] 2018-10-14 16:17:58,968 506895ms [Err:C_SEToRESQtaByTdrcs(line:43)]- เพิ่มการจองสิทธิ์ส่วนลด สำเร็จ
[DEBUG] 2018-10-14 16:17:58,969 506896ms [Err:SEToPromoByTdrReserve(line:36)]- -------------------------------End------------------------------------
[DEBUG] 2018-10-14 16:18:23,577 531503ms [Err:SEToPromoByTdrReserve(line:31)]- -------------------------------START------------------------------------
[ERROR] 2018-10-14 16:18:23,675 531601ms [Err:C_SEToRESQtaByTdrcs(line:43)]- จองสิทธิ์ส่วนลด ไม่สำเร็จ อาจจะมีอยู่แล้ว หรือใช้ไปแล้ว
[DEBUG] 2018-10-14 16:18:23,675 531601ms [Err:SEToPromoByTdrReserve(line:36)]- -------------------------------End------------------------------------
[DEBUG] 2018-10-14 16:18:27,763 535689ms [Err:SEToPromoByTdrReserve(line:31)]- -------------------------------START------------------------------------
[ERROR] 2018-10-14 16:18:27,789 535715ms [Err:C_SEToRESQtaByTdrcs(line:43)]- เพิ่มการจองสิทธิ์ส่วนลด สำเร็จ
[DEBUG] 2018-10-14 16:18:27,790 535716ms [Err:SEToPromoByTdrReserve(line:36)]- -------------------------------End------------------------------------
[DEBUG] 2018-10-14 16:18:30,628 538554ms [Err:SEToPromoByTdrReserve(line:31)]- -------------------------------START------------------------------------
[ERROR] 2018-10-14 16:18:30,652 538578ms [Err:C_SEToRESQtaByTdrcs(line:43)]- เพิ่มการจองสิทธิ์ส่วนลด สำเร็จ
[DEBUG] 2018-10-14 16:18:30,652 538578ms [Err:SEToPromoByTdrReserve(line:36)]- -------------------------------End------------------------------------
[DEBUG] 2018-10-14 16:18:36,107 544033ms [Err:SEToPromoByTdrReserve(line:31)]- -------------------------------START------------------------------------
[ERROR] 2018-10-14 16:18:36,132 544058ms [Err:C_SEToRESQtaByTdrcs(line:43)]- เพิ่มการจองสิทธิ์ส่วนลด สำเร็จ
[DEBUG] 2018-10-14 16:18:36,133 544059ms [Err:SEToPromoByTdrReserve(line:36)]- -------------------------------End------------------------------------
[DEBUG] 2018-10-14 16:18:39,130 547056ms [Err:SEToPromoByTdrReserve(line:31)]- -------------------------------START------------------------------------
[ERROR] 2018-10-14 16:18:39,155 547081ms [Err:C_SEToRESQtaByTdrcs(line:43)]- เพิ่มการจองสิทธิ์ส่วนลด สำเร็จ
[DEBUG] 2018-10-14 16:18:39,156 547082ms [Err:SEToPromoByTdrReserve(line:36)]- -------------------------------End------------------------------------
[DEBUG] 2018-10-14 16:18:41,986 549912ms [Err:SEToPromoByTdrReserve(line:31)]- -------------------------------START------------------------------------
[ERROR] 2018-10-14 16:18:42,010 549936ms [Err:C_SEToRESQtaByTdrcs(line:43)]- เพิ่มการจองสิทธิ์ส่วนลด สำเร็จ
[DEBUG] 2018-10-14 16:18:42,010 549936ms [Err:SEToPromoByTdrReserve(line:36)]- -------------------------------End------------------------------------
[DEBUG] 2018-10-14 16:18:47,603 555529ms [Err:SEToPromoByTdrReserve(line:31)]- -------------------------------START------------------------------------
[ERROR] 2018-10-14 16:18:47,627 555553ms [Err:C_SEToRESQtaByTdrcs(line:43)]- เพิ่มการจองสิทธิ์ส่วนลด สำเร็จ
[DEBUG] 2018-10-14 16:18:47,628 555554ms [Err:SEToPromoByTdrReserve(line:36)]- -------------------------------End------------------------------------
[DEBUG] 2018-10-14 16:18:50,778 558704ms [Err:SEToPromoByTdrReserve(line:31)]- -------------------------------START------------------------------------
[ERROR] 2018-10-14 16:18:50,802 558728ms [Err:C_SEToRESQtaByTdrcs(line:43)]- เพิ่มการจองสิทธิ์ส่วนลด สำเร็จ
[DEBUG] 2018-10-14 16:18:50,803 558729ms [Err:SEToPromoByTdrReserve(line:36)]- -------------------------------End------------------------------------
[DEBUG] 2018-10-14 16:18:53,562 561488ms [Err:SEToPromoByTdrReserve(line:31)]- -------------------------------START------------------------------------
[ERROR] 2018-10-14 16:18:53,585 561512ms [Err:C_SEToRESQtaByTdrcs(line:43)]- เพิ่มการจองสิทธิ์ส่วนลด สำเร็จ
[DEBUG] 2018-10-14 16:18:53,586 561513ms [Err:SEToPromoByTdrReserve(line:36)]- -------------------------------End------------------------------------
[DEBUG] 2018-10-14 16:19:00,300 568226ms [Err:SEToPromoByTdrReserve(line:31)]- -------------------------------START------------------------------------
[ERROR] 2018-10-14 16:19:00,329 568255ms [Err:C_SEToRESQtaByTdrcs(line:43)]- เพิ่มการจองสิทธิ์ส่วนลด สำเร็จ
[DEBUG] 2018-10-14 16:19:00,329 568255ms [Err:SEToPromoByTdrReserve(line:36)]- -------------------------------End------------------------------------
[DEBUG] 2018-10-14 16:19:10,628 578554ms [Err:SEToPromoByTdrReserve(line:31)]- -------------------------------START------------------------------------
[ERROR] 2018-10-14 16:19:10,641 578567ms [Err:C_SEToRESQtaByTdrcs(line:24)]- จำนวน Quota เกิน Limit
[DEBUG] 2018-10-14 16:19:10,642 578568ms [Err:SEToPromoByTdrReserve(line:36)]- -------------------------------End------------------------------------
[DEBUG] 2018-10-14 16:20:47,743 675669ms [Err:SEToPromoByTdrReserve(line:31)]- -------------------------------START------------------------------------
[ERROR] 2018-10-14 16:20:47,757 675683ms [Err:C_SEToRESQtaByTdrcs(line:24)]- จำนวน Quota เกิน Limit
[DEBUG] 2018-10-14 16:20:47,757 675683ms [Err:SEToPromoByTdrReserve(line:36)]- -------------------------------End------------------------------------
[DEBUG] 2018-10-14 16:20:53,356 681282ms [Err:SEToPromoByTdrReserve(line:31)]- -------------------------------START------------------------------------
[ERROR] 2018-10-14 16:20:53,371 681297ms [Err:C_SEToRESQtaByTdrcs(line:24)]- จำนวน Quota เกิน Limit
[DEBUG] 2018-10-14 16:20:53,372 681298ms [Err:SEToPromoByTdrReserve(line:36)]- -------------------------------End------------------------------------
[DEBUG] 2018-10-14 16:21:03,750 691676ms [Err:SEToPromoByTdrReserve(line:31)]- -------------------------------START------------------------------------
[ERROR] 2018-10-14 16:21:03,775 691701ms [Err:C_SEToRESQtaByTdrcs(line:43)]- เพิ่มการจองสิทธิ์ส่วนลด สำเร็จ
[DEBUG] 2018-10-14 16:21:03,776 691702ms [Err:SEToPromoByTdrReserve(line:36)]- -------------------------------End------------------------------------
[DEBUG] 2018-10-14 16:21:07,702 695628ms [Err:SEToPromoByTdrReserve(line:31)]- -------------------------------START------------------------------------
[ERROR] 2018-10-14 16:21:07,718 695644ms [Err:C_SEToRESQtaByTdrcs(line:24)]- จำนวน Quota เกิน Limit
[DEBUG] 2018-10-14 16:21:07,719 695645ms [Err:SEToPromoByTdrReserve(line:36)]- -------------------------------End------------------------------------
[DEBUG] 2018-10-14 21:43:08,167 87758ms [Err:SEToPromoByTdrReserve(line:32)]- -------------------------------START------------------------------------
[ERROR] 2018-10-14 21:43:08,449 88040ms [Err:C_SEToRESQtaByTdrcs(line:43)]- เพิ่มการจองสิทธิ์ส่วนลด สำเร็จ
[DEBUG] 2018-10-14 21:43:08,451 88042ms [Err:SEToPromoByTdrReserve(line:37)]- -------------------------------End------------------------------------
[DEBUG] 2018-10-14 21:43:15,866 95457ms [Err:SEToPromoByTdrReserve(line:32)]- -------------------------------START------------------------------------
[ERROR] 2018-10-14 21:43:15,890 95481ms [Err:C_SEToRESQtaByTdrcs(line:43)]- เพิ่มการจองสิทธิ์ส่วนลด สำเร็จ
[DEBUG] 2018-10-14 21:43:15,891 95482ms [Err:SEToPromoByTdrReserve(line:37)]- -------------------------------End------------------------------------
[DEBUG] 2018-10-14 21:43:18,308 97899ms [Err:SEToPromoByTdrUsed(line:51)]- -------------------------------START------------------------------------
[ERROR] 2018-10-14 21:43:18,334 97925ms [Err:C_SEToRESQtaByTdrcs(line:24)]- ยืนยันการใช่สิทธิ์ สำเร็จ
[DEBUG] 2018-10-14 21:43:18,335 97926ms [Err:SEToPromoByTdrUsed(line:56)]- -------------------------------End------------------------------------
[DEBUG] 2018-10-14 21:43:20,677 100267ms [Err:SEToPromoByTdrCancel(line:70)]- -------------------------------START------------------------------------
[ERROR] 2018-10-14 21:43:20,695 100285ms [Err:C_SEToRESQtaByTdrcs(line:24)]- ยกเลิกการจอง ไม่สำเร็จ
[DEBUG] 2018-10-14 21:43:20,696 100286ms [Err:SEToPromoByTdrCancel(line:75)]- -------------------------------End------------------------------------
[DEBUG] 2018-10-14 21:43:24,395 103986ms [Err:SEToPromoByTdrReserve(line:32)]- -------------------------------START------------------------------------
[ERROR] 2018-10-14 21:43:24,521 104112ms [Err:C_SEToRESQtaByTdrcs(line:43)]- จองสิทธิ์ส่วนลด ไม่สำเร็จ อาจจะมีอยู่แล้ว หรือใช้ไปแล้ว
[DEBUG] 2018-10-14 21:43:24,522 104113ms [Err:SEToPromoByTdrReserve(line:37)]- -------------------------------End------------------------------------
[DEBUG] 2018-10-14 21:43:26,923 106514ms [Err:SEToPromoByTdrUsed(line:51)]- -------------------------------START------------------------------------
[ERROR] 2018-10-14 21:43:26,937 106528ms [Err:C_SEToRESQtaByTdrcs(line:24)]- ยืนยันการใช่สิทธิ์ ไม่สำเร็จ
[DEBUG] 2018-10-14 21:43:26,937 106528ms [Err:SEToPromoByTdrUsed(line:56)]- -------------------------------End------------------------------------
[DEBUG] 2018-10-14 21:43:40,508 120099ms [Err:SEToPromoByTdrUsed(line:51)]- -------------------------------START------------------------------------
[ERROR] 2018-10-14 21:43:40,521 120112ms [Err:C_SEToRESQtaByTdrcs(line:24)]- ยืนยันการใช่สิทธิ์ ไม่สำเร็จ
[DEBUG] 2018-10-14 21:43:40,522 120113ms [Err:SEToPromoByTdrUsed(line:56)]- -------------------------------End------------------------------------
[DEBUG] 2018-10-14 21:43:47,122 126712ms [Err:SEToPromoByTdrUsed(line:51)]- -------------------------------START------------------------------------
[ERROR] 2018-10-14 21:43:47,135 126725ms [Err:C_SEToRESQtaByTdrcs(line:24)]- ยืนยันการใช่สิทธิ์ ไม่สำเร็จ
[DEBUG] 2018-10-14 21:43:47,135 126725ms [Err:SEToPromoByTdrUsed(line:56)]- -------------------------------End------------------------------------
[DEBUG] 2018-10-14 21:43:50,319 129909ms [Err:SEToPromoByTdrReserve(line:32)]- -------------------------------START------------------------------------
[ERROR] 2018-10-14 21:43:50,344 129934ms [Err:C_SEToRESQtaByTdrcs(line:43)]- เพิ่มการจองสิทธิ์ส่วนลด สำเร็จ
[DEBUG] 2018-10-14 21:43:50,345 129935ms [Err:SEToPromoByTdrReserve(line:37)]- -------------------------------End------------------------------------
[DEBUG] 2018-10-14 21:43:51,572 131163ms [Err:SEToPromoByTdrReserve(line:32)]- -------------------------------START------------------------------------
[ERROR] 2018-10-14 21:43:51,587 131178ms [Err:C_SEToRESQtaByTdrcs(line:24)]- CrdQuota Limit  บัตรใช้งาน ครบจำนวนแล้ว
[DEBUG] 2018-10-14 21:43:51,588 131179ms [Err:SEToPromoByTdrReserve(line:37)]- -------------------------------End------------------------------------
[DEBUG] 2018-10-14 21:43:58,052 137642ms [Err:SEToPromoByTdrReserve(line:32)]- -------------------------------START------------------------------------
[ERROR] 2018-10-14 21:43:58,150 137740ms [Err:C_SEToRESQtaByTdrcs(line:43)]- จองสิทธิ์ส่วนลด ไม่สำเร็จ อาจจะมีอยู่แล้ว หรือใช้ไปแล้ว
[DEBUG] 2018-10-14 21:43:58,151 137741ms [Err:SEToPromoByTdrReserve(line:37)]- -------------------------------End------------------------------------
[DEBUG] 2018-10-14 21:44:04,404 143995ms [Err:SEToPromoByTdrReserve(line:32)]- -------------------------------START------------------------------------
[ERROR] 2018-10-14 21:44:04,430 144021ms [Err:C_SEToRESQtaByTdrcs(line:43)]- เพิ่มการจองสิทธิ์ส่วนลด สำเร็จ
[DEBUG] 2018-10-14 21:44:04,431 144022ms [Err:SEToPromoByTdrReserve(line:37)]- -------------------------------End------------------------------------
[DEBUG] 2018-10-14 22:18:54,698 111773ms [Err:SEToPromoByTdrReserve(line:32)]- -------------------------------START------------------------------------
[ERROR] 2018-10-14 22:18:55,070 112146ms [Err:C_SEToRESQtaByTdrcs(line:24)]- CrdQuota Limit  บัตรใช้งาน ครบจำนวนแล้ว
[DEBUG] 2018-10-14 22:18:55,071 112147ms [Err:SEToPromoByTdrReserve(line:37)]- -------------------------------End------------------------------------
[DEBUG] 2018-10-14 22:19:09,795 126871ms [Err:SEToPromoByTdrReserve(line:32)]- -------------------------------START------------------------------------
[ERROR] 2018-10-14 22:19:09,811 126887ms [Err:C_SEToRESQtaByTdrcs(line:24)]- จำนวน Quota เกิน Limit
[DEBUG] 2018-10-14 22:19:09,811 126887ms [Err:SEToPromoByTdrReserve(line:37)]- -------------------------------End------------------------------------
[DEBUG] 2018-10-14 22:19:15,749 132825ms [Err:SEToPromoByTdrReserve(line:32)]- -------------------------------START------------------------------------
[ERROR] 2018-10-14 22:19:15,786 132862ms [Err:C_SEToRESQtaByTdrcs(line:43)]- เพิ่มการจองสิทธิ์ส่วนลด สำเร็จ
[DEBUG] 2018-10-14 22:19:15,787 132863ms [Err:SEToPromoByTdrReserve(line:37)]- -------------------------------End------------------------------------
[DEBUG] 2018-10-14 22:19:26,346 143422ms [Err:SEToPromoByTdrUsed(line:51)]- -------------------------------START------------------------------------
[ERROR] 2018-10-14 22:19:26,366 143442ms [Err:C_SEToRESQtaByTdrcs(line:24)]- ยืนยันการใช่สิทธิ์ สำเร็จ
[DEBUG] 2018-10-14 22:19:26,367 143443ms [Err:SEToPromoByTdrUsed(line:56)]- -------------------------------End------------------------------------
[DEBUG] 2018-10-14 22:19:33,005 150081ms [Err:SEToPromoByTdrReserve(line:32)]- -------------------------------START------------------------------------
[ERROR] 2018-10-14 22:19:33,030 150106ms [Err:C_SEToRESQtaByTdrcs(line:43)]- เพิ่มการจองสิทธิ์ส่วนลด สำเร็จ
[DEBUG] 2018-10-14 22:19:33,031 150107ms [Err:SEToPromoByTdrReserve(line:37)]- -------------------------------End------------------------------------
[DEBUG] 2018-10-14 22:19:36,896 153972ms [Err:SEToPromoByTdrCancel(line:70)]- -------------------------------START------------------------------------
[ERROR] 2018-10-14 22:19:36,915 153991ms [Err:C_SEToRESQtaByTdrcs(line:24)]- ยกเลิกการจอง สำเร็จ
[DEBUG] 2018-10-14 22:19:36,916 153992ms [Err:SEToPromoByTdrCancel(line:75)]- -------------------------------End------------------------------------
