[DEBUG] 2018-10-10 11:00:54,370 50654ms [Err:SEToPromoByTdr(line:47)]- -------------------------------START------------------------------------
[DEBUG] 2018-10-10 11:00:54,583 50867ms [Err:SEToPromoByTdr(line:81)]- Type R
[ERROR] 2018-10-10 11:00:55,418 51702ms [Err:INSbTPSTSalBBYTdr(line:255)]- จองสิทธิ์ส่วนลด ไม่สำเร็จ อาจจะมีอยู่แล้ว
[DEBUG] 2018-10-10 11:00:55,419 51703ms [Err:SEToPromoByTdr(line:96)]- -------------------------------End------------------------------------
[DEBUG] 2018-10-10 11:32:51,886 25466ms [Err:SEToPromoByTdr(line:47)]- -------------------------------START------------------------------------
[DEBUG] 2018-10-10 11:32:51,975 25556ms [Err:SEToPromoByTdr(line:81)]- Type R
[DEBUG] 2018-10-10 11:32:57,251 30832ms [Err:SEToPromoByTdr(line:96)]- -------------------------------End------------------------------------
[DEBUG] 2018-10-10 11:33:02,539 36120ms [Err:SEToPromoByTdr(line:47)]- -------------------------------START------------------------------------
[DEBUG] 2018-10-10 11:33:02,541 36122ms [Err:SEToPromoByTdr(line:81)]- Type R
[DEBUG] 2018-10-10 11:36:01,571 215152ms [Err:SEToPromoByTdr(line:0)]- -------------------------------End------------------------------------
[DEBUG] 2018-10-10 11:36:07,663 221244ms [Err:SEToPromoByTdr(line:0)]- -------------------------------START------------------------------------
[DEBUG] 2018-10-10 11:36:07,665 221246ms [Err:SEToPromoByTdr(line:0)]- Type R
[DEBUG] 2018-10-10 11:36:11,389 224970ms [Err:SEToPromoByTdr(line:0)]- -------------------------------End------------------------------------
[DEBUG] 2018-10-10 12:45:00,152 43648ms [Err:SEToPromoByTdr(line:47)]- -------------------------------START------------------------------------
[DEBUG] 2018-10-10 12:45:00,228 43724ms [Err:SEToPromoByTdr(line:81)]- Type R
[DEBUG] 2018-10-10 12:45:00,397 43893ms [Err:SEToPromoByTdr(line:96)]- -------------------------------End------------------------------------
[DEBUG] 2018-10-10 12:45:11,465 54961ms [Err:SEToPromoByTdr(line:47)]- -------------------------------START------------------------------------
[DEBUG] 2018-10-10 12:45:11,467 54963ms [Err:SEToPromoByTdr(line:81)]- Type R
[ERROR] 2018-10-10 12:45:11,696 55192ms [Err:INSbTPSTSalBBYTdr(line:280)]- จองสิทธิ์ส่วนลด ไม่สำเร็จ อาจจะมีอยู่แล้ว
[ERROR] 2018-10-10 12:45:11,764 55260ms [Err:INSbTPSTSalBBYTdr(line:280)]- จองสิทธิ์ส่วนลด ไม่สำเร็จ อาจจะมีอยู่แล้ว
[DEBUG] 2018-10-10 12:45:11,765 55261ms [Err:SEToPromoByTdr(line:96)]- -------------------------------End------------------------------------
[DEBUG] 2018-10-10 12:45:19,322 62818ms [Err:SEToPromoByTdr(line:47)]- -------------------------------START------------------------------------
[DEBUG] 2018-10-10 12:45:19,324 62820ms [Err:SEToPromoByTdr(line:81)]- Type R
[ERROR] 2018-10-10 12:45:19,447 62942ms [Err:INSbTPSTSalBBYTdr(line:280)]- จองสิทธิ์ส่วนลด ไม่สำเร็จ อาจจะมีอยู่แล้ว
[DEBUG] 2018-10-10 12:45:19,448 62943ms [Err:SEToPromoByTdr(line:96)]- -------------------------------End------------------------------------
[DEBUG] 2018-10-10 12:45:38,545 82041ms [Err:SEToPromoByTdr(line:47)]- -------------------------------START------------------------------------
[DEBUG] 2018-10-10 12:45:38,548 82044ms [Err:SEToPromoByTdr(line:81)]- Type R
[ERROR] 2018-10-10 12:45:38,627 82123ms [Err:SETbReServe(line:189)]- [ReServe] TPSTSalBBYTdr ไม่พบข้อมูล
[DEBUG] 2018-10-10 12:45:38,627 82123ms [Err:SEToPromoByTdr(line:96)]- -------------------------------End------------------------------------
[DEBUG] 2018-10-10 12:46:13,156 116652ms [Err:SEToPromoByTdr(line:47)]- -------------------------------START------------------------------------
[DEBUG] 2018-10-10 12:46:13,157 116653ms [Err:SEToPromoByTdr(line:81)]- Type R
[ERROR] 2018-10-10 12:46:13,215 116711ms [Err:SETbReServe(line:145)]- [44] Per Plant TPSTSalBBYTdr ไม่พบข้อมูล
[DEBUG] 2018-10-10 12:46:13,216 116712ms [Err:SEToPromoByTdr(line:96)]- -------------------------------End------------------------------------
[DEBUG] 2018-10-10 12:46:22,966 126462ms [Err:SEToPromoByTdr(line:47)]- -------------------------------START------------------------------------
[DEBUG] 2018-10-10 12:46:22,968 126464ms [Err:SEToPromoByTdr(line:81)]- Type R
[ERROR] 2018-10-10 12:49:11,715 295211ms [Err:SETbReServe(line:145)]- [44] Per Plant TPSTSalBBYTdr ไม่พบข้อมูล
[DEBUG] 2018-10-10 12:49:11,718 295214ms [Err:SEToPromoByTdr(line:96)]- -------------------------------End------------------------------------
[DEBUG] 2018-10-10 12:50:22,717 366213ms [Err:SEToPromoByTdr(line:47)]- -------------------------------START------------------------------------
[DEBUG] 2018-10-10 12:50:22,719 366215ms [Err:SEToPromoByTdr(line:81)]- Type R
[ERROR] 2018-10-10 12:50:25,429 368925ms [Err:INSbTPSTSalBBYTdr(line:280)]- จองสิทธิ์ส่วนลด ไม่สำเร็จ อาจจะมีอยู่แล้ว
[ERROR] 2018-10-10 12:50:25,496 368992ms [Err:INSbTPSTSalBBYTdr(line:280)]- จองสิทธิ์ส่วนลด ไม่สำเร็จ อาจจะมีอยู่แล้ว
[DEBUG] 2018-10-10 12:50:25,497 368993ms [Err:SEToPromoByTdr(line:96)]- -------------------------------End------------------------------------
[DEBUG] 2018-10-10 12:54:20,928 51450ms [Err:SEToPromoByTdr(line:47)]- -------------------------------START------------------------------------
[DEBUG] 2018-10-10 12:54:21,013 51536ms [Err:SEToPromoByTdr(line:81)]- Type R
[DEBUG] 2018-10-10 12:54:21,165 51688ms [Err:SEToPromoByTdr(line:96)]- -------------------------------End------------------------------------
[DEBUG] 2018-10-10 12:55:15,327 105849ms [Err:SEToPromoByTdr(line:47)]- -------------------------------START------------------------------------
[DEBUG] 2018-10-10 12:55:15,329 105851ms [Err:SEToPromoByTdr(line:81)]- Type R
[ERROR] 2018-10-10 12:55:15,463 105986ms [Err:INSbTPSTSalBBYTdr(line:281)]- จองสิทธิ์ส่วนลด ไม่สำเร็จ อาจจะมีอยู่แล้ว
[ERROR] 2018-10-10 12:55:15,534 106057ms [Err:INSbTPSTSalBBYTdr(line:281)]- จองสิทธิ์ส่วนลด ไม่สำเร็จ อาจจะมีอยู่แล้ว
[DEBUG] 2018-10-10 12:55:15,535 106058ms [Err:SEToPromoByTdr(line:96)]- -------------------------------End------------------------------------
[DEBUG] 2018-10-10 12:55:22,322 112845ms [Err:SEToPromoByTdr(line:47)]- -------------------------------START------------------------------------
[DEBUG] 2018-10-10 12:55:22,323 112846ms [Err:SEToPromoByTdr(line:81)]- Type R
[ERROR] 2018-10-10 12:55:22,429 112952ms [Err:INSbTPSTSalBBYTdr(line:281)]- จองสิทธิ์ส่วนลด ไม่สำเร็จ อาจจะมีอยู่แล้ว
[DEBUG] 2018-10-10 12:55:22,429 112952ms [Err:SEToPromoByTdr(line:96)]- -------------------------------End------------------------------------
[DEBUG] 2018-10-10 14:15:24,394 23839ms [Err:SEToPromoByTdr(line:28)]- -------------------------------START------------------------------------
[DEBUG] 2018-10-10 14:15:24,472 23917ms [Err:SEToPromoByTdr(line:62)]- Type R
[ERROR] 2018-10-10 14:15:24,735 24179ms [Err:SETbReServe(line:200)]- [ReServe]=Incorrect syntax near 'COUNT'.
Incorrect syntax near the keyword 'with'. If this statement is a common table expression, an xmlnamespaces clause or a change tracking context clause, the previous statement must be terminated with a semicolon.
[DEBUG] 2018-10-10 14:15:24,736 24180ms [Err:SEToPromoByTdr(line:77)]- -------------------------------End------------------------------------
[DEBUG] 2018-10-10 14:16:28,975 22855ms [Err:SEToPromoByTdr(line:28)]- -------------------------------START------------------------------------
[DEBUG] 2018-10-10 14:16:29,071 22951ms [Err:SEToPromoByTdr(line:62)]- Type R
[ERROR] 2018-10-10 14:16:29,222 23101ms [Err:SETbReServe(line:84)]- [44] Per Bonus Buy TPSTSalBBYTdr ไม่พบข้อมูล
[DEBUG] 2018-10-10 14:16:29,223 23102ms [Err:SEToPromoByTdr(line:77)]- -------------------------------End------------------------------------
[DEBUG] 2018-10-10 14:17:37,688 91568ms [Err:SEToPromoByTdr(line:28)]- -------------------------------START------------------------------------
[DEBUG] 2018-10-10 14:17:37,691 91571ms [Err:SEToPromoByTdr(line:62)]- Type R
[ERROR] 2018-10-10 14:17:37,828 91708ms [Err:INSbTPSTSalBBYTdr(line:263)]- จองสิทธิ์ส่วนลด ไม่สำเร็จ อาจจะมีอยู่แล้ว
[DEBUG] 2018-10-10 14:17:37,829 91709ms [Err:SEToPromoByTdr(line:77)]- -------------------------------End------------------------------------
[DEBUG] 2018-10-10 14:17:41,252 95132ms [Err:SEToPromoByTdr(line:28)]- -------------------------------START------------------------------------
[DEBUG] 2018-10-10 14:17:41,253 95133ms [Err:SEToPromoByTdr(line:62)]- Type R
[ERROR] 2018-10-10 14:17:41,360 95240ms [Err:INSbTPSTSalBBYTdr(line:263)]- จองสิทธิ์ส่วนลด ไม่สำเร็จ อาจจะมีอยู่แล้ว
[DEBUG] 2018-10-10 14:17:41,361 95241ms [Err:SEToPromoByTdr(line:77)]- -------------------------------End------------------------------------
[DEBUG] 2018-10-10 14:17:53,487 107367ms [Err:SEToPromoByTdr(line:28)]- -------------------------------START------------------------------------
[DEBUG] 2018-10-10 14:17:53,488 107368ms [Err:SEToPromoByTdr(line:62)]- Type R
[ERROR] 2018-10-10 14:17:53,590 107470ms [Err:INSbTPSTSalBBYTdr(line:263)]- จองสิทธิ์ส่วนลด ไม่สำเร็จ อาจจะมีอยู่แล้ว
[DEBUG] 2018-10-10 14:17:53,591 107471ms [Err:SEToPromoByTdr(line:77)]- -------------------------------End------------------------------------
[DEBUG] 2018-10-10 14:19:41,336 215216ms [Err:SEToPromoByTdr(line:28)]- -------------------------------START------------------------------------
[DEBUG] 2018-10-10 14:19:41,339 215219ms [Err:SEToPromoByTdr(line:62)]- Type R
[ERROR] 2018-10-10 14:19:41,378 215258ms [Err:SETbReServe(line:84)]- [44] Per Bonus Buy TPSTSalBBYTdr ไม่พบข้อมูล
[DEBUG] 2018-10-10 14:19:41,379 215259ms [Err:SEToPromoByTdr(line:77)]- -------------------------------End------------------------------------
[DEBUG] 2018-10-10 14:21:33,334 327214ms [Err:SEToPromoByTdr(line:28)]- -------------------------------START------------------------------------
[DEBUG] 2018-10-10 14:21:33,337 327217ms [Err:SEToPromoByTdr(line:62)]- Type R
[ERROR] 2018-10-10 14:21:35,021 328900ms [Err:SETbReServe(line:84)]- [44] Per Bonus Buy TPSTSalBBYTdr ไม่พบข้อมูล
[DEBUG] 2018-10-10 14:21:35,022 328901ms [Err:SEToPromoByTdr(line:77)]- -------------------------------End------------------------------------
[DEBUG] 2018-10-10 14:21:47,151 341031ms [Err:SEToPromoByTdr(line:28)]- -------------------------------START------------------------------------
[DEBUG] 2018-10-10 14:21:47,153 341033ms [Err:SEToPromoByTdr(line:62)]- Type R
[ERROR] 2018-10-10 14:21:57,125 351004ms [Err:SETbReServe(line:0)]- [44] Per Bonus Buy TPSTSalBBYTdr ไม่พบข้อมูล
[DEBUG] 2018-10-10 14:21:57,126 351005ms [Err:SEToPromoByTdr(line:0)]- -------------------------------End------------------------------------
[DEBUG] 2018-10-10 14:22:00,335 354214ms [Err:SEToPromoByTdr(line:0)]- -------------------------------START------------------------------------
[DEBUG] 2018-10-10 14:22:00,337 354216ms [Err:SEToPromoByTdr(line:0)]- Type R
[ERROR] 2018-10-10 14:26:59,147 653027ms [Err:SETbReServe(line:0)]- จำนวน Quota เกิน Limit
[DEBUG] 2018-10-10 14:26:59,148 653028ms [Err:SEToPromoByTdr(line:0)]- -------------------------------End------------------------------------
[DEBUG] 2018-10-10 14:27:21,208 675088ms [Err:SEToPromoByTdr(line:0)]- -------------------------------START------------------------------------
[DEBUG] 2018-10-10 14:27:21,209 675089ms [Err:SEToPromoByTdr(line:0)]- Type R
[ERROR] 2018-10-10 14:27:25,635 679515ms [Err:SETbReServe(line:0)]- จำนวน Quota เกิน Limit
[DEBUG] 2018-10-10 14:27:25,636 679516ms [Err:SEToPromoByTdr(line:0)]- -------------------------------End------------------------------------
[DEBUG] 2018-10-10 14:27:42,486 696365ms [Err:SEToPromoByTdr(line:0)]- -------------------------------START------------------------------------
[DEBUG] 2018-10-10 14:27:42,487 696366ms [Err:SEToPromoByTdr(line:0)]- Type R
[ERROR] 2018-10-10 14:27:50,560 704440ms [Err:SETbReServe(line:0)]- จำนวน Quota เกิน Limit
[DEBUG] 2018-10-10 14:28:13,683 727563ms [Err:SEToPromoByTdr(line:0)]- -------------------------------End------------------------------------
[DEBUG] 2018-10-10 14:28:16,893 730773ms [Err:SEToPromoByTdr(line:0)]- -------------------------------START------------------------------------
[DEBUG] 2018-10-10 14:28:16,894 730774ms [Err:SEToPromoByTdr(line:0)]- Type R
[ERROR] 2018-10-10 14:28:19,821 733701ms [Err:SETbReServe(line:0)]- จำนวน CrdQuota เกิน Limit
[DEBUG] 2018-10-10 14:28:19,822 733702ms [Err:SEToPromoByTdr(line:0)]- -------------------------------End------------------------------------
[DEBUG] 2018-10-10 14:28:23,428 737307ms [Err:SEToPromoByTdr(line:0)]- -------------------------------START------------------------------------
[DEBUG] 2018-10-10 14:28:23,430 737309ms [Err:SEToPromoByTdr(line:0)]- Type R
[ERROR] 2018-10-10 14:28:23,473 737352ms [Err:SETbReServe(line:0)]- จำนวน CrdQuota เกิน Limit
[DEBUG] 2018-10-10 14:28:23,473 737352ms [Err:SEToPromoByTdr(line:0)]- -------------------------------End------------------------------------
[DEBUG] 2018-10-10 14:28:57,507  9206ms [Err:SEToPromoByTdr(line:28)]- -------------------------------START------------------------------------
[DEBUG] 2018-10-10 14:28:57,588  9287ms [Err:SEToPromoByTdr(line:62)]- Type R
[ERROR] 2018-10-10 14:28:57,722  9421ms [Err:SETbReServe(line:80)]- จำนวน CrdQuota เกิน Limit
[DEBUG] 2018-10-10 14:28:57,724  9423ms [Err:SEToPromoByTdr(line:77)]- -------------------------------End------------------------------------
[DEBUG] 2018-10-10 14:29:17,400 29099ms [Err:SEToPromoByTdr(line:28)]- -------------------------------START------------------------------------
[DEBUG] 2018-10-10 14:29:17,404 29103ms [Err:SEToPromoByTdr(line:62)]- Type R
[ERROR] 2018-10-10 14:29:17,441 29140ms [Err:SETbReServe(line:80)]- จำนวน CrdQuota เกิน Limit
[DEBUG] 2018-10-10 14:29:23,928 35626ms [Err:SEToPromoByTdr(line:0)]- -------------------------------End------------------------------------
[DEBUG] 2018-10-10 14:29:27,557 39256ms [Err:SEToPromoByTdr(line:0)]- -------------------------------START------------------------------------
[DEBUG] 2018-10-10 14:29:27,559 39258ms [Err:SEToPromoByTdr(line:0)]- Type R
[ERROR] 2018-10-10 14:29:27,604 39303ms [Err:SETbReServe(line:0)]- จำนวน CrdQuota เกิน Limit
[DEBUG] 2018-10-10 14:29:27,604 39303ms [Err:SEToPromoByTdr(line:0)]- -------------------------------End------------------------------------
[DEBUG] 2018-10-10 14:29:40,410 52109ms [Err:SEToPromoByTdr(line:0)]- -------------------------------START------------------------------------
[DEBUG] 2018-10-10 14:29:40,412 52111ms [Err:SEToPromoByTdr(line:0)]- Type R
[ERROR] 2018-10-10 14:29:40,568 52267ms [Err:INSbTPSTSalBBYTdr(line:0)]- จองสิทธิ์ส่วนลด ไม่สำเร็จ อาจจะมีอยู่แล้ว
[DEBUG] 2018-10-10 14:29:40,568 52267ms [Err:SEToPromoByTdr(line:0)]- -------------------------------End------------------------------------
[DEBUG] 2018-10-10 14:42:32,849 11368ms [Err:SEToPromoByTdr(line:28)]- -------------------------------START------------------------------------
[DEBUG] 2018-10-10 14:42:32,916 11435ms [Err:SEToPromoByTdr(line:62)]- Type R
[ERROR] 2018-10-10 14:42:33,132 11650ms [Err:INSbTPSTSalBBYTdr(line:222)]- จองสิทธิ์ส่วนลด ไม่สำเร็จ อาจจะมีอยู่แล้ว
[DEBUG] 2018-10-10 14:42:33,134 11652ms [Err:SEToPromoByTdr(line:77)]- -------------------------------End------------------------------------
[DEBUG] 2018-10-10 14:42:50,913 29431ms [Err:SEToPromoByTdr(line:28)]- -------------------------------START------------------------------------
[DEBUG] 2018-10-10 14:42:50,915 29433ms [Err:SEToPromoByTdr(line:62)]- Type R
[ERROR] 2018-10-10 14:42:50,956 29474ms [Err:C_CHKoQuota(line:151)]- จำนวน Quota เกิน Limit
[DEBUG] 2018-10-10 14:42:50,958 29476ms [Err:SEToPromoByTdr(line:77)]- -------------------------------End------------------------------------
[DEBUG] 2018-10-10 14:42:55,947 34466ms [Err:SEToPromoByTdr(line:28)]- -------------------------------START------------------------------------
[DEBUG] 2018-10-10 14:42:55,948 34467ms [Err:SEToPromoByTdr(line:62)]- Type R
[ERROR] 2018-10-10 14:42:55,986 34505ms [Err:C_CHKoQuota(line:151)]- จำนวน Quota เกิน Limit
[DEBUG] 2018-10-10 14:42:55,987 34506ms [Err:SEToPromoByTdr(line:77)]- -------------------------------End------------------------------------
[DEBUG] 2018-10-10 14:43:00,366 38884ms [Err:SEToPromoByTdr(line:28)]- -------------------------------START------------------------------------
[DEBUG] 2018-10-10 14:43:00,367 38885ms [Err:SEToPromoByTdr(line:62)]- Type R
[ERROR] 2018-10-10 14:43:00,463 38981ms [Err:INSbTPSTSalBBYTdr(line:222)]- จองสิทธิ์ส่วนลด ไม่สำเร็จ อาจจะมีอยู่แล้ว
[DEBUG] 2018-10-10 14:43:00,464 38982ms [Err:SEToPromoByTdr(line:77)]- -------------------------------End------------------------------------
[DEBUG] 2018-10-10 14:43:07,046 45564ms [Err:SEToPromoByTdr(line:28)]- -------------------------------START------------------------------------
[DEBUG] 2018-10-10 14:43:07,048 45566ms [Err:SEToPromoByTdr(line:62)]- Type R
[ERROR] 2018-10-10 14:43:07,113 45632ms [Err:C_CHKoQuota(line:139)]- จำนวน CrdQuota เกิน Limit
[DEBUG] 2018-10-10 14:43:07,114 45633ms [Err:SEToPromoByTdr(line:77)]- -------------------------------End------------------------------------
[DEBUG] 2018-10-10 15:20:57,574 40153ms [Err:SEToPromoByTdr(line:28)]- -------------------------------START------------------------------------
[DEBUG] 2018-10-10 15:20:57,789 40368ms [Err:SEToPromoByTdr(line:62)]- Type R
[DEBUG] 2018-10-10 15:20:58,121 40700ms [Err:SEToPromoByTdr(line:77)]- -------------------------------End------------------------------------
[DEBUG] 2018-10-10 15:21:03,173 45752ms [Err:SEToPromoByTdr(line:28)]- -------------------------------START------------------------------------
[DEBUG] 2018-10-10 15:21:03,174 45753ms [Err:SEToPromoByTdr(line:66)]- Type U
[DEBUG] 2018-10-10 15:21:03,191 45770ms [Err:SEToPromoByTdr(line:77)]- -------------------------------End------------------------------------
[DEBUG] 2018-10-10 15:21:07,774 50353ms [Err:SEToPromoByTdr(line:28)]- -------------------------------START------------------------------------
[DEBUG] 2018-10-10 15:21:07,776 50355ms [Err:SEToPromoByTdr(line:70)]- Type C
[DEBUG] 2018-10-10 15:21:07,829 50408ms [Err:SEToPromoByTdr(line:77)]- -------------------------------End------------------------------------
[DEBUG] 2018-10-10 15:21:10,204 52783ms [Err:SEToPromoByTdr(line:28)]- -------------------------------START------------------------------------
[DEBUG] 2018-10-10 15:21:10,206 52785ms [Err:SEToPromoByTdr(line:70)]- Type C
[DEBUG] 2018-10-10 15:21:10,220 52799ms [Err:SEToPromoByTdr(line:77)]- -------------------------------End------------------------------------
[DEBUG] 2018-10-10 15:21:13,572 56151ms [Err:SEToPromoByTdr(line:28)]- -------------------------------START------------------------------------
[DEBUG] 2018-10-10 15:21:13,575 56153ms [Err:SEToPromoByTdr(line:66)]- Type U
[DEBUG] 2018-10-10 15:21:13,590 56168ms [Err:SEToPromoByTdr(line:77)]- -------------------------------End------------------------------------
[DEBUG] 2018-10-10 15:21:16,498 59077ms [Err:SEToPromoByTdr(line:28)]- -------------------------------START------------------------------------
[DEBUG] 2018-10-10 15:21:16,499 59078ms [Err:SEToPromoByTdr(line:62)]- Type R
[DEBUG] 2018-10-10 15:21:16,536 59115ms [Err:SEToPromoByTdr(line:77)]- -------------------------------End------------------------------------
[DEBUG] 2018-10-10 15:21:50,329 92908ms [Err:SEToPromoByTdr(line:28)]- -------------------------------START------------------------------------
[DEBUG] 2018-10-10 15:21:50,330 92909ms [Err:SEToPromoByTdr(line:62)]- Type R
[DEBUG] 2018-10-10 15:21:50,358 92937ms [Err:SEToPromoByTdr(line:77)]- -------------------------------End------------------------------------
[DEBUG] 2018-10-10 15:28:08,616  4787ms [Err:SEToPromoByTdr(line:28)]- -------------------------------START------------------------------------
[DEBUG] 2018-10-10 15:28:08,753  4924ms [Err:SEToPromoByTdr(line:62)]- Type R
[DEBUG] 2018-10-10 15:28:08,886  5057ms [Err:SEToPromoByTdr(line:77)]- -------------------------------End------------------------------------
[DEBUG] 2018-10-10 15:28:19,744 15914ms [Err:SEToPromoByTdr(line:28)]- -------------------------------START------------------------------------
[DEBUG] 2018-10-10 15:28:19,746 15916ms [Err:SEToPromoByTdr(line:70)]- Type C
[DEBUG] 2018-10-10 15:28:19,768 15938ms [Err:SEToPromoByTdr(line:77)]- -------------------------------End------------------------------------
[DEBUG] 2018-10-10 15:28:22,603 18774ms [Err:SEToPromoByTdr(line:28)]- -------------------------------START------------------------------------
[DEBUG] 2018-10-10 15:28:22,605 18776ms [Err:SEToPromoByTdr(line:62)]- Type R
[DEBUG] 2018-10-10 15:28:22,636 18806ms [Err:SEToPromoByTdr(line:77)]- -------------------------------End------------------------------------
[DEBUG] 2018-10-10 15:46:53,713 11676ms [Err:SEToPromoByTdr(line:28)]- -------------------------------START------------------------------------
[DEBUG] 2018-10-10 15:46:53,906 11869ms [Err:SEToPromoByTdr(line:62)]- Type R
[ERROR] 2018-10-10 15:46:54,343 12307ms [Err:C_CHKoQuota(line:139)]- จำนวน CrdQuota เกิน Limit
[DEBUG] 2018-10-10 15:46:54,344 12308ms [Err:SEToPromoByTdr(line:77)]- -------------------------------End------------------------------------
[DEBUG] 2018-10-10 15:47:13,908 31871ms [Err:SEToPromoByTdr(line:28)]- -------------------------------START------------------------------------
[DEBUG] 2018-10-10 15:47:13,911 31874ms [Err:SEToPromoByTdr(line:62)]- Type R
[ERROR] 2018-10-10 15:47:14,418 32382ms [Err:INSbTPSTSalBBYTdr(line:223)]- จองสิทธิ์ส่วนลด ไม่สำเร็จ อาจจะมีอยู่แล้ว
[DEBUG] 2018-10-10 15:47:14,419 32383ms [Err:SEToPromoByTdr(line:77)]- -------------------------------End------------------------------------
[DEBUG] 2018-10-10 15:47:17,453 35417ms [Err:SEToPromoByTdr(line:28)]- -------------------------------START------------------------------------
[DEBUG] 2018-10-10 15:47:17,454 35418ms [Err:SEToPromoByTdr(line:66)]- Type U
[DEBUG] 2018-10-10 15:47:17,480 35444ms [Err:SEToPromoByTdr(line:77)]- -------------------------------End------------------------------------
[DEBUG] 2018-10-10 15:47:19,791 37754ms [Err:SEToPromoByTdr(line:28)]- -------------------------------START------------------------------------
[DEBUG] 2018-10-10 15:47:19,793 37756ms [Err:SEToPromoByTdr(line:70)]- Type C
[DEBUG] 2018-10-10 15:47:19,819 37782ms [Err:SEToPromoByTdr(line:77)]- -------------------------------End------------------------------------
[DEBUG] 2018-10-10 15:47:22,242 40205ms [Err:SEToPromoByTdr(line:28)]- -------------------------------START------------------------------------
[DEBUG] 2018-10-10 15:47:22,244 40207ms [Err:SEToPromoByTdr(line:62)]- Type R
[ERROR] 2018-10-10 15:47:22,330 40293ms [Err:INSbTPSTSalBBYTdr(line:223)]- จองสิทธิ์ส่วนลด ไม่สำเร็จ อาจจะมีอยู่แล้ว
[DEBUG] 2018-10-10 15:47:22,331 40294ms [Err:SEToPromoByTdr(line:77)]- -------------------------------End------------------------------------
[DEBUG] 2018-10-10 15:47:24,640 42604ms [Err:SEToPromoByTdr(line:28)]- -------------------------------START------------------------------------
[DEBUG] 2018-10-10 15:47:24,641 42605ms [Err:SEToPromoByTdr(line:70)]- Type C
[DEBUG] 2018-10-10 15:47:24,655 42619ms [Err:SEToPromoByTdr(line:77)]- -------------------------------End------------------------------------
[DEBUG] 2018-10-10 15:47:26,747 44711ms [Err:SEToPromoByTdr(line:28)]- -------------------------------START------------------------------------
[DEBUG] 2018-10-10 15:47:26,749 44713ms [Err:SEToPromoByTdr(line:62)]- Type R
[ERROR] 2018-10-10 15:47:26,841 44805ms [Err:INSbTPSTSalBBYTdr(line:223)]- จองสิทธิ์ส่วนลด ไม่สำเร็จ อาจจะมีอยู่แล้ว
[DEBUG] 2018-10-10 15:47:26,841 44805ms [Err:SEToPromoByTdr(line:77)]- -------------------------------End------------------------------------
[DEBUG] 2018-10-10 15:47:29,649 47612ms [Err:SEToPromoByTdr(line:28)]- -------------------------------START------------------------------------
[DEBUG] 2018-10-10 15:47:29,650 47613ms [Err:SEToPromoByTdr(line:70)]- Type C
[DEBUG] 2018-10-10 15:47:29,670 47633ms [Err:SEToPromoByTdr(line:77)]- -------------------------------End------------------------------------
[DEBUG] 2018-10-10 15:47:32,508 50471ms [Err:SEToPromoByTdr(line:28)]- -------------------------------START------------------------------------
[DEBUG] 2018-10-10 15:47:32,509 50472ms [Err:SEToPromoByTdr(line:66)]- Type U
[DEBUG] 2018-10-10 15:47:32,523 50486ms [Err:SEToPromoByTdr(line:77)]- -------------------------------End------------------------------------
[DEBUG] 2018-10-10 15:47:54,199 72163ms [Err:SEToPromoByTdr(line:28)]- -------------------------------START------------------------------------
[DEBUG] 2018-10-10 15:47:54,201 72165ms [Err:SEToPromoByTdr(line:62)]- Type R
[ERROR] 2018-10-10 15:47:54,295 72258ms [Err:INSbTPSTSalBBYTdr(line:223)]- จองสิทธิ์ส่วนลด ไม่สำเร็จ อาจจะมีอยู่แล้ว
[DEBUG] 2018-10-10 15:47:54,296 72260ms [Err:SEToPromoByTdr(line:77)]- -------------------------------End------------------------------------
[DEBUG] 2018-10-10 15:52:15,553 177630ms [Err:SEToPromoByTdr(line:28)]- -------------------------------START------------------------------------
[DEBUG] 2018-10-10 15:52:15,642 177719ms [Err:SEToPromoByTdr(line:62)]- Type R
[ERROR] 2018-10-10 15:52:15,767 177843ms [Err:C_CHKoQuota(line:145)]- จำนวน CrdQuota เกิน Limit
[DEBUG] 2018-10-10 15:52:15,768 177844ms [Err:SEToPromoByTdr(line:77)]- -------------------------------End------------------------------------
[DEBUG] 2018-10-10 15:52:29,538 191614ms [Err:SEToPromoByTdr(line:28)]- -------------------------------START------------------------------------
[DEBUG] 2018-10-10 15:52:29,541 191617ms [Err:SEToPromoByTdr(line:62)]- Type R
[ERROR] 2018-10-10 15:52:29,604 191680ms [Err:C_CHKoQuota(line:145)]- จำนวน CrdQuota เกิน Limit
[DEBUG] 2018-10-10 15:52:29,605 191681ms [Err:SEToPromoByTdr(line:77)]- -------------------------------End------------------------------------
[DEBUG] 2018-10-10 15:52:44,494 206570ms [Err:SEToPromoByTdr(line:28)]- -------------------------------START------------------------------------
[DEBUG] 2018-10-10 15:52:44,496 206572ms [Err:SEToPromoByTdr(line:62)]- Type R
[ERROR] 2018-10-10 15:52:44,636 206712ms [Err:INSbTPSTSalBBYTdr(line:231)]- จองสิทธิ์ส่วนลด ไม่สำเร็จ อาจจะมีอยู่แล้ว
[DEBUG] 2018-10-10 15:52:44,637 206713ms [Err:SEToPromoByTdr(line:77)]- -------------------------------End------------------------------------
[DEBUG] 2018-10-10 16:29:29,391 54934ms [Err:SEToPromoByTdr(line:28)]- -------------------------------START------------------------------------
[DEBUG] 2018-10-10 16:29:29,467 55010ms [Err:SEToPromoByTdr(line:62)]- Type R
[ERROR] 2018-10-10 16:29:29,660 55203ms [Err:INSbTPSTSalBBYTdr(line:231)]- จองสิทธิ์ส่วนลด ไม่สำเร็จ อาจจะมีอยู่แล้ว
[DEBUG] 2018-10-10 16:29:29,662 55205ms [Err:SEToPromoByTdr(line:77)]- -------------------------------End------------------------------------
[DEBUG] 2018-10-10 16:29:33,218 58760ms [Err:SEToPromoByTdr(line:28)]- -------------------------------START------------------------------------
[DEBUG] 2018-10-10 16:29:33,219 58761ms [Err:SEToPromoByTdr(line:66)]- Type U
[DEBUG] 2018-10-10 16:29:33,244 58786ms [Err:SEToPromoByTdr(line:77)]- -------------------------------End------------------------------------
[DEBUG] 2018-10-10 16:29:35,238 60780ms [Err:SEToPromoByTdr(line:28)]- -------------------------------START------------------------------------
[ERROR] 2018-10-10 16:29:35,249 60791ms [Err:SEToPromoByTdr(line:56)]- TransStatus ใส่ไม่ตรง หรือไม่มีอยู่จริง
[DEBUG] 2018-10-10 16:29:47,295 72838ms [Err:SEToPromoByTdr(line:28)]- -------------------------------START------------------------------------
[ERROR] 2018-10-10 16:29:47,297 72840ms [Err:SEToPromoByTdr(line:56)]- TransStatus ใส่ไม่ตรง หรือไม่มีอยู่จริง
[DEBUG] 2018-10-10 16:29:50,112 75654ms [Err:SEToPromoByTdr(line:28)]- -------------------------------START------------------------------------
[ERROR] 2018-10-10 16:29:50,113 75655ms [Err:SEToPromoByTdr(line:56)]- TransStatus ใส่ไม่ตรง หรือไม่มีอยู่จริง
[DEBUG] 2018-10-10 16:29:52,314 77857ms [Err:SEToPromoByTdr(line:28)]- -------------------------------START------------------------------------
[DEBUG] 2018-10-10 16:29:52,316 77859ms [Err:SEToPromoByTdr(line:66)]- Type U
[DEBUG] 2018-10-10 16:29:52,331 77874ms [Err:SEToPromoByTdr(line:77)]- -------------------------------End------------------------------------
[DEBUG] 2018-10-10 16:29:54,869 80412ms [Err:SEToPromoByTdr(line:28)]- -------------------------------START------------------------------------
[ERROR] 2018-10-10 16:29:54,870 80413ms [Err:SEToPromoByTdr(line:56)]- TransStatus ใส่ไม่ตรง หรือไม่มีอยู่จริง
[DEBUG] 2018-10-10 16:30:08,648 94191ms [Err:SEToPromoByTdr(line:28)]- -------------------------------START------------------------------------
[DEBUG] 2018-10-10 16:30:08,650 94193ms [Err:SEToPromoByTdr(line:66)]- Type U
[DEBUG] 2018-10-10 16:30:08,663 94206ms [Err:SEToPromoByTdr(line:77)]- -------------------------------End------------------------------------
[DEBUG] 2018-10-10 16:30:11,733 97276ms [Err:SEToPromoByTdr(line:28)]- -------------------------------START------------------------------------
[ERROR] 2018-10-10 16:30:11,734 97277ms [Err:SEToPromoByTdr(line:56)]- TransStatus ใส่ไม่ตรง หรือไม่มีอยู่จริง
[DEBUG] 2018-10-10 16:30:14,311 99854ms [Err:SEToPromoByTdr(line:28)]- -------------------------------START------------------------------------
[ERROR] 2018-10-10 16:30:14,312 99855ms [Err:SEToPromoByTdr(line:56)]- TransStatus ใส่ไม่ตรง หรือไม่มีอยู่จริง
[DEBUG] 2018-10-10 16:31:35,456 23190ms [Err:SEToPromoByTdr(line:28)]- -------------------------------START------------------------------------
[DEBUG] 2018-10-10 16:31:35,547 23281ms [Err:SEToPromoByTdr(line:62)]- Type R
[ERROR] 2018-10-10 16:31:35,788 23522ms [Err:INSbTPSTSalBBYTdr(line:231)]- จองสิทธิ์ส่วนลด ไม่สำเร็จ อาจจะมีอยู่แล้ว
[DEBUG] 2018-10-10 16:31:35,789 23523ms [Err:SEToPromoByTdr(line:77)]- -------------------------------End------------------------------------
[DEBUG] 2018-10-10 16:31:38,427 26161ms [Err:SEToPromoByTdr(line:28)]- -------------------------------START------------------------------------
[DEBUG] 2018-10-10 16:31:38,428 26162ms [Err:SEToPromoByTdr(line:66)]- Type U
[DEBUG] 2018-10-10 16:31:38,453 26187ms [Err:SEToPromoByTdr(line:77)]- -------------------------------End------------------------------------
[DEBUG] 2018-10-10 16:31:40,402 28136ms [Err:SEToPromoByTdr(line:28)]- -------------------------------START------------------------------------
[ERROR] 2018-10-10 16:31:40,416 28150ms [Err:SEToPromoByTdr(line:56)]- TransStatus ใส่ไม่ตรง หรือไม่มีอยู่จริง
[DEBUG] 2018-10-10 16:31:42,956 30690ms [Err:SEToPromoByTdr(line:28)]- -------------------------------START------------------------------------
[DEBUG] 2018-10-10 16:31:42,958 30692ms [Err:SEToPromoByTdr(line:62)]- Type R
[ERROR] 2018-10-10 16:31:43,051 30785ms [Err:INSbTPSTSalBBYTdr(line:231)]- จองสิทธิ์ส่วนลด ไม่สำเร็จ อาจจะมีอยู่แล้ว
[DEBUG] 2018-10-10 16:31:43,052 30786ms [Err:SEToPromoByTdr(line:77)]- -------------------------------End------------------------------------
[DEBUG] 2018-10-10 16:31:47,634 35368ms [Err:SEToPromoByTdr(line:28)]- -------------------------------START------------------------------------
[DEBUG] 2018-10-10 16:31:47,635 35369ms [Err:SEToPromoByTdr(line:66)]- Type U
[DEBUG] 2018-10-10 16:31:47,655 35389ms [Err:SEToPromoByTdr(line:77)]- -------------------------------End------------------------------------
[DEBUG] 2018-10-10 16:31:51,009 38743ms [Err:SEToPromoByTdr(line:28)]- -------------------------------START------------------------------------
[ERROR] 2018-10-10 16:31:51,010 38744ms [Err:SEToPromoByTdr(line:56)]- TransStatus ใส่ไม่ตรง หรือไม่มีอยู่จริง
[DEBUG] 2018-10-10 16:33:43,781  8948ms [Err:SEToPromoByTdr(line:28)]- -------------------------------START------------------------------------
[DEBUG] 2018-10-10 16:33:43,850  9017ms [Err:SEToPromoByTdr(line:62)]- Type R
[ERROR] 2018-10-10 16:33:44,116  9284ms [Err:INSbTPSTSalBBYTdr(line:231)]- จองสิทธิ์ส่วนลด ไม่สำเร็จ อาจจะมีอยู่แล้ว
[DEBUG] 2018-10-10 16:33:44,117  9285ms [Err:SEToPromoByTdr(line:77)]- -------------------------------End------------------------------------
[DEBUG] 2018-10-10 16:33:46,264 11432ms [Err:SEToPromoByTdr(line:28)]- -------------------------------START------------------------------------
[DEBUG] 2018-10-10 16:33:46,266 11434ms [Err:SEToPromoByTdr(line:66)]- Type U
[DEBUG] 2018-10-10 16:33:46,301 11469ms [Err:SEToPromoByTdr(line:77)]- -------------------------------End------------------------------------
[DEBUG] 2018-10-10 16:33:48,224 13391ms [Err:SEToPromoByTdr(line:28)]- -------------------------------START------------------------------------
[DEBUG] 2018-10-10 16:33:48,226 13393ms [Err:SEToPromoByTdr(line:66)]- Type U
[DEBUG] 2018-10-10 16:33:48,240 13407ms [Err:SEToPromoByTdr(line:77)]- -------------------------------End------------------------------------
[DEBUG] 2018-10-10 16:33:52,014 17181ms [Err:SEToPromoByTdr(line:28)]- -------------------------------START------------------------------------
[DEBUG] 2018-10-10 16:33:52,016 17183ms [Err:SEToPromoByTdr(line:66)]- Type U
[DEBUG] 2018-10-10 16:33:52,033 17200ms [Err:SEToPromoByTdr(line:77)]- -------------------------------End------------------------------------
[DEBUG] 2018-10-10 16:33:54,269 19436ms [Err:SEToPromoByTdr(line:28)]- -------------------------------START------------------------------------
[DEBUG] 2018-10-10 16:33:54,270 19437ms [Err:SEToPromoByTdr(line:66)]- Type U
[DEBUG] 2018-10-10 16:33:54,284 19451ms [Err:SEToPromoByTdr(line:77)]- -------------------------------End------------------------------------
[DEBUG] 2018-10-10 16:33:56,111 21278ms [Err:SEToPromoByTdr(line:28)]- -------------------------------START------------------------------------
[DEBUG] 2018-10-10 16:33:56,113 21280ms [Err:SEToPromoByTdr(line:62)]- Type R
[ERROR] 2018-10-10 16:33:56,196 21363ms [Err:INSbTPSTSalBBYTdr(line:231)]- จองสิทธิ์ส่วนลด ไม่สำเร็จ อาจจะมีอยู่แล้ว
[DEBUG] 2018-10-10 16:33:56,197 21364ms [Err:SEToPromoByTdr(line:77)]- -------------------------------End------------------------------------
[DEBUG] 2018-10-10 16:33:58,702 23869ms [Err:SEToPromoByTdr(line:28)]- -------------------------------START------------------------------------
[DEBUG] 2018-10-10 16:33:58,703 23870ms [Err:SEToPromoByTdr(line:66)]- Type U
[DEBUG] 2018-10-10 16:33:58,719 23886ms [Err:SEToPromoByTdr(line:77)]- -------------------------------End------------------------------------
[DEBUG] 2018-10-10 16:39:34,253  3989ms [Err:SEToPromoByTdr(line:28)]- -------------------------------START------------------------------------
[DEBUG] 2018-10-10 16:39:34,330  4066ms [Err:SEToPromoByTdr(line:62)]- Type R
[ERROR] 2018-10-10 16:39:34,564  4299ms [Err:INSbTPSTSalBBYTdr(line:231)]- จองสิทธิ์ส่วนลด ไม่สำเร็จ อาจจะมีอยู่แล้ว
[DEBUG] 2018-10-10 16:39:34,565  4300ms [Err:SEToPromoByTdr(line:77)]- -------------------------------End------------------------------------
[DEBUG] 2018-10-10 16:39:36,586  6321ms [Err:SEToPromoByTdr(line:28)]- -------------------------------START------------------------------------
[DEBUG] 2018-10-10 16:39:36,588  6323ms [Err:SEToPromoByTdr(line:66)]- Type U
[DEBUG] 2018-10-10 16:39:36,613  6348ms [Err:SEToPromoByTdr(line:77)]- -------------------------------End------------------------------------
[DEBUG] 2018-10-10 16:39:38,485  8221ms [Err:SEToPromoByTdr(line:28)]- -------------------------------START------------------------------------
[DEBUG] 2018-10-10 16:39:38,487  8223ms [Err:SEToPromoByTdr(line:70)]- Type C
[DEBUG] 2018-10-10 16:39:38,521  8257ms [Err:SEToPromoByTdr(line:77)]- -------------------------------End------------------------------------
[DEBUG] 2018-10-10 16:39:41,124 10859ms [Err:SEToPromoByTdr(line:28)]- -------------------------------START------------------------------------
[DEBUG] 2018-10-10 16:39:41,126 10861ms [Err:SEToPromoByTdr(line:62)]- Type R
[ERROR] 2018-10-10 16:39:41,209 10944ms [Err:INSbTPSTSalBBYTdr(line:231)]- จองสิทธิ์ส่วนลด ไม่สำเร็จ อาจจะมีอยู่แล้ว
[DEBUG] 2018-10-10 16:39:41,210 10945ms [Err:SEToPromoByTdr(line:77)]- -------------------------------End------------------------------------
[DEBUG] 2018-10-10 16:43:25,240  5857ms [Err:SEToPromoByTdr(line:28)]- -------------------------------START------------------------------------
[DEBUG] 2018-10-10 16:43:25,290  5907ms [Err:SEToPromoByTdr(line:62)]- Type R
[ERROR] 2018-10-10 16:43:25,566  6184ms [Err:INSbTPSTSalBBYTdr(line:231)]- จองสิทธิ์ส่วนลด ไม่สำเร็จ อาจจะมีอยู่แล้ว
[DEBUG] 2018-10-10 16:43:25,569  6187ms [Err:SEToPromoByTdr(line:77)]- -------------------------------End------------------------------------
[DEBUG] 2018-10-10 17:14:18,548 324766ms [Err:SEToPromoByTdr(line:28)]- -------------------------------START------------------------------------
[DEBUG] 2018-10-10 17:14:18,753 324970ms [Err:SEToPromoByTdr(line:62)]- Type R
[ERROR] 2018-10-10 17:14:19,341 325559ms [Err:INSbTPSTSalBBYTdr(line:231)]- จองสิทธิ์ส่วนลด ไม่สำเร็จ อาจจะมีอยู่แล้ว
[DEBUG] 2018-10-10 17:14:19,343 325561ms [Err:SEToPromoByTdr(line:77)]- -------------------------------End------------------------------------
[DEBUG] 2018-10-10 17:33:00,754 43359ms [Err:SEToPromoByTdr(line:28)]- -------------------------------START------------------------------------
[DEBUG] 2018-10-10 17:33:01,009 43614ms [Err:SEToPromoByTdr(line:62)]- Type R
[ERROR] 2018-10-10 17:33:01,521 44126ms [Err:INSbTPSTSalBBYTdr(line:231)]- จองสิทธิ์ส่วนลด ไม่สำเร็จ อาจจะมีอยู่แล้ว
[DEBUG] 2018-10-10 17:33:01,523 44128ms [Err:SEToPromoByTdr(line:77)]- -------------------------------End------------------------------------
[DEBUG] 2018-10-10 17:52:52,500   329ms [Err:SEToPromoByTdr(line:28)]- -------------------------------START------------------------------------
[DEBUG] 2018-10-10 17:52:52,636   465ms [Err:SEToPromoByTdr(line:63)]- Type R
[ERROR] 2018-10-10 17:52:52,708   537ms [Err:INSbTPSTSalBBYTdr(line:232)]- จองสิทธิ์ส่วนลด ไม่สำเร็จ อาจจะมีอยู่แล้ว
[DEBUG] 2018-10-10 17:52:52,710   539ms [Err:SEToPromoByTdr(line:78)]- -------------------------------End------------------------------------
[DEBUG] 2018-10-10 17:53:14,838 22667ms [Err:SEToPromoByTdr(line:28)]- -------------------------------START------------------------------------
[DEBUG] 2018-10-10 17:53:14,840 22669ms [Err:SEToPromoByTdr(line:63)]- Type R
[ERROR] 2018-10-10 17:53:14,852 22681ms [Err:INSbTPSTSalBBYTdr(line:249)]- [ReServe]=Column 'FTTimeIns]' does not belong to table TEMP.
[DEBUG] 2018-10-10 17:53:14,852 22681ms [Err:SEToPromoByTdr(line:78)]- -------------------------------End------------------------------------
[DEBUG] 2018-10-10 17:55:06,554   320ms [Err:SEToPromoByTdr(line:28)]- -------------------------------START------------------------------------
[DEBUG] 2018-10-10 17:55:06,618   384ms [Err:SEToPromoByTdr(line:63)]- Type R
[ERROR] 2018-10-10 17:55:06,660   426ms [Err:C_CHKoQuota(line:146)]- CrdQuota Limit  จำนวนการใช้งานบัตร ครบจำนวนแล้ว
[DEBUG] 2018-10-10 17:55:06,661   427ms [Err:SEToPromoByTdr(line:78)]- -------------------------------End------------------------------------
[DEBUG] 2018-10-10 17:55:20,793 14559ms [Err:SEToPromoByTdr(line:28)]- -------------------------------START------------------------------------
[DEBUG] 2018-10-10 17:55:20,795 14561ms [Err:SEToPromoByTdr(line:63)]- Type R
[ERROR] 2018-10-10 17:55:20,807 14573ms [Err:INSbTPSTSalBBYTdr(line:232)]- จองสิทธิ์ส่วนลด ไม่สำเร็จ อาจจะมีอยู่แล้ว
[DEBUG] 2018-10-10 17:55:20,808 14574ms [Err:SEToPromoByTdr(line:78)]- -------------------------------End------------------------------------
[DEBUG] 2018-10-10 17:55:24,666 18432ms [Err:SEToPromoByTdr(line:28)]- -------------------------------START------------------------------------
[DEBUG] 2018-10-10 17:55:24,668 18434ms [Err:SEToPromoByTdr(line:63)]- Type R
[ERROR] 2018-10-10 17:55:24,681 18447ms [Err:INSbTPSTSalBBYTdr(line:232)]- จองสิทธิ์ส่วนลด ไม่สำเร็จ อาจจะมีอยู่แล้ว
[DEBUG] 2018-10-10 17:55:24,682 18448ms [Err:SEToPromoByTdr(line:78)]- -------------------------------End------------------------------------
[DEBUG] 2018-10-10 17:55:39,434 33200ms [Err:SEToPromoByTdr(line:28)]- -------------------------------START------------------------------------
[DEBUG] 2018-10-10 17:55:39,435 33201ms [Err:SEToPromoByTdr(line:63)]- Type R
[ERROR] 2018-10-10 17:55:39,448 33214ms [Err:INSbTPSTSalBBYTdr(line:249)]- [ReServe]=Column 'FTTimeIns]' does not belong to table TEMP.
[DEBUG] 2018-10-10 17:55:39,449 33215ms [Err:SEToPromoByTdr(line:78)]- -------------------------------End------------------------------------
[DEBUG] 2018-10-10 17:55:44,673 38439ms [Err:SEToPromoByTdr(line:28)]- -------------------------------START------------------------------------
[DEBUG] 2018-10-10 17:55:44,674 38440ms [Err:SEToPromoByTdr(line:63)]- Type R
[ERROR] 2018-10-10 17:55:44,678 38444ms [Err:C_CHKoQuota(line:159)]- จำนวน Quota เกิน Limit
[DEBUG] 2018-10-10 17:55:44,678 38444ms [Err:SEToPromoByTdr(line:78)]- -------------------------------End------------------------------------
[DEBUG] 2018-10-10 17:55:54,258 48024ms [Err:SEToPromoByTdr(line:28)]- -------------------------------START------------------------------------
[DEBUG] 2018-10-10 17:55:54,260 48026ms [Err:SEToPromoByTdr(line:63)]- Type R
[ERROR] 2018-10-10 17:55:54,266 48032ms [Err:INSbTPSTSalBBYTdr(line:249)]- [ReServe]=Column 'FTTimeIns]' does not belong to table TEMP.
[DEBUG] 2018-10-10 17:55:54,266 48032ms [Err:SEToPromoByTdr(line:78)]- -------------------------------End------------------------------------
[DEBUG] 2018-10-10 17:56:05,506 59272ms [Err:SEToPromoByTdr(line:28)]- -------------------------------START------------------------------------
[DEBUG] 2018-10-10 17:56:05,507 59273ms [Err:SEToPromoByTdr(line:63)]- Type R
[ERROR] 2018-10-10 17:56:05,512 59278ms [Err:C_CHKoQuota(line:146)]- CrdQuota Limit  จำนวนการใช้งานบัตร ครบจำนวนแล้ว
[DEBUG] 2018-10-10 17:56:05,512 59278ms [Err:SEToPromoByTdr(line:78)]- -------------------------------End------------------------------------
[DEBUG] 2018-10-10 17:56:26,971 80737ms [Err:SEToPromoByTdr(line:28)]- -------------------------------START------------------------------------
[DEBUG] 2018-10-10 17:56:26,973 80739ms [Err:SEToPromoByTdr(line:63)]- Type R
[ERROR] 2018-10-10 17:56:26,980 80746ms [Err:INSbTPSTSalBBYTdr(line:232)]- จองสิทธิ์ส่วนลด ไม่สำเร็จ อาจจะมีอยู่แล้ว
[DEBUG] 2018-10-10 17:56:26,981 80747ms [Err:SEToPromoByTdr(line:78)]- -------------------------------End------------------------------------
[DEBUG] 2018-10-10 17:56:29,392 83158ms [Err:SEToPromoByTdr(line:28)]- -------------------------------START------------------------------------
[DEBUG] 2018-10-10 17:56:29,394 83160ms [Err:SEToPromoByTdr(line:63)]- Type R
[ERROR] 2018-10-10 17:56:29,406 83172ms [Err:INSbTPSTSalBBYTdr(line:232)]- จองสิทธิ์ส่วนลด ไม่สำเร็จ อาจจะมีอยู่แล้ว
[DEBUG] 2018-10-10 17:56:29,407 83173ms [Err:SEToPromoByTdr(line:78)]- -------------------------------End------------------------------------
[DEBUG] 2018-10-10 17:58:41,011 25090ms [Err:SEToPromoByTdr(line:28)]- -------------------------------START------------------------------------
[DEBUG] 2018-10-10 17:58:41,059 25138ms [Err:SEToPromoByTdr(line:62)]- Type R
[ERROR] 2018-10-10 17:58:41,158 25236ms [Err:C_CHKoQuota(line:145)]- CrdQuota Limit  จำนวนการใช้งานบัตร ครบจำนวนแล้ว
[DEBUG] 2018-10-10 17:58:41,159 25237ms [Err:SEToPromoByTdr(line:77)]- -------------------------------End------------------------------------
[DEBUG] 2018-10-10 17:58:51,783 35862ms [Err:SEToPromoByTdr(line:28)]- -------------------------------START------------------------------------
[DEBUG] 2018-10-10 17:58:51,785 35864ms [Err:SEToPromoByTdr(line:62)]- Type R
[ERROR] 2018-10-10 17:58:51,811 35890ms [Err:C_CHKoQuota(line:145)]- CrdQuota Limit  จำนวนการใช้งานบัตร ครบจำนวนแล้ว
[DEBUG] 2018-10-10 17:58:51,812 35891ms [Err:SEToPromoByTdr(line:77)]- -------------------------------End------------------------------------
[DEBUG] 2018-10-10 17:59:04,808 48886ms [Err:SEToPromoByTdr(line:28)]- -------------------------------START------------------------------------
[DEBUG] 2018-10-10 17:59:04,810 48888ms [Err:SEToPromoByTdr(line:62)]- Type R
[ERROR] 2018-10-10 17:59:34,419 78498ms [Err:INSbTPSTSalBBYTdr(line:0)]- [ReServe]=Column 'FTTimeIns]' does not belong to table TEMP.
[DEBUG] 2018-10-10 17:59:34,456 78535ms [Err:SEToPromoByTdr(line:0)]- -------------------------------End------------------------------------
[DEBUG] 2018-10-10 17:59:42,192 86270ms [Err:SEToPromoByTdr(line:0)]- -------------------------------START------------------------------------
[DEBUG] 2018-10-10 17:59:42,193 86271ms [Err:SEToPromoByTdr(line:0)]- Type R
[ERROR] 2018-10-10 17:59:42,294 86372ms [Err:INSbTPSTSalBBYTdr(line:0)]- จองสิทธิ์ส่วนลด ไม่สำเร็จ อาจจะมีอยู่แล้ว
[DEBUG] 2018-10-10 17:59:42,294 86372ms [Err:SEToPromoByTdr(line:0)]- -------------------------------End------------------------------------
[DEBUG] 2018-10-10 17:59:55,723 99801ms [Err:SEToPromoByTdr(line:0)]- -------------------------------START------------------------------------
[DEBUG] 2018-10-10 17:59:55,724 99802ms [Err:SEToPromoByTdr(line:0)]- Type R
[ERROR] 2018-10-10 17:59:55,825 99903ms [Err:INSbTPSTSalBBYTdr(line:0)]- จองสิทธิ์ส่วนลด ไม่สำเร็จ อาจจะมีอยู่แล้ว
[DEBUG] 2018-10-10 17:59:55,825 99903ms [Err:SEToPromoByTdr(line:0)]- -------------------------------End------------------------------------
[DEBUG] 2018-10-10 18:00:04,038 108116ms [Err:SEToPromoByTdr(line:0)]- -------------------------------START------------------------------------
[DEBUG] 2018-10-10 18:00:04,039 108117ms [Err:SEToPromoByTdr(line:0)]- Type R
[ERROR] 2018-10-10 18:00:08,512 112590ms [Err:INSbTPSTSalBBYTdr(line:0)]- [ReServe]=Column 'FTTimeIns' does not belong to table TEMP.
[DEBUG] 2018-10-10 18:00:08,512 112590ms [Err:SEToPromoByTdr(line:0)]- -------------------------------End------------------------------------
[DEBUG] 2018-10-10 18:00:26,653 130731ms [Err:SEToPromoByTdr(line:0)]- -------------------------------START------------------------------------
[DEBUG] 2018-10-10 18:00:26,654 130732ms [Err:SEToPromoByTdr(line:0)]- Type R
[ERROR] 2018-10-10 18:01:39,555 203634ms [Err:INSbTPSTSalBBYTdr(line:0)]- [ReServe]=Column 'FTTimeIns' does not belong to table TEMP.
[DEBUG] 2018-10-10 18:01:39,576 203655ms [Err:SEToPromoByTdr(line:0)]- -------------------------------End------------------------------------
[DEBUG] 2018-10-10 18:01:47,195 211274ms [Err:SEToPromoByTdr(line:0)]- -------------------------------START------------------------------------
[DEBUG] 2018-10-10 18:01:47,196 211275ms [Err:SEToPromoByTdr(line:0)]- Type R
[ERROR] 2018-10-10 18:01:47,343 211421ms [Err:SETbReServe(line:0)]- [ReServe]=Column 'TPSTSalBBYTdr.FTTimeIns' is invalid in the select list because it is not contained in either an aggregate function or the GROUP BY clause.
[DEBUG] 2018-10-10 18:01:47,343 211421ms [Err:SEToPromoByTdr(line:0)]- -------------------------------End------------------------------------
[DEBUG] 2018-10-10 18:02:13,794 237872ms [Err:SEToPromoByTdr(line:0)]- -------------------------------START------------------------------------
[DEBUG] 2018-10-10 18:02:13,795 237873ms [Err:SEToPromoByTdr(line:0)]- Type R
[ERROR] 2018-10-10 18:02:13,921 238000ms [Err:SETbReServe(line:0)]- [ReServe]=Column 'TPSTSalBBYTdr.FTTimeIns' is invalid in the select list because it is not contained in either an aggregate function or the GROUP BY clause.
[DEBUG] 2018-10-10 18:02:13,921 238000ms [Err:SEToPromoByTdr(line:0)]- -------------------------------End------------------------------------
[DEBUG] 2018-10-10 18:13:02,177 46845ms [Err:SEToPromoByTdr(line:28)]- -------------------------------START------------------------------------
[DEBUG] 2018-10-10 18:13:02,578 47246ms [Err:SEToPromoByTdr(line:62)]- Type R
[ERROR] 2018-10-10 18:13:03,191 47859ms [Err:C_CHKoQuota(line:145)]- CrdQuota Limit  จำนวนการใช้งานบัตร ครบจำนวนแล้ว
[DEBUG] 2018-10-10 18:13:03,193 47861ms [Err:SEToPromoByTdr(line:77)]- -------------------------------End------------------------------------
[DEBUG] 2018-10-10 18:13:08,858 53526ms [Err:SEToPromoByTdr(line:28)]- -------------------------------START------------------------------------
[DEBUG] 2018-10-10 18:13:08,860 53528ms [Err:SEToPromoByTdr(line:62)]- Type R
[ERROR] 2018-10-10 18:13:08,885 53553ms [Err:C_CHKoQuota(line:158)]- จำนวน Quota เกิน Limit
[DEBUG] 2018-10-10 18:13:08,886 53554ms [Err:SEToPromoByTdr(line:77)]- -------------------------------End------------------------------------
[DEBUG] 2018-10-10 18:13:13,250 57919ms [Err:SEToPromoByTdr(line:28)]- -------------------------------START------------------------------------
[DEBUG] 2018-10-10 18:13:13,251 57920ms [Err:SEToPromoByTdr(line:62)]- Type R
[DEBUG] 2018-10-10 18:13:25,718 70386ms [Err:SEToPromoByTdr(line:77)]- -------------------------------End------------------------------------
[DEBUG] 2018-10-10 18:14:01,956 106624ms [Err:SEToPromoByTdr(line:28)]- -------------------------------START------------------------------------
[DEBUG] 2018-10-10 18:14:01,957 106625ms [Err:SEToPromoByTdr(line:62)]- Type R
[ERROR] 2018-10-10 18:14:01,991 106659ms [Err:C_CHKoQuota(line:158)]- จำนวน Quota เกิน Limit
[DEBUG] 2018-10-10 18:14:01,992 106660ms [Err:SEToPromoByTdr(line:77)]- -------------------------------End------------------------------------
[DEBUG] 2018-10-10 18:14:11,254 115923ms [Err:SEToPromoByTdr(line:28)]- -------------------------------START------------------------------------
[DEBUG] 2018-10-10 18:14:11,255 115924ms [Err:SEToPromoByTdr(line:62)]- Type R
[DEBUG] 2018-10-10 18:16:01,406 226074ms [Err:SEToPromoByTdr(line:77)]- -------------------------------End------------------------------------
[DEBUG] 2018-10-10 18:17:24,137 40275ms [Err:SEToPromoByTdr(line:28)]- -------------------------------START------------------------------------
[DEBUG] 2018-10-10 18:17:24,184 40322ms [Err:SEToPromoByTdr(line:62)]- Type R
[DEBUG] 2018-10-10 18:21:36,103 121546ms [Err:SEToPromoByTdr(line:28)]- -------------------------------START------------------------------------
[DEBUG] 2018-10-10 18:21:36,151 121594ms [Err:SEToPromoByTdr(line:62)]- Type R
[ERROR] 2018-10-10 18:21:36,265 121708ms [Err:C_CHKoQuota(line:145)]- CrdQuota Limit  จำนวนการใช้งานบัตร ครบจำนวนแล้ว
[DEBUG] 2018-10-10 18:21:36,267 121710ms [Err:SEToPromoByTdr(line:77)]- -------------------------------End------------------------------------
[DEBUG] 2018-10-10 18:21:47,995 133438ms [Err:SEToPromoByTdr(line:28)]- -------------------------------START------------------------------------
[DEBUG] 2018-10-10 18:21:47,996 133439ms [Err:SEToPromoByTdr(line:62)]- Type R
[DEBUG] 2018-10-10 18:21:52,368 137811ms [Err:SEToPromoByTdr(line:77)]- -------------------------------End------------------------------------
