[DEBUG] 2018-10-29 11:30:59,397 63551ms [Err:SEToPromoByTdrReserve(line:28)]- -------------------------------START------------------------------------
[ERROR] 2018-10-29 11:30:59,507 63660ms [Err:C_SEToRESQtaByTdr(line:23)]- ข้อมูล BBYQuotaType ไม่ถูกต้อง
[DEBUG] 2018-10-29 11:30:59,517 63670ms [Err:SEToPromoByTdrReserve(line:35)]- -------------------------------End------------------------------------
[DEBUG] 2018-10-29 11:31:03,488 67642ms [Err:SEToPromoByTdrReserve(line:28)]- -------------------------------START------------------------------------
[ERROR] 2018-10-29 11:31:03,527 67681ms [Err:C_SEToRESQtaByTdr(line:23)]- CrdQuota Limit  บัตรใช้งาน ครบจำนวนแล้ว
[DEBUG] 2018-10-29 11:31:03,528 67682ms [Err:SEToPromoByTdrReserve(line:35)]- -------------------------------End------------------------------------
[DEBUG] 2018-10-29 11:31:07,049 71202ms [Err:SEToPromoByTdrReserve(line:28)]- -------------------------------START------------------------------------
[ERROR] 2018-10-29 11:31:07,146 71299ms [Err:C_SEToRESQtaByTdr(line:42)]- จองสิทธิ์ส่วนลด สำเร็จ
[DEBUG] 2018-10-29 11:31:07,147 71300ms [Err:SEToPromoByTdrReserve(line:35)]- -------------------------------End------------------------------------
[DEBUG] 2018-10-29 11:31:09,421 73575ms [Err:SEToPromoByTdrUsed(line:49)]- -------------------------------START------------------------------------
[ERROR] 2018-10-29 11:31:09,458 73612ms [Err:C_SEToRESQtaByTdr(line:23)]- ยืนยันการใช่สิทธิ์ สำเร็จ
[DEBUG] 2018-10-29 11:31:09,459 73613ms [Err:SEToPromoByTdrUsed(line:56)]- -------------------------------End------------------------------------
[DEBUG] 2018-10-29 11:42:06,281  5279ms [Err:SEToPromoByTdrReserve(line:28)]- -------------------------------START------------------------------------
[ERROR] 2018-10-29 11:42:06,530  5528ms [Err:C_SEToRESQtaByTdr(line:23)]- CrdQuota Limit  บัตรใช้งาน ครบจำนวนแล้ว
[DEBUG] 2018-10-29 11:42:06,534  5532ms [Err:SEToPromoByTdrReserve(line:35)]- -------------------------------End------------------------------------
[DEBUG] 2018-10-29 11:42:09,555  8553ms [Err:SEToPromoByTdrReserve(line:28)]- -------------------------------START------------------------------------
[ERROR] 2018-10-29 11:42:09,615  8613ms [Err:C_SEToRESQtaByTdr(line:42)]- จองสิทธิ์ส่วนลด สำเร็จ
[DEBUG] 2018-10-29 11:42:09,617  8615ms [Err:SEToPromoByTdrReserve(line:35)]- -------------------------------End------------------------------------
[DEBUG] 2018-10-29 11:42:10,799  9797ms [Err:SEToPromoByTdrUsed(line:49)]- -------------------------------START------------------------------------
[ERROR] 2018-10-29 11:42:10,818  9816ms [Err:C_SEToRESQtaByTdr(line:23)]- ยืนยันการใช่สิทธิ์ สำเร็จ
[DEBUG] 2018-10-29 11:42:10,819  9817ms [Err:SEToPromoByTdrUsed(line:56)]- -------------------------------End------------------------------------
