[DEBUG] 2018-10-11 10:40:22,896 16247ms [Err:SEToPromoByTdr(line:28)]- -------------------------------START------------------------------------
[DEBUG] 2018-10-11 10:40:23,081 16432ms [Err:SEToPromoByTdr(line:62)]- Type R
[DEBUG] 2018-10-11 10:40:23,667 17018ms [Err:SEToPromoByTdr(line:77)]- -------------------------------End------------------------------------
[DEBUG] 2018-10-11 10:40:50,639 43991ms [Err:SEToPromoByTdr(line:28)]- -------------------------------START------------------------------------
[DEBUG] 2018-10-11 10:40:50,641 43993ms [Err:SEToPromoByTdr(line:62)]- Type R
[DEBUG] 2018-10-11 10:40:55,771 49123ms [Err:SEToPromoByTdr(line:77)]- -------------------------------End------------------------------------
[DEBUG] 2018-10-11 10:42:11,182 124534ms [Err:SEToPromoByTdr(line:28)]- -------------------------------START------------------------------------
[DEBUG] 2018-10-11 10:42:11,183 124535ms [Err:SEToPromoByTdr(line:62)]- Type R
[DEBUG] 2018-10-11 10:42:11,250 124602ms [Err:SEToPromoByTdr(line:77)]- -------------------------------End------------------------------------
[DEBUG] 2018-10-11 10:42:19,372 132723ms [Err:SEToPromoByTdr(line:28)]- -------------------------------START------------------------------------
[DEBUG] 2018-10-11 10:42:19,373 132724ms [Err:SEToPromoByTdr(line:62)]- Type R
[DEBUG] 2018-10-11 10:42:19,414 132766ms [Err:SEToPromoByTdr(line:77)]- -------------------------------End------------------------------------
[DEBUG] 2018-10-11 10:43:14,506 187857ms [Err:SEToPromoByTdr(line:28)]- -------------------------------START------------------------------------
[DEBUG] 2018-10-11 10:43:14,507 187858ms [Err:SEToPromoByTdr(line:62)]- Type R
[ERROR] 2018-10-11 10:43:14,536 187887ms [Err:C_CHKoQuota(line:151)]- CrdQuota Limit  จำนวนการใช้งานบัตร ครบจำนวนแล้ว
[DEBUG] 2018-10-11 10:43:14,538 187889ms [Err:SEToPromoByTdr(line:77)]- -------------------------------End------------------------------------
[DEBUG] 2018-10-11 10:59:53,462 71914ms [Err:SEToPromoByTdr(line:28)]- -------------------------------START------------------------------------
[DEBUG] 2018-10-11 10:59:53,515 71967ms [Err:SEToPromoByTdr(line:62)]- Type R
[DEBUG] 2018-10-11 10:59:53,671 72123ms [Err:SEToPromoByTdr(line:77)]- -------------------------------End------------------------------------
[DEBUG] 2018-10-11 11:04:13,857 332309ms [Err:SEToPromoByTdr(line:28)]- -------------------------------START------------------------------------
[DEBUG] 2018-10-11 11:04:13,861 332313ms [Err:SEToPromoByTdr(line:62)]- Type R
[DEBUG] 2018-10-11 11:04:13,915 332367ms [Err:SEToPromoByTdr(line:77)]- -------------------------------End------------------------------------
[DEBUG] 2018-10-11 11:05:08,772 387223ms [Err:SEToPromoByTdr(line:28)]- -------------------------------START------------------------------------
[DEBUG] 2018-10-11 11:05:08,774 387225ms [Err:SEToPromoByTdr(line:62)]- Type R
[DEBUG] 2018-10-11 11:05:08,833 387284ms [Err:SEToPromoByTdr(line:77)]- -------------------------------End------------------------------------
[DEBUG] 2018-10-11 11:23:02,225 41210ms [Err:SEToPromoByTdr(line:28)]- -------------------------------START------------------------------------
[DEBUG] 2018-10-11 11:23:02,275 41260ms [Err:SEToPromoByTdr(line:62)]- Type R
[DEBUG] 2018-10-11 11:23:02,381 41366ms [Err:SEToPromoByTdr(line:77)]- -------------------------------End------------------------------------
[DEBUG] 2018-10-11 11:25:37,922 12811ms [Err:SEToPromoByTdr(line:28)]- -------------------------------START------------------------------------
[DEBUG] 2018-10-11 11:25:37,971 12860ms [Err:SEToPromoByTdr(line:62)]- Type R
[DEBUG] 2018-10-11 11:25:38,084 12973ms [Err:SEToPromoByTdr(line:77)]- -------------------------------End------------------------------------
[DEBUG] 2018-10-11 11:36:19,257 11281ms [Err:SEToPromoByTdr(line:28)]- -------------------------------START------------------------------------
[DEBUG] 2018-10-11 11:36:19,305 11329ms [Err:SEToPromoByTdr(line:62)]- Type R
[ERROR] 2018-10-11 11:36:19,628 11652ms [Err:INSbTPSTSalBBYTdr(line:277)]- จองสิทธิ์ส่วนลด ไม่สำเร็จ อาจจะมีอยู่แล้ว
[DEBUG] 2018-10-11 11:36:19,630 11654ms [Err:SEToPromoByTdr(line:77)]- -------------------------------End------------------------------------
[DEBUG] 2018-10-11 11:37:24,868 76892ms [Err:SEToPromoByTdr(line:28)]- -------------------------------START------------------------------------
[DEBUG] 2018-10-11 11:37:24,870 76894ms [Err:SEToPromoByTdr(line:62)]- Type R
[DEBUG] 2018-10-11 11:37:24,932 76956ms [Err:SEToPromoByTdr(line:77)]- -------------------------------End------------------------------------
[DEBUG] 2018-10-11 11:37:51,991 104015ms [Err:SEToPromoByTdr(line:28)]- -------------------------------START------------------------------------
[DEBUG] 2018-10-11 11:37:51,992 104016ms [Err:SEToPromoByTdr(line:62)]- Type R
[DEBUG] 2018-10-11 11:37:52,020 104044ms [Err:SEToPromoByTdr(line:77)]- -------------------------------End------------------------------------
[DEBUG] 2018-10-11 11:38:19,243 131267ms [Err:SEToPromoByTdr(line:28)]- -------------------------------START------------------------------------
[DEBUG] 2018-10-11 11:38:19,244 131268ms [Err:SEToPromoByTdr(line:62)]- Type R
[ERROR] 2018-10-11 11:38:51,121 163145ms [Err:INSbTPSTSalBBYTdr(line:277)]- จองสิทธิ์ส่วนลด ไม่สำเร็จ อาจจะมีอยู่แล้ว
[DEBUG] 2018-10-11 11:39:48,280 220304ms [Err:SEToPromoByTdr(line:77)]- -------------------------------End------------------------------------
[DEBUG] 2018-10-11 11:40:05,730 237754ms [Err:SEToPromoByTdr(line:28)]- -------------------------------START------------------------------------
[DEBUG] 2018-10-11 11:40:05,732 237756ms [Err:SEToPromoByTdr(line:62)]- Type R
[DEBUG] 2018-10-11 11:40:05,760 237784ms [Err:SEToPromoByTdr(line:77)]- -------------------------------End------------------------------------
[DEBUG] 2018-10-11 11:40:07,952 239976ms [Err:SEToPromoByTdr(line:28)]- -------------------------------START------------------------------------
[DEBUG] 2018-10-11 11:40:07,954 239978ms [Err:SEToPromoByTdr(line:62)]- Type R
[ERROR] 2018-10-11 11:41:24,049 316073ms [Err:INSbTPSTSalBBYTdr(line:277)]- จองสิทธิ์ส่วนลด ไม่สำเร็จ อาจจะมีอยู่แล้ว
[DEBUG] 2018-10-11 11:41:55,199 347223ms [Err:SEToPromoByTdr(line:77)]- -------------------------------End------------------------------------
[DEBUG] 2018-10-11 11:42:42,225 25179ms [Err:SEToPromoByTdr(line:28)]- -------------------------------START------------------------------------
[DEBUG] 2018-10-11 11:42:42,270 25224ms [Err:SEToPromoByTdr(line:62)]- Type R
[ERROR] 2018-10-11 11:44:50,127 153081ms [Err:INSbTPSTSalBBYTdr(line:0)]- จองสิทธิ์ส่วนลด ไม่สำเร็จ อาจจะมีอยู่แล้ว
[DEBUG] 2018-10-11 11:44:50,128 153082ms [Err:SEToPromoByTdr(line:0)]- -------------------------------End------------------------------------
[DEBUG] 2018-10-11 11:45:40,323  8145ms [Err:SEToPromoByTdr(line:28)]- -------------------------------START------------------------------------
[DEBUG] 2018-10-11 11:45:40,370  8192ms [Err:SEToPromoByTdr(line:62)]- Type R
[ERROR] 2018-10-11 11:45:40,547  8369ms [Err:INSbTPSTSalBBYTdr(line:277)]- จองสิทธิ์ส่วนลด ไม่สำเร็จ อาจจะมีอยู่แล้ว
[DEBUG] 2018-10-11 11:45:40,548  8370ms [Err:SEToPromoByTdr(line:77)]- -------------------------------End------------------------------------
[DEBUG] 2018-10-11 11:45:43,114 10935ms [Err:SEToPromoByTdr(line:28)]- -------------------------------START------------------------------------
[DEBUG] 2018-10-11 11:45:43,116 10937ms [Err:SEToPromoByTdr(line:62)]- Type R
[ERROR] 2018-10-11 11:45:43,208 11029ms [Err:INSbTPSTSalBBYTdr(line:277)]- จองสิทธิ์ส่วนลด ไม่สำเร็จ อาจจะมีอยู่แล้ว
[DEBUG] 2018-10-11 11:45:43,209 11030ms [Err:SEToPromoByTdr(line:77)]- -------------------------------End------------------------------------
[DEBUG] 2018-10-11 11:45:47,375 15196ms [Err:SEToPromoByTdr(line:28)]- -------------------------------START------------------------------------
[DEBUG] 2018-10-11 11:45:47,377 15198ms [Err:SEToPromoByTdr(line:62)]- Type R
[ERROR] 2018-10-11 11:45:47,487 15308ms [Err:INSbTPSTSalBBYTdr(line:277)]- จองสิทธิ์ส่วนลด ไม่สำเร็จ อาจจะมีอยู่แล้ว
[DEBUG] 2018-10-11 11:45:47,487 15308ms [Err:SEToPromoByTdr(line:77)]- -------------------------------End------------------------------------
[DEBUG] 2018-10-11 11:46:12,773 40595ms [Err:SEToPromoByTdr(line:28)]- -------------------------------START------------------------------------
[DEBUG] 2018-10-11 11:46:12,774 40596ms [Err:SEToPromoByTdr(line:62)]- Type R
[ERROR] 2018-10-11 11:46:12,868 40690ms [Err:INSbTPSTSalBBYTdr(line:277)]- จองสิทธิ์ส่วนลด ไม่สำเร็จ อาจจะมีอยู่แล้ว
[DEBUG] 2018-10-11 11:46:12,869 40691ms [Err:SEToPromoByTdr(line:77)]- -------------------------------End------------------------------------
[DEBUG] 2018-10-11 11:46:14,874 42696ms [Err:SEToPromoByTdr(line:28)]- -------------------------------START------------------------------------
[DEBUG] 2018-10-11 11:46:14,876 42698ms [Err:SEToPromoByTdr(line:62)]- Type R
[ERROR] 2018-10-11 11:46:14,975 42797ms [Err:INSbTPSTSalBBYTdr(line:277)]- จองสิทธิ์ส่วนลด ไม่สำเร็จ อาจจะมีอยู่แล้ว
[DEBUG] 2018-10-11 11:46:14,976 42798ms [Err:SEToPromoByTdr(line:77)]- -------------------------------End------------------------------------
[DEBUG] 2018-10-11 11:47:23,458 15986ms [Err:SEToPromoByTdr(line:28)]- -------------------------------START------------------------------------
[DEBUG] 2018-10-11 11:47:23,525 16053ms [Err:SEToPromoByTdr(line:62)]- Type R
[ERROR] 2018-10-11 11:47:23,700 16228ms [Err:INSbTPSTSalBBYTdr(line:277)]- จองสิทธิ์ส่วนลด ไม่สำเร็จ อาจจะมีอยู่แล้ว
[DEBUG] 2018-10-11 11:47:23,701 16229ms [Err:SEToPromoByTdr(line:77)]- -------------------------------End------------------------------------
[DEBUG] 2018-10-11 11:47:26,113 18642ms [Err:SEToPromoByTdr(line:28)]- -------------------------------START------------------------------------
[DEBUG] 2018-10-11 11:47:26,115 18644ms [Err:SEToPromoByTdr(line:62)]- Type R
[ERROR] 2018-10-11 11:47:26,211 18740ms [Err:INSbTPSTSalBBYTdr(line:277)]- จองสิทธิ์ส่วนลด ไม่สำเร็จ อาจจะมีอยู่แล้ว
[DEBUG] 2018-10-11 11:47:26,212 18741ms [Err:SEToPromoByTdr(line:77)]- -------------------------------End------------------------------------
[DEBUG] 2018-10-11 11:47:27,218 19747ms [Err:SEToPromoByTdr(line:28)]- -------------------------------START------------------------------------
[DEBUG] 2018-10-11 11:47:27,220 19749ms [Err:SEToPromoByTdr(line:62)]- Type R
[ERROR] 2018-10-11 11:47:27,310 19839ms [Err:INSbTPSTSalBBYTdr(line:277)]- จองสิทธิ์ส่วนลด ไม่สำเร็จ อาจจะมีอยู่แล้ว
[DEBUG] 2018-10-11 11:47:27,310 19839ms [Err:SEToPromoByTdr(line:77)]- -------------------------------End------------------------------------
[DEBUG] 2018-10-11 11:47:27,812 20340ms [Err:SEToPromoByTdr(line:28)]- -------------------------------START------------------------------------
[DEBUG] 2018-10-11 11:47:27,814 20342ms [Err:SEToPromoByTdr(line:62)]- Type R
[ERROR] 2018-10-11 11:47:27,919 20447ms [Err:INSbTPSTSalBBYTdr(line:277)]- จองสิทธิ์ส่วนลด ไม่สำเร็จ อาจจะมีอยู่แล้ว
[DEBUG] 2018-10-11 11:47:27,919 20447ms [Err:SEToPromoByTdr(line:77)]- -------------------------------End------------------------------------
[DEBUG] 2018-10-11 11:47:28,293 20822ms [Err:SEToPromoByTdr(line:28)]- -------------------------------START------------------------------------
[DEBUG] 2018-10-11 11:47:28,294 20823ms [Err:SEToPromoByTdr(line:62)]- Type R
[ERROR] 2018-10-11 11:47:28,388 20917ms [Err:INSbTPSTSalBBYTdr(line:277)]- จองสิทธิ์ส่วนลด ไม่สำเร็จ อาจจะมีอยู่แล้ว
[DEBUG] 2018-10-11 11:47:28,388 20917ms [Err:SEToPromoByTdr(line:77)]- -------------------------------End------------------------------------
[DEBUG] 2018-10-11 11:47:28,737 21265ms [Err:SEToPromoByTdr(line:28)]- -------------------------------START------------------------------------
[DEBUG] 2018-10-11 11:47:28,738 21266ms [Err:SEToPromoByTdr(line:62)]- Type R
[ERROR] 2018-10-11 11:47:29,082 21611ms [Err:INSbTPSTSalBBYTdr(line:277)]- จองสิทธิ์ส่วนลด ไม่สำเร็จ อาจจะมีอยู่แล้ว
[DEBUG] 2018-10-11 11:47:29,082 21611ms [Err:SEToPromoByTdr(line:77)]- -------------------------------End------------------------------------
[DEBUG] 2018-10-11 11:47:29,133 21662ms [Err:SEToPromoByTdr(line:28)]- -------------------------------START------------------------------------
[DEBUG] 2018-10-11 11:47:29,134 21663ms [Err:SEToPromoByTdr(line:62)]- Type R
[ERROR] 2018-10-11 11:47:29,240 21769ms [Err:INSbTPSTSalBBYTdr(line:277)]- จองสิทธิ์ส่วนลด ไม่สำเร็จ อาจจะมีอยู่แล้ว
[DEBUG] 2018-10-11 11:47:29,241 21770ms [Err:SEToPromoByTdr(line:77)]- -------------------------------End------------------------------------
[DEBUG] 2018-10-11 11:47:36,392 28921ms [Err:SEToPromoByTdr(line:28)]- -------------------------------START------------------------------------
[DEBUG] 2018-10-11 11:47:36,393 28922ms [Err:SEToPromoByTdr(line:62)]- Type R
[DEBUG] 2018-10-11 11:47:36,442 28971ms [Err:SEToPromoByTdr(line:77)]- -------------------------------End------------------------------------
[DEBUG] 2018-10-11 11:47:52,145 44674ms [Err:SEToPromoByTdr(line:28)]- -------------------------------START------------------------------------
[DEBUG] 2018-10-11 11:47:52,146 44675ms [Err:SEToPromoByTdr(line:62)]- Type R
[ERROR] 2018-10-11 11:47:52,236 44765ms [Err:INSbTPSTSalBBYTdr(line:277)]- จองสิทธิ์ส่วนลด ไม่สำเร็จ อาจจะมีอยู่แล้ว
[DEBUG] 2018-10-11 11:47:52,237 44766ms [Err:SEToPromoByTdr(line:77)]- -------------------------------End------------------------------------
[DEBUG] 2018-10-11 11:47:59,110 51639ms [Err:SEToPromoByTdr(line:28)]- -------------------------------START------------------------------------
[DEBUG] 2018-10-11 11:47:59,112 51641ms [Err:SEToPromoByTdr(line:62)]- Type R
[DEBUG] 2018-10-11 11:47:59,170 51699ms [Err:SEToPromoByTdr(line:77)]- -------------------------------End------------------------------------
[DEBUG] 2018-10-11 11:48:05,293 57822ms [Err:SEToPromoByTdr(line:28)]- -------------------------------START------------------------------------
[DEBUG] 2018-10-11 11:48:05,294 57823ms [Err:SEToPromoByTdr(line:62)]- Type R
[DEBUG] 2018-10-11 11:48:05,322 57850ms [Err:SEToPromoByTdr(line:77)]- -------------------------------End------------------------------------
[DEBUG] 2018-10-11 11:48:06,400 58928ms [Err:SEToPromoByTdr(line:28)]- -------------------------------START------------------------------------
[DEBUG] 2018-10-11 11:48:06,401 58929ms [Err:SEToPromoByTdr(line:62)]- Type R
[ERROR] 2018-10-11 11:48:06,517 59045ms [Err:INSbTPSTSalBBYTdr(line:277)]- จองสิทธิ์ส่วนลด ไม่สำเร็จ อาจจะมีอยู่แล้ว
[DEBUG] 2018-10-11 11:48:06,518 59046ms [Err:SEToPromoByTdr(line:77)]- -------------------------------End------------------------------------
[DEBUG] 2018-10-11 12:13:13,729 131387ms [Err:SEToPromoByTdr(line:28)]- -------------------------------START------------------------------------
[DEBUG] 2018-10-11 12:13:13,799 131457ms [Err:SEToPromoByTdr(line:66)]- Type U
[ERROR] 2018-10-11 12:13:13,843 131501ms [Err:SETbUsed(line:58)]- Used=Object reference not set to an instance of an object.
[DEBUG] 2018-10-11 12:13:13,844 131502ms [Err:SEToPromoByTdr(line:77)]- -------------------------------End------------------------------------
[DEBUG] 2018-10-11 12:13:17,735 135393ms [Err:SEToPromoByTdr(line:28)]- -------------------------------START------------------------------------
[DEBUG] 2018-10-11 12:13:17,737 135395ms [Err:SEToPromoByTdr(line:66)]- Type U
[ERROR] 2018-10-11 12:13:17,758 135416ms [Err:SETbUsed(line:58)]- Used=Object reference not set to an instance of an object.
[DEBUG] 2018-10-11 12:13:17,758 135416ms [Err:SEToPromoByTdr(line:77)]- -------------------------------End------------------------------------
[DEBUG] 2018-10-11 12:14:37,399 215057ms [Err:SEToPromoByTdr(line:28)]- -------------------------------START------------------------------------
[DEBUG] 2018-10-11 12:14:37,401 215059ms [Err:SEToPromoByTdr(line:62)]- Type R
[ERROR] 2018-10-11 12:14:37,613 215271ms [Err:INSbTPSTSalBBYTdr(line:275)]- จองสิทธิ์ส่วนลด ไม่สำเร็จ อาจจะมีอยู่แล้ว
[DEBUG] 2018-10-11 12:14:37,615 215273ms [Err:SEToPromoByTdr(line:77)]- -------------------------------End------------------------------------
[DEBUG] 2018-10-11 12:14:45,573 223232ms [Err:SEToPromoByTdr(line:28)]- -------------------------------START------------------------------------
[DEBUG] 2018-10-11 12:14:45,574 223233ms [Err:SEToPromoByTdr(line:62)]- Type R
[ERROR] 2018-10-11 12:14:45,673 223332ms [Err:INSbTPSTSalBBYTdr(line:275)]- จองสิทธิ์ส่วนลด ไม่สำเร็จ อาจจะมีอยู่แล้ว
[DEBUG] 2018-10-11 12:14:45,674 223333ms [Err:SEToPromoByTdr(line:77)]- -------------------------------End------------------------------------
[DEBUG] 2018-10-11 12:16:57,828 355486ms [Err:SEToPromoByTdr(line:28)]- -------------------------------START------------------------------------
[DEBUG] 2018-10-11 12:16:57,830 355488ms [Err:SEToPromoByTdr(line:66)]- Type U
[DEBUG] 2018-10-11 12:16:58,068 355726ms [Err:SEToPromoByTdr(line:77)]- -------------------------------End------------------------------------
[DEBUG] 2018-10-11 12:30:37,049 36307ms [Err:SEToPromoByTdr(line:28)]- -------------------------------START------------------------------------
[DEBUG] 2018-10-11 12:30:37,123 36381ms [Err:SEToPromoByTdr(line:66)]- Type U
[ERROR] 2018-10-11 12:30:37,177 36435ms [Err:SETbUsed(line:60)]- Used=Object reference not set to an instance of an object.
[DEBUG] 2018-10-11 12:30:37,178 36436ms [Err:SEToPromoByTdr(line:77)]- -------------------------------End------------------------------------
[DEBUG] 2018-10-11 12:31:02,605 61862ms [Err:SEToPromoByTdr(line:28)]- -------------------------------START------------------------------------
[DEBUG] 2018-10-11 12:31:02,607 61864ms [Err:SEToPromoByTdr(line:66)]- Type U
[DEBUG] 2018-10-11 12:31:02,737 61994ms [Err:SEToPromoByTdr(line:77)]- -------------------------------End------------------------------------
[DEBUG] 2018-10-11 12:32:12,296 131554ms [Err:SEToPromoByTdr(line:28)]- -------------------------------START------------------------------------
[DEBUG] 2018-10-11 12:32:12,298 131556ms [Err:SEToPromoByTdr(line:66)]- Type U
[ERROR] 2018-10-11 12:32:12,322 131580ms [Err:SETbUsed(line:60)]- Used=Object reference not set to an instance of an object.
[DEBUG] 2018-10-11 12:32:12,323 131581ms [Err:SEToPromoByTdr(line:77)]- -------------------------------End------------------------------------
[DEBUG] 2018-10-11 12:33:19,339 198597ms [Err:SEToPromoByTdr(line:28)]- -------------------------------START------------------------------------
[DEBUG] 2018-10-11 12:33:19,341 198599ms [Err:SEToPromoByTdr(line:66)]- Type U
[DEBUG] 2018-10-11 12:33:20,430 199688ms [Err:SEToPromoByTdr(line:77)]- -------------------------------End------------------------------------
[DEBUG] 2018-10-11 12:33:26,782 206040ms [Err:SEToPromoByTdr(line:28)]- -------------------------------START------------------------------------
[DEBUG] 2018-10-11 12:33:26,786 206044ms [Err:SEToPromoByTdr(line:66)]- Type U
[DEBUG] 2018-10-11 12:33:39,064 218321ms [Err:SEToPromoByTdr(line:77)]- -------------------------------End------------------------------------
[DEBUG] 2018-10-11 12:34:10,290 249547ms [Err:SEToPromoByTdr(line:28)]- -------------------------------START------------------------------------
[DEBUG] 2018-10-11 12:34:10,292 249549ms [Err:SEToPromoByTdr(line:66)]- Type U
[ERROR] 2018-10-11 12:34:10,317 249574ms [Err:SETbUsed(line:60)]- Used=Object reference not set to an instance of an object.
[DEBUG] 2018-10-11 12:34:10,318 249575ms [Err:SEToPromoByTdr(line:77)]- -------------------------------End------------------------------------
[DEBUG] 2018-10-11 12:35:29,271 328528ms [Err:SEToPromoByTdr(line:28)]- -------------------------------START------------------------------------
[DEBUG] 2018-10-11 12:35:29,273 328530ms [Err:SEToPromoByTdr(line:66)]- Type U
[ERROR] 2018-10-11 12:35:29,297 328554ms [Err:SETbUsed(line:60)]- Used=Object reference not set to an instance of an object.
[DEBUG] 2018-10-11 12:35:29,297 328554ms [Err:SEToPromoByTdr(line:77)]- -------------------------------End------------------------------------
[DEBUG] 2018-10-11 12:36:22,715 381973ms [Err:SEToPromoByTdr(line:28)]- -------------------------------START------------------------------------
[DEBUG] 2018-10-11 12:36:22,716 381974ms [Err:SEToPromoByTdr(line:66)]- Type U
[ERROR] 2018-10-11 12:36:22,742 382000ms [Err:SETbUsed(line:60)]- Used=Object reference not set to an instance of an object.
[DEBUG] 2018-10-11 12:36:22,742 382000ms [Err:SEToPromoByTdr(line:77)]- -------------------------------End------------------------------------
[DEBUG] 2018-10-11 12:38:41,906 11084ms [Err:SEToPromoByTdr(line:28)]- -------------------------------START------------------------------------
[DEBUG] 2018-10-11 12:38:41,965 11143ms [Err:SEToPromoByTdr(line:62)]- Type R
[ERROR] 2018-10-11 12:38:42,195 11373ms [Err:INSbTPSTSalBBYTdr(line:275)]- จองสิทธิ์ส่วนลด ไม่สำเร็จ อาจจะมีอยู่แล้ว
[DEBUG] 2018-10-11 12:38:42,198 11376ms [Err:SEToPromoByTdr(line:77)]- -------------------------------End------------------------------------
[DEBUG] 2018-10-11 12:39:15,542 44720ms [Err:SEToPromoByTdr(line:28)]- -------------------------------START------------------------------------
[DEBUG] 2018-10-11 12:39:15,544 44722ms [Err:SEToPromoByTdr(line:62)]- Type R
[ERROR] 2018-10-11 12:39:21,058 50236ms [Err:INSbTPSTSalBBYTdr(line:275)]- จองสิทธิ์ส่วนลด ไม่สำเร็จ อาจจะมีอยู่แล้ว
[DEBUG] 2018-10-11 12:39:21,059 50237ms [Err:SEToPromoByTdr(line:77)]- -------------------------------End------------------------------------
[DEBUG] 2018-10-11 12:39:33,395 62573ms [Err:SEToPromoByTdr(line:28)]- -------------------------------START------------------------------------
[DEBUG] 2018-10-11 12:39:33,866 63043ms [Err:SEToPromoByTdr(line:66)]- Type U
[ERROR] 2018-10-11 12:39:34,888 64065ms [Err:SETbUsed(line:60)]- Used=Object reference not set to an instance of an object.
[DEBUG] 2018-10-11 12:39:35,712 64889ms [Err:SEToPromoByTdr(line:77)]- -------------------------------End------------------------------------
[DEBUG] 2018-10-11 12:39:59,556 88734ms [Err:SEToPromoByTdr(line:28)]- -------------------------------START------------------------------------
[DEBUG] 2018-10-11 12:39:59,560 88738ms [Err:SEToPromoByTdr(line:70)]- Type C
[ERROR] 2018-10-11 12:39:59,590 88768ms [Err:SETbCancel(line:59)]- [Cancel]=Object reference not set to an instance of an object.
[DEBUG] 2018-10-11 12:39:59,591 88769ms [Err:SEToPromoByTdr(line:77)]- -------------------------------End------------------------------------
[DEBUG] 2018-10-11 12:44:44,443  4993ms [Err:SEToPromoByTdr(line:28)]- -------------------------------START------------------------------------
[DEBUG] 2018-10-11 12:44:44,504  5054ms [Err:SEToPromoByTdr(line:62)]- Type R
[ERROR] 2018-10-11 12:44:46,067  6616ms [Err:INSbTPSTSalBBYTdr(line:275)]- จองสิทธิ์ส่วนลด ไม่สำเร็จ อาจจะมีอยู่แล้ว
[DEBUG] 2018-10-11 12:44:46,069  6618ms [Err:SEToPromoByTdr(line:77)]- -------------------------------End------------------------------------
[DEBUG] 2018-10-11 12:45:09,360 29909ms [Err:SEToPromoByTdr(line:28)]- -------------------------------START------------------------------------
[DEBUG] 2018-10-11 12:45:09,362 29911ms [Err:SEToPromoByTdr(line:66)]- Type U
[ERROR] 2018-10-11 12:45:12,894 33444ms [Err:SETbUsed(line:60)]- Used=Object reference not set to an instance of an object.
[DEBUG] 2018-10-11 12:45:12,895 33445ms [Err:SEToPromoByTdr(line:77)]- -------------------------------End------------------------------------
[DEBUG] 2018-10-11 12:46:26,493  9110ms [Err:SEToPromoByTdr(line:28)]- -------------------------------START------------------------------------
[DEBUG] 2018-10-11 12:46:26,560  9177ms [Err:SEToPromoByTdr(line:66)]- Type U
[ERROR] 2018-10-11 12:46:26,613  9230ms [Err:SETbUsed(line:60)]- Used=Object reference not set to an instance of an object.
[DEBUG] 2018-10-11 12:46:26,614  9231ms [Err:SEToPromoByTdr(line:77)]- -------------------------------End------------------------------------
[DEBUG] 2018-10-11 12:47:42,367 40111ms [Err:SEToPromoByTdr(line:28)]- -------------------------------START------------------------------------
[DEBUG] 2018-10-11 12:47:42,438 40182ms [Err:SEToPromoByTdr(line:66)]- Type U
[DEBUG] 2018-10-11 14:12:23,042 10412ms [Err:SEToPromoByTdr(line:28)]- -------------------------------START------------------------------------
[DEBUG] 2018-10-11 14:12:23,393 10762ms [Err:SEToPromoByTdr(line:62)]- Type R
[DEBUG] 2018-10-11 14:12:24,008 11378ms [Err:SEToPromoByTdr(line:77)]- -------------------------------End------------------------------------
[DEBUG] 2018-10-11 14:12:32,960 20329ms [Err:SEToPromoByTdr(line:28)]- -------------------------------START------------------------------------
[DEBUG] 2018-10-11 14:12:32,962 20331ms [Err:SEToPromoByTdr(line:62)]- Type R
[ERROR] 2018-10-11 14:12:33,133 20503ms [Err:INSbTPSTSalBBYTdr(line:275)]- จองสิทธิ์ส่วนลด ไม่สำเร็จ อาจจะมีอยู่แล้ว
[DEBUG] 2018-10-11 14:12:33,135 20505ms [Err:SEToPromoByTdr(line:77)]- -------------------------------End------------------------------------
[DEBUG] 2018-10-11 14:12:39,495 26865ms [Err:SEToPromoByTdr(line:28)]- -------------------------------START------------------------------------
[DEBUG] 2018-10-11 14:12:39,496 26866ms [Err:SEToPromoByTdr(line:66)]- Type U
[DEBUG] 2018-10-11 14:12:39,531 26901ms [Err:SEToPromoByTdr(line:77)]- -------------------------------End------------------------------------
[DEBUG] 2018-10-11 14:12:52,015 39385ms [Err:SEToPromoByTdr(line:28)]- -------------------------------START------------------------------------
[DEBUG] 2018-10-11 14:12:52,016 39386ms [Err:SEToPromoByTdr(line:70)]- Type C
[DEBUG] 2018-10-11 14:12:52,102 39472ms [Err:SEToPromoByTdr(line:77)]- -------------------------------End------------------------------------
[DEBUG] 2018-10-11 14:13:01,048 48417ms [Err:SEToPromoByTdr(line:28)]- -------------------------------START------------------------------------
[DEBUG] 2018-10-11 14:13:01,050 48419ms [Err:SEToPromoByTdr(line:62)]- Type R
[ERROR] 2018-10-11 14:13:01,147 48516ms [Err:INSbTPSTSalBBYTdr(line:275)]- จองสิทธิ์ส่วนลด ไม่สำเร็จ อาจจะมีอยู่แล้ว
[DEBUG] 2018-10-11 14:13:01,148 48517ms [Err:SEToPromoByTdr(line:77)]- -------------------------------End------------------------------------
[DEBUG] 2018-10-11 14:15:37,891  6564ms [Err:SEToPromoByTdr(line:28)]- -------------------------------START------------------------------------
[DEBUG] 2018-10-11 14:15:37,988  6661ms [Err:SEToPromoByTdr(line:62)]- Type R
[ERROR] 2018-10-11 14:15:38,189  6862ms [Err:INSbTPSTSalBBYTdr(line:275)]- จองสิทธิ์ส่วนลด ไม่สำเร็จ อาจจะมีอยู่แล้ว
[DEBUG] 2018-10-11 14:15:38,192  6865ms [Err:SEToPromoByTdr(line:77)]- -------------------------------End------------------------------------
[DEBUG] 2018-10-11 14:15:54,796 23469ms [Err:SEToPromoByTdr(line:28)]- -------------------------------START------------------------------------
[DEBUG] 2018-10-11 14:15:54,798 23471ms [Err:SEToPromoByTdr(line:66)]- Type U
[DEBUG] 2018-10-11 14:15:54,823 23496ms [Err:SEToPromoByTdr(line:77)]- -------------------------------End------------------------------------
[DEBUG] 2018-10-11 14:16:14,802 43475ms [Err:SEToPromoByTdr(line:28)]- -------------------------------START------------------------------------
[DEBUG] 2018-10-11 14:16:14,803 43476ms [Err:SEToPromoByTdr(line:70)]- Type C
[DEBUG] 2018-10-11 14:16:14,825 43498ms [Err:SEToPromoByTdr(line:77)]- -------------------------------End------------------------------------
[DEBUG] 2018-10-11 14:16:30,048 58721ms [Err:SEToPromoByTdr(line:28)]- -------------------------------START------------------------------------
[DEBUG] 2018-10-11 14:16:30,049 58722ms [Err:SEToPromoByTdr(line:62)]- Type R
[ERROR] 2018-10-11 14:16:30,151 58824ms [Err:INSbTPSTSalBBYTdr(line:275)]- จองสิทธิ์ส่วนลด ไม่สำเร็จ อาจจะมีอยู่แล้ว
[DEBUG] 2018-10-11 14:16:30,151 58824ms [Err:SEToPromoByTdr(line:77)]- -------------------------------End------------------------------------
[DEBUG] 2018-10-11 14:24:10,663  7591ms [Err:SEToPromoByTdr(line:28)]- -------------------------------START------------------------------------
[DEBUG] 2018-10-11 14:24:10,722  7650ms [Err:SEToPromoByTdr(line:62)]- Type R
[ERROR] 2018-10-11 14:24:10,919  7847ms [Err:INSbTPSTSalBBYTdr(line:275)]- จองสิทธิ์ส่วนลด ไม่สำเร็จ อาจจะมีอยู่แล้ว
[DEBUG] 2018-10-11 14:24:10,921  7849ms [Err:SEToPromoByTdr(line:77)]- -------------------------------End------------------------------------
[DEBUG] 2018-10-11 14:24:19,128 16056ms [Err:SEToPromoByTdr(line:28)]- -------------------------------START------------------------------------
[DEBUG] 2018-10-11 14:24:19,130 16058ms [Err:SEToPromoByTdr(line:66)]- Type U
[DEBUG] 2018-10-11 14:24:19,156 16084ms [Err:SEToPromoByTdr(line:77)]- -------------------------------End------------------------------------
[DEBUG] 2018-10-11 14:24:22,228 19156ms [Err:SEToPromoByTdr(line:28)]- -------------------------------START------------------------------------
[DEBUG] 2018-10-11 14:24:22,230 19158ms [Err:SEToPromoByTdr(line:70)]- Type C
[DEBUG] 2018-10-11 14:24:22,248 19176ms [Err:SEToPromoByTdr(line:77)]- -------------------------------End------------------------------------
[DEBUG] 2018-10-11 14:24:24,945 21874ms [Err:SEToPromoByTdr(line:28)]- -------------------------------START------------------------------------
[DEBUG] 2018-10-11 14:24:24,946 21875ms [Err:SEToPromoByTdr(line:62)]- Type R
[ERROR] 2018-10-11 14:24:25,025 21954ms [Err:INSbTPSTSalBBYTdr(line:275)]- จองสิทธิ์ส่วนลด ไม่สำเร็จ อาจจะมีอยู่แล้ว
[DEBUG] 2018-10-11 14:24:25,026 21955ms [Err:SEToPromoByTdr(line:77)]- -------------------------------End------------------------------------
[DEBUG] 2018-10-11 14:25:13,861 70789ms [Err:SEToPromoByTdr(line:28)]- -------------------------------START------------------------------------
[DEBUG] 2018-10-11 14:25:13,863 70791ms [Err:SEToPromoByTdr(line:70)]- Type C
[DEBUG] 2018-10-11 14:25:13,883 70811ms [Err:SEToPromoByTdr(line:77)]- -------------------------------End------------------------------------
[DEBUG] 2018-10-11 14:26:23,444 140372ms [Err:SEToPromoByTdr(line:28)]- -------------------------------START------------------------------------
[DEBUG] 2018-10-11 14:26:23,448 140376ms [Err:SEToPromoByTdr(line:70)]- Type C
[DEBUG] 2018-10-11 14:26:46,321 163250ms [Err:SEToPromoByTdr(line:0)]- -------------------------------End------------------------------------
[DEBUG] 2018-10-11 14:26:50,955 167883ms [Err:SEToPromoByTdr(line:0)]- -------------------------------START------------------------------------
[DEBUG] 2018-10-11 14:26:50,957 167885ms [Err:SEToPromoByTdr(line:0)]- Type R
[ERROR] 2018-10-11 14:26:51,062 167990ms [Err:INSbTPSTSalBBYTdr(line:0)]- จองสิทธิ์ส่วนลด ไม่สำเร็จ อาจจะมีอยู่แล้ว
[DEBUG] 2018-10-11 14:26:51,063 167991ms [Err:SEToPromoByTdr(line:0)]- -------------------------------End------------------------------------
[DEBUG] 2018-10-11 14:27:31,757  7324ms [Err:SEToPromoByTdr(line:28)]- -------------------------------START------------------------------------
[DEBUG] 2018-10-11 14:27:31,819  7385ms [Err:SEToPromoByTdr(line:62)]- Type R
[ERROR] 2018-10-11 14:27:32,047  7613ms [Err:INSbTPSTSalBBYTdr(line:275)]- จองสิทธิ์ส่วนลด ไม่สำเร็จ อาจจะมีอยู่แล้ว
[DEBUG] 2018-10-11 14:27:32,049  7615ms [Err:SEToPromoByTdr(line:77)]- -------------------------------End------------------------------------
[DEBUG] 2018-10-11 14:27:36,062 11628ms [Err:SEToPromoByTdr(line:28)]- -------------------------------START------------------------------------
[DEBUG] 2018-10-11 14:27:36,064 11630ms [Err:SEToPromoByTdr(line:70)]- Type C
[DEBUG] 2018-10-11 14:27:41,184 16751ms [Err:SEToPromoByTdr(line:77)]- -------------------------------End------------------------------------
[DEBUG] 2018-10-11 14:28:56,209 91776ms [Err:SEToPromoByTdr(line:28)]- -------------------------------START------------------------------------
[DEBUG] 2018-10-11 14:28:56,212 91779ms [Err:SEToPromoByTdr(line:62)]- Type R
[DEBUG] 2018-10-11 14:28:56,246 91813ms [Err:SEToPromoByTdr(line:77)]- -------------------------------End------------------------------------
[DEBUG] 2018-10-11 14:29:00,905 96471ms [Err:SEToPromoByTdr(line:28)]- -------------------------------START------------------------------------
[DEBUG] 2018-10-11 14:29:00,906 96472ms [Err:SEToPromoByTdr(line:70)]- Type C
[DEBUG] 2018-10-11 14:29:00,922 96488ms [Err:SEToPromoByTdr(line:77)]- -------------------------------End------------------------------------
[DEBUG] 2018-10-11 14:29:08,782 104349ms [Err:SEToPromoByTdr(line:28)]- -------------------------------START------------------------------------
[DEBUG] 2018-10-11 14:29:08,784 104351ms [Err:SEToPromoByTdr(line:62)]- Type R
[DEBUG] 2018-10-11 14:29:08,815 104382ms [Err:SEToPromoByTdr(line:77)]- -------------------------------End------------------------------------
[DEBUG] 2018-10-11 14:30:46,193   606ms [Err:SEToPromoByTdr(line:28)]- -------------------------------START------------------------------------
[DEBUG] 2018-10-11 14:30:46,271   684ms [Err:SEToPromoByTdr(line:62)]- Type R
[DEBUG] 2018-10-11 14:30:46,410   823ms [Err:SEToPromoByTdr(line:77)]- -------------------------------End------------------------------------
[DEBUG] 2018-10-11 14:31:05,861 20273ms [Err:SEToPromoByTdr(line:28)]- -------------------------------START------------------------------------
[DEBUG] 2018-10-11 14:31:05,863 20275ms [Err:SEToPromoByTdr(line:62)]- Type R
[DEBUG] 2018-10-11 14:31:05,908 20320ms [Err:SEToPromoByTdr(line:77)]- -------------------------------End------------------------------------
[DEBUG] 2018-10-11 14:31:10,781 25193ms [Err:SEToPromoByTdr(line:28)]- -------------------------------START------------------------------------
[DEBUG] 2018-10-11 14:31:10,783 25195ms [Err:SEToPromoByTdr(line:66)]- Type U
[DEBUG] 2018-10-11 14:31:10,804 25216ms [Err:SEToPromoByTdr(line:77)]- -------------------------------End------------------------------------
[DEBUG] 2018-10-11 16:13:57,115 12604ms [Err:SEToPromoByTdrReserve(line:31)]- -------------------------------START------------------------------------
[DEBUG] 2018-10-11 16:13:57,956 13446ms [Err:SEToPromoByTdrReserve(line:42)]- -------------------------------End------------------------------------
[DEBUG] 2018-10-11 16:14:00,650 16140ms [Err:SEToPromoByTdrReserve(line:31)]- -------------------------------START------------------------------------
[ERROR] 2018-10-11 16:14:00,816 16306ms [Err:INSbTPSTSalBBYTdr(line:270)]- จองสิทธิ์ส่วนลด ไม่สำเร็จ อาจจะมีอยู่แล้ว
[DEBUG] 2018-10-11 16:14:00,818 16308ms [Err:SEToPromoByTdrReserve(line:42)]- -------------------------------End------------------------------------
[DEBUG] 2018-10-11 16:14:13,763 29253ms [Err:SEToPromoByTdrUsed(line:56)]- -------------------------------START------------------------------------
[DEBUG] 2018-10-11 16:14:13,792 29282ms [Err:SEToPromoByTdrUsed(line:67)]- -------------------------------End------------------------------------
[DEBUG] 2018-10-11 16:14:16,906 32396ms [Err:SEToPromoByTdrUsed(line:56)]- -------------------------------START------------------------------------
[DEBUG] 2018-10-11 16:14:16,925 32415ms [Err:SEToPromoByTdrUsed(line:67)]- -------------------------------End------------------------------------
[DEBUG] 2018-10-11 16:37:15,374   637ms [Err:SEToPromoByTdrReserve(line:31)]- -------------------------------START------------------------------------
[ERROR] 2018-10-11 16:37:15,685   948ms [Err:INSbTPSTSalBBYTdr(line:271)]- จองสิทธิ์ส่วนลด ไม่สำเร็จ อาจจะมีอยู่แล้ว
[DEBUG] 2018-10-11 16:37:15,688   951ms [Err:SEToPromoByTdrReserve(line:42)]- -------------------------------End------------------------------------
[DEBUG] 2018-10-11 16:37:35,502 20765ms [Err:SEToPromoByTdrReserve(line:31)]- -------------------------------START------------------------------------
[DEBUG] 2018-10-11 16:37:35,574 20837ms [Err:SEToPromoByTdrReserve(line:42)]- -------------------------------End------------------------------------
[DEBUG] 2018-10-11 16:37:37,020 22283ms [Err:SEToPromoByTdrReserve(line:31)]- -------------------------------START------------------------------------
[ERROR] 2018-10-11 16:37:37,115 22378ms [Err:INSbTPSTSalBBYTdr(line:271)]- จองสิทธิ์ส่วนลด ไม่สำเร็จ อาจจะมีอยู่แล้ว
[DEBUG] 2018-10-11 16:37:37,115 22378ms [Err:SEToPromoByTdrReserve(line:42)]- -------------------------------End------------------------------------
[DEBUG] 2018-10-11 16:37:40,985 26247ms [Err:SEToPromoByTdrUsed(line:56)]- -------------------------------START------------------------------------
[DEBUG] 2018-10-11 16:37:41,007 26269ms [Err:SEToPromoByTdrUsed(line:67)]- -------------------------------End------------------------------------
[DEBUG] 2018-10-11 16:37:44,707 29970ms [Err:SEToPromoByTdrReserve(line:31)]- -------------------------------START------------------------------------
[ERROR] 2018-10-11 16:37:44,805 30068ms [Err:INSbTPSTSalBBYTdr(line:271)]- จองสิทธิ์ส่วนลด ไม่สำเร็จ อาจจะมีอยู่แล้ว
[DEBUG] 2018-10-11 16:37:44,806 30069ms [Err:SEToPromoByTdrReserve(line:42)]- -------------------------------End------------------------------------
[DEBUG] 2018-10-11 16:38:06,156 51418ms [Err:SEToPromoByTdrUsed(line:56)]- -------------------------------START------------------------------------
[DEBUG] 2018-10-11 16:38:06,181 51443ms [Err:SEToPromoByTdrUsed(line:67)]- -------------------------------End------------------------------------
[DEBUG] 2018-10-11 16:38:08,948 54211ms [Err:SEToPromoByTdrUsed(line:56)]- -------------------------------START------------------------------------
[DEBUG] 2018-10-11 16:38:08,965 54228ms [Err:SEToPromoByTdrUsed(line:67)]- -------------------------------End------------------------------------
[DEBUG] 2018-10-11 16:55:43,103   457ms [Err:SEToPromoByTdrReserve(line:31)]- -------------------------------START------------------------------------
[ERROR] 2018-10-11 16:55:43,262   616ms [Err:INSbTPSTSalBBYTdr(line:272)]- จองสิทธิ์ส่วนลด ไม่สำเร็จ อาจจะมีอยู่แล้ว
[DEBUG] 2018-10-11 16:55:43,264   618ms [Err:SEToPromoByTdrReserve(line:43)]- -------------------------------End------------------------------------
[DEBUG] 2018-10-11 16:58:19,542 156896ms [Err:SEToPromoByTdrReserve(line:31)]- -------------------------------START------------------------------------
[ERROR] 2018-10-11 16:58:19,554 156908ms [Err:C_CHKoQuota(line:180)]- CrdQuota Limit  จำนวนการใช้งานบัตร ครบจำนวนแล้ว
[DEBUG] 2018-10-11 16:58:19,555 156909ms [Err:SEToPromoByTdrReserve(line:43)]- -------------------------------End------------------------------------
[DEBUG] 2018-10-11 16:58:27,619 164973ms [Err:SEToPromoByTdrReserve(line:31)]- -------------------------------START------------------------------------
[ERROR] 2018-10-11 16:58:27,625 164979ms [Err:C_CHKoQuota(line:180)]- CrdQuota Limit  จำนวนการใช้งานบัตร ครบจำนวนแล้ว
[DEBUG] 2018-10-11 16:58:27,626 164980ms [Err:SEToPromoByTdrReserve(line:43)]- -------------------------------End------------------------------------
[DEBUG] 2018-10-11 16:58:42,294 179648ms [Err:SEToPromoByTdrReserve(line:31)]- -------------------------------START------------------------------------
[DEBUG] 2018-10-11 16:58:42,300 179654ms [Err:SEToPromoByTdrReserve(line:43)]- -------------------------------End------------------------------------
[DEBUG] 2018-10-11 16:58:44,219 181573ms [Err:SEToPromoByTdrReserve(line:31)]- -------------------------------START------------------------------------
[ERROR] 2018-10-11 16:58:44,224 181578ms [Err:C_CHKoQuota(line:180)]- CrdQuota Limit  จำนวนการใช้งานบัตร ครบจำนวนแล้ว
[DEBUG] 2018-10-11 16:58:44,224 181578ms [Err:SEToPromoByTdrReserve(line:43)]- -------------------------------End------------------------------------
[DEBUG] 2018-10-11 17:02:44,625 15472ms [Err:SEToPromoByTdrReserve(line:31)]- -------------------------------START------------------------------------
[DEBUG] 2018-10-11 17:02:44,833 15680ms [Err:SEToPromoByTdrReserve(line:42)]- -------------------------------End------------------------------------
[DEBUG] 2018-10-11 17:02:49,642 20488ms [Err:SEToPromoByTdrReserve(line:31)]- -------------------------------START------------------------------------
[DEBUG] 2018-10-11 17:02:49,689 20535ms [Err:SEToPromoByTdrReserve(line:42)]- -------------------------------End------------------------------------
[DEBUG] 2018-10-11 17:02:53,816 24662ms [Err:SEToPromoByTdrReserve(line:31)]- -------------------------------START------------------------------------
[DEBUG] 2018-10-11 17:02:53,866 24712ms [Err:SEToPromoByTdrReserve(line:42)]- -------------------------------End------------------------------------
[DEBUG] 2018-10-11 17:02:56,998 27844ms [Err:SEToPromoByTdrReserve(line:31)]- -------------------------------START------------------------------------
[DEBUG] 2018-10-11 17:02:57,041 27887ms [Err:SEToPromoByTdrReserve(line:42)]- -------------------------------End------------------------------------
[DEBUG] 2018-10-11 17:03:00,692 31538ms [Err:SEToPromoByTdrReserve(line:31)]- -------------------------------START------------------------------------
[ERROR] 2018-10-11 17:03:00,722 31568ms [Err:C_CHKoQuota(line:179)]- CrdQuota Limit  จำนวนการใช้งานบัตร ครบจำนวนแล้ว
[DEBUG] 2018-10-11 17:03:00,724 31570ms [Err:SEToPromoByTdrReserve(line:42)]- -------------------------------End------------------------------------
[DEBUG] 2018-10-11 17:03:33,827 64673ms [Err:SEToPromoByTdrUsed(line:56)]- -------------------------------START------------------------------------
[DEBUG] 2018-10-11 17:03:33,850 64696ms [Err:SEToPromoByTdrUsed(line:67)]- -------------------------------End------------------------------------
[DEBUG] 2018-10-11 17:03:37,479 68325ms [Err:SEToPromoByTdrReserve(line:31)]- -------------------------------START------------------------------------
[ERROR] 2018-10-11 17:03:37,510 68356ms [Err:C_CHKoQuota(line:179)]- CrdQuota Limit  จำนวนการใช้งานบัตร ครบจำนวนแล้ว
[DEBUG] 2018-10-11 17:03:37,511 68357ms [Err:SEToPromoByTdrReserve(line:42)]- -------------------------------End------------------------------------
[DEBUG] 2018-10-11 17:04:00,201 91048ms [Err:SEToPromoByTdrReserve(line:31)]- -------------------------------START------------------------------------
[DEBUG] 2018-10-11 17:04:00,791 91637ms [Err:SEToPromoByTdrReserve(line:42)]- -------------------------------End------------------------------------
[DEBUG] 2018-10-11 17:04:02,986 93832ms [Err:SEToPromoByTdrReserve(line:31)]- -------------------------------START------------------------------------
[DEBUG] 2018-10-11 17:04:05,414 96261ms [Err:SEToPromoByTdrReserve(line:42)]- -------------------------------End------------------------------------
[DEBUG] 2018-10-11 17:04:08,901 99747ms [Err:SEToPromoByTdrReserve(line:31)]- -------------------------------START------------------------------------
[DEBUG] 2018-10-11 17:04:08,943 99789ms [Err:SEToPromoByTdrReserve(line:42)]- -------------------------------End------------------------------------
[DEBUG] 2018-10-11 17:04:12,637 103484ms [Err:SEToPromoByTdrReserve(line:31)]- -------------------------------START------------------------------------
[DEBUG] 2018-10-11 17:04:12,688 103535ms [Err:SEToPromoByTdrReserve(line:42)]- -------------------------------End------------------------------------
[DEBUG] 2018-10-11 17:04:16,848 107695ms [Err:SEToPromoByTdrReserve(line:31)]- -------------------------------START------------------------------------
[ERROR] 2018-10-11 17:04:16,881 107728ms [Err:C_CHKoQuota(line:179)]- CrdQuota Limit  จำนวนการใช้งานบัตร ครบจำนวนแล้ว
[DEBUG] 2018-10-11 17:04:16,882 107729ms [Err:SEToPromoByTdrReserve(line:42)]- -------------------------------End------------------------------------
[DEBUG] 2018-10-11 17:04:31,285 122131ms [Err:SEToPromoByTdrReserve(line:31)]- -------------------------------START------------------------------------
[ERROR] 2018-10-11 17:04:31,320 122166ms [Err:C_CHKoQuota(line:179)]- CrdQuota Limit  จำนวนการใช้งานบัตร ครบจำนวนแล้ว
[DEBUG] 2018-10-11 17:04:31,321 122167ms [Err:SEToPromoByTdrReserve(line:42)]- -------------------------------End------------------------------------
[DEBUG] 2018-10-11 17:04:32,768 123614ms [Err:SEToPromoByTdrReserve(line:31)]- -------------------------------START------------------------------------
[ERROR] 2018-10-11 17:04:32,801 123647ms [Err:C_CHKoQuota(line:179)]- CrdQuota Limit  จำนวนการใช้งานบัตร ครบจำนวนแล้ว
[DEBUG] 2018-10-11 17:04:32,801 123647ms [Err:SEToPromoByTdrReserve(line:42)]- -------------------------------End------------------------------------
[DEBUG] 2018-10-11 17:04:39,380 130226ms [Err:SEToPromoByTdrReserve(line:31)]- -------------------------------START------------------------------------
[ERROR] 2018-10-11 17:04:39,414 130260ms [Err:C_CHKoQuota(line:179)]- CrdQuota Limit  จำนวนการใช้งานบัตร ครบจำนวนแล้ว
[DEBUG] 2018-10-11 17:04:39,415 130261ms [Err:SEToPromoByTdrReserve(line:42)]- -------------------------------End------------------------------------
[DEBUG] 2018-10-11 17:04:57,619 148465ms [Err:SEToPromoByTdrUsed(line:56)]- -------------------------------START------------------------------------
[DEBUG] 2018-10-11 17:04:57,635 148481ms [Err:SEToPromoByTdrUsed(line:67)]- -------------------------------End------------------------------------
[DEBUG] 2018-10-11 17:05:00,341 151187ms [Err:SEToPromoByTdrReserve(line:31)]- -------------------------------START------------------------------------
[ERROR] 2018-10-11 17:05:00,376 151222ms [Err:C_CHKoQuota(line:179)]- CrdQuota Limit  จำนวนการใช้งานบัตร ครบจำนวนแล้ว
[DEBUG] 2018-10-11 17:05:00,377 151223ms [Err:SEToPromoByTdrReserve(line:42)]- -------------------------------End------------------------------------
[DEBUG] 2018-10-11 17:05:05,794 156640ms [Err:SEToPromoByTdrUsed(line:56)]- -------------------------------START------------------------------------
[DEBUG] 2018-10-11 17:05:05,813 156659ms [Err:SEToPromoByTdrUsed(line:67)]- -------------------------------End------------------------------------
[DEBUG] 2018-10-11 17:05:11,115 161961ms [Err:SEToPromoByTdrUsed(line:56)]- -------------------------------START------------------------------------
[DEBUG] 2018-10-11 17:05:11,132 161978ms [Err:SEToPromoByTdrUsed(line:67)]- -------------------------------End------------------------------------
[DEBUG] 2018-10-11 17:05:14,402 165248ms [Err:SEToPromoByTdrUsed(line:56)]- -------------------------------START------------------------------------
[DEBUG] 2018-10-11 17:05:14,419 165266ms [Err:SEToPromoByTdrUsed(line:67)]- -------------------------------End------------------------------------
[DEBUG] 2018-10-11 17:05:22,420 173266ms [Err:SEToPromoByTdrReserve(line:31)]- -------------------------------START------------------------------------
[ERROR] 2018-10-11 17:05:22,458 173304ms [Err:C_CHKoQuota(line:179)]- CrdQuota Limit  จำนวนการใช้งานบัตร ครบจำนวนแล้ว
[DEBUG] 2018-10-11 17:05:22,459 173305ms [Err:SEToPromoByTdrReserve(line:42)]- -------------------------------End------------------------------------
[DEBUG] 2018-10-11 17:05:33,626 184472ms [Err:SEToPromoByTdrReserve(line:31)]- -------------------------------START------------------------------------
[DEBUG] 2018-10-11 17:05:33,673 184519ms [Err:SEToPromoByTdrReserve(line:42)]- -------------------------------End------------------------------------
[DEBUG] 2018-10-11 17:17:26,015 626606ms [Err:SEToPromoByTdrUsed(line:56)]- -------------------------------START------------------------------------
[DEBUG] 2018-10-11 17:24:30,453 1051044ms [Err:SEToPromoByTdrUsed(line:0)]- -------------------------------End------------------------------------
[DEBUG] 2018-10-11 17:25:17,845  8211ms [Err:SEToPromoByTdrUsed(line:56)]- -------------------------------START------------------------------------
[DEBUG] 2018-10-11 17:32:54,981 13370ms [Err:SEToPromoByTdrReserve(line:31)]- -------------------------------START------------------------------------
[ERROR] 2018-10-11 17:32:55,163 13552ms [Err:C_CHKoQuota(line:179)]- CrdQuota Limit  จำนวนการใช้งานบัตร ครบจำนวนแล้ว
[DEBUG] 2018-10-11 17:32:55,165 13554ms [Err:SEToPromoByTdrReserve(line:42)]- -------------------------------End------------------------------------
[DEBUG] 2018-10-11 17:33:03,633 22022ms [Err:SEToPromoByTdrReserve(line:31)]- -------------------------------START------------------------------------
[ERROR] 2018-10-11 17:33:03,810 22199ms [Err:INSbTPSTSalBBYTdr(line:288)]- [ReServe]=Violation of PRIMARY KEY constraint 'PK__TPSTSalB__6C0A267A104864CC'. Cannot insert duplicate key in object 'dbo.TPSTSalBBYTdr'. The duplicate key value is (00048, 00917, 2018-09-20, 01KB, T001, Oct 11 2018 12:00AM, 10:10:50, 1).
The statement has been terminated.
[DEBUG] 2018-10-11 17:33:03,812 22201ms [Err:SEToPromoByTdrReserve(line:42)]- -------------------------------End------------------------------------
[DEBUG] 2018-10-11 17:33:20,461 38850ms [Err:SEToPromoByTdrReserve(line:31)]- -------------------------------START------------------------------------
[ERROR] 2018-10-11 17:33:20,540 38929ms [Err:INSbTPSTSalBBYTdr(line:288)]- [ReServe]=Object reference not set to an instance of an object.
[DEBUG] 2018-10-11 17:33:20,541 38930ms [Err:SEToPromoByTdrReserve(line:42)]- -------------------------------End------------------------------------
[DEBUG] 2018-10-11 17:33:26,439 44828ms [Err:SEToPromoByTdrReserve(line:31)]- -------------------------------START------------------------------------
[ERROR] 2018-10-11 17:33:26,507 44896ms [Err:INSbTPSTSalBBYTdr(line:288)]- [ReServe]=Object reference not set to an instance of an object.
[DEBUG] 2018-10-11 17:33:26,507 44896ms [Err:SEToPromoByTdrReserve(line:42)]- -------------------------------End------------------------------------
[DEBUG] 2018-10-11 17:34:15,283 93672ms [Err:SEToPromoByTdrReserve(line:31)]- -------------------------------START------------------------------------
[ERROR] 2018-10-11 17:34:15,352 93741ms [Err:INSbTPSTSalBBYTdr(line:288)]- [ReServe]=Object reference not set to an instance of an object.
[DEBUG] 2018-10-11 17:34:15,352 93741ms [Err:SEToPromoByTdrReserve(line:42)]- -------------------------------End------------------------------------
[DEBUG] 2018-10-11 17:34:40,476 118865ms [Err:SEToPromoByTdrReserve(line:31)]- -------------------------------START------------------------------------
[DEBUG] 2018-10-11 17:36:27,355  9159ms [Err:SEToPromoByTdrReserve(line:31)]- -------------------------------START------------------------------------
[ERROR] 2018-10-11 17:36:27,549  9353ms [Err:C_CHKoQuota(line:179)]- CrdQuota Limit  จำนวนการใช้งานบัตร ครบจำนวนแล้ว
[DEBUG] 2018-10-11 17:36:27,551  9355ms [Err:SEToPromoByTdrReserve(line:42)]- -------------------------------End------------------------------------
[DEBUG] 2018-10-11 17:36:32,925 14728ms [Err:SEToPromoByTdrReserve(line:31)]- -------------------------------START------------------------------------
[ERROR] 2018-10-11 17:36:33,065 14868ms [Err:INSbTPSTSalBBYTdr(line:276)]- จองสิทธิ์ส่วนลด ไม่สำเร็จ อาจจะมีอยู่แล้ว
[DEBUG] 2018-10-11 17:36:33,066 14869ms [Err:SEToPromoByTdrReserve(line:42)]- -------------------------------End------------------------------------
[DEBUG] 2018-10-11 17:36:55,902 37706ms [Err:SEToPromoByTdrUsed(line:56)]- -------------------------------START------------------------------------
[ERROR] 2018-10-11 17:36:55,957 37760ms [Err:C_SEToUsed(line:62)]- Used=Object reference not set to an instance of an object.
[DEBUG] 2018-10-11 17:36:55,958 37761ms [Err:SEToPromoByTdrUsed(line:67)]- -------------------------------End------------------------------------
[DEBUG] 2018-10-11 17:37:23,447 65250ms [Err:SEToPromoByTdrUsed(line:56)]- -------------------------------START------------------------------------
[DEBUG] 2018-10-11 17:38:37,182 13304ms [Err:SEToPromoByTdrUsed(line:56)]- -------------------------------START------------------------------------
[ERROR] 2018-10-11 17:38:37,342 13464ms [Err:C_SEToUsed(line:42)]- [Used] อัพเดท ไม่สำเร็จ
[DEBUG] 2018-10-11 17:38:37,344 13466ms [Err:SEToPromoByTdrUsed(line:67)]- -------------------------------End------------------------------------
[DEBUG] 2018-10-11 17:48:51,835 24484ms [Err:SEToPromoByTdrReserve(line:31)]- -------------------------------START------------------------------------
[DEBUG] 2018-10-11 17:48:52,021 24671ms [Err:SEToPromoByTdrReserve(line:42)]- -------------------------------End------------------------------------
[DEBUG] 2018-10-11 17:49:02,981 35630ms [Err:SEToPromoByTdrReserve(line:31)]- -------------------------------START------------------------------------
[DEBUG] 2018-10-11 17:49:03,029 35678ms [Err:SEToPromoByTdrReserve(line:42)]- -------------------------------End------------------------------------
[DEBUG] 2018-10-11 17:49:06,060 38709ms [Err:SEToPromoByTdrReserve(line:31)]- -------------------------------START------------------------------------
[DEBUG] 2018-10-11 17:49:06,108 38757ms [Err:SEToPromoByTdrReserve(line:42)]- -------------------------------End------------------------------------
[DEBUG] 2018-10-11 17:49:09,639 42288ms [Err:SEToPromoByTdrReserve(line:31)]- -------------------------------START------------------------------------
[DEBUG] 2018-10-11 17:49:09,688 42337ms [Err:SEToPromoByTdrReserve(line:42)]- -------------------------------End------------------------------------
[DEBUG] 2018-10-11 17:49:48,115 80764ms [Err:SEToPromoByTdrReserve(line:31)]- -------------------------------START------------------------------------
[ERROR] 2018-10-11 17:49:48,147 80796ms [Err:C_CHKoQuota(line:179)]- CrdQuota Limit  จำนวนการใช้งานบัตร ครบจำนวนแล้ว
[DEBUG] 2018-10-11 17:49:48,149 80798ms [Err:SEToPromoByTdrReserve(line:42)]- -------------------------------End------------------------------------
[DEBUG] 2018-10-11 17:49:53,818 86468ms [Err:SEToPromoByTdrReserve(line:31)]- -------------------------------START------------------------------------
[ERROR] 2018-10-11 17:49:53,848 86498ms [Err:C_CHKoQuota(line:179)]- CrdQuota Limit  จำนวนการใช้งานบัตร ครบจำนวนแล้ว
[DEBUG] 2018-10-11 17:49:53,849 86499ms [Err:SEToPromoByTdrReserve(line:42)]- -------------------------------End------------------------------------
[DEBUG] 2018-10-11 17:49:55,074 87723ms [Err:SEToPromoByTdrReserve(line:31)]- -------------------------------START------------------------------------
[ERROR] 2018-10-11 17:49:55,112 87761ms [Err:C_CHKoQuota(line:179)]- CrdQuota Limit  จำนวนการใช้งานบัตร ครบจำนวนแล้ว
[DEBUG] 2018-10-11 17:49:55,113 87762ms [Err:SEToPromoByTdrReserve(line:42)]- -------------------------------End------------------------------------
[DEBUG] 2018-10-11 17:49:55,851 88500ms [Err:SEToPromoByTdrReserve(line:31)]- -------------------------------START------------------------------------
[ERROR] 2018-10-11 17:49:55,882 88532ms [Err:C_CHKoQuota(line:179)]- CrdQuota Limit  จำนวนการใช้งานบัตร ครบจำนวนแล้ว
[DEBUG] 2018-10-11 17:49:55,882 88532ms [Err:SEToPromoByTdrReserve(line:42)]- -------------------------------End------------------------------------
[DEBUG] 2018-10-11 17:49:56,481 89130ms [Err:SEToPromoByTdrReserve(line:31)]- -------------------------------START------------------------------------
[ERROR] 2018-10-11 17:49:56,510 89159ms [Err:C_CHKoQuota(line:179)]- CrdQuota Limit  จำนวนการใช้งานบัตร ครบจำนวนแล้ว
[DEBUG] 2018-10-11 17:49:56,511 89160ms [Err:SEToPromoByTdrReserve(line:42)]- -------------------------------End------------------------------------
[DEBUG] 2018-10-11 17:49:56,944 89594ms [Err:SEToPromoByTdrReserve(line:31)]- -------------------------------START------------------------------------
[ERROR] 2018-10-11 17:49:56,985 89635ms [Err:C_CHKoQuota(line:179)]- CrdQuota Limit  จำนวนการใช้งานบัตร ครบจำนวนแล้ว
[DEBUG] 2018-10-11 17:49:56,985 89635ms [Err:SEToPromoByTdrReserve(line:42)]- -------------------------------End------------------------------------
[DEBUG] 2018-10-11 17:49:57,338 89987ms [Err:SEToPromoByTdrReserve(line:31)]- -------------------------------START------------------------------------
[ERROR] 2018-10-11 17:49:57,377 90026ms [Err:C_CHKoQuota(line:179)]- CrdQuota Limit  จำนวนการใช้งานบัตร ครบจำนวนแล้ว
[DEBUG] 2018-10-11 17:49:57,378 90027ms [Err:SEToPromoByTdrReserve(line:42)]- -------------------------------End------------------------------------
[DEBUG] 2018-10-11 17:52:57,968  9836ms [Err:SEToPromoByTdrReserve(line:31)]- -------------------------------START------------------------------------
[ERROR] 2018-10-11 17:52:58,179 10047ms [Err:C_CHKoQuota(line:179)]- CrdQuota Limit  จำนวนการใช้งานบัตร ครบจำนวนแล้ว
[DEBUG] 2018-10-11 17:52:58,181 10049ms [Err:SEToPromoByTdrReserve(line:42)]- -------------------------------End------------------------------------
[DEBUG] 2018-10-11 17:53:05,314 17182ms [Err:SEToPromoByTdrUsed(line:56)]- -------------------------------START------------------------------------
[ERROR] 2018-10-11 17:53:05,342 17210ms [Err:C_SEToUsed(line:42)]- [Used] อัพเดท ไม่สำเร็จ
[DEBUG] 2018-10-11 17:53:05,343 17211ms [Err:SEToPromoByTdrUsed(line:67)]- -------------------------------End------------------------------------
[DEBUG] 2018-10-11 17:53:28,067 39935ms [Err:SEToPromoByTdrUsed(line:56)]- -------------------------------START------------------------------------
[ERROR] 2018-10-11 17:53:28,087 39955ms [Err:C_SEToUsed(line:42)]- [Used] อัพเดท ไม่สำเร็จ
[DEBUG] 2018-10-11 17:53:28,087 39955ms [Err:SEToPromoByTdrUsed(line:67)]- -------------------------------End------------------------------------
[DEBUG] 2018-10-11 17:53:43,634 55503ms [Err:SEToPromoByTdrUsed(line:56)]- -------------------------------START------------------------------------
[ERROR] 2018-10-11 17:54:49,768 121636ms [Err:C_SEToUsed(line:42)]- [Used] อัพเดท ไม่สำเร็จ
[DEBUG] 2018-10-11 17:54:49,791 121659ms [Err:SEToPromoByTdrUsed(line:67)]- -------------------------------End------------------------------------
[DEBUG] 2018-10-11 17:54:58,377 130245ms [Err:SEToPromoByTdrUsed(line:56)]- -------------------------------START------------------------------------
[ERROR] 2018-10-11 17:54:58,402 130270ms [Err:C_SEToUsed(line:42)]- [Used] อัพเดท ไม่สำเร็จ
[DEBUG] 2018-10-11 17:54:58,403 130271ms [Err:SEToPromoByTdrUsed(line:67)]- -------------------------------End------------------------------------
[DEBUG] 2018-10-11 17:55:43,302 175170ms [Err:SEToPromoByTdrUsed(line:56)]- -------------------------------START------------------------------------
[ERROR] 2018-10-11 17:55:43,321 175189ms [Err:C_SEToUsed(line:42)]- [Used] อัพเดท ไม่สำเร็จ
[DEBUG] 2018-10-11 17:55:43,321 175189ms [Err:SEToPromoByTdrUsed(line:67)]- -------------------------------End------------------------------------
[DEBUG] 2018-10-11 17:56:13,101 204969ms [Err:SEToPromoByTdrUsed(line:56)]- -------------------------------START------------------------------------
[ERROR] 2018-10-11 17:58:16,612 328480ms [Err:C_SEToUsed(line:42)]- [Used] อัพเดท ไม่สำเร็จ
[DEBUG] 2018-10-11 17:58:16,639 328507ms [Err:SEToPromoByTdrUsed(line:67)]- -------------------------------End------------------------------------
[DEBUG] 2018-10-11 17:58:40,463  6699ms [Err:SEToPromoByTdrReserve(line:31)]- -------------------------------START------------------------------------
[DEBUG] 2018-10-11 17:58:40,688  6924ms [Err:SEToPromoByTdrReserve(line:42)]- -------------------------------End------------------------------------
[DEBUG] 2018-10-11 17:58:44,176 10413ms [Err:SEToPromoByTdrReserve(line:31)]- -------------------------------START------------------------------------
[DEBUG] 2018-10-11 17:58:44,223 10460ms [Err:SEToPromoByTdrReserve(line:42)]- -------------------------------End------------------------------------
[DEBUG] 2018-10-11 17:58:48,103 14339ms [Err:SEToPromoByTdrReserve(line:31)]- -------------------------------START------------------------------------
[DEBUG] 2018-10-11 17:58:48,148 14384ms [Err:SEToPromoByTdrReserve(line:42)]- -------------------------------End------------------------------------
[DEBUG] 2018-10-11 17:58:52,112 18348ms [Err:SEToPromoByTdrReserve(line:31)]- -------------------------------START------------------------------------
[ERROR] 2018-10-11 17:58:52,143 18379ms [Err:C_CHKoQuota(line:179)]- CrdQuota Limit  จำนวนการใช้งานบัตร ครบจำนวนแล้ว
[DEBUG] 2018-10-11 17:58:52,145 18381ms [Err:SEToPromoByTdrReserve(line:42)]- -------------------------------End------------------------------------
[DEBUG] 2018-10-11 17:59:24,204 50440ms [Err:SEToPromoByTdrUsed(line:56)]- -------------------------------START------------------------------------
[DEBUG] 2018-10-11 18:07:31,126 13081ms [Err:SEToPromoByTdrUsed(line:56)]- -------------------------------START------------------------------------
[ERROR] 2018-10-11 18:07:31,366 13321ms [Err:C_SEToUsed(line:69)]- Used=Incorrect syntax near the keyword 'WHERE'.
[DEBUG] 2018-10-11 18:07:31,368 13323ms [Err:SEToPromoByTdrUsed(line:67)]- -------------------------------End------------------------------------
[DEBUG] 2018-10-11 18:07:49,700 31655ms [Err:SEToPromoByTdrUsed(line:56)]- -------------------------------START------------------------------------
[DEBUG] 2018-10-11 18:09:17,244 119199ms [Err:SEToPromoByTdrUsed(line:0)]- -------------------------------End------------------------------------
[DEBUG] 2018-10-11 18:09:40,848 142803ms [Err:SEToPromoByTdrUsed(line:0)]- -------------------------------START------------------------------------
[ERROR] 2018-10-11 18:10:17,541 179496ms [Err:C_SEToUsed(line:0)]- [Used] อัพเดท ไม่สำเร็จ
[DEBUG] 2018-10-11 18:10:21,593 183548ms [Err:SEToPromoByTdrUsed(line:0)]- -------------------------------End------------------------------------
[DEBUG] 2018-10-11 18:10:27,318 189273ms [Err:SEToPromoByTdrUsed(line:0)]- -------------------------------START------------------------------------
[ERROR] 2018-10-11 18:10:29,902 191857ms [Err:C_SEToUsed(line:0)]- [Used] อัพเดท ไม่สำเร็จ
[DEBUG] 2018-10-11 18:10:29,903 191858ms [Err:SEToPromoByTdrUsed(line:0)]- -------------------------------End------------------------------------
[DEBUG] 2018-10-11 18:10:37,509 199464ms [Err:SEToPromoByTdrUsed(line:0)]- -------------------------------START------------------------------------
[ERROR] 2018-10-11 18:10:37,526 199481ms [Err:C_SEToUsed(line:0)]- [Used] อัพเดท ไม่สำเร็จ
[DEBUG] 2018-10-11 18:10:37,526 199481ms [Err:SEToPromoByTdrUsed(line:0)]- -------------------------------End------------------------------------
[DEBUG] 2018-10-11 18:10:42,245 204201ms [Err:SEToPromoByTdrUsed(line:0)]- -------------------------------START------------------------------------
[DEBUG] 2018-10-11 18:10:43,323 205279ms [Err:SEToPromoByTdrUsed(line:0)]- -------------------------------End------------------------------------
[DEBUG] 2018-10-11 18:12:42,047 28344ms [Err:SEToPromoByTdrReserve(line:31)]- -------------------------------START------------------------------------
[ERROR] 2018-10-11 18:12:42,236 28533ms [Err:C_CHKoQuota(line:179)]- CrdQuota Limit  จำนวนการใช้งานบัตร ครบจำนวนแล้ว
[DEBUG] 2018-10-11 18:12:42,238 28535ms [Err:SEToPromoByTdrReserve(line:42)]- -------------------------------End------------------------------------
[DEBUG] 2018-10-11 18:25:56,500  2399ms [Err:SEToPromoByTdrUsed(line:56)]- -------------------------------START------------------------------------
[ERROR] 2018-10-11 18:25:56,676  2575ms [Err:C_SEToUsed(line:38)]- [Used] ไม่พบสิทธิ์ในการใช้งาน
[DEBUG] 2018-10-11 18:25:56,678  2577ms [Err:SEToPromoByTdrUsed(line:67)]- -------------------------------End------------------------------------
[DEBUG] 2018-10-11 18:26:17,374 23273ms [Err:SEToPromoByTdrUsed(line:56)]- -------------------------------START------------------------------------
[ERROR] 2018-10-11 18:26:17,395 23294ms [Err:C_SEToUsed(line:38)]- [Used] ไม่พบสิทธิ์ในการใช้งาน
[DEBUG] 2018-10-11 18:26:17,395 23294ms [Err:SEToPromoByTdrUsed(line:67)]- -------------------------------End------------------------------------
[DEBUG] 2018-10-11 18:26:32,043 37943ms [Err:SEToPromoByTdrUsed(line:56)]- -------------------------------START------------------------------------
[DEBUG] 2018-10-11 18:26:32,076 37976ms [Err:SEToPromoByTdrUsed(line:67)]- -------------------------------End------------------------------------
[DEBUG] 2018-10-11 18:27:05,360 71259ms [Err:SEToPromoByTdrCancel(line:81)]- -------------------------------START------------------------------------
[DEBUG] 2018-10-11 18:27:05,383 71282ms [Err:SEToPromoByTdrCancel(line:92)]- -------------------------------End------------------------------------
[DEBUG] 2018-10-11 18:27:07,508 73407ms [Err:SEToPromoByTdrCancel(line:81)]- -------------------------------START------------------------------------
[DEBUG] 2018-10-11 18:27:07,527 73426ms [Err:SEToPromoByTdrCancel(line:92)]- -------------------------------End------------------------------------
[DEBUG] 2018-10-11 18:27:10,235 76135ms [Err:SEToPromoByTdrCancel(line:81)]- -------------------------------START------------------------------------
[DEBUG] 2018-10-11 18:27:10,252 76152ms [Err:SEToPromoByTdrCancel(line:92)]- -------------------------------End------------------------------------
[DEBUG] 2018-10-11 18:27:11,210 77110ms [Err:SEToPromoByTdrCancel(line:81)]- -------------------------------START------------------------------------
[DEBUG] 2018-10-11 18:27:11,227 77127ms [Err:SEToPromoByTdrCancel(line:92)]- -------------------------------End------------------------------------
[DEBUG] 2018-10-11 18:27:13,043 78942ms [Err:SEToPromoByTdrCancel(line:81)]- -------------------------------START------------------------------------
[DEBUG] 2018-10-11 18:27:13,061 78960ms [Err:SEToPromoByTdrCancel(line:92)]- -------------------------------End------------------------------------
[DEBUG] 2018-10-11 18:27:20,770 86670ms [Err:SEToPromoByTdrCancel(line:81)]- -------------------------------START------------------------------------
[DEBUG] 2018-10-11 18:27:20,791 86690ms [Err:SEToPromoByTdrCancel(line:92)]- -------------------------------End------------------------------------
[DEBUG] 2018-10-11 18:42:05,860 26257ms [Err:SEToPromoByTdrReserve(line:31)]- -------------------------------START------------------------------------
[ERROR] 2018-10-11 18:42:06,070 26467ms [Err:C_CHKoQuota(line:179)]- CrdQuota Limit  จำนวนการใช้งานบัตร ครบจำนวนแล้ว
[DEBUG] 2018-10-11 18:42:06,072 26469ms [Err:SEToPromoByTdrReserve(line:42)]- -------------------------------End------------------------------------
[DEBUG] 2018-10-11 18:42:12,296 32693ms [Err:SEToPromoByTdrReserve(line:31)]- -------------------------------START------------------------------------
[DEBUG] 2018-10-11 18:42:12,902 33300ms [Err:SEToPromoByTdrReserve(line:42)]- -------------------------------End------------------------------------
[DEBUG] 2018-10-11 18:42:18,117 38515ms [Err:SEToPromoByTdrCancel(line:81)]- -------------------------------START------------------------------------
[DEBUG] 2018-10-11 18:42:20,660 41057ms [Err:SEToPromoByTdrCancel(line:92)]- -------------------------------End------------------------------------
[DEBUG] 2018-10-11 18:42:24,595 44993ms [Err:SEToPromoByTdrCancel(line:81)]- -------------------------------START------------------------------------
[ERROR] 2018-10-11 18:42:24,613 45011ms [Err:C_SEToCancel(line:39)]- [Cancel] ยกเลิกไม่สำเร็จ
[DEBUG] 2018-10-11 18:42:24,614 45012ms [Err:SEToPromoByTdrCancel(line:92)]- -------------------------------End------------------------------------
[DEBUG] 2018-10-11 18:42:37,120 57518ms [Err:SEToPromoByTdrCancel(line:81)]- -------------------------------START------------------------------------
[ERROR] 2018-10-11 18:42:37,139 57537ms [Err:C_SEToCancel(line:39)]- [Cancel] ยกเลิกไม่สำเร็จ
[DEBUG] 2018-10-11 18:42:37,140 57538ms [Err:SEToPromoByTdrCancel(line:92)]- -------------------------------End------------------------------------
