[DEBUG] 2018-11-02 12:24:39,836 456868ms [Err:SEToPromoByTdrReserve(line:0)]- -------------------------------START------------------------------------
[ERROR] 2018-11-02 12:24:39,906 456938ms [Err:C_SEToRESQtaByTdr(line:0)]- CrdQuota Limit  บัตรใช้งาน ครบจำนวนแล้ว
[DEBUG] 2018-11-02 12:24:39,926 456958ms [Err:SEToPromoByTdrReserve(line:0)]- -------------------------------End------------------------------------
[DEBUG] 2018-11-02 12:24:43,396 460428ms [Err:SEToPromoByTdrReserve(line:0)]- -------------------------------START------------------------------------
[ERROR] 2018-11-02 12:24:43,437 460469ms [Err:C_SEToRESQtaByTdr(line:0)]- จองสิทธิ์ส่วนลด สำเร็จ
[DEBUG] 2018-11-02 12:24:43,438 460470ms [Err:SEToPromoByTdrReserve(line:0)]- -------------------------------End------------------------------------
[DEBUG] 2018-11-02 12:24:45,080 462111ms [Err:SEToPromoByTdrUsed(line:0)]- -------------------------------START------------------------------------
[ERROR] 2018-11-02 12:24:45,107 462138ms [Err:C_SEToRESQtaByTdr(line:0)]- ยืนยันการใช่สิทธิ์ สำเร็จ
[DEBUG] 2018-11-02 12:24:45,108 462139ms [Err:SEToPromoByTdrUsed(line:0)]- -------------------------------End------------------------------------
[DEBUG] 2018-11-02 12:24:46,243 463274ms [Err:SEToPromoByTdrReserve(line:0)]- -------------------------------START------------------------------------
[ERROR] 2018-11-02 12:24:46,270 463301ms [Err:C_SEToRESQtaByTdr(line:0)]- จองสิทธิ์ส่วนลด สำเร็จ
[DEBUG] 2018-11-02 12:24:46,270 463301ms [Err:SEToPromoByTdrReserve(line:0)]- -------------------------------End------------------------------------
[DEBUG] 2018-11-02 12:24:47,065 464097ms [Err:SEToPromoByTdrCancel(line:0)]- -------------------------------START------------------------------------
[ERROR] 2018-11-02 12:24:47,086 464118ms [Err:C_SEToRESQtaByTdr(line:0)]- ยกเลิกการจอง สำเร็จ
[DEBUG] 2018-11-02 12:24:47,086 464118ms [Err:SEToPromoByTdrCancel(line:0)]- -------------------------------End------------------------------------
[DEBUG] 2018-11-02 12:24:47,914 464946ms [Err:SEToPromoByTdrReserve(line:0)]- -------------------------------START------------------------------------
[ERROR] 2018-11-02 12:24:47,942 464974ms [Err:C_SEToRESQtaByTdr(line:0)]- จองสิทธิ์ส่วนลด สำเร็จ
[DEBUG] 2018-11-02 12:24:47,943 464975ms [Err:SEToPromoByTdrReserve(line:0)]- -------------------------------End------------------------------------
[DEBUG] 2018-11-02 12:24:48,616 465647ms [Err:SEToPromoByTdrUsed(line:0)]- -------------------------------START------------------------------------
[ERROR] 2018-11-02 12:24:48,633 465665ms [Err:C_SEToRESQtaByTdr(line:0)]- ยืนยันการใช่สิทธิ์ สำเร็จ
[DEBUG] 2018-11-02 12:24:48,634 465666ms [Err:SEToPromoByTdrUsed(line:0)]- -------------------------------End------------------------------------
