[DEBUG] 2018-10-25 13:38:58,604   905ms [Err:SEToPromoByTdrReserve(line:28)]- -------------------------------START------------------------------------
[ERROR] 2018-10-25 13:38:58,947  1247ms [Err:C_SEToRESQtaByTdr(line:23)]- ข้อมูล BBYQuotaType ไม่ถูกต้อง
[DEBUG] 2018-10-25 13:38:58,948  1248ms [Err:SEToPromoByTdrReserve(line:35)]- -------------------------------End------------------------------------
[DEBUG] 2018-10-25 13:39:31,429 33729ms [Err:SEToPromoByTdrReserve(line:28)]- -------------------------------START------------------------------------
[ERROR] 2018-10-25 13:39:31,431 33731ms [Err:C_SEToRESQtaByTdr(line:23)]- ข้อมูล BBYQuotaType ไม่ถูกต้อง
[DEBUG] 2018-10-25 13:39:31,432 33732ms [Err:SEToPromoByTdrReserve(line:35)]- -------------------------------End------------------------------------
[DEBUG] 2018-10-25 13:39:32,531 34831ms [Err:SEToPromoByTdrReserve(line:28)]- -------------------------------START------------------------------------
[ERROR] 2018-10-25 13:39:32,533 34833ms [Err:C_SEToRESQtaByTdr(line:23)]- ข้อมูล BBYQuotaType ไม่ถูกต้อง
[DEBUG] 2018-10-25 13:39:32,533 34833ms [Err:SEToPromoByTdrReserve(line:35)]- -------------------------------End------------------------------------
[DEBUG] 2018-10-25 13:41:42,475 164775ms [Err:SEToPromoByTdrReserve(line:28)]- -------------------------------START------------------------------------
[ERROR] 2018-10-25 13:41:42,831 165131ms [Err:C_SEToRESQtaByTdr(line:42)]- จองสิทธิ์ส่วนลด สำเร็จ
[DEBUG] 2018-10-25 13:41:42,845 165145ms [Err:SEToPromoByTdrReserve(line:35)]- -------------------------------End------------------------------------
[DEBUG] 2018-10-25 13:41:46,558 168858ms [Err:SEToPromoByTdrUsed(line:49)]- -------------------------------START------------------------------------
[ERROR] 2018-10-25 13:41:46,565 168865ms [Err:C_SEToRESQtaByTdr(line:23)]- ยืนยันการใช่สิทธิ์ สำเร็จ
[DEBUG] 2018-10-25 13:41:46,607 168907ms [Err:SEToPromoByTdrUsed(line:56)]- -------------------------------End------------------------------------
[DEBUG] 2018-10-25 13:42:04,308 186608ms [Err:SEToPromoByTdrReserve(line:28)]- -------------------------------START------------------------------------
[ERROR] 2018-10-25 13:42:04,312 186612ms [Err:C_SEToRESQtaByTdr(line:23)]- CrdQuota Limit  บัตรใช้งาน ครบจำนวนแล้ว
[DEBUG] 2018-10-25 13:42:04,313 186613ms [Err:SEToPromoByTdrReserve(line:35)]- -------------------------------End------------------------------------
[DEBUG] 2018-10-25 14:39:44,727 3647027ms [Err:SEToPromoByTdrReserve(line:28)]- -------------------------------START------------------------------------
[ERROR] 2018-10-25 14:39:44,745 3647045ms [Err:C_SEToRESQtaByTdr(line:42)]- จองสิทธิ์ส่วนลด สำเร็จ
[DEBUG] 2018-10-25 14:39:44,746 3647046ms [Err:SEToPromoByTdrReserve(line:35)]- -------------------------------End------------------------------------
[DEBUG] 2018-10-25 14:39:58,413 3660713ms [Err:SEToPromoByTdrUsed(line:49)]- -------------------------------START------------------------------------
[ERROR] 2018-10-25 14:39:58,421 3660721ms [Err:C_SEToRESQtaByTdr(line:23)]- ยืนยันการใช่สิทธิ์ สำเร็จ
[DEBUG] 2018-10-25 14:39:58,421 3660721ms [Err:SEToPromoByTdrUsed(line:56)]- -------------------------------End------------------------------------
[DEBUG] 2018-10-25 14:40:16,462 3678762ms [Err:SEToPromoByTdrReserve(line:28)]- -------------------------------START------------------------------------
[ERROR] 2018-10-25 14:40:16,467 3678767ms [Err:C_SEToRESQtaByTdr(line:42)]- จองสิทธิ์ส่วนลด สำเร็จ
[DEBUG] 2018-10-25 14:40:16,468 3678768ms [Err:SEToPromoByTdrReserve(line:35)]- -------------------------------End------------------------------------
[DEBUG] 2018-10-25 14:40:20,233 3682533ms [Err:SEToPromoByTdrUsed(line:49)]- -------------------------------START------------------------------------
[ERROR] 2018-10-25 14:40:20,238 3682538ms [Err:C_SEToRESQtaByTdr(line:23)]- ยืนยันการใช่สิทธิ์ สำเร็จ
[DEBUG] 2018-10-25 14:40:20,238 3682538ms [Err:SEToPromoByTdrUsed(line:56)]- -------------------------------End------------------------------------
