[DEBUG] 2018-10-05 11:22:30,950 13336ms [Err:SETxPromoByTdr(line:39)]- -------------------------------START------------------------------------
[DEBUG] 2018-10-05 11:22:39,720 22106ms [Err:SETxPromoByTdr(line:45)]- Type R
[DEBUG] 2018-10-05 11:25:29,936 11367ms [Err:SETxPromoByTdr(line:39)]- -------------------------------START------------------------------------
[DEBUG] 2018-10-05 11:25:30,999 12430ms [Err:SETxPromoByTdr(line:45)]- Type R
[DEBUG] 2018-10-05 11:30:30,917 13134ms [Err:SETxPromoByTdr(line:39)]- -------------------------------START------------------------------------
[DEBUG] 2018-10-05 11:30:30,982 13199ms [Err:SETxPromoByTdr(line:45)]- Type R
[DEBUG] 2018-10-05 11:31:23,680 14900ms [Err:SETxPromoByTdr(line:40)]- -------------------------------START------------------------------------
[DEBUG] 2018-10-05 11:31:53,486  6580ms [Err:SETxPromoByTdr(line:40)]- -------------------------------START------------------------------------
[DEBUG] 2018-10-05 11:36:30,270  5742ms [Err:SETxPromoByTdr(line:40)]- -------------------------------START------------------------------------
[DEBUG] 2018-10-05 11:36:37,732 13204ms [Err:SETxPromoByTdr(line:52)]- Type R
[DEBUG] 2018-10-05 11:38:15,291  4376ms [Err:SETxPromoByTdr(line:40)]- -------------------------------START------------------------------------
[DEBUG] 2018-10-05 11:38:15,331  4416ms [Err:SETxPromoByTdr(line:52)]- Type R
[DEBUG] 2018-10-05 11:38:36,425  4188ms [Err:SETxPromoByTdr(line:40)]- -------------------------------START------------------------------------
[DEBUG] 2018-10-05 11:38:36,462  4224ms [Err:SETxPromoByTdr(line:52)]- Type R
[DEBUG] 2018-10-05 11:39:20,571  5374ms [Err:SETxPromoByTdr(line:40)]- -------------------------------START------------------------------------
[DEBUG] 2018-10-05 11:39:20,612  5415ms [Err:SETxPromoByTdr(line:52)]- Type R
[DEBUG] 2018-10-05 11:39:31,129 15933ms [Err:SETxPromoByTdr(line:69)]- -------------------------------End------------------------------------
[DEBUG] 2018-10-05 11:55:41,634 91178ms [Err:SETxPromoByTdr(line:40)]- -------------------------------START------------------------------------
[DEBUG] 2018-10-05 11:55:41,671 91214ms [Err:SETxPromoByTdr(line:52)]- Type R
[DEBUG] 2018-10-05 11:56:22,492  2846ms [Err:SETxPromoByTdr(line:40)]- -------------------------------START------------------------------------
[DEBUG] 2018-10-05 11:56:22,529  2883ms [Err:SETxPromoByTdr(line:52)]- Type R
[DEBUG] 2018-10-05 12:01:15,805  6384ms [Err:SETxPromoByTdr(line:40)]- -------------------------------START------------------------------------
[DEBUG] 2018-10-05 12:01:15,855  6434ms [Err:SETxPromoByTdr(line:52)]- Type R
[DEBUG] 2018-10-05 12:01:55,763  5966ms [Err:SETxPromoByTdr(line:40)]- -------------------------------START------------------------------------
[DEBUG] 2018-10-05 12:01:55,803  6006ms [Err:SETxPromoByTdr(line:52)]- Type R
[DEBUG] 2018-10-05 12:02:59,897  3961ms [Err:SETxPromoByTdr(line:40)]- -------------------------------START------------------------------------
[DEBUG] 2018-10-05 12:02:59,934  3997ms [Err:SETxPromoByTdr(line:52)]- Type R
[ERROR] 2018-10-05 12:03:04,219  8282ms [Err:SETxReServe(line:120)]- There is no row at position 0.
[DEBUG] 2018-10-05 12:03:04,244  8307ms [Err:SETxPromoByTdr(line:69)]- -------------------------------End------------------------------------
[DEBUG] 2018-10-05 12:04:16,055  4851ms [Err:SETxPromoByTdr(line:40)]- -------------------------------START------------------------------------
[DEBUG] 2018-10-05 12:04:16,094  4891ms [Err:SETxPromoByTdr(line:52)]- Type R
[DEBUG] 2018-10-05 12:09:57,271 12137ms [Err:SETxPromoByTdr(line:40)]- -------------------------------START------------------------------------
[DEBUG] 2018-10-05 12:09:57,325 12191ms [Err:SETxPromoByTdr(line:52)]- Type R
[DEBUG] 2018-10-05 12:10:48,924 63789ms [Err:SETxPromoByTdr(line:69)]- -------------------------------End------------------------------------
[DEBUG] 2018-10-05 12:33:05,511  7389ms [Err:SETxPromoByTdr(line:40)]- -------------------------------START------------------------------------
[DEBUG] 2018-10-05 12:33:05,544  7423ms [Err:SETxPromoByTdr(line:53)]- Type R
[DEBUG] 2018-10-05 14:20:16,620 10173ms [Err:SETxPromoByTdr(line:40)]- -------------------------------START------------------------------------
[DEBUG] 2018-10-05 14:22:43,936  9347ms [Err:SETxPromoByTdr(line:40)]- -------------------------------START------------------------------------
[DEBUG] 2018-10-05 14:22:50,191 15601ms [Err:SETxPromoByTdr(line:84)]- Type U
[DEBUG] 2018-10-05 14:29:08,908  5381ms [Err:SETxPromoByTdr(line:40)]- -------------------------------START------------------------------------
[DEBUG] 2018-10-05 14:29:08,944  5417ms [Err:SETxPromoByTdr(line:84)]- Type U
[DEBUG] 2018-10-05 14:30:31,408 13300ms [Err:SETxPromoByTdr(line:40)]- -------------------------------START------------------------------------
[DEBUG] 2018-10-05 14:30:31,448 13340ms [Err:SETxPromoByTdr(line:84)]- Type U
[DEBUG] 2018-10-05 14:30:44,457 26350ms [Err:SETxPromoByTdr(line:107)]- -------------------------------End------------------------------------
[DEBUG] 2018-10-05 14:43:43,298  5751ms [Err:SETxPromoByTdr(line:40)]- -------------------------------START------------------------------------
[DEBUG] 2018-10-05 14:43:43,340  5793ms [Err:SETxPromoByTdr(line:93)]- Type C
[DEBUG] 2018-10-05 14:43:43,395  5848ms [Err:SETxPromoByTdr(line:107)]- -------------------------------End------------------------------------
[DEBUG] 2018-10-05 14:46:18,344 91579ms [Err:SETxPromoByTdr(line:40)]- -------------------------------START------------------------------------
[DEBUG] 2018-10-05 14:46:18,380 91615ms [Err:SETxPromoByTdr(line:84)]- Type U
[DEBUG] 2018-10-05 14:46:18,563 91798ms [Err:SETxPromoByTdr(line:107)]- -------------------------------End------------------------------------
[DEBUG] 2018-10-05 14:50:09,444 322679ms [Err:SETxPromoByTdr(line:40)]- -------------------------------START------------------------------------
[DEBUG] 2018-10-05 14:50:09,445 322680ms [Err:SETxPromoByTdr(line:75)]- Type R
[DEBUG] 2018-10-05 14:56:38,989  4677ms [Err:SETxPromoByTdr(line:40)]- -------------------------------START------------------------------------
[DEBUG] 2018-10-05 14:56:39,028  4716ms [Err:SETxPromoByTdr(line:75)]- Type R
[DEBUG] 2018-10-05 15:19:23,339  8787ms [Err:SETxPromoByTdr(line:40)]- -------------------------------START------------------------------------
[DEBUG] 2018-10-05 15:19:23,380  8828ms [Err:SETxPromoByTdr(line:75)]- Type R
[DEBUG] 2018-10-05 15:19:28,382 13830ms [Err:SETxPromoByTdr(line:107)]- -------------------------------End------------------------------------
[DEBUG] 2018-10-05 15:37:56,374 108681ms [Err:SETxPromoByTdr(line:40)]- -------------------------------START------------------------------------
[DEBUG] 2018-10-05 15:37:59,630 111938ms [Err:SETxPromoByTdr(line:84)]- Type U
[DEBUG] 2018-10-05 15:37:59,712 112020ms [Err:SETxPromoByTdr(line:107)]- -------------------------------End------------------------------------
[DEBUG] 2018-10-05 15:38:26,050 138357ms [Err:SETxPromoByTdr(line:40)]- -------------------------------START------------------------------------
[DEBUG] 2018-10-05 15:38:26,052 138359ms [Err:SETxPromoByTdr(line:84)]- Type U
[DEBUG] 2018-10-05 15:38:26,119 138427ms [Err:SETxPromoByTdr(line:107)]- -------------------------------End------------------------------------
[DEBUG] 2018-10-05 15:39:03,835 176143ms [Err:SETxPromoByTdr(line:40)]- -------------------------------START------------------------------------
[DEBUG] 2018-10-05 15:39:03,837 176145ms [Err:SETxPromoByTdr(line:75)]- Type R
[DEBUG] 2018-10-05 15:39:03,915 176222ms [Err:SETxPromoByTdr(line:107)]- -------------------------------End------------------------------------
[DEBUG] 2018-10-05 15:40:04,507 236814ms [Err:SETxPromoByTdr(line:40)]- -------------------------------START------------------------------------
[DEBUG] 2018-10-05 15:40:04,508 236815ms [Err:SETxPromoByTdr(line:93)]- Type C
[ERROR] 2018-10-05 15:40:04,566 236874ms [Err:SETbCancel(line:320)]- [Cancel]=Object reference not set to an instance of an object.
[DEBUG] 2018-10-05 15:40:04,567 236875ms [Err:SETxPromoByTdr(line:107)]- -------------------------------End------------------------------------
[DEBUG] 2018-10-05 15:40:57,198 289505ms [Err:SETxPromoByTdr(line:40)]- -------------------------------START------------------------------------
[DEBUG] 2018-10-05 15:40:57,199 289506ms [Err:SETxPromoByTdr(line:93)]- Type C
[DEBUG] 2018-10-05 15:42:00,475 19276ms [Err:SETxPromoByTdr(line:40)]- -------------------------------START------------------------------------
[DEBUG] 2018-10-05 15:42:00,510 19311ms [Err:SETxPromoByTdr(line:93)]- Type C
[DEBUG] 2018-10-05 15:42:03,179 21980ms [Err:SETxPromoByTdr(line:107)]- -------------------------------End------------------------------------
[DEBUG] 2018-10-05 15:43:56,614  9758ms [Err:SETxPromoByTdr(line:40)]- -------------------------------START------------------------------------
[DEBUG] 2018-10-05 15:43:56,648  9792ms [Err:SETxPromoByTdr(line:93)]- Type C
[DEBUG] 2018-10-05 15:43:56,698  9841ms [Err:SETxPromoByTdr(line:107)]- -------------------------------End------------------------------------
