[DEBUG] 2018-10-17 13:20:21,654 141388ms [Err:SEToPromoByTdrReserve(line:32)]- -------------------------------START------------------------------------
[ERROR] 2018-10-17 13:20:25,551 145285ms [Err:C_SEToRESQtaByTdr(line:23)]- ข้อมูล BBYQuotaType ไม่ถูกต้อง
[DEBUG] 2018-10-17 13:20:25,577 145311ms [Err:SEToPromoByTdrReserve(line:37)]- -------------------------------End------------------------------------
[DEBUG] 2018-10-17 13:20:33,544 153279ms [Err:SEToPromoByTdrReserve(line:32)]- -------------------------------START------------------------------------
[ERROR] 2018-10-17 13:20:33,546 153281ms [Err:C_SEToRESQtaByTdr(line:23)]- ข้อมูล BBYQuotaType ไม่ถูกต้อง
[DEBUG] 2018-10-17 13:20:33,547 153282ms [Err:SEToPromoByTdrReserve(line:37)]- -------------------------------End------------------------------------
[DEBUG] 2018-10-17 13:20:40,950 160685ms [Err:SEToPromoByTdrReserve(line:32)]- -------------------------------START------------------------------------
[ERROR] 2018-10-17 13:20:40,952 160687ms [Err:C_SEToRESQtaByTdr(line:23)]- ข้อมูล BBYQuotaType ไม่ถูกต้อง
[DEBUG] 2018-10-17 13:20:40,952 160687ms [Err:SEToPromoByTdrReserve(line:37)]- -------------------------------End------------------------------------
[DEBUG] 2018-10-17 13:20:46,904 166638ms [Err:SEToPromoByTdrReserve(line:32)]- -------------------------------START------------------------------------
[ERROR] 2018-10-17 13:20:46,907 166641ms [Err:C_SEToRESQtaByTdr(line:23)]- ข้อมูล BBYQuotaType ไม่ถูกต้อง
[DEBUG] 2018-10-17 13:20:46,907 166641ms [Err:SEToPromoByTdrReserve(line:37)]- -------------------------------End------------------------------------
[DEBUG] 2018-10-17 13:20:52,180 171915ms [Err:SEToPromoByTdrReserve(line:32)]- -------------------------------START------------------------------------
[ERROR] 2018-10-17 13:20:52,182 171917ms [Err:C_SEToRESQtaByTdr(line:23)]- ข้อมูล BBYQuotaType ไม่ถูกต้อง
[DEBUG] 2018-10-17 13:20:52,182 171917ms [Err:SEToPromoByTdrReserve(line:37)]- -------------------------------End------------------------------------
[DEBUG] 2018-10-17 13:22:53,846  3841ms [Err:SEToPromoByTdrReserve(line:32)]- -------------------------------START------------------------------------
[ERROR] 2018-10-17 13:22:53,914  3909ms [Err:C_SEToRESQtaByTdr(line:23)]- ข้อมูล BBYQuotaType ไม่ถูกต้อง
[DEBUG] 2018-10-17 13:22:53,915  3910ms [Err:SEToPromoByTdrReserve(line:37)]- -------------------------------End------------------------------------
[DEBUG] 2018-10-17 13:23:06,578 16573ms [Err:SEToPromoByTdrReserve(line:32)]- -------------------------------START------------------------------------
[ERROR] 2018-10-17 13:23:06,986 16981ms [Err:C_SEToRESQtaByTdr(line:23)]- CrdQuota Limit  บัตรใช้งาน ครบจำนวนแล้ว
[DEBUG] 2018-10-17 13:23:06,987 16982ms [Err:SEToPromoByTdrReserve(line:37)]- -------------------------------End------------------------------------
[DEBUG] 2018-10-17 13:23:17,913 27908ms [Err:SEToPromoByTdrReserve(line:32)]- -------------------------------START------------------------------------
[ERROR] 2018-10-17 13:23:17,952 27946ms [Err:C_SEToRESQtaByTdr(line:23)]- CrdQuota Limit  บัตรใช้งาน ครบจำนวนแล้ว
[DEBUG] 2018-10-17 13:23:17,953 27947ms [Err:SEToPromoByTdrReserve(line:37)]- -------------------------------End------------------------------------
[DEBUG] 2018-10-17 13:23:25,440 35434ms [Err:SEToPromoByTdrReserve(line:32)]- -------------------------------START------------------------------------
[ERROR] 2018-10-17 13:23:25,462 35456ms [Err:C_SEToRESQtaByTdr(line:23)]- จำนวน Quota เกิน Limit
[DEBUG] 2018-10-17 13:23:25,463 35457ms [Err:SEToPromoByTdrReserve(line:37)]- -------------------------------End------------------------------------
[DEBUG] 2018-10-17 13:23:30,941 40936ms [Err:SEToPromoByTdrReserve(line:32)]- -------------------------------START------------------------------------
[ERROR] 2018-10-17 13:23:30,985 40980ms [Err:C_SEToRESQtaByTdr(line:42)]- เพิ่มการจองสิทธิ์ส่วนลด สำเร็จ
[DEBUG] 2018-10-17 13:23:30,986 40981ms [Err:SEToPromoByTdrReserve(line:37)]- -------------------------------End------------------------------------
[DEBUG] 2018-10-17 13:23:33,043 43038ms [Err:SEToPromoByTdrUsed(line:51)]- -------------------------------START------------------------------------
[ERROR] 2018-10-17 13:23:33,063 43058ms [Err:C_SEToRESQtaByTdr(line:23)]- ยืนยันการใช่สิทธิ์ สำเร็จ
[DEBUG] 2018-10-17 13:23:33,064 43059ms [Err:SEToPromoByTdrUsed(line:56)]- -------------------------------End------------------------------------
[DEBUG] 2018-10-17 13:23:35,086 45080ms [Err:SEToPromoByTdrReserve(line:32)]- -------------------------------START------------------------------------
[ERROR] 2018-10-17 13:23:35,117 45111ms [Err:C_SEToRESQtaByTdr(line:42)]- เพิ่มการจองสิทธิ์ส่วนลด สำเร็จ
[DEBUG] 2018-10-17 13:23:35,118 45112ms [Err:SEToPromoByTdrReserve(line:37)]- -------------------------------End------------------------------------
[DEBUG] 2018-10-17 13:23:36,195 46189ms [Err:SEToPromoByTdrUsed(line:51)]- -------------------------------START------------------------------------
[ERROR] 2018-10-17 13:23:36,213 46207ms [Err:C_SEToRESQtaByTdr(line:23)]- ยืนยันการใช่สิทธิ์ สำเร็จ
[DEBUG] 2018-10-17 13:23:36,213 46207ms [Err:SEToPromoByTdrUsed(line:56)]- -------------------------------End------------------------------------
[DEBUG] 2018-10-17 13:38:29,739 15964ms [Err:SEToPromoByTdrReserve(line:32)]- -------------------------------START------------------------------------
[ERROR] 2018-10-17 13:38:29,805 16030ms [Err:C_SEToRESQtaByTdr(line:23)]- ข้อมูล BBYQuotaType ไม่ถูกต้อง
[DEBUG] 2018-10-17 13:38:29,807 16032ms [Err:SEToPromoByTdrReserve(line:37)]- -------------------------------End------------------------------------
[DEBUG] 2018-10-17 13:38:33,659 19884ms [Err:SEToPromoByTdrReserve(line:32)]- -------------------------------START------------------------------------
[ERROR] 2018-10-17 13:38:33,765 19990ms [Err:C_SEToRESQtaByTdr(line:23)]- CrdQuota Limit  บัตรใช้งาน ครบจำนวนแล้ว
[DEBUG] 2018-10-17 13:38:33,766 19991ms [Err:SEToPromoByTdrReserve(line:37)]- -------------------------------End------------------------------------
[DEBUG] 2018-10-17 13:38:37,566 23791ms [Err:SEToPromoByTdrReserve(line:32)]- -------------------------------START------------------------------------
[ERROR] 2018-10-17 13:38:37,587 23812ms [Err:C_SEToRESQtaByTdr(line:23)]- จำนวน Quota เกิน Limit
[DEBUG] 2018-10-17 13:38:37,587 23812ms [Err:SEToPromoByTdrReserve(line:37)]- -------------------------------End------------------------------------
[DEBUG] 2018-10-17 13:38:41,892 28117ms [Err:SEToPromoByTdrReserve(line:32)]- -------------------------------START------------------------------------
[ERROR] 2018-10-17 13:38:41,959 28184ms [Err:C_SEToRESQtaByTdr(line:42)]- เพิ่มการจองสิทธิ์ส่วนลด สำเร็จ
[DEBUG] 2018-10-17 13:38:41,960 28185ms [Err:SEToPromoByTdrReserve(line:37)]- -------------------------------End------------------------------------
[DEBUG] 2018-10-17 13:38:43,964 30189ms [Err:SEToPromoByTdrUsed(line:51)]- -------------------------------START------------------------------------
[ERROR] 2018-10-17 13:38:43,981 30206ms [Err:C_SEToRESQtaByTdr(line:23)]- ยืนยันการใช่สิทธิ์ สำเร็จ
[DEBUG] 2018-10-17 13:38:43,982 30207ms [Err:SEToPromoByTdrUsed(line:56)]- -------------------------------End------------------------------------
[DEBUG] 2018-10-17 13:38:44,902 31127ms [Err:SEToPromoByTdrReserve(line:32)]- -------------------------------START------------------------------------
[ERROR] 2018-10-17 13:38:44,931 31156ms [Err:C_SEToRESQtaByTdr(line:42)]- เพิ่มการจองสิทธิ์ส่วนลด สำเร็จ
[DEBUG] 2018-10-17 13:38:44,932 31157ms [Err:SEToPromoByTdrReserve(line:37)]- -------------------------------End------------------------------------
[DEBUG] 2018-10-17 13:38:45,863 32088ms [Err:SEToPromoByTdrCancel(line:70)]- -------------------------------START------------------------------------
[ERROR] 2018-10-17 13:38:45,895 32120ms [Err:C_SEToRESQtaByTdr(line:23)]- ยกเลิกการจอง สำเร็จ
[DEBUG] 2018-10-17 13:38:45,896 32121ms [Err:SEToPromoByTdrCancel(line:75)]- -------------------------------End------------------------------------
[DEBUG] 2018-10-17 13:38:46,646 32871ms [Err:SEToPromoByTdrReserve(line:32)]- -------------------------------START------------------------------------
[ERROR] 2018-10-17 13:38:46,686 32911ms [Err:C_SEToRESQtaByTdr(line:42)]- เพิ่มการจองสิทธิ์ส่วนลด สำเร็จ
[DEBUG] 2018-10-17 13:38:46,687 32912ms [Err:SEToPromoByTdrReserve(line:37)]- -------------------------------End------------------------------------
[DEBUG] 2018-10-17 13:38:47,519 33744ms [Err:SEToPromoByTdrUsed(line:51)]- -------------------------------START------------------------------------
[ERROR] 2018-10-17 13:38:47,535 33760ms [Err:C_SEToRESQtaByTdr(line:23)]- ยืนยันการใช่สิทธิ์ สำเร็จ
[DEBUG] 2018-10-17 13:38:47,536 33761ms [Err:SEToPromoByTdrUsed(line:56)]- -------------------------------End------------------------------------
[DEBUG] 2018-10-17 14:13:31,718 19173ms [Err:SEToPromoByTdrReserve(line:28)]- -------------------------------START------------------------------------
[ERROR] 2018-10-17 14:13:31,821 19276ms [Err:C_SEToRESQtaByTdr(line:23)]- ข้อมูล BBYQuotaType ไม่ถูกต้อง
[DEBUG] 2018-10-17 14:13:31,823 19278ms [Err:SEToPromoByTdrReserve(line:35)]- -------------------------------End------------------------------------
[DEBUG] 2018-10-17 14:13:48,912 36367ms [Err:SEToPromoByTdrReserve(line:28)]- -------------------------------START------------------------------------
[ERROR] 2018-10-17 14:13:49,352 36807ms [Err:C_SEToRESQtaByTdr(line:42)]- เพิ่มการจองสิทธิ์ส่วนลด สำเร็จ
[DEBUG] 2018-10-17 14:13:49,354 36809ms [Err:SEToPromoByTdrReserve(line:35)]- -------------------------------End------------------------------------
[DEBUG] 2018-10-17 14:13:50,507 37962ms [Err:SEToPromoByTdrUsed(line:49)]- -------------------------------START------------------------------------
[ERROR] 2018-10-17 14:13:50,531 37987ms [Err:C_SEToRESQtaByTdr(line:23)]- ยืนยันการใช่สิทธิ์ สำเร็จ
[DEBUG] 2018-10-17 14:13:50,532 37988ms [Err:SEToPromoByTdrUsed(line:56)]- -------------------------------End------------------------------------
[DEBUG] 2018-10-17 15:23:16,780 3839155ms [Err:SEToPromoByTdrReserve(line:28)]- -------------------------------START------------------------------------
[ERROR] 2018-10-17 15:23:16,807 3839182ms [Err:C_SEToRESQtaByTdr(line:23)]- ข้อมูล BBYQuotaType ไม่ถูกต้อง
[DEBUG] 2018-10-17 15:23:16,808 3839183ms [Err:SEToPromoByTdrReserve(line:36)]- -------------------------------End------------------------------------
[DEBUG] 2018-10-17 15:23:19,993 3842368ms [Err:SEToPromoByTdrReserve(line:28)]- -------------------------------START------------------------------------
[ERROR] 2018-10-17 15:23:20,033 3842408ms [Err:C_SEToRESQtaByTdr(line:23)]- [ReServe : C_CHKoQuota] Error=Incorrect syntax near the keyword 'AND'.
[DEBUG] 2018-10-17 15:23:20,033 3842408ms [Err:SEToPromoByTdrReserve(line:36)]- -------------------------------End------------------------------------
[DEBUG] 2018-10-17 15:23:39,634 3862009ms [Err:SEToPromoByTdrReserve(line:28)]- -------------------------------START------------------------------------
[ERROR] 2018-10-17 15:23:39,644 3862019ms [Err:C_SEToRESQtaByTdr(line:23)]- [ReServe : C_CHKoQuota] Error=Incorrect syntax near the keyword 'AND'.
[DEBUG] 2018-10-17 15:23:39,645 3862020ms [Err:SEToPromoByTdrReserve(line:36)]- -------------------------------End------------------------------------
[DEBUG] 2018-10-17 15:55:18,524 5760899ms [Err:SEToPromoByTdrReserve(line:28)]- -------------------------------START------------------------------------
[ERROR] 2018-10-17 15:55:18,527 5760902ms [Err:C_SEToRESQtaByTdr(line:23)]- ข้อมูล BBYQuotaType ไม่ถูกต้อง
[DEBUG] 2018-10-17 15:55:18,527 5760902ms [Err:SEToPromoByTdrReserve(line:36)]- -------------------------------End------------------------------------
[DEBUG] 2018-10-17 15:55:24,000 5766375ms [Err:SEToPromoByTdrReserve(line:28)]- -------------------------------START------------------------------------
[ERROR] 2018-10-17 15:55:24,010 5766385ms [Err:C_SEToRESQtaByTdr(line:23)]- [ReServe : C_CHKoQuota] Error=Incorrect syntax near the keyword 'AND'.
[DEBUG] 2018-10-17 15:55:24,010 5766385ms [Err:SEToPromoByTdrReserve(line:36)]- -------------------------------End------------------------------------
[DEBUG] 2018-10-17 15:55:31,015 5773390ms [Err:SEToPromoByTdrReserve(line:28)]- -------------------------------START------------------------------------
[ERROR] 2018-10-17 15:55:31,025 5773400ms [Err:C_SEToRESQtaByTdr(line:23)]- [ReServe : C_CHKoQuota] Error=Incorrect syntax near the keyword 'AND'.
[DEBUG] 2018-10-17 15:55:31,026 5773401ms [Err:SEToPromoByTdrReserve(line:36)]- -------------------------------End------------------------------------
[DEBUG] 2018-10-17 15:55:46,286 5788662ms [Err:SEToPromoByTdrReserve(line:28)]- -------------------------------START------------------------------------
[ERROR] 2018-10-17 15:55:46,422 5788797ms [Err:C_SEToRESQtaByTdr(line:42)]- เพิ่มการจองสิทธิ์ส่วนลด สำเร็จ
[DEBUG] 2018-10-17 15:55:46,435 5788810ms [Err:SEToPromoByTdrReserve(line:36)]- -------------------------------End------------------------------------
[DEBUG] 2018-10-17 15:55:49,965 5792340ms [Err:SEToPromoByTdrCancel(line:70)]- -------------------------------START------------------------------------
[ERROR] 2018-10-17 15:55:50,005 5792380ms [Err:C_SEToRESQtaByTdr(line:23)]- ยกเลิกการจอง สำเร็จ
[DEBUG] 2018-10-17 15:55:50,013 5792388ms [Err:SEToPromoByTdrCancel(line:77)]- -------------------------------End------------------------------------
[DEBUG] 2018-10-17 15:55:52,214 5794589ms [Err:SEToPromoByTdrReserve(line:28)]- -------------------------------START------------------------------------
[ERROR] 2018-10-17 15:55:52,240 5794615ms [Err:C_SEToRESQtaByTdr(line:23)]- [ReServe : C_CHKoQuota] Error=Incorrect syntax near the keyword 'AND'.
[DEBUG] 2018-10-17 15:55:52,241 5794616ms [Err:SEToPromoByTdrReserve(line:36)]- -------------------------------End------------------------------------
[DEBUG] 2018-10-17 15:57:38,632 5901007ms [Err:SEToPromoByTdrReserve(line:28)]- -------------------------------START------------------------------------
[ERROR] 2018-10-17 15:57:38,641 5901016ms [Err:C_SEToRESQtaByTdr(line:42)]- เพิ่มการจองสิทธิ์ส่วนลด สำเร็จ
[DEBUG] 2018-10-17 15:57:38,641 5901016ms [Err:SEToPromoByTdrReserve(line:36)]- -------------------------------End------------------------------------
[DEBUG] 2018-10-17 15:57:44,017 5906392ms [Err:SEToPromoByTdrUsed(line:49)]- -------------------------------START------------------------------------
[ERROR] 2018-10-17 15:57:44,023 5906398ms [Err:C_SEToRESQtaByTdr(line:23)]- ยืนยันการใช่สิทธิ์ สำเร็จ
[DEBUG] 2018-10-17 15:57:44,037 5906412ms [Err:SEToPromoByTdrUsed(line:57)]- -------------------------------End------------------------------------
[DEBUG] 2018-10-17 15:58:26,823 5949198ms [Err:SEToPromoByTdrReserve(line:28)]- -------------------------------START------------------------------------
[ERROR] 2018-10-17 15:58:26,835 5949210ms [Err:C_SEToRESQtaByTdr(line:42)]- เพิ่มการจองสิทธิ์ส่วนลด สำเร็จ
[DEBUG] 2018-10-17 15:58:26,836 5949211ms [Err:SEToPromoByTdrReserve(line:36)]- -------------------------------End------------------------------------
[DEBUG] 2018-10-17 15:58:28,304 5950680ms [Err:SEToPromoByTdrUsed(line:49)]- -------------------------------START------------------------------------
[ERROR] 2018-10-17 15:58:28,309 5950685ms [Err:C_SEToRESQtaByTdr(line:23)]- ยืนยันการใช่สิทธิ์ สำเร็จ
[DEBUG] 2018-10-17 15:58:28,309 5950685ms [Err:SEToPromoByTdrUsed(line:57)]- -------------------------------End------------------------------------
[DEBUG] 2018-10-17 15:58:32,360 5954735ms [Err:SEToPromoByTdrReserve(line:28)]- -------------------------------START------------------------------------
[ERROR] 2018-10-17 15:58:32,365 5954740ms [Err:C_SEToRESQtaByTdr(line:23)]- [ReServe : C_CHKoQuota] Error=Incorrect syntax near the keyword 'AND'.
[DEBUG] 2018-10-17 15:58:32,366 5954741ms [Err:SEToPromoByTdrReserve(line:36)]- -------------------------------End------------------------------------
[DEBUG] 2018-10-17 15:58:37,823 5960199ms [Err:SEToPromoByTdrReserve(line:28)]- -------------------------------START------------------------------------
[ERROR] 2018-10-17 15:58:37,833 5960209ms [Err:C_SEToRESQtaByTdr(line:23)]- [ReServe : C_CHKoQuota] Error=Incorrect syntax near the keyword 'AND'.
[DEBUG] 2018-10-17 15:58:37,834 5960210ms [Err:SEToPromoByTdrReserve(line:36)]- -------------------------------End------------------------------------
[DEBUG] 2018-10-17 15:58:43,750 5966125ms [Err:SEToPromoByTdrReserve(line:28)]- -------------------------------START------------------------------------
[ERROR] 2018-10-17 15:58:43,759 5966134ms [Err:C_SEToRESQtaByTdr(line:23)]- [ReServe : C_CHKoQuota] Error=Incorrect syntax near the keyword 'AND'.
[DEBUG] 2018-10-17 15:58:43,759 5966134ms [Err:SEToPromoByTdrReserve(line:36)]- -------------------------------End------------------------------------
[DEBUG] 2018-10-17 15:59:57,396 6039772ms [Err:SEToPromoByTdrReserve(line:28)]- -------------------------------START------------------------------------
[ERROR] 2018-10-17 15:59:57,403 6039778ms [Err:C_SEToRESQtaByTdr(line:23)]- [ReServe : C_CHKoQuota] Error=Incorrect syntax near the keyword 'AND'.
[DEBUG] 2018-10-17 15:59:57,404 6039779ms [Err:SEToPromoByTdrReserve(line:36)]- -------------------------------End------------------------------------
[DEBUG] 2018-10-17 16:01:19,109 6121484ms [Err:SEToPromoByTdrReserve(line:28)]- -------------------------------START------------------------------------
[ERROR] 2018-10-17 16:01:19,120 6121495ms [Err:C_SEToRESQtaByTdr(line:23)]- [ReServe : C_CHKoQuota] Error=Incorrect syntax near the keyword 'AND'.
[DEBUG] 2018-10-17 16:01:19,120 6121495ms [Err:SEToPromoByTdrReserve(line:36)]- -------------------------------End------------------------------------
[DEBUG] 2018-10-17 16:03:48,375 46818ms [Err:SEToPromoByTdrReserve(line:28)]- -------------------------------START------------------------------------
[ERROR] 2018-10-17 16:03:48,442 46886ms [Err:C_SEToRESQtaByTdr(line:23)]- ข้อมูล BBYQuotaType ไม่ถูกต้อง
[DEBUG] 2018-10-17 16:03:48,444 46888ms [Err:SEToPromoByTdrReserve(line:35)]- -------------------------------End------------------------------------
[DEBUG] 2018-10-17 16:03:59,460 57903ms [Err:SEToPromoByTdrReserve(line:28)]- -------------------------------START------------------------------------
[ERROR] 2018-10-17 16:04:05,896 64339ms [Err:C_SEToRESQtaByTdr(line:23)]- [ReServe : C_CHKoQuota] Error=Incorrect syntax near the keyword 'AND'.
[DEBUG] 2018-10-17 16:04:05,897 64340ms [Err:SEToPromoByTdrReserve(line:35)]- -------------------------------End------------------------------------
[DEBUG] 2018-10-17 16:04:10,866 69309ms [Err:SEToPromoByTdrReserve(line:28)]- -------------------------------START------------------------------------
[ERROR] 2018-10-17 16:05:43,305 161748ms [Err:C_SEToRESQtaByTdr(line:0)]- [ReServe : C_CHKoQuota] Error=Incorrect syntax near the keyword 'AND'.
[DEBUG] 2018-10-17 16:05:43,335 161778ms [Err:SEToPromoByTdrReserve(line:0)]- -------------------------------End------------------------------------
[DEBUG] 2018-10-17 16:06:31,642 25486ms [Err:SEToPromoByTdrReserve(line:28)]- -------------------------------START------------------------------------
[ERROR] 2018-10-17 16:06:35,038 28882ms [Err:C_SEToRESQtaByTdr(line:42)]- จองสิทธิ์ส่วนลด สำเร็จ
[DEBUG] 2018-10-17 16:06:35,040 28884ms [Err:SEToPromoByTdrReserve(line:35)]- -------------------------------End------------------------------------
[DEBUG] 2018-10-17 16:06:39,573 33417ms [Err:SEToPromoByTdrCancel(line:70)]- -------------------------------START------------------------------------
[ERROR] 2018-10-17 16:06:39,593 33437ms [Err:C_SEToRESQtaByTdr(line:23)]- ยกเลิกการจอง สำเร็จ
[DEBUG] 2018-10-17 16:06:39,594 33438ms [Err:SEToPromoByTdrCancel(line:76)]- -------------------------------End------------------------------------
[DEBUG] 2018-10-17 16:06:42,090 35933ms [Err:SEToPromoByTdrReserve(line:28)]- -------------------------------START------------------------------------
[ERROR] 2018-10-17 16:06:42,128 35971ms [Err:C_SEToRESQtaByTdr(line:42)]- จองสิทธิ์ส่วนลด สำเร็จ
[DEBUG] 2018-10-17 16:06:42,129 35972ms [Err:SEToPromoByTdrReserve(line:35)]- -------------------------------End------------------------------------
[DEBUG] 2018-10-17 16:06:43,426 37270ms [Err:SEToPromoByTdrCancel(line:70)]- -------------------------------START------------------------------------
[ERROR] 2018-10-17 16:06:43,441 37285ms [Err:C_SEToRESQtaByTdr(line:23)]- ยกเลิกการจอง สำเร็จ
[DEBUG] 2018-10-17 16:06:43,441 37285ms [Err:SEToPromoByTdrCancel(line:76)]- -------------------------------End------------------------------------
[DEBUG] 2018-10-17 16:06:48,227 42070ms [Err:SEToPromoByTdrReserve(line:28)]- -------------------------------START------------------------------------
[ERROR] 2018-10-17 16:06:48,263 42106ms [Err:C_SEToRESQtaByTdr(line:42)]- จองสิทธิ์ส่วนลด สำเร็จ
[DEBUG] 2018-10-17 16:06:48,264 42107ms [Err:SEToPromoByTdrReserve(line:35)]- -------------------------------End------------------------------------
[DEBUG] 2018-10-17 16:06:49,465 43308ms [Err:SEToPromoByTdrCancel(line:70)]- -------------------------------START------------------------------------
[ERROR] 2018-10-17 16:06:49,483 43326ms [Err:C_SEToRESQtaByTdr(line:23)]- ยกเลิกการจอง สำเร็จ
[DEBUG] 2018-10-17 16:06:49,484 43327ms [Err:SEToPromoByTdrCancel(line:76)]- -------------------------------End------------------------------------
[DEBUG] 2018-10-17 16:06:51,946 45789ms [Err:SEToPromoByTdrReserve(line:28)]- -------------------------------START------------------------------------
[ERROR] 2018-10-17 16:06:51,981 45824ms [Err:C_SEToRESQtaByTdr(line:42)]- จองสิทธิ์ส่วนลด สำเร็จ
[DEBUG] 2018-10-17 16:06:51,982 45825ms [Err:SEToPromoByTdrReserve(line:35)]- -------------------------------End------------------------------------
[DEBUG] 2018-10-17 16:06:53,019 46862ms [Err:SEToPromoByTdrCancel(line:70)]- -------------------------------START------------------------------------
[ERROR] 2018-10-17 16:06:53,039 46882ms [Err:C_SEToRESQtaByTdr(line:23)]- ยกเลิกการจอง สำเร็จ
[DEBUG] 2018-10-17 16:06:53,039 46882ms [Err:SEToPromoByTdrCancel(line:76)]- -------------------------------End------------------------------------
[DEBUG] 2018-10-17 16:51:35,745 31840ms [Err:SEToPromoByTdrReserve(line:28)]- -------------------------------START------------------------------------
[ERROR] 2018-10-17 16:51:35,999 32094ms [Err:C_SEToRESQtaByTdr(line:42)]- จองสิทธิ์ส่วนลด สำเร็จ
[DEBUG] 2018-10-17 16:51:36,002 32097ms [Err:SEToPromoByTdrReserve(line:35)]- -------------------------------End------------------------------------
[DEBUG] 2018-10-17 16:51:38,927 35022ms [Err:SEToPromoByTdrUsed(line:49)]- -------------------------------START------------------------------------
[ERROR] 2018-10-17 16:51:38,948 35043ms [Err:C_SEToRESQtaByTdr(line:23)]- ยืนยันการใช่สิทธิ์ สำเร็จ
[DEBUG] 2018-10-17 16:51:38,949 35044ms [Err:SEToPromoByTdrUsed(line:56)]- -------------------------------End------------------------------------
[DEBUG] 2018-10-17 16:52:55,278 12065ms [Err:SEToPromoByTdrReserve(line:28)]- -------------------------------START------------------------------------
[ERROR] 2018-10-17 16:52:55,451 12238ms [Err:C_SEToRESQtaByTdr(line:23)]- CrdQuota Limit  บัตรใช้งาน ครบจำนวนแล้ว
[DEBUG] 2018-10-17 16:52:55,452 12239ms [Err:SEToPromoByTdrReserve(line:35)]- -------------------------------End------------------------------------
[DEBUG] 2018-10-17 16:53:00,631 17418ms [Err:SEToPromoByTdrReserve(line:28)]- -------------------------------START------------------------------------
[ERROR] 2018-10-17 16:53:00,674 17461ms [Err:C_SEToRESQtaByTdr(line:42)]- จองสิทธิ์ส่วนลด สำเร็จ
[DEBUG] 2018-10-17 16:53:00,675 17462ms [Err:SEToPromoByTdrReserve(line:35)]- -------------------------------End------------------------------------
[DEBUG] 2018-10-17 16:53:02,107 18894ms [Err:SEToPromoByTdrUsed(line:49)]- -------------------------------START------------------------------------
[ERROR] 2018-10-17 16:53:02,128 18915ms [Err:C_SEToRESQtaByTdr(line:23)]- ยืนยันการใช่สิทธิ์ สำเร็จ
[DEBUG] 2018-10-17 16:53:02,129 18916ms [Err:SEToPromoByTdrUsed(line:56)]- -------------------------------End------------------------------------
[DEBUG] 2018-10-17 16:53:34,958 51745ms [Err:SEToPromoByTdrReserve(line:28)]- -------------------------------START------------------------------------
[ERROR] 2018-10-17 16:53:34,992 51779ms [Err:C_SEToRESQtaByTdr(line:42)]- จองสิทธิ์ส่วนลด สำเร็จ
[DEBUG] 2018-10-17 16:53:34,993 51780ms [Err:SEToPromoByTdrReserve(line:35)]- -------------------------------End------------------------------------
[DEBUG] 2018-10-17 16:53:38,741 55527ms [Err:SEToPromoByTdrUsed(line:49)]- -------------------------------START------------------------------------
[ERROR] 2018-10-17 16:53:38,760 55546ms [Err:C_SEToRESQtaByTdr(line:23)]- ยืนยันการใช่สิทธิ์ สำเร็จ
[DEBUG] 2018-10-17 16:53:38,760 55546ms [Err:SEToPromoByTdrUsed(line:56)]- -------------------------------End------------------------------------
[DEBUG] 2018-10-17 16:55:17,302 29733ms [Err:SEToPromoByTdrReserve(line:28)]- -------------------------------START------------------------------------
[ERROR] 2018-10-17 16:55:17,520 29951ms [Err:C_SEToRESQtaByTdr(line:42)]- จองสิทธิ์ส่วนลด สำเร็จ
[DEBUG] 2018-10-17 16:55:17,522 29953ms [Err:SEToPromoByTdrReserve(line:35)]- -------------------------------End------------------------------------
[DEBUG] 2018-10-17 16:55:19,646 32076ms [Err:SEToPromoByTdrUsed(line:49)]- -------------------------------START------------------------------------
[ERROR] 2018-10-17 16:55:19,665 32096ms [Err:C_SEToRESQtaByTdr(line:23)]- ยืนยันการใช่สิทธิ์ สำเร็จ
[DEBUG] 2018-10-17 16:55:19,667 32097ms [Err:SEToPromoByTdrUsed(line:56)]- -------------------------------End------------------------------------
[DEBUG] 2018-10-17 16:55:30,245 42676ms [Err:SEToPromoByTdrReserve(line:28)]- -------------------------------START------------------------------------
[ERROR] 2018-10-17 16:55:30,279 42710ms [Err:C_SEToRESQtaByTdr(line:42)]- จองสิทธิ์ส่วนลด สำเร็จ
[DEBUG] 2018-10-17 16:55:30,280 42711ms [Err:SEToPromoByTdrReserve(line:35)]- -------------------------------End------------------------------------
[DEBUG] 2018-10-17 16:55:31,071 43502ms [Err:SEToPromoByTdrUsed(line:49)]- -------------------------------START------------------------------------
[ERROR] 2018-10-17 16:55:31,088 43519ms [Err:C_SEToRESQtaByTdr(line:23)]- ยืนยันการใช่สิทธิ์ สำเร็จ
[DEBUG] 2018-10-17 16:55:31,088 43519ms [Err:SEToPromoByTdrUsed(line:56)]- -------------------------------End------------------------------------
[DEBUG] 2018-10-17 16:56:09,501  8802ms [Err:SEToPromoByTdrReserve(line:28)]- -------------------------------START------------------------------------
[ERROR] 2018-10-17 16:56:09,558  8859ms [Err:C_SEToRESQtaByTdr(line:23)]- ข้อมูล BBYQuotaType ไม่ถูกต้อง
[DEBUG] 2018-10-17 16:56:09,559  8860ms [Err:SEToPromoByTdrReserve(line:35)]- -------------------------------End------------------------------------
[DEBUG] 2018-10-17 16:56:13,763 13064ms [Err:SEToPromoByTdrReserve(line:28)]- -------------------------------START------------------------------------
[ERROR] 2018-10-17 16:56:13,923 13224ms [Err:C_SEToRESQtaByTdr(line:42)]- จองสิทธิ์ส่วนลด สำเร็จ
[DEBUG] 2018-10-17 16:56:13,924 13225ms [Err:SEToPromoByTdrReserve(line:35)]- -------------------------------End------------------------------------
[DEBUG] 2018-10-17 16:56:15,223 14524ms [Err:SEToPromoByTdrUsed(line:49)]- -------------------------------START------------------------------------
[ERROR] 2018-10-17 16:56:15,248 14549ms [Err:C_SEToRESQtaByTdr(line:23)]- ยืนยันการใช่สิทธิ์ สำเร็จ
[DEBUG] 2018-10-17 16:56:15,248 14549ms [Err:SEToPromoByTdrUsed(line:56)]- -------------------------------End------------------------------------
[DEBUG] 2018-10-17 16:56:20,992 20293ms [Err:SEToPromoByTdrReserve(line:28)]- -------------------------------START------------------------------------
[ERROR] 2018-10-17 16:56:21,031 20332ms [Err:C_SEToRESQtaByTdr(line:42)]- จองสิทธิ์ส่วนลด สำเร็จ
[DEBUG] 2018-10-17 16:56:21,032 20333ms [Err:SEToPromoByTdrReserve(line:35)]- -------------------------------End------------------------------------
[DEBUG] 2018-10-17 16:56:22,098 21399ms [Err:SEToPromoByTdrUsed(line:49)]- -------------------------------START------------------------------------
[ERROR] 2018-10-17 16:56:22,120 21421ms [Err:C_SEToRESQtaByTdr(line:23)]- ยืนยันการใช่สิทธิ์ สำเร็จ
[DEBUG] 2018-10-17 16:56:22,120 21421ms [Err:SEToPromoByTdrUsed(line:56)]- -------------------------------End------------------------------------
[DEBUG] 2018-10-17 16:56:24,478 23779ms [Err:SEToPromoByTdrReserve(line:28)]- -------------------------------START------------------------------------
[ERROR] 2018-10-17 16:56:24,516 23817ms [Err:C_SEToRESQtaByTdr(line:42)]- จองสิทธิ์ส่วนลด สำเร็จ
[DEBUG] 2018-10-17 16:56:24,517 23818ms [Err:SEToPromoByTdrReserve(line:35)]- -------------------------------End------------------------------------
[DEBUG] 2018-10-17 16:56:25,432 24733ms [Err:SEToPromoByTdrUsed(line:49)]- -------------------------------START------------------------------------
[ERROR] 2018-10-17 16:56:25,451 24752ms [Err:C_SEToRESQtaByTdr(line:23)]- ยืนยันการใช่สิทธิ์ สำเร็จ
[DEBUG] 2018-10-17 16:56:25,451 24752ms [Err:SEToPromoByTdrUsed(line:56)]- -------------------------------End------------------------------------
[DEBUG] 2018-10-17 18:33:14,432 320235ms [Err:SEToPromoByTdrReserve(line:28)]- -------------------------------START------------------------------------
[ERROR] 2018-10-17 18:33:14,630 320433ms [Err:C_SEToRESQtaByTdr(line:23)]- ข้อมูล BBYQuotaType ไม่ถูกต้อง
[DEBUG] 2018-10-17 18:33:14,648 320451ms [Err:SEToPromoByTdrReserve(line:35)]- -------------------------------End------------------------------------
[DEBUG] 2018-10-17 18:33:29,686 335490ms [Err:SEToPromoByTdrReserve(line:28)]- -------------------------------START------------------------------------
[ERROR] 2018-10-17 18:33:30,046 335849ms [Err:C_SEToRESQtaByTdr(line:23)]- CrdQuota Limit  บัตรใช้งาน ครบจำนวนแล้ว
[DEBUG] 2018-10-17 18:33:30,047 335850ms [Err:SEToPromoByTdrReserve(line:35)]- -------------------------------End------------------------------------
[DEBUG] 2018-10-17 18:33:45,617 351420ms [Err:SEToPromoByTdrReserve(line:28)]- -------------------------------START------------------------------------
[ERROR] 2018-10-17 18:33:45,683 351486ms [Err:C_SEToRESQtaByTdr(line:42)]- จองสิทธิ์ส่วนลด สำเร็จ
[DEBUG] 2018-10-17 18:33:45,684 351487ms [Err:SEToPromoByTdrReserve(line:35)]- -------------------------------End------------------------------------
[DEBUG] 2018-10-17 18:33:47,342 353145ms [Err:SEToPromoByTdrUsed(line:49)]- -------------------------------START------------------------------------
[ERROR] 2018-10-17 18:33:47,449 353252ms [Err:C_SEToRESQtaByTdr(line:23)]- ยืนยันการใช่สิทธิ์ สำเร็จ
[DEBUG] 2018-10-17 18:33:47,451 353254ms [Err:SEToPromoByTdrUsed(line:56)]- -------------------------------End------------------------------------
[DEBUG] 2018-10-17 18:33:54,492 360296ms [Err:SEToPromoByTdrReserve(line:28)]- -------------------------------START------------------------------------
[ERROR] 2018-10-17 18:33:54,533 360337ms [Err:C_SEToRESQtaByTdr(line:42)]- จองสิทธิ์ส่วนลด สำเร็จ
[DEBUG] 2018-10-17 18:33:54,533 360337ms [Err:SEToPromoByTdrReserve(line:35)]- -------------------------------End------------------------------------
[DEBUG] 2018-10-17 18:33:55,763 361567ms [Err:SEToPromoByTdrUsed(line:49)]- -------------------------------START------------------------------------
[ERROR] 2018-10-17 18:33:55,803 361606ms [Err:C_SEToRESQtaByTdr(line:23)]- ยืนยันการใช่สิทธิ์ สำเร็จ
[DEBUG] 2018-10-17 18:33:55,804 361607ms [Err:SEToPromoByTdrUsed(line:56)]- -------------------------------End------------------------------------
[DEBUG] 2018-10-17 18:33:57,248 363051ms [Err:SEToPromoByTdrReserve(line:28)]- -------------------------------START------------------------------------
[ERROR] 2018-10-17 18:33:57,280 363083ms [Err:C_SEToRESQtaByTdr(line:42)]- จองสิทธิ์ส่วนลด สำเร็จ
[DEBUG] 2018-10-17 18:33:57,281 363084ms [Err:SEToPromoByTdrReserve(line:35)]- -------------------------------End------------------------------------
[DEBUG] 2018-10-17 18:33:58,056 363860ms [Err:SEToPromoByTdrUsed(line:49)]- -------------------------------START------------------------------------
[ERROR] 2018-10-17 18:33:58,097 363900ms [Err:C_SEToRESQtaByTdr(line:23)]- ยืนยันการใช่สิทธิ์ สำเร็จ
[DEBUG] 2018-10-17 18:33:58,097 363900ms [Err:SEToPromoByTdrUsed(line:56)]- -------------------------------End------------------------------------
[DEBUG] 2018-10-17 18:33:58,870 364673ms [Err:SEToPromoByTdrReserve(line:28)]- -------------------------------START------------------------------------
[ERROR] 2018-10-17 18:33:58,890 364693ms [Err:C_SEToRESQtaByTdr(line:23)]- CrdQuota Limit  บัตรใช้งาน ครบจำนวนแล้ว
[DEBUG] 2018-10-17 18:33:58,890 364693ms [Err:SEToPromoByTdrReserve(line:35)]- -------------------------------End------------------------------------
[DEBUG] 2018-10-17 18:34:09,182 374985ms [Err:SEToPromoByTdrReserve(line:28)]- -------------------------------START------------------------------------
[ERROR] 2018-10-17 18:34:09,226 375029ms [Err:C_SEToRESQtaByTdr(line:42)]- จองสิทธิ์ส่วนลด สำเร็จ
[DEBUG] 2018-10-17 18:34:09,227 375030ms [Err:SEToPromoByTdrReserve(line:35)]- -------------------------------End------------------------------------
[DEBUG] 2018-10-17 18:34:10,232 376035ms [Err:SEToPromoByTdrUsed(line:49)]- -------------------------------START------------------------------------
[ERROR] 2018-10-17 18:34:10,278 376082ms [Err:C_SEToRESQtaByTdr(line:23)]- ยืนยันการใช่สิทธิ์ สำเร็จ
[DEBUG] 2018-10-17 18:34:10,279 376083ms [Err:SEToPromoByTdrUsed(line:56)]- -------------------------------End------------------------------------
[DEBUG] 2018-10-17 18:34:10,835 376639ms [Err:SEToPromoByTdrReserve(line:28)]- -------------------------------START------------------------------------
[ERROR] 2018-10-17 18:34:10,958 376762ms [Err:C_SEToRESQtaByTdr(line:42)]- จองสิทธิ์ส่วนลด สำเร็จ
[DEBUG] 2018-10-17 18:34:10,959 376763ms [Err:SEToPromoByTdrReserve(line:35)]- -------------------------------End------------------------------------
[DEBUG] 2018-10-17 18:34:11,593 377397ms [Err:SEToPromoByTdrUsed(line:49)]- -------------------------------START------------------------------------
[ERROR] 2018-10-17 18:34:11,645 377448ms [Err:C_SEToRESQtaByTdr(line:23)]- ยืนยันการใช่สิทธิ์ สำเร็จ
[DEBUG] 2018-10-17 18:34:11,646 377449ms [Err:SEToPromoByTdrUsed(line:56)]- -------------------------------End------------------------------------
[DEBUG] 2018-10-17 18:34:12,167 377970ms [Err:SEToPromoByTdrReserve(line:28)]- -------------------------------START------------------------------------
[ERROR] 2018-10-17 18:34:12,274 378078ms [Err:C_SEToRESQtaByTdr(line:42)]- จองสิทธิ์ส่วนลด สำเร็จ
[DEBUG] 2018-10-17 18:34:12,276 378080ms [Err:SEToPromoByTdrReserve(line:35)]- -------------------------------End------------------------------------
[DEBUG] 2018-10-17 18:34:12,960 378764ms [Err:SEToPromoByTdrUsed(line:49)]- -------------------------------START------------------------------------
[ERROR] 2018-10-17 18:34:12,979 378782ms [Err:C_SEToRESQtaByTdr(line:23)]- ยืนยันการใช่สิทธิ์ สำเร็จ
[DEBUG] 2018-10-17 18:34:12,980 378783ms [Err:SEToPromoByTdrUsed(line:56)]- -------------------------------End------------------------------------
[DEBUG] 2018-10-17 18:34:13,993 379796ms [Err:SEToPromoByTdrReserve(line:28)]- -------------------------------START------------------------------------
[ERROR] 2018-10-17 18:34:14,014 379817ms [Err:C_SEToRESQtaByTdr(line:23)]- CrdQuota Limit  บัตรใช้งาน ครบจำนวนแล้ว
[DEBUG] 2018-10-17 18:34:14,015 379818ms [Err:SEToPromoByTdrReserve(line:35)]- -------------------------------End------------------------------------
[DEBUG] 2018-10-17 18:34:17,126 382929ms [Err:SEToPromoByTdrReserve(line:28)]- -------------------------------START------------------------------------
[ERROR] 2018-10-17 18:34:17,155 382958ms [Err:C_SEToRESQtaByTdr(line:42)]- จองสิทธิ์ส่วนลด สำเร็จ
[DEBUG] 2018-10-17 18:34:17,156 382959ms [Err:SEToPromoByTdrReserve(line:35)]- -------------------------------End------------------------------------
[DEBUG] 2018-10-17 18:34:18,012 383815ms [Err:SEToPromoByTdrUsed(line:49)]- -------------------------------START------------------------------------
[ERROR] 2018-10-17 18:34:18,035 383838ms [Err:C_SEToRESQtaByTdr(line:23)]- ยืนยันการใช่สิทธิ์ สำเร็จ
[DEBUG] 2018-10-17 18:34:18,036 383839ms [Err:SEToPromoByTdrUsed(line:56)]- -------------------------------End------------------------------------
[DEBUG] 2018-10-17 18:34:18,956 384760ms [Err:SEToPromoByTdrReserve(line:28)]- -------------------------------START------------------------------------
[ERROR] 2018-10-17 18:34:18,984 384788ms [Err:C_SEToRESQtaByTdr(line:42)]- จองสิทธิ์ส่วนลด สำเร็จ
[DEBUG] 2018-10-17 18:34:18,985 384789ms [Err:SEToPromoByTdrReserve(line:35)]- -------------------------------End------------------------------------
[DEBUG] 2018-10-17 18:34:19,675 385479ms [Err:SEToPromoByTdrUsed(line:49)]- -------------------------------START------------------------------------
[ERROR] 2018-10-17 18:34:19,697 385501ms [Err:C_SEToRESQtaByTdr(line:23)]- ยืนยันการใช่สิทธิ์ สำเร็จ
[DEBUG] 2018-10-17 18:34:19,698 385502ms [Err:SEToPromoByTdrUsed(line:56)]- -------------------------------End------------------------------------
[DEBUG] 2018-10-17 18:34:20,552 386355ms [Err:SEToPromoByTdrReserve(line:28)]- -------------------------------START------------------------------------
[ERROR] 2018-10-17 18:34:20,582 386386ms [Err:C_SEToRESQtaByTdr(line:42)]- จองสิทธิ์ส่วนลด สำเร็จ
[DEBUG] 2018-10-17 18:34:20,583 386387ms [Err:SEToPromoByTdrReserve(line:35)]- -------------------------------End------------------------------------
[DEBUG] 2018-10-17 18:34:21,336 387140ms [Err:SEToPromoByTdrUsed(line:49)]- -------------------------------START------------------------------------
[ERROR] 2018-10-17 18:34:21,352 387156ms [Err:C_SEToRESQtaByTdr(line:23)]- ยืนยันการใช่สิทธิ์ สำเร็จ
[DEBUG] 2018-10-17 18:34:21,353 387157ms [Err:SEToPromoByTdrUsed(line:56)]- -------------------------------End------------------------------------
[DEBUG] 2018-10-17 18:34:22,262 388065ms [Err:SEToPromoByTdrReserve(line:28)]- -------------------------------START------------------------------------
[ERROR] 2018-10-17 18:34:22,290 388093ms [Err:C_SEToRESQtaByTdr(line:42)]- จองสิทธิ์ส่วนลด สำเร็จ
[DEBUG] 2018-10-17 18:34:22,291 388094ms [Err:SEToPromoByTdrReserve(line:35)]- -------------------------------End------------------------------------
[DEBUG] 2018-10-17 18:34:23,221 389024ms [Err:SEToPromoByTdrUsed(line:49)]- -------------------------------START------------------------------------
[ERROR] 2018-10-17 18:34:23,236 389039ms [Err:C_SEToRESQtaByTdr(line:23)]- ยืนยันการใช่สิทธิ์ สำเร็จ
[DEBUG] 2018-10-17 18:34:23,237 389040ms [Err:SEToPromoByTdrUsed(line:56)]- -------------------------------End------------------------------------
[DEBUG] 2018-10-17 18:34:24,280 390083ms [Err:SEToPromoByTdrReserve(line:28)]- -------------------------------START------------------------------------
[ERROR] 2018-10-17 18:34:24,321 390124ms [Err:C_SEToRESQtaByTdr(line:42)]- จองสิทธิ์ส่วนลด สำเร็จ
[DEBUG] 2018-10-17 18:34:24,321 390124ms [Err:SEToPromoByTdrReserve(line:35)]- -------------------------------End------------------------------------
[DEBUG] 2018-10-17 18:34:25,518 391322ms [Err:SEToPromoByTdrUsed(line:49)]- -------------------------------START------------------------------------
[ERROR] 2018-10-17 18:34:25,535 391339ms [Err:C_SEToRESQtaByTdr(line:23)]- ยืนยันการใช่สิทธิ์ สำเร็จ
[DEBUG] 2018-10-17 18:34:25,536 391340ms [Err:SEToPromoByTdrUsed(line:56)]- -------------------------------End------------------------------------
