[DEBUG] 2018-10-18 09:54:49,242 45660ms [Err:SEToPromoByTdrReserve(line:28)]- -------------------------------START------------------------------------
[ERROR] 2018-10-18 09:54:49,291 45708ms [Err:C_SEToRESQtaByTdr(line:23)]- ข้อมูล BBYQuotaType ไม่ถูกต้อง
[DEBUG] 2018-10-18 09:54:49,292 45709ms [Err:SEToPromoByTdrReserve(line:35)]- -------------------------------End------------------------------------
[DEBUG] 2018-10-18 09:54:53,854 50272ms [Err:SEToPromoByTdrReserve(line:28)]- -------------------------------START------------------------------------
[ERROR] 2018-10-18 09:54:53,905 50323ms [Err:C_SEToRESQtaByTdr(line:23)]- CrdQuota Limit  บัตรใช้งาน ครบจำนวนแล้ว
[DEBUG] 2018-10-18 09:54:53,910 50328ms [Err:SEToPromoByTdrReserve(line:35)]- -------------------------------End------------------------------------
[DEBUG] 2018-10-18 10:05:06,985 663403ms [Err:SEToPromoByTdrReserve(line:28)]- -------------------------------START------------------------------------
[ERROR] 2018-10-18 10:05:07,050 663468ms [Err:C_SEToRESQtaByTdr(line:42)]- จองสิทธิ์ส่วนลด สำเร็จ
[DEBUG] 2018-10-18 10:05:07,051 663469ms [Err:SEToPromoByTdrReserve(line:35)]- -------------------------------End------------------------------------
[DEBUG] 2018-10-18 10:05:08,758 665176ms [Err:SEToPromoByTdrUsed(line:49)]- -------------------------------START------------------------------------
[ERROR] 2018-10-18 10:05:08,790 665208ms [Err:C_SEToRESQtaByTdr(line:23)]- ยืนยันการใช่สิทธิ์ สำเร็จ
[DEBUG] 2018-10-18 10:05:08,791 665209ms [Err:SEToPromoByTdrUsed(line:56)]- -------------------------------End------------------------------------
[DEBUG] 2018-10-18 10:25:57,438 10152ms [Err:SEToPromoByTdrReserve(line:28)]- -------------------------------START------------------------------------
[ERROR] 2018-10-18 10:25:57,594 10308ms [Err:C_SEToRESQtaByTdr(line:42)]- จองสิทธิ์ส่วนลด สำเร็จ
[DEBUG] 2018-10-18 10:25:57,597 10311ms [Err:SEToPromoByTdrReserve(line:35)]- -------------------------------End------------------------------------
[DEBUG] 2018-10-18 10:26:07,270 19983ms [Err:SEToPromoByTdrUsed(line:49)]- -------------------------------START------------------------------------
[ERROR] 2018-10-18 10:26:07,289 20002ms [Err:C_SEToRESQtaByTdr(line:23)]- ยืนยันการใช่สิทธิ์ สำเร็จ
[DEBUG] 2018-10-18 10:26:07,290 20003ms [Err:SEToPromoByTdrUsed(line:56)]- -------------------------------End------------------------------------
[DEBUG] 2018-10-18 10:26:09,151 21865ms [Err:SEToPromoByTdrReserve(line:28)]- -------------------------------START------------------------------------
[ERROR] 2018-10-18 10:26:09,182 21896ms [Err:C_SEToRESQtaByTdr(line:42)]- จองสิทธิ์ส่วนลด สำเร็จ
[DEBUG] 2018-10-18 10:26:09,183 21897ms [Err:SEToPromoByTdrReserve(line:35)]- -------------------------------End------------------------------------
[DEBUG] 2018-10-18 10:26:10,320 23034ms [Err:SEToPromoByTdrUsed(line:49)]- -------------------------------START------------------------------------
[ERROR] 2018-10-18 10:26:10,336 23050ms [Err:C_SEToRESQtaByTdr(line:23)]- ยืนยันการใช่สิทธิ์ สำเร็จ
[DEBUG] 2018-10-18 10:26:10,337 23051ms [Err:SEToPromoByTdrUsed(line:56)]- -------------------------------End------------------------------------
[DEBUG] 2018-10-18 10:26:11,348 24062ms [Err:SEToPromoByTdrReserve(line:28)]- -------------------------------START------------------------------------
[ERROR] 2018-10-18 10:26:11,377 24091ms [Err:C_SEToRESQtaByTdr(line:42)]- จองสิทธิ์ส่วนลด สำเร็จ
[DEBUG] 2018-10-18 10:26:11,378 24092ms [Err:SEToPromoByTdrReserve(line:35)]- -------------------------------End------------------------------------
[DEBUG] 2018-10-18 10:26:12,270 24983ms [Err:SEToPromoByTdrUsed(line:49)]- -------------------------------START------------------------------------
[ERROR] 2018-10-18 10:26:12,288 25001ms [Err:C_SEToRESQtaByTdr(line:23)]- ยืนยันการใช่สิทธิ์ สำเร็จ
[DEBUG] 2018-10-18 10:26:12,289 25002ms [Err:SEToPromoByTdrUsed(line:56)]- -------------------------------End------------------------------------
[DEBUG] 2018-10-18 10:26:13,018 25732ms [Err:SEToPromoByTdrReserve(line:28)]- -------------------------------START------------------------------------
[ERROR] 2018-10-18 10:26:13,033 25747ms [Err:C_SEToRESQtaByTdr(line:23)]- CrdQuota Limit  บัตรใช้งาน ครบจำนวนแล้ว
[DEBUG] 2018-10-18 10:26:13,033 25747ms [Err:SEToPromoByTdrReserve(line:35)]- -------------------------------End------------------------------------
[DEBUG] 2018-10-18 10:26:18,758 31472ms [Err:SEToPromoByTdrReserve(line:28)]- -------------------------------START------------------------------------
[ERROR] 2018-10-18 10:26:18,773 31487ms [Err:C_SEToRESQtaByTdr(line:23)]- CrdQuota Limit  บัตรใช้งาน ครบจำนวนแล้ว
[DEBUG] 2018-10-18 10:26:18,774 31488ms [Err:SEToPromoByTdrReserve(line:35)]- -------------------------------End------------------------------------
[DEBUG] 2018-10-18 10:26:19,452 32166ms [Err:SEToPromoByTdrReserve(line:28)]- -------------------------------START------------------------------------
[ERROR] 2018-10-18 10:26:19,468 32182ms [Err:C_SEToRESQtaByTdr(line:23)]- CrdQuota Limit  บัตรใช้งาน ครบจำนวนแล้ว
[DEBUG] 2018-10-18 10:26:19,468 32182ms [Err:SEToPromoByTdrReserve(line:35)]- -------------------------------End------------------------------------
[DEBUG] 2018-10-18 10:26:19,781 32495ms [Err:SEToPromoByTdrReserve(line:28)]- -------------------------------START------------------------------------
[ERROR] 2018-10-18 10:26:19,797 32511ms [Err:C_SEToRESQtaByTdr(line:23)]- CrdQuota Limit  บัตรใช้งาน ครบจำนวนแล้ว
[DEBUG] 2018-10-18 10:26:19,797 32511ms [Err:SEToPromoByTdrReserve(line:35)]- -------------------------------End------------------------------------
[DEBUG] 2018-10-18 10:26:20,022 32735ms [Err:SEToPromoByTdrReserve(line:28)]- -------------------------------START------------------------------------
[ERROR] 2018-10-18 10:26:20,038 32751ms [Err:C_SEToRESQtaByTdr(line:23)]- CrdQuota Limit  บัตรใช้งาน ครบจำนวนแล้ว
[DEBUG] 2018-10-18 10:26:20,039 32752ms [Err:SEToPromoByTdrReserve(line:35)]- -------------------------------End------------------------------------
[DEBUG] 2018-10-18 10:26:20,420 33134ms [Err:SEToPromoByTdrReserve(line:28)]- -------------------------------START------------------------------------
[ERROR] 2018-10-18 10:26:20,436 33150ms [Err:C_SEToRESQtaByTdr(line:23)]- CrdQuota Limit  บัตรใช้งาน ครบจำนวนแล้ว
[DEBUG] 2018-10-18 10:26:20,437 33151ms [Err:SEToPromoByTdrReserve(line:35)]- -------------------------------End------------------------------------
[DEBUG] 2018-10-18 10:26:20,669 33383ms [Err:SEToPromoByTdrReserve(line:28)]- -------------------------------START------------------------------------
[ERROR] 2018-10-18 10:26:20,687 33401ms [Err:C_SEToRESQtaByTdr(line:23)]- CrdQuota Limit  บัตรใช้งาน ครบจำนวนแล้ว
[DEBUG] 2018-10-18 10:26:20,687 33401ms [Err:SEToPromoByTdrReserve(line:35)]- -------------------------------End------------------------------------
[DEBUG] 2018-10-18 10:26:21,701 34415ms [Err:SEToPromoByTdrReserve(line:28)]- -------------------------------START------------------------------------
[ERROR] 2018-10-18 10:26:21,717 34431ms [Err:C_SEToRESQtaByTdr(line:23)]- CrdQuota Limit  บัตรใช้งาน ครบจำนวนแล้ว
[DEBUG] 2018-10-18 10:26:21,718 34432ms [Err:SEToPromoByTdrReserve(line:35)]- -------------------------------End------------------------------------
[DEBUG] 2018-10-18 10:26:23,908 36622ms [Err:SEToPromoByTdrReserve(line:28)]- -------------------------------START------------------------------------
[ERROR] 2018-10-18 10:26:23,924 36638ms [Err:C_SEToRESQtaByTdr(line:23)]- CrdQuota Limit  บัตรใช้งาน ครบจำนวนแล้ว
[DEBUG] 2018-10-18 10:26:23,924 36638ms [Err:SEToPromoByTdrReserve(line:35)]- -------------------------------End------------------------------------
[DEBUG] 2018-10-18 10:26:45,012 57726ms [Err:SEToPromoByTdrReserve(line:28)]- -------------------------------START------------------------------------
[ERROR] 2018-10-18 10:26:45,029 57742ms [Err:C_SEToRESQtaByTdr(line:23)]- CrdQuota Limit  บัตรใช้งาน ครบจำนวนแล้ว
[DEBUG] 2018-10-18 10:26:45,029 57742ms [Err:SEToPromoByTdrReserve(line:35)]- -------------------------------End------------------------------------
[DEBUG] 2018-10-18 10:26:45,779 58493ms [Err:SEToPromoByTdrReserve(line:28)]- -------------------------------START------------------------------------
[ERROR] 2018-10-18 10:26:45,795 58509ms [Err:C_SEToRESQtaByTdr(line:23)]- CrdQuota Limit  บัตรใช้งาน ครบจำนวนแล้ว
[DEBUG] 2018-10-18 10:26:45,796 58510ms [Err:SEToPromoByTdrReserve(line:35)]- -------------------------------End------------------------------------
[DEBUG] 2018-10-18 10:26:46,533 59247ms [Err:SEToPromoByTdrReserve(line:28)]- -------------------------------START------------------------------------
[ERROR] 2018-10-18 10:26:46,551 59265ms [Err:C_SEToRESQtaByTdr(line:23)]- CrdQuota Limit  บัตรใช้งาน ครบจำนวนแล้ว
[DEBUG] 2018-10-18 10:26:46,552 59266ms [Err:SEToPromoByTdrReserve(line:35)]- -------------------------------End------------------------------------
[DEBUG] 2018-10-18 10:29:02,960 195674ms [Err:SEToPromoByTdrReserve(line:28)]- -------------------------------START------------------------------------
[ERROR] 2018-10-18 10:29:02,975 195689ms [Err:C_SEToRESQtaByTdr(line:23)]- CrdQuota Limit  บัตรใช้งาน ครบจำนวนแล้ว
[DEBUG] 2018-10-18 10:29:02,976 195690ms [Err:SEToPromoByTdrReserve(line:35)]- -------------------------------End------------------------------------
[DEBUG] 2018-10-18 10:29:06,824 199537ms [Err:SEToPromoByTdrReserve(line:28)]- -------------------------------START------------------------------------
[ERROR] 2018-10-18 10:29:06,841 199554ms [Err:C_SEToRESQtaByTdr(line:23)]- CrdQuota Limit  บัตรใช้งาน ครบจำนวนแล้ว
[DEBUG] 2018-10-18 10:29:06,842 199555ms [Err:SEToPromoByTdrReserve(line:35)]- -------------------------------End------------------------------------
[DEBUG] 2018-10-18 10:29:22,767 215481ms [Err:SEToPromoByTdrReserve(line:28)]- -------------------------------START------------------------------------
[ERROR] 2018-10-18 10:29:22,800 215514ms [Err:C_SEToRESQtaByTdr(line:42)]- จองสิทธิ์ส่วนลด สำเร็จ
[DEBUG] 2018-10-18 10:29:22,801 215515ms [Err:SEToPromoByTdrReserve(line:35)]- -------------------------------End------------------------------------
[DEBUG] 2018-10-18 10:29:24,145 216859ms [Err:SEToPromoByTdrUsed(line:49)]- -------------------------------START------------------------------------
[ERROR] 2018-10-18 10:29:24,162 216876ms [Err:C_SEToRESQtaByTdr(line:23)]- ยืนยันการใช่สิทธิ์ สำเร็จ
[DEBUG] 2018-10-18 10:29:24,162 216876ms [Err:SEToPromoByTdrUsed(line:56)]- -------------------------------End------------------------------------
[DEBUG] 2018-10-18 10:29:25,229 217943ms [Err:SEToPromoByTdrReserve(line:28)]- -------------------------------START------------------------------------
[ERROR] 2018-10-18 10:29:25,260 217974ms [Err:C_SEToRESQtaByTdr(line:42)]- จองสิทธิ์ส่วนลด สำเร็จ
[DEBUG] 2018-10-18 10:29:25,261 217975ms [Err:SEToPromoByTdrReserve(line:35)]- -------------------------------End------------------------------------
[DEBUG] 2018-10-18 10:29:26,258 218971ms [Err:SEToPromoByTdrUsed(line:49)]- -------------------------------START------------------------------------
[ERROR] 2018-10-18 10:29:26,276 218990ms [Err:C_SEToRESQtaByTdr(line:23)]- ยืนยันการใช่สิทธิ์ สำเร็จ
[DEBUG] 2018-10-18 10:29:26,277 218991ms [Err:SEToPromoByTdrUsed(line:56)]- -------------------------------End------------------------------------
[DEBUG] 2018-10-18 10:29:27,007 219720ms [Err:SEToPromoByTdrReserve(line:28)]- -------------------------------START------------------------------------
[ERROR] 2018-10-18 10:29:27,038 219751ms [Err:C_SEToRESQtaByTdr(line:42)]- จองสิทธิ์ส่วนลด สำเร็จ
[DEBUG] 2018-10-18 10:29:27,039 219752ms [Err:SEToPromoByTdrReserve(line:35)]- -------------------------------End------------------------------------
[DEBUG] 2018-10-18 10:29:27,900 220614ms [Err:SEToPromoByTdrUsed(line:49)]- -------------------------------START------------------------------------
[ERROR] 2018-10-18 10:29:27,917 220631ms [Err:C_SEToRESQtaByTdr(line:23)]- ยืนยันการใช่สิทธิ์ สำเร็จ
[DEBUG] 2018-10-18 10:29:27,918 220632ms [Err:SEToPromoByTdrUsed(line:56)]- -------------------------------End------------------------------------
[DEBUG] 2018-10-18 10:29:28,623 221337ms [Err:SEToPromoByTdrReserve(line:28)]- -------------------------------START------------------------------------
[ERROR] 2018-10-18 10:29:28,639 221353ms [Err:C_SEToRESQtaByTdr(line:23)]- CrdQuota Limit  บัตรใช้งาน ครบจำนวนแล้ว
[DEBUG] 2018-10-18 10:29:28,639 221353ms [Err:SEToPromoByTdrReserve(line:35)]- -------------------------------End------------------------------------
[DEBUG] 2018-10-18 10:34:41,906   459ms [Err:SEToPromoByTdrReserve(line:28)]- -------------------------------START------------------------------------
[ERROR] 2018-10-18 10:34:41,969   522ms [Err:C_SEToRESQtaByTdr(line:23)]- ข้อมูล BBYQuotaType ไม่ถูกต้อง
[DEBUG] 2018-10-18 10:34:41,971   524ms [Err:SEToPromoByTdrReserve(line:35)]- -------------------------------End------------------------------------
[DEBUG] 2018-10-18 10:34:45,512  4066ms [Err:SEToPromoByTdrReserve(line:28)]- -------------------------------START------------------------------------
[ERROR] 2018-10-18 10:34:45,601  4155ms [Err:C_SEToRESQtaByTdr(line:23)]- CrdQuota Limit  บัตรใช้งาน ครบจำนวนแล้ว
[DEBUG] 2018-10-18 10:34:45,602  4156ms [Err:SEToPromoByTdrReserve(line:35)]- -------------------------------End------------------------------------
[DEBUG] 2018-10-18 10:34:53,921 12475ms [Err:SEToPromoByTdrReserve(line:28)]- -------------------------------START------------------------------------
[ERROR] 2018-10-18 10:34:53,986 12540ms [Err:C_SEToRESQtaByTdr(line:42)]- จองสิทธิ์ส่วนลด สำเร็จ
[DEBUG] 2018-10-18 10:34:53,988 12542ms [Err:SEToPromoByTdrReserve(line:35)]- -------------------------------End------------------------------------
[DEBUG] 2018-10-18 10:34:56,448 15001ms [Err:SEToPromoByTdrUsed(line:49)]- -------------------------------START------------------------------------
[ERROR] 2018-10-18 10:34:56,493 15046ms [Err:C_SEToRESQtaByTdr(line:23)]- ยืนยันการใช่สิทธิ์ สำเร็จ
[DEBUG] 2018-10-18 10:34:56,494 15047ms [Err:SEToPromoByTdrUsed(line:56)]- -------------------------------End------------------------------------
[DEBUG] 2018-10-18 10:34:57,721 16275ms [Err:SEToPromoByTdrReserve(line:28)]- -------------------------------START------------------------------------
[ERROR] 2018-10-18 10:34:57,751 16305ms [Err:C_SEToRESQtaByTdr(line:42)]- จองสิทธิ์ส่วนลด สำเร็จ
[DEBUG] 2018-10-18 10:34:57,752 16306ms [Err:SEToPromoByTdrReserve(line:35)]- -------------------------------End------------------------------------
[DEBUG] 2018-10-18 10:34:58,740 17293ms [Err:SEToPromoByTdrUsed(line:49)]- -------------------------------START------------------------------------
[ERROR] 2018-10-18 10:34:58,755 17308ms [Err:C_SEToRESQtaByTdr(line:23)]- ยืนยันการใช่สิทธิ์ สำเร็จ
[DEBUG] 2018-10-18 10:34:58,756 17309ms [Err:SEToPromoByTdrUsed(line:56)]- -------------------------------End------------------------------------
[DEBUG] 2018-10-18 10:37:28,722 167275ms [Err:SEToPromoByTdrReserve(line:28)]- -------------------------------START------------------------------------
[ERROR] 2018-10-18 10:37:28,780 167333ms [Err:C_SEToRESQtaByTdr(line:42)]- จองสิทธิ์ส่วนลด สำเร็จ
[DEBUG] 2018-10-18 10:37:28,781 167334ms [Err:SEToPromoByTdrReserve(line:35)]- -------------------------------End------------------------------------
[DEBUG] 2018-10-18 10:37:29,909 168462ms [Err:SEToPromoByTdrUsed(line:49)]- -------------------------------START------------------------------------
[ERROR] 2018-10-18 10:37:29,925 168478ms [Err:C_SEToRESQtaByTdr(line:23)]- ยืนยันการใช่สิทธิ์ สำเร็จ
[DEBUG] 2018-10-18 10:37:29,926 168479ms [Err:SEToPromoByTdrUsed(line:56)]- -------------------------------End------------------------------------
[DEBUG] 2018-10-18 10:37:33,460 172013ms [Err:SEToPromoByTdrReserve(line:28)]- -------------------------------START------------------------------------
[ERROR] 2018-10-18 10:37:33,483 172036ms [Err:C_SEToRESQtaByTdr(line:23)]- CrdQuota Limit  บัตรใช้งาน ครบจำนวนแล้ว
[DEBUG] 2018-10-18 10:37:33,484 172037ms [Err:SEToPromoByTdrReserve(line:35)]- -------------------------------End------------------------------------
